[0.383s] Invoking command in '/home/ghost/Desktop/dev_ws/src/controller': PYTHONPATH=/home/ghost/Desktop/dev_ws/install/controller/lib/python3.8/site-packages: /usr/bin/python3 setup.py egg_info --egg-base ../../build/controller build --build-base /home/ghost/Desktop/dev_ws/build/controller/build install --prefix /home/ghost/Desktop/dev_ws/install/controller --record /home/ghost/Desktop/dev_ws/build/controller/install.log --single-version-externally-managed
[0.730s] running egg_info
[0.730s] writing ../../build/controller/controller.egg-info/PKG-INFO
[0.731s] writing dependency_links to ../../build/controller/controller.egg-info/dependency_links.txt
[0.731s] writing entry points to ../../build/controller/controller.egg-info/entry_points.txt
[0.731s] writing requirements to ../../build/controller/controller.egg-info/requires.txt
[0.732s] writing top-level names to ../../build/controller/controller.egg-info/top_level.txt
[0.807s] reading manifest file '../../build/controller/controller.egg-info/SOURCES.txt'
[0.807s] writing manifest file '../../build/controller/controller.egg-info/SOURCES.txt'
[0.808s] running build
[0.808s] running build_py
[0.808s] copying controller/visualizer.py -> /home/ghost/Desktop/dev_ws/build/controller/build/lib/controller
[0.809s] copying controller/structures.py -> /home/ghost/Desktop/dev_ws/build/controller/build/lib/controller
[0.810s] running install
[0.811s] running install_lib
[0.813s] copying /home/ghost/Desktop/dev_ws/build/controller/build/lib/controller/visualizer.py -> /home/ghost/Desktop/dev_ws/install/controller/lib/python3.8/site-packages/controller
[0.813s] copying /home/ghost/Desktop/dev_ws/build/controller/build/lib/controller/structures.py -> /home/ghost/Desktop/dev_ws/install/controller/lib/python3.8/site-packages/controller
[0.815s] byte-compiling /home/ghost/Desktop/dev_ws/install/controller/lib/python3.8/site-packages/controller/visualizer.py to visualizer.cpython-38.pyc
[0.819s] byte-compiling /home/ghost/Desktop/dev_ws/install/controller/lib/python3.8/site-packages/controller/structures.py to structures.cpython-38.pyc
[0.823s] running install_data
[0.824s] running install_egg_info
[0.827s] removing '/home/ghost/Desktop/dev_ws/install/controller/lib/python3.8/site-packages/controller-0.0.1-py3.8.egg-info' (and everything under it)
[0.827s] Copying ../../build/controller/controller.egg-info to /home/ghost/Desktop/dev_ws/install/controller/lib/python3.8/site-packages/controller-0.0.1-py3.8.egg-info
[0.828s] running install_scripts
[0.856s] Installing controller script to /home/ghost/Desktop/dev_ws/install/controller/lib/controller
[0.858s] writing list of installed files to '/home/ghost/Desktop/dev_ws/build/controller/install.log'
[0.893s] Invoked command in '/home/ghost/Desktop/dev_ws/src/controller' returned '0': PYTHONPATH=/home/ghost/Desktop/dev_ws/install/controller/lib/python3.8/site-packages: /usr/bin/python3 setup.py egg_info --egg-base ../../build/controller build --build-base /home/ghost/Desktop/dev_ws/build/controller/build install --prefix /home/ghost/Desktop/dev_ws/install/controller --record /home/ghost/Desktop/dev_ws/build/controller/install.log --single-version-externally-managed
