[0.682s] Invoking command in '/home/ghost/Desktop/dev_ws/src/controller': PYTHONPATH=/home/ghost/Desktop/dev_ws/install/controller/lib/python3.8/site-packages: /usr/bin/python3 setup.py egg_info --egg-base ../../build/controller build --build-base /home/ghost/Desktop/dev_ws/build/controller/build install --prefix /home/ghost/Desktop/dev_ws/install/controller --record /home/ghost/Desktop/dev_ws/build/controller/install.log --single-version-externally-managed
[1.212s] running egg_info
[1.213s] writing ../../build/controller/controller.egg-info/PKG-INFO
[1.213s] writing dependency_links to ../../build/controller/controller.egg-info/dependency_links.txt
[1.214s] writing entry points to ../../build/controller/controller.egg-info/entry_points.txt
[1.214s] writing requirements to ../../build/controller/controller.egg-info/requires.txt
[1.215s] writing top-level names to ../../build/controller/controller.egg-info/top_level.txt
[1.309s] reading manifest file '../../build/controller/controller.egg-info/SOURCES.txt'
[1.312s] writing manifest file '../../build/controller/controller.egg-info/SOURCES.txt'
[1.312s] running build
[1.312s] running build_py
[1.314s] copying controller/coordination.py -> /home/ghost/Desktop/dev_ws/build/controller/build/lib/controller
[1.316s] running install
[1.317s] running install_lib
[1.322s] copying /home/ghost/Desktop/dev_ws/build/controller/build/lib/controller/coordination.py -> /home/ghost/Desktop/dev_ws/install/controller/lib/python3.8/site-packages/controller
[1.324s] byte-compiling /home/ghost/Desktop/dev_ws/install/controller/lib/python3.8/site-packages/controller/coordination.py to coordination.cpython-38.pyc
[1.329s] running install_data
[1.330s] running install_egg_info
[1.334s] removing '/home/ghost/Desktop/dev_ws/install/controller/lib/python3.8/site-packages/controller-0.0.1-py3.8.egg-info' (and everything under it)
[1.334s] Copying ../../build/controller/controller.egg-info to /home/ghost/Desktop/dev_ws/install/controller/lib/python3.8/site-packages/controller-0.0.1-py3.8.egg-info
[1.336s] running install_scripts
[1.392s] Installing controller script to /home/ghost/Desktop/dev_ws/install/controller/lib/controller
[1.394s] writing list of installed files to '/home/ghost/Desktop/dev_ws/build/controller/install.log'
[1.456s] Invoked command in '/home/ghost/Desktop/dev_ws/src/controller' returned '0': PYTHONPATH=/home/ghost/Desktop/dev_ws/install/controller/lib/python3.8/site-packages: /usr/bin/python3 setup.py egg_info --egg-base ../../build/controller build --build-base /home/ghost/Desktop/dev_ws/build/controller/build install --prefix /home/ghost/Desktop/dev_ws/install/controller --record /home/ghost/Desktop/dev_ws/build/controller/install.log --single-version-externally-managed
