[0.000000] (-) TimerEvent: {}
[0.001171] (controller) JobQueued: {'identifier': 'controller', 'dependencies': OrderedDict()}
[0.001307] (controller) JobStarted: {'identifier': 'controller'}
[0.085433] (-) TimerEvent: {}
[0.186062] (-) TimerEvent: {}
[0.286997] (-) TimerEvent: {}
[0.329127] (controller) Command: {'cmd': ['/usr/bin/python3', 'setup.py', 'egg_info', '--egg-base', '../../build/controller', 'build', '--build-base', '/home/ghost/Desktop/dev_ws/build/controller/build', 'install', '--prefix', '/home/ghost/Desktop/dev_ws/install/controller', '--record', '/home/ghost/Desktop/dev_ws/build/controller/install.log', '--single-version-externally-managed'], 'cwd': '/home/ghost/Desktop/dev_ws/src/controller', 'env': {'SUDO_GID': '1000', 'MAIL': '/var/mail/root', 'LANGUAGE': 'en_IN:en', 'USER': 'root', 'HOME': '/root', 'COLORTERM': 'truecolor', 'SUDO_UID': '1000', 'LOGNAME': 'root', 'TERM': 'xterm-256color', 'PATH': '/usr/local/sbin:/usr/local/bin:/usr/sbin:/usr/bin:/sbin:/bin:/snap/bin', 'DISPLAY': ':0', 'LANG': 'en_US.UTF-8', 'XAUTHORITY': '/run/user/1000/gdm/Xauthority', 'SUDO_COMMAND': '/usr/bin/colcon build', 'SHELL': '/bin/bash', 'SUDO_USER': 'ghost', 'LC_ALL': 'en_US.UTF-8', 'PWD': '/home/ghost/Desktop/dev_ws/build/controller', 'COLCON': '1', 'PYTHONPATH': '/home/ghost/Desktop/dev_ws/install/controller/lib/python3.8/site-packages:'}, 'shell': False}
[0.387221] (-) TimerEvent: {}
[0.487995] (-) TimerEvent: {}
[0.588367] (-) TimerEvent: {}
[0.604036] (controller) StdoutLine: {'line': b'running egg_info\n'}
[0.605182] (controller) StdoutLine: {'line': b'writing ../../build/controller/controller.egg-info/PKG-INFO\n'}
[0.605816] (controller) StdoutLine: {'line': b'writing dependency_links to ../../build/controller/controller.egg-info/dependency_links.txt\n'}
[0.606384] (controller) StdoutLine: {'line': b'writing entry points to ../../build/controller/controller.egg-info/entry_points.txt\n'}
[0.607279] (controller) StdoutLine: {'line': b'writing requirements to ../../build/controller/controller.egg-info/requires.txt\n'}
[0.607435] (controller) StdoutLine: {'line': b'writing top-level names to ../../build/controller/controller.egg-info/top_level.txt\n'}
[0.659143] (controller) StdoutLine: {'line': b"reading manifest file '../../build/controller/controller.egg-info/SOURCES.txt'\n"}
[0.660888] (controller) StdoutLine: {'line': b"writing manifest file '../../build/controller/controller.egg-info/SOURCES.txt'\n"}
[0.661274] (controller) StdoutLine: {'line': b'running build\n'}
[0.661406] (controller) StdoutLine: {'line': b'running build_py\n'}
[0.662772] (controller) StdoutLine: {'line': b'running install\n'}
[0.664063] (controller) StdoutLine: {'line': b'running install_lib\n'}
[0.667046] (controller) StdoutLine: {'line': b'running install_data\n'}
[0.668569] (controller) StdoutLine: {'line': b'running install_egg_info\n'}
[0.670336] (controller) StdoutLine: {'line': b"removing '/home/ghost/Desktop/dev_ws/install/controller/lib/python3.8/site-packages/controller-0.0.1-py3.8.egg-info' (and everything under it)\n"}
[0.671086] (controller) StdoutLine: {'line': b'Copying ../../build/controller/controller.egg-info to /home/ghost/Desktop/dev_ws/install/controller/lib/python3.8/site-packages/controller-0.0.1-py3.8.egg-info\n'}
[0.672816] (controller) StdoutLine: {'line': b'running install_scripts\n'}
[0.688468] (-) TimerEvent: {}
[0.702183] (controller) StdoutLine: {'line': b'Installing controller script to /home/ghost/Desktop/dev_ws/install/controller/lib/controller\n'}
[0.703328] (controller) StdoutLine: {'line': b"writing list of installed files to '/home/ghost/Desktop/dev_ws/build/controller/install.log'\n"}
[0.735047] (controller) CommandEnded: {'returncode': 0}
[0.749559] (controller) JobEnded: {'identifier': 'controller', 'rc': 0}
[0.750956] (-) EventReactorShutdown: {}
