[0.000000] (-) TimerEvent: {}
[0.001264] (controller) JobQueued: {'identifier': 'controller', 'dependencies': OrderedDict()}
[0.001318] (controller) JobStarted: {'identifier': 'controller'}
[0.098700] (-) TimerEvent: {}
[0.199421] (-) TimerEvent: {}
[0.299910] (-) TimerEvent: {}
[0.342789] (controller) Command: {'cmd': ['/usr/bin/python3', 'setup.py', 'egg_info', '--egg-base', '../../build/controller', 'build', '--build-base', '/home/ghost/Desktop/dev_ws/build/controller/build', 'install', '--prefix', '/home/ghost/Desktop/dev_ws/install/controller', '--record', '/home/ghost/Desktop/dev_ws/build/controller/install.log', '--single-version-externally-managed'], 'cwd': '/home/ghost/Desktop/dev_ws/src/controller', 'env': {'SUDO_GID': '1000', 'MAIL': '/var/mail/root', 'LANGUAGE': 'en_IN:en', 'USER': 'root', 'HOME': '/root', 'COLORTERM': 'truecolor', 'SUDO_UID': '1000', 'LOGNAME': 'root', 'TERM': 'xterm-256color', 'PATH': '/usr/local/sbin:/usr/local/bin:/usr/sbin:/usr/bin:/sbin:/bin:/snap/bin', 'DISPLAY': ':0', 'LANG': 'en_US.UTF-8', 'XAUTHORITY': '/run/user/1000/gdm/Xauthority', 'SUDO_COMMAND': '/usr/bin/colcon build', 'SHELL': '/bin/bash', 'SUDO_USER': 'ghost', 'LC_ALL': 'en_US.UTF-8', 'PWD': '/home/ghost/Desktop/dev_ws/build/controller', 'COLCON': '1', 'PYTHONPATH': '/home/ghost/Desktop/dev_ws/install/controller/lib/python3.8/site-packages:'}, 'shell': False}
[0.402463] (-) TimerEvent: {}
[0.503270] (-) TimerEvent: {}
[0.603755] (-) TimerEvent: {}
[0.694219] (controller) StdoutLine: {'line': b'running egg_info\n'}
[0.695380] (controller) StdoutLine: {'line': b'writing ../../build/controller/controller.egg-info/PKG-INFO\n'}
[0.696117] (controller) StdoutLine: {'line': b'writing dependency_links to ../../build/controller/controller.egg-info/dependency_links.txt\n'}
[0.696534] (controller) StdoutLine: {'line': b'writing entry points to ../../build/controller/controller.egg-info/entry_points.txt\n'}
[0.696850] (controller) StdoutLine: {'line': b'writing requirements to ../../build/controller/controller.egg-info/requires.txt\n'}
[0.697147] (controller) StdoutLine: {'line': b'writing top-level names to ../../build/controller/controller.egg-info/top_level.txt\n'}
[0.703936] (-) TimerEvent: {}
[0.782111] (controller) StdoutLine: {'line': b"reading manifest file '../../build/controller/controller.egg-info/SOURCES.txt'\n"}
[0.783815] (controller) StdoutLine: {'line': b"writing manifest file '../../build/controller/controller.egg-info/SOURCES.txt'\n"}
[0.784499] (controller) StdoutLine: {'line': b'running build\n'}
[0.784760] (controller) StdoutLine: {'line': b'running build_py\n'}
[0.786621] (controller) StdoutLine: {'line': b'running install\n'}
[0.788381] (controller) StdoutLine: {'line': b'running install_lib\n'}
[0.791688] (controller) StdoutLine: {'line': b'running install_data\n'}
[0.792221] (controller) StdoutLine: {'line': b'running install_egg_info\n'}
[0.795632] (controller) StdoutLine: {'line': b"removing '/home/ghost/Desktop/dev_ws/install/controller/lib/python3.8/site-packages/controller-0.0.1-py3.8.egg-info' (and everything under it)\n"}
[0.796246] (controller) StdoutLine: {'line': b'Copying ../../build/controller/controller.egg-info to /home/ghost/Desktop/dev_ws/install/controller/lib/python3.8/site-packages/controller-0.0.1-py3.8.egg-info\n'}
[0.797807] (controller) StdoutLine: {'line': b'running install_scripts\n'}
[0.804078] (-) TimerEvent: {}
[0.841634] (controller) StdoutLine: {'line': b'Installing controller script to /home/ghost/Desktop/dev_ws/install/controller/lib/controller\n'}
[0.842978] (controller) StdoutLine: {'line': b"writing list of installed files to '/home/ghost/Desktop/dev_ws/build/controller/install.log'\n"}
[0.886524] (controller) CommandEnded: {'returncode': 0}
[0.904766] (-) TimerEvent: {}
[0.908047] (controller) JobEnded: {'identifier': 'controller', 'rc': 0}
[0.909918] (-) EventReactorShutdown: {}
