[0.330s] Invoking command in '/home/ghost/Desktop/dev_ws/src/controller': PYTHONPATH=/home/ghost/Desktop/dev_ws/install/controller/lib/python3.8/site-packages: /usr/bin/python3 setup.py egg_info --egg-base ../../build/controller build --build-base /home/ghost/Desktop/dev_ws/build/controller/build install --prefix /home/ghost/Desktop/dev_ws/install/controller --record /home/ghost/Desktop/dev_ws/build/controller/install.log --single-version-externally-managed
[0.593s] running egg_info
[0.594s] writing ../../build/controller/controller.egg-info/PKG-INFO
[0.595s] writing dependency_links to ../../build/controller/controller.egg-info/dependency_links.txt
[0.596s] writing entry points to ../../build/controller/controller.egg-info/entry_points.txt
[0.596s] writing requirements to ../../build/controller/controller.egg-info/requires.txt
[0.596s] writing top-level names to ../../build/controller/controller.egg-info/top_level.txt
[0.649s] reading manifest file '../../build/controller/controller.egg-info/SOURCES.txt'
[0.652s] writing manifest file '../../build/controller/controller.egg-info/SOURCES.txt'
[0.652s] running build
[0.653s] running build_py
[0.654s] copying controller/visualizer.py -> /home/ghost/Desktop/dev_ws/build/controller/build/lib/controller
[0.655s] running install
[0.657s] running install_lib
[0.659s] copying /home/ghost/Desktop/dev_ws/build/controller/build/lib/controller/visualizer.py -> /home/ghost/Desktop/dev_ws/install/controller/lib/python3.8/site-packages/controller
[0.660s] byte-compiling /home/ghost/Desktop/dev_ws/install/controller/lib/python3.8/site-packages/controller/visualizer.py to visualizer.cpython-38.pyc
[0.663s] running install_data
[0.664s] running install_egg_info
[0.666s] removing '/home/ghost/Desktop/dev_ws/install/controller/lib/python3.8/site-packages/controller-0.0.1-py3.8.egg-info' (and everything under it)
[0.667s] Copying ../../build/controller/controller.egg-info to /home/ghost/Desktop/dev_ws/install/controller/lib/python3.8/site-packages/controller-0.0.1-py3.8.egg-info
[0.668s] running install_scripts
[0.691s] Installing controller script to /home/ghost/Desktop/dev_ws/install/controller/lib/controller
[0.692s] writing list of installed files to '/home/ghost/Desktop/dev_ws/build/controller/install.log'
[0.720s] Invoked command in '/home/ghost/Desktop/dev_ws/src/controller' returned '0': PYTHONPATH=/home/ghost/Desktop/dev_ws/install/controller/lib/python3.8/site-packages: /usr/bin/python3 setup.py egg_info --egg-base ../../build/controller build --build-base /home/ghost/Desktop/dev_ws/build/controller/build install --prefix /home/ghost/Desktop/dev_ws/install/controller --record /home/ghost/Desktop/dev_ws/build/controller/install.log --single-version-externally-managed
