[0.396s] Invoking command in '/home/ghost/Desktop/dev_ws/src/controller': PYTHONPATH=/home/ghost/Desktop/dev_ws/install/controller/lib/python3.8/site-packages: /usr/bin/python3 setup.py egg_info --egg-base ../../build/controller build --build-base /home/ghost/Desktop/dev_ws/build/controller/build install --prefix /home/ghost/Desktop/dev_ws/install/controller --record /home/ghost/Desktop/dev_ws/build/controller/install.log --single-version-externally-managed
[0.806s] running egg_info
[0.807s] writing ../../build/controller/controller.egg-info/PKG-INFO
[0.808s] writing dependency_links to ../../build/controller/controller.egg-info/dependency_links.txt
[0.809s] writing entry points to ../../build/controller/controller.egg-info/entry_points.txt
[0.809s] writing requirements to ../../build/controller/controller.egg-info/requires.txt
[0.810s] writing top-level names to ../../build/controller/controller.egg-info/top_level.txt
[0.879s] reading manifest file '../../build/controller/controller.egg-info/SOURCES.txt'
[0.882s] writing manifest file '../../build/controller/controller.egg-info/SOURCES.txt'
[0.882s] running build
[0.883s] running build_py
[0.885s] running install
[0.887s] running install_lib
[0.890s] running install_data
[0.891s] running install_egg_info
[0.893s] removing '/home/ghost/Desktop/dev_ws/install/controller/lib/python3.8/site-packages/controller-0.0.1-py3.8.egg-info' (and everything under it)
[0.894s] Copying ../../build/controller/controller.egg-info to /home/ghost/Desktop/dev_ws/install/controller/lib/python3.8/site-packages/controller-0.0.1-py3.8.egg-info
[0.895s] running install_scripts
[0.925s] Installing controller script to /home/ghost/Desktop/dev_ws/install/controller/lib/controller
[0.927s] writing list of installed files to '/home/ghost/Desktop/dev_ws/build/controller/install.log'
[0.959s] Invoked command in '/home/ghost/Desktop/dev_ws/src/controller' returned '0': PYTHONPATH=/home/ghost/Desktop/dev_ws/install/controller/lib/python3.8/site-packages: /usr/bin/python3 setup.py egg_info --egg-base ../../build/controller build --build-base /home/ghost/Desktop/dev_ws/build/controller/build install --prefix /home/ghost/Desktop/dev_ws/install/controller --record /home/ghost/Desktop/dev_ws/build/controller/install.log --single-version-externally-managed
