[0.320s] Invoking command in '/home/ghost/Desktop/dev_ws/src/controller': PYTHONPATH=/home/ghost/Desktop/dev_ws/install/controller/lib/python3.8/site-packages: /usr/bin/python3 setup.py egg_info --egg-base ../../build/controller build --build-base /home/ghost/Desktop/dev_ws/build/controller/build install --prefix /home/ghost/Desktop/dev_ws/install/controller --record /home/ghost/Desktop/dev_ws/build/controller/install.log --single-version-externally-managed
[0.604s] running egg_info
[0.605s] writing ../../build/controller/controller.egg-info/PKG-INFO
[0.605s] writing dependency_links to ../../build/controller/controller.egg-info/dependency_links.txt
[0.605s] writing entry points to ../../build/controller/controller.egg-info/entry_points.txt
[0.606s] writing requirements to ../../build/controller/controller.egg-info/requires.txt
[0.606s] writing top-level names to ../../build/controller/controller.egg-info/top_level.txt
[0.686s] reading manifest file '../../build/controller/controller.egg-info/SOURCES.txt'
[0.688s] writing manifest file '../../build/controller/controller.egg-info/SOURCES.txt'
[0.688s] running build
[0.688s] running build_py
[0.691s] copying controller/coordination.py -> /home/ghost/Desktop/dev_ws/build/controller/build/lib/controller
[0.692s] running install
[0.694s] running install_lib
[0.697s] copying /home/ghost/Desktop/dev_ws/build/controller/build/lib/controller/coordination.py -> /home/ghost/Desktop/dev_ws/install/controller/lib/python3.8/site-packages/controller
[0.699s] byte-compiling /home/ghost/Desktop/dev_ws/install/controller/lib/python3.8/site-packages/controller/coordination.py to coordination.cpython-38.pyc
[0.703s] running install_data
[0.704s] running install_egg_info
[0.707s] removing '/home/ghost/Desktop/dev_ws/install/controller/lib/python3.8/site-packages/controller-0.0.1-py3.8.egg-info' (and everything under it)
[0.707s] Copying ../../build/controller/controller.egg-info to /home/ghost/Desktop/dev_ws/install/controller/lib/python3.8/site-packages/controller-0.0.1-py3.8.egg-info
[0.709s] running install_scripts
[0.743s] Installing controller script to /home/ghost/Desktop/dev_ws/install/controller/lib/controller
[0.745s] writing list of installed files to '/home/ghost/Desktop/dev_ws/build/controller/install.log'
[0.779s] Invoked command in '/home/ghost/Desktop/dev_ws/src/controller' returned '0': PYTHONPATH=/home/ghost/Desktop/dev_ws/install/controller/lib/python3.8/site-packages: /usr/bin/python3 setup.py egg_info --egg-base ../../build/controller build --build-base /home/ghost/Desktop/dev_ws/build/controller/build install --prefix /home/ghost/Desktop/dev_ws/install/controller --record /home/ghost/Desktop/dev_ws/build/controller/install.log --single-version-externally-managed
