[0.440s] Invoking command in '/home/ghost/Desktop/dev_ws/src/controller': PYTHONPATH=/home/ghost/Desktop/dev_ws/install/controller/lib/python3.8/site-packages: /usr/bin/python3 setup.py egg_info --egg-base ../../build/controller build --build-base /home/ghost/Desktop/dev_ws/build/controller/build install --prefix /home/ghost/Desktop/dev_ws/install/controller --record /home/ghost/Desktop/dev_ws/build/controller/install.log --single-version-externally-managed
[0.757s] running egg_info
[0.758s] writing ../../build/controller/controller.egg-info/PKG-INFO
[0.758s] writing dependency_links to ../../build/controller/controller.egg-info/dependency_links.txt
[0.759s] writing entry points to ../../build/controller/controller.egg-info/entry_points.txt
[0.759s] writing requirements to ../../build/controller/controller.egg-info/requires.txt
[0.760s] writing top-level names to ../../build/controller/controller.egg-info/top_level.txt
[0.836s] reading manifest file '../../build/controller/controller.egg-info/SOURCES.txt'
[0.840s] writing manifest file '../../build/controller/controller.egg-info/SOURCES.txt'
[0.840s] running build
[0.840s] running build_py
[0.842s] copying controller/coordination.py -> /home/ghost/Desktop/dev_ws/build/controller/build/lib/controller
[0.843s] running install
[0.844s] running install_lib
[0.847s] copying /home/ghost/Desktop/dev_ws/build/controller/build/lib/controller/coordination.py -> /home/ghost/Desktop/dev_ws/install/controller/lib/python3.8/site-packages/controller
[0.848s] byte-compiling /home/ghost/Desktop/dev_ws/install/controller/lib/python3.8/site-packages/controller/coordination.py to coordination.cpython-38.pyc
[0.851s] running install_data
[0.853s] running install_egg_info
[0.855s] removing '/home/ghost/Desktop/dev_ws/install/controller/lib/python3.8/site-packages/controller-0.0.1-py3.8.egg-info' (and everything under it)
[0.855s] Copying ../../build/controller/controller.egg-info to /home/ghost/Desktop/dev_ws/install/controller/lib/python3.8/site-packages/controller-0.0.1-py3.8.egg-info
[0.857s] running install_scripts
[0.886s] Installing controller script to /home/ghost/Desktop/dev_ws/install/controller/lib/controller
[0.887s] writing list of installed files to '/home/ghost/Desktop/dev_ws/build/controller/install.log'
[0.918s] Invoked command in '/home/ghost/Desktop/dev_ws/src/controller' returned '0': PYTHONPATH=/home/ghost/Desktop/dev_ws/install/controller/lib/python3.8/site-packages: /usr/bin/python3 setup.py egg_info --egg-base ../../build/controller build --build-base /home/ghost/Desktop/dev_ws/build/controller/build install --prefix /home/ghost/Desktop/dev_ws/install/controller --record /home/ghost/Desktop/dev_ws/build/controller/install.log --single-version-externally-managed
