[1.306s] Invoking command in '/home/ghost/Desktop/dev_ws/src/controller': PYTHONPATH=/home/ghost/Desktop/dev_ws/install/controller/lib/python3.8/site-packages: /usr/bin/python3 setup.py egg_info --egg-base ../../build/controller build --build-base /home/ghost/Desktop/dev_ws/build/controller/build install --prefix /home/ghost/Desktop/dev_ws/install/controller --record /home/ghost/Desktop/dev_ws/build/controller/install.log --single-version-externally-managed
[2.387s] running egg_info
[2.389s] writing ../../build/controller/controller.egg-info/PKG-INFO
[2.391s] writing dependency_links to ../../build/controller/controller.egg-info/dependency_links.txt
[2.392s] writing entry points to ../../build/controller/controller.egg-info/entry_points.txt
[2.393s] writing requirements to ../../build/controller/controller.egg-info/requires.txt
[2.396s] writing top-level names to ../../build/controller/controller.egg-info/top_level.txt
[2.631s] reading manifest file '../../build/controller/controller.egg-info/SOURCES.txt'
[2.638s] writing manifest file '../../build/controller/controller.egg-info/SOURCES.txt'
[2.638s] running build
[2.639s] running build_py
[2.643s] copying controller/coordination.py -> /home/ghost/Desktop/dev_ws/build/controller/build/lib/controller
[2.645s] running install
[2.650s] running install_lib
[2.658s] copying /home/ghost/Desktop/dev_ws/build/controller/build/lib/controller/coordination.py -> /home/ghost/Desktop/dev_ws/install/controller/lib/python3.8/site-packages/controller
[2.662s] byte-compiling /home/ghost/Desktop/dev_ws/install/controller/lib/python3.8/site-packages/controller/coordination.py to coordination.cpython-38.pyc
[2.673s] running install_data
[2.676s] running install_egg_info
[2.694s] removing '/home/ghost/Desktop/dev_ws/install/controller/lib/python3.8/site-packages/controller-0.0.1-py3.8.egg-info' (and everything under it)
[2.695s] Copying ../../build/controller/controller.egg-info to /home/ghost/Desktop/dev_ws/install/controller/lib/python3.8/site-packages/controller-0.0.1-py3.8.egg-info
[2.699s] running install_scripts
[2.799s] Installing controller script to /home/ghost/Desktop/dev_ws/install/controller/lib/controller
[2.802s] writing list of installed files to '/home/ghost/Desktop/dev_ws/build/controller/install.log'
[2.901s] Invoked command in '/home/ghost/Desktop/dev_ws/src/controller' returned '0': PYTHONPATH=/home/ghost/Desktop/dev_ws/install/controller/lib/python3.8/site-packages: /usr/bin/python3 setup.py egg_info --egg-base ../../build/controller build --build-base /home/ghost/Desktop/dev_ws/build/controller/build install --prefix /home/ghost/Desktop/dev_ws/install/controller --record /home/ghost/Desktop/dev_ws/build/controller/install.log --single-version-externally-managed
