[0.562s] Invoking command in '/home/ghost/Desktop/dev_ws/src/controller': PYTHONPATH=/home/ghost/Desktop/dev_ws/install/controller/lib/python3.8/site-packages: /usr/bin/python3 setup.py egg_info --egg-base ../../build/controller build --build-base /home/ghost/Desktop/dev_ws/build/controller/build install --prefix /home/ghost/Desktop/dev_ws/install/controller --record /home/ghost/Desktop/dev_ws/build/controller/install.log --single-version-externally-managed
[0.953s] running egg_info
[0.953s] writing ../../build/controller/controller.egg-info/PKG-INFO
[0.954s] writing dependency_links to ../../build/controller/controller.egg-info/dependency_links.txt
[0.954s] writing entry points to ../../build/controller/controller.egg-info/entry_points.txt
[0.955s] writing requirements to ../../build/controller/controller.egg-info/requires.txt
[0.955s] writing top-level names to ../../build/controller/controller.egg-info/top_level.txt
[1.031s] reading manifest file '../../build/controller/controller.egg-info/SOURCES.txt'
[1.031s] writing manifest file '../../build/controller/controller.egg-info/SOURCES.txt'
[1.031s] running build
[1.031s] running build_py
[1.031s] copying controller/main.py -> /home/ghost/Desktop/dev_ws/build/controller/build/lib/controller
[1.032s] running install
[1.033s] running install_lib
[1.035s] copying /home/ghost/Desktop/dev_ws/build/controller/build/lib/controller/main.py -> /home/ghost/Desktop/dev_ws/install/controller/lib/python3.8/site-packages/controller
[1.036s] byte-compiling /home/ghost/Desktop/dev_ws/install/controller/lib/python3.8/site-packages/controller/main.py to main.cpython-38.pyc
[1.039s] running install_data
[1.040s] running install_egg_info
[1.043s] removing '/home/ghost/Desktop/dev_ws/install/controller/lib/python3.8/site-packages/controller-0.0.1-py3.8.egg-info' (and everything under it)
[1.043s] Copying ../../build/controller/controller.egg-info to /home/ghost/Desktop/dev_ws/install/controller/lib/python3.8/site-packages/controller-0.0.1-py3.8.egg-info
[1.044s] running install_scripts
[1.073s] Installing controller script to /home/ghost/Desktop/dev_ws/install/controller/lib/controller
[1.075s] writing list of installed files to '/home/ghost/Desktop/dev_ws/build/controller/install.log'
[1.120s] Invoked command in '/home/ghost/Desktop/dev_ws/src/controller' returned '0': PYTHONPATH=/home/ghost/Desktop/dev_ws/install/controller/lib/python3.8/site-packages: /usr/bin/python3 setup.py egg_info --egg-base ../../build/controller build --build-base /home/ghost/Desktop/dev_ws/build/controller/build install --prefix /home/ghost/Desktop/dev_ws/install/controller --record /home/ghost/Desktop/dev_ws/build/controller/install.log --single-version-externally-managed
