[0.216s] Invoking command in '/home/ghost/Desktop/dev_ws/src/controller': PYTHONPATH=/home/ghost/Desktop/dev_ws/install/controller/lib/python3.8/site-packages: /usr/bin/python3 setup.py egg_info --egg-base ../../build/controller build --build-base /home/ghost/Desktop/dev_ws/build/controller/build install --prefix /home/ghost/Desktop/dev_ws/install/controller --record /home/ghost/Desktop/dev_ws/build/controller/install.log --single-version-externally-managed
[0.395s] running egg_info
[0.395s] writing ../../build/controller/controller.egg-info/PKG-INFO
[0.396s] writing dependency_links to ../../build/controller/controller.egg-info/dependency_links.txt
[0.396s] writing entry points to ../../build/controller/controller.egg-info/entry_points.txt
[0.397s] writing requirements to ../../build/controller/controller.egg-info/requires.txt
[0.397s] writing top-level names to ../../build/controller/controller.egg-info/top_level.txt
[0.431s] reading manifest file '../../build/controller/controller.egg-info/SOURCES.txt'
[0.432s] writing manifest file '../../build/controller/controller.egg-info/SOURCES.txt'
[0.433s] running build
[0.433s] running build_py
[0.433s] copying controller/robot.py -> /home/ghost/Desktop/dev_ws/build/controller/build/lib/controller
[0.434s] running install
[0.435s] running install_lib
[0.436s] copying /home/ghost/Desktop/dev_ws/build/controller/build/lib/controller/robot.py -> /home/ghost/Desktop/dev_ws/install/controller/lib/python3.8/site-packages/controller
[0.436s] byte-compiling /home/ghost/Desktop/dev_ws/install/controller/lib/python3.8/site-packages/controller/robot.py to robot.cpython-38.pyc
[0.439s] running install_data
[0.439s] running install_egg_info
[0.441s] removing '/home/ghost/Desktop/dev_ws/install/controller/lib/python3.8/site-packages/controller-0.0.1-py3.8.egg-info' (and everything under it)
[0.441s] Copying ../../build/controller/controller.egg-info to /home/ghost/Desktop/dev_ws/install/controller/lib/python3.8/site-packages/controller-0.0.1-py3.8.egg-info
[0.442s] running install_scripts
[0.461s] Installing controller script to /home/ghost/Desktop/dev_ws/install/controller/lib/controller
[0.462s] writing list of installed files to '/home/ghost/Desktop/dev_ws/build/controller/install.log'
[0.486s] Invoked command in '/home/ghost/Desktop/dev_ws/src/controller' returned '0': PYTHONPATH=/home/ghost/Desktop/dev_ws/install/controller/lib/python3.8/site-packages: /usr/bin/python3 setup.py egg_info --egg-base ../../build/controller build --build-base /home/ghost/Desktop/dev_ws/build/controller/build install --prefix /home/ghost/Desktop/dev_ws/install/controller --record /home/ghost/Desktop/dev_ws/build/controller/install.log --single-version-externally-managed
