[1.156s] Invoking command in '/home/ghost/Desktop/dev_ws/src/controller': PYTHONPATH=/home/ghost/Desktop/dev_ws/install/controller/lib/python3.8/site-packages: /usr/bin/python3 setup.py egg_info --egg-base ../../build/controller build --build-base /home/ghost/Desktop/dev_ws/build/controller/build install --prefix /home/ghost/Desktop/dev_ws/install/controller --record /home/ghost/Desktop/dev_ws/build/controller/install.log --single-version-externally-managed
[2.563s] running egg_info
[2.569s] writing ../../build/controller/controller.egg-info/PKG-INFO
[2.572s] writing dependency_links to ../../build/controller/controller.egg-info/dependency_links.txt
[2.574s] writing entry points to ../../build/controller/controller.egg-info/entry_points.txt
[2.576s] writing requirements to ../../build/controller/controller.egg-info/requires.txt
[2.577s] writing top-level names to ../../build/controller/controller.egg-info/top_level.txt
[2.802s] reading manifest file '../../build/controller/controller.egg-info/SOURCES.txt'
[2.808s] writing manifest file '../../build/controller/controller.egg-info/SOURCES.txt'
[2.810s] running build
[2.810s] running build_py
[2.813s] copying controller/coco.py -> /home/ghost/Desktop/dev_ws/build/controller/build/lib/controller
[2.819s] running install
[2.824s] running install_lib
[2.829s] copying /home/ghost/Desktop/dev_ws/build/controller/build/lib/controller/coco.py -> /home/ghost/Desktop/dev_ws/install/controller/lib/python3.8/site-packages/controller
[2.835s] byte-compiling /home/ghost/Desktop/dev_ws/install/controller/lib/python3.8/site-packages/controller/coco.py to coco.cpython-38.pyc
[2.849s] running install_data
[2.852s] running install_egg_info
[2.861s] removing '/home/ghost/Desktop/dev_ws/install/controller/lib/python3.8/site-packages/controller-0.0.1-py3.8.egg-info' (and everything under it)
[2.863s] Copying ../../build/controller/controller.egg-info to /home/ghost/Desktop/dev_ws/install/controller/lib/python3.8/site-packages/controller-0.0.1-py3.8.egg-info
[2.867s] running install_scripts
[2.989s] Installing controller script to /home/ghost/Desktop/dev_ws/install/controller/lib/controller
[2.994s] writing list of installed files to '/home/ghost/Desktop/dev_ws/build/controller/install.log'
[3.089s] Invoked command in '/home/ghost/Desktop/dev_ws/src/controller' returned '0': PYTHONPATH=/home/ghost/Desktop/dev_ws/install/controller/lib/python3.8/site-packages: /usr/bin/python3 setup.py egg_info --egg-base ../../build/controller build --build-base /home/ghost/Desktop/dev_ws/build/controller/build install --prefix /home/ghost/Desktop/dev_ws/install/controller --record /home/ghost/Desktop/dev_ws/build/controller/install.log --single-version-externally-managed
