[1.646s] Invoking command in '/home/ghost/Desktop/dev_ws/src/controller': PYTHONPATH=/home/ghost/Desktop/dev_ws/install/controller/lib/python3.8/site-packages: /usr/bin/python3 setup.py egg_info --egg-base ../../build/controller build --build-base /home/ghost/Desktop/dev_ws/build/controller/build install --prefix /home/ghost/Desktop/dev_ws/install/controller --record /home/ghost/Desktop/dev_ws/build/controller/install.log --single-version-externally-managed
[2.853s] running egg_info
[2.855s] writing ../../build/controller/controller.egg-info/PKG-INFO
[2.856s] writing dependency_links to ../../build/controller/controller.egg-info/dependency_links.txt
[2.865s] writing entry points to ../../build/controller/controller.egg-info/entry_points.txt
[2.868s] writing requirements to ../../build/controller/controller.egg-info/requires.txt
[2.869s] writing top-level names to ../../build/controller/controller.egg-info/top_level.txt
[3.177s] reading manifest file '../../build/controller/controller.egg-info/SOURCES.txt'
[3.183s] writing manifest file '../../build/controller/controller.egg-info/SOURCES.txt'
[3.184s] running build
[3.185s] running build_py
[3.186s] copying controller/communication.py -> /home/ghost/Desktop/dev_ws/build/controller/build/lib/controller
[3.192s] running install
[3.195s] running install_lib
[3.200s] copying /home/ghost/Desktop/dev_ws/build/controller/build/lib/controller/communication.py -> /home/ghost/Desktop/dev_ws/install/controller/lib/python3.8/site-packages/controller
[3.205s] byte-compiling /home/ghost/Desktop/dev_ws/install/controller/lib/python3.8/site-packages/controller/communication.py to communication.cpython-38.pyc
[3.220s] running install_data
[3.222s] running install_egg_info
[3.230s] removing '/home/ghost/Desktop/dev_ws/install/controller/lib/python3.8/site-packages/controller-0.0.1-py3.8.egg-info' (and everything under it)
[3.231s] Copying ../../build/controller/controller.egg-info to /home/ghost/Desktop/dev_ws/install/controller/lib/python3.8/site-packages/controller-0.0.1-py3.8.egg-info
[3.235s] running install_scripts
[3.353s] Installing controller script to /home/ghost/Desktop/dev_ws/install/controller/lib/controller
[3.360s] writing list of installed files to '/home/ghost/Desktop/dev_ws/build/controller/install.log'
[3.489s] Invoked command in '/home/ghost/Desktop/dev_ws/src/controller' returned '0': PYTHONPATH=/home/ghost/Desktop/dev_ws/install/controller/lib/python3.8/site-packages: /usr/bin/python3 setup.py egg_info --egg-base ../../build/controller build --build-base /home/ghost/Desktop/dev_ws/build/controller/build install --prefix /home/ghost/Desktop/dev_ws/install/controller --record /home/ghost/Desktop/dev_ws/build/controller/install.log --single-version-externally-managed
