[0.140s] Invoking command in '/home/ghost/Desktop/dev_ws/src/controller': PYTHONPATH=/home/ghost/Desktop/dev_ws/install/controller/lib/python3.8/site-packages: /usr/bin/python3 setup.py egg_info --egg-base ../../build/controller build --build-base /home/ghost/Desktop/dev_ws/build/controller/build install --prefix /home/ghost/Desktop/dev_ws/install/controller --record /home/ghost/Desktop/dev_ws/build/controller/install.log --single-version-externally-managed
[0.256s] running egg_info
[0.256s] writing ../../build/controller/controller.egg-info/PKG-INFO
[0.256s] writing dependency_links to ../../build/controller/controller.egg-info/dependency_links.txt
[0.257s] writing entry points to ../../build/controller/controller.egg-info/entry_points.txt
[0.257s] writing requirements to ../../build/controller/controller.egg-info/requires.txt
[0.257s] writing top-level names to ../../build/controller/controller.egg-info/top_level.txt
[0.280s] reading manifest file '../../build/controller/controller.egg-info/SOURCES.txt'
[0.281s] writing manifest file '../../build/controller/controller.egg-info/SOURCES.txt'
[0.281s] running build
[0.281s] running build_py
[0.281s] copying controller/coco.py -> /home/ghost/Desktop/dev_ws/build/controller/build/lib/controller
[0.282s] running install
[0.283s] running install_lib
[0.284s] copying /home/ghost/Desktop/dev_ws/build/controller/build/lib/controller/coco.py -> /home/ghost/Desktop/dev_ws/install/controller/lib/python3.8/site-packages/controller
[0.284s] byte-compiling /home/ghost/Desktop/dev_ws/install/controller/lib/python3.8/site-packages/controller/coco.py to coco.cpython-38.pyc
[0.286s] running install_data
[0.286s] running install_egg_info
[0.287s] removing '/home/ghost/Desktop/dev_ws/install/controller/lib/python3.8/site-packages/controller-0.0.1-py3.8.egg-info' (and everything under it)
[0.287s] Copying ../../build/controller/controller.egg-info to /home/ghost/Desktop/dev_ws/install/controller/lib/python3.8/site-packages/controller-0.0.1-py3.8.egg-info
[0.288s] running install_scripts
[0.299s] Installing controller script to /home/ghost/Desktop/dev_ws/install/controller/lib/controller
[0.300s] writing list of installed files to '/home/ghost/Desktop/dev_ws/build/controller/install.log'
[0.314s] Invoked command in '/home/ghost/Desktop/dev_ws/src/controller' returned '0': PYTHONPATH=/home/ghost/Desktop/dev_ws/install/controller/lib/python3.8/site-packages: /usr/bin/python3 setup.py egg_info --egg-base ../../build/controller build --build-base /home/ghost/Desktop/dev_ws/build/controller/build install --prefix /home/ghost/Desktop/dev_ws/install/controller --record /home/ghost/Desktop/dev_ws/build/controller/install.log --single-version-externally-managed
