[1.354s] Invoking command in '/home/ghost/Desktop/dev_ws/src/controller': PYTHONPATH=/home/ghost/Desktop/dev_ws/install/controller/lib/python3.8/site-packages:${PYTHONPATH} /usr/bin/python3 setup.py egg_info --egg-base ../../build/controller build --build-base /home/ghost/Desktop/dev_ws/build/controller/build install --prefix /home/ghost/Desktop/dev_ws/install/controller --record /home/ghost/Desktop/dev_ws/build/controller/install.log --single-version-externally-managed
[2.601s] running egg_info
[2.611s] writing ../../build/controller/controller.egg-info/PKG-INFO
[2.619s] writing dependency_links to ../../build/controller/controller.egg-info/dependency_links.txt
[2.622s] writing entry points to ../../build/controller/controller.egg-info/entry_points.txt
[2.624s] writing requirements to ../../build/controller/controller.egg-info/requires.txt
[2.628s] writing top-level names to ../../build/controller/controller.egg-info/top_level.txt
[2.842s] reading manifest file '../../build/controller/controller.egg-info/SOURCES.txt'
[2.846s] writing manifest file '../../build/controller/controller.egg-info/SOURCES.txt'
[2.847s] running build
[2.848s] running build_py
[2.852s] running install
[2.862s] running install_lib
[2.865s] running install_data
[2.867s] running install_egg_info
[2.881s] removing '/home/ghost/Desktop/dev_ws/install/controller/lib/python3.8/site-packages/controller-0.0.0-py3.8.egg-info' (and everything under it)
[2.889s] Copying ../../build/controller/controller.egg-info to /home/ghost/Desktop/dev_ws/install/controller/lib/python3.8/site-packages/controller-0.0.0-py3.8.egg-info
[2.892s] running install_scripts
[2.988s] Installing controller script to /home/ghost/Desktop/dev_ws/install/controller/lib/controller
[2.988s] writing list of installed files to '/home/ghost/Desktop/dev_ws/build/controller/install.log'
[3.107s] Invoked command in '/home/ghost/Desktop/dev_ws/src/controller' returned '0': PYTHONPATH=/home/ghost/Desktop/dev_ws/install/controller/lib/python3.8/site-packages:${PYTHONPATH} /usr/bin/python3 setup.py egg_info --egg-base ../../build/controller build --build-base /home/ghost/Desktop/dev_ws/build/controller/build install --prefix /home/ghost/Desktop/dev_ws/install/controller --record /home/ghost/Desktop/dev_ws/build/controller/install.log --single-version-externally-managed
