[0.000000] (-) TimerEvent: {}
[0.000243] (controller) JobQueued: {'identifier': 'controller', 'dependencies': OrderedDict()}
[0.000301] (controller) JobStarted: {'identifier': 'controller'}
[0.085105] (-) TimerEvent: {}
[0.185646] (-) TimerEvent: {}
[0.288409] (-) TimerEvent: {}
[0.388831] (-) TimerEvent: {}
[0.470794] (controller) Command: {'cmd': ['/usr/bin/python3', 'setup.py', 'egg_info', '--egg-base', '../../build/controller', 'build', '--build-base', '/home/ghost/Desktop/dev_ws/build/controller/build', 'install', '--prefix', '/home/ghost/Desktop/dev_ws/install/controller', '--record', '/home/ghost/Desktop/dev_ws/build/controller/install.log', '--single-version-externally-managed'], 'cwd': '/home/ghost/Desktop/dev_ws/src/controller', 'env': {'SUDO_GID': '1000', 'MAIL': '/var/mail/root', 'LANGUAGE': 'en_IN:en', 'USER': 'root', 'HOME': '/root', 'COLORTERM': 'truecolor', 'SUDO_UID': '1000', 'LOGNAME': 'root', 'TERM': 'xterm-256color', 'PATH': '/usr/local/sbin:/usr/local/bin:/usr/sbin:/usr/bin:/sbin:/bin:/snap/bin', 'DISPLAY': ':0', 'LANG': 'en_US.UTF-8', 'XAUTHORITY': '/run/user/1000/gdm/Xauthority', 'SUDO_COMMAND': '/usr/bin/colcon build', 'SHELL': '/bin/bash', 'SUDO_USER': 'ghost', 'LC_ALL': 'en_US.UTF-8', 'PWD': '/home/ghost/Desktop/dev_ws/build/controller', 'COLCON': '1', 'PYTHONPATH': '/home/ghost/Desktop/dev_ws/install/controller/lib/python3.8/site-packages:'}, 'shell': False}
[0.489379] (-) TimerEvent: {}
[0.589896] (-) TimerEvent: {}
[0.690257] (-) TimerEvent: {}
[0.790671] (-) TimerEvent: {}
[0.824378] (controller) StdoutLine: {'line': b'running egg_info\n'}
[0.824707] (controller) StdoutLine: {'line': b'writing ../../build/controller/controller.egg-info/PKG-INFO\n'}
[0.824977] (controller) StdoutLine: {'line': b'writing dependency_links to ../../build/controller/controller.egg-info/dependency_links.txt\n'}
[0.825155] (controller) StdoutLine: {'line': b'writing entry points to ../../build/controller/controller.egg-info/entry_points.txt\n'}
[0.825441] (controller) StdoutLine: {'line': b'writing requirements to ../../build/controller/controller.egg-info/requires.txt\n'}
[0.825634] (controller) StdoutLine: {'line': b'writing top-level names to ../../build/controller/controller.egg-info/top_level.txt\n'}
[0.883400] (controller) StdoutLine: {'line': b"reading manifest file '../../build/controller/controller.egg-info/SOURCES.txt'\n"}
[0.884933] (controller) StdoutLine: {'line': b"writing manifest file '../../build/controller/controller.egg-info/SOURCES.txt'\n"}
[0.885414] (controller) StdoutLine: {'line': b'running build\n'}
[0.885539] (controller) StdoutLine: {'line': b'running build_py\n'}
[0.886826] (controller) StdoutLine: {'line': b'running install\n'}
[0.888356] (controller) StdoutLine: {'line': b'running install_lib\n'}
[0.890751] (-) TimerEvent: {}
[0.892061] (controller) StdoutLine: {'line': b'running install_data\n'}
[0.892341] (controller) StdoutLine: {'line': b'running install_egg_info\n'}
[0.894307] (controller) StdoutLine: {'line': b"removing '/home/ghost/Desktop/dev_ws/install/controller/lib/python3.8/site-packages/controller-0.0.1-py3.8.egg-info' (and everything under it)\n"}
[0.894759] (controller) StdoutLine: {'line': b'Copying ../../build/controller/controller.egg-info to /home/ghost/Desktop/dev_ws/install/controller/lib/python3.8/site-packages/controller-0.0.1-py3.8.egg-info\n'}
[0.895961] (controller) StdoutLine: {'line': b'running install_scripts\n'}
[0.926112] (controller) StdoutLine: {'line': b'Installing controller script to /home/ghost/Desktop/dev_ws/install/controller/lib/controller\n'}
[0.926889] (controller) StdoutLine: {'line': b"writing list of installed files to '/home/ghost/Desktop/dev_ws/build/controller/install.log'\n"}
[0.961536] (controller) CommandEnded: {'returncode': 0}
[0.981995] (controller) JobEnded: {'identifier': 'controller', 'rc': 0}
[0.984616] (-) EventReactorShutdown: {}
