[0.216s] Invoking command in '/home/ghost/Desktop/dev_ws/src/controller': PYTHONPATH=/home/ghost/Desktop/dev_ws/install/controller/lib/python3.8/site-packages: /usr/bin/python3 setup.py egg_info --egg-base ../../build/controller build --build-base /home/ghost/Desktop/dev_ws/build/controller/build install --prefix /home/ghost/Desktop/dev_ws/install/controller --record /home/ghost/Desktop/dev_ws/build/controller/install.log --single-version-externally-managed
[0.410s] running egg_info
[0.410s] writing ../../build/controller/controller.egg-info/PKG-INFO
[0.410s] writing dependency_links to ../../build/controller/controller.egg-info/dependency_links.txt
[0.410s] writing entry points to ../../build/controller/controller.egg-info/entry_points.txt
[0.410s] writing requirements to ../../build/controller/controller.egg-info/requires.txt
[0.411s] writing top-level names to ../../build/controller/controller.egg-info/top_level.txt
[0.446s] reading manifest file '../../build/controller/controller.egg-info/SOURCES.txt'
[0.447s] writing manifest file '../../build/controller/controller.egg-info/SOURCES.txt'
[0.447s] running build
[0.447s] running build_py
[0.448s] copying controller/main.py -> /home/ghost/Desktop/dev_ws/build/controller/build/lib/controller
[0.449s] running install
[0.450s] running install_lib
[0.451s] copying /home/ghost/Desktop/dev_ws/build/controller/build/lib/controller/main.py -> /home/ghost/Desktop/dev_ws/install/controller/lib/python3.8/site-packages/controller
[0.452s] byte-compiling /home/ghost/Desktop/dev_ws/install/controller/lib/python3.8/site-packages/controller/main.py to main.cpython-38.pyc
[0.453s] running install_data
[0.454s] running install_egg_info
[0.455s] removing '/home/ghost/Desktop/dev_ws/install/controller/lib/python3.8/site-packages/controller-0.0.1-py3.8.egg-info' (and everything under it)
[0.456s] Copying ../../build/controller/controller.egg-info to /home/ghost/Desktop/dev_ws/install/controller/lib/python3.8/site-packages/controller-0.0.1-py3.8.egg-info
[0.456s] running install_scripts
[0.475s] Installing controller script to /home/ghost/Desktop/dev_ws/install/controller/lib/controller
[0.475s] writing list of installed files to '/home/ghost/Desktop/dev_ws/build/controller/install.log'
[0.499s] Invoked command in '/home/ghost/Desktop/dev_ws/src/controller' returned '0': PYTHONPATH=/home/ghost/Desktop/dev_ws/install/controller/lib/python3.8/site-packages: /usr/bin/python3 setup.py egg_info --egg-base ../../build/controller build --build-base /home/ghost/Desktop/dev_ws/build/controller/build install --prefix /home/ghost/Desktop/dev_ws/install/controller --record /home/ghost/Desktop/dev_ws/build/controller/install.log --single-version-externally-managed
