[0.341s] Invoking command in '/home/ghost/Desktop/dev_ws/src/controller': PYTHONPATH=/home/ghost/Desktop/dev_ws/install/controller/lib/python3.8/site-packages: /usr/bin/python3 setup.py egg_info --egg-base ../../build/controller build --build-base /home/ghost/Desktop/dev_ws/build/controller/build install --prefix /home/ghost/Desktop/dev_ws/install/controller --record /home/ghost/Desktop/dev_ws/build/controller/install.log --single-version-externally-managed
[0.665s] running egg_info
[0.665s] writing ../../build/controller/controller.egg-info/PKG-INFO
[0.666s] writing dependency_links to ../../build/controller/controller.egg-info/dependency_links.txt
[0.666s] writing entry points to ../../build/controller/controller.egg-info/entry_points.txt
[0.667s] writing requirements to ../../build/controller/controller.egg-info/requires.txt
[0.667s] writing top-level names to ../../build/controller/controller.egg-info/top_level.txt
[0.737s] reading manifest file '../../build/controller/controller.egg-info/SOURCES.txt'
[0.739s] writing manifest file '../../build/controller/controller.egg-info/SOURCES.txt'
[0.739s] running build
[0.740s] running build_py
[0.741s] copying controller/visualizer.py -> /home/ghost/Desktop/dev_ws/build/controller/build/lib/controller
[0.742s] running install
[0.748s] running install_lib
[0.749s] copying /home/ghost/Desktop/dev_ws/build/controller/build/lib/controller/visualizer.py -> /home/ghost/Desktop/dev_ws/install/controller/lib/python3.8/site-packages/controller
[0.751s] byte-compiling /home/ghost/Desktop/dev_ws/install/controller/lib/python3.8/site-packages/controller/visualizer.py to visualizer.cpython-38.pyc
[0.755s] running install_data
[0.757s] running install_egg_info
[0.758s] removing '/home/ghost/Desktop/dev_ws/install/controller/lib/python3.8/site-packages/controller-0.0.1-py3.8.egg-info' (and everything under it)
[0.758s] Copying ../../build/controller/controller.egg-info to /home/ghost/Desktop/dev_ws/install/controller/lib/python3.8/site-packages/controller-0.0.1-py3.8.egg-info
[0.760s] running install_scripts
[0.790s] Installing controller script to /home/ghost/Desktop/dev_ws/install/controller/lib/controller
[0.791s] writing list of installed files to '/home/ghost/Desktop/dev_ws/build/controller/install.log'
[0.824s] Invoked command in '/home/ghost/Desktop/dev_ws/src/controller' returned '0': PYTHONPATH=/home/ghost/Desktop/dev_ws/install/controller/lib/python3.8/site-packages: /usr/bin/python3 setup.py egg_info --egg-base ../../build/controller build --build-base /home/ghost/Desktop/dev_ws/build/controller/build install --prefix /home/ghost/Desktop/dev_ws/install/controller --record /home/ghost/Desktop/dev_ws/build/controller/install.log --single-version-externally-managed
