[0.529s] Invoking command in '/home/ghost/Desktop/dev_ws/src/controller': PYTHONPATH=/home/ghost/Desktop/dev_ws/install/controller/lib/python3.8/site-packages: /usr/bin/python3 setup.py egg_info --egg-base ../../build/controller build --build-base /home/ghost/Desktop/dev_ws/build/controller/build install --prefix /home/ghost/Desktop/dev_ws/install/controller --record /home/ghost/Desktop/dev_ws/build/controller/install.log --single-version-externally-managed
[1.091s] running egg_info
[1.093s] writing ../../build/controller/controller.egg-info/PKG-INFO
[1.093s] writing dependency_links to ../../build/controller/controller.egg-info/dependency_links.txt
[1.094s] writing entry points to ../../build/controller/controller.egg-info/entry_points.txt
[1.095s] writing requirements to ../../build/controller/controller.egg-info/requires.txt
[1.095s] writing top-level names to ../../build/controller/controller.egg-info/top_level.txt
[1.237s] reading manifest file '../../build/controller/controller.egg-info/SOURCES.txt'
[1.241s] writing manifest file '../../build/controller/controller.egg-info/SOURCES.txt'
[1.241s] running build
[1.242s] running build_py
[1.245s] copying controller/coordination.py -> /home/ghost/Desktop/dev_ws/build/controller/build/lib/controller
[1.247s] running install
[1.249s] running install_lib
[1.254s] copying /home/ghost/Desktop/dev_ws/build/controller/build/lib/controller/coordination.py -> /home/ghost/Desktop/dev_ws/install/controller/lib/python3.8/site-packages/controller
[1.257s] byte-compiling /home/ghost/Desktop/dev_ws/install/controller/lib/python3.8/site-packages/controller/coordination.py to coordination.cpython-38.pyc
[1.264s] running install_data
[1.266s] running install_egg_info
[1.272s] removing '/home/ghost/Desktop/dev_ws/install/controller/lib/python3.8/site-packages/controller-0.0.1-py3.8.egg-info' (and everything under it)
[1.272s] Copying ../../build/controller/controller.egg-info to /home/ghost/Desktop/dev_ws/install/controller/lib/python3.8/site-packages/controller-0.0.1-py3.8.egg-info
[1.274s] running install_scripts
[1.336s] Installing controller script to /home/ghost/Desktop/dev_ws/install/controller/lib/controller
[1.338s] writing list of installed files to '/home/ghost/Desktop/dev_ws/build/controller/install.log'
[1.409s] Invoked command in '/home/ghost/Desktop/dev_ws/src/controller' returned '0': PYTHONPATH=/home/ghost/Desktop/dev_ws/install/controller/lib/python3.8/site-packages: /usr/bin/python3 setup.py egg_info --egg-base ../../build/controller build --build-base /home/ghost/Desktop/dev_ws/build/controller/build install --prefix /home/ghost/Desktop/dev_ws/install/controller --record /home/ghost/Desktop/dev_ws/build/controller/install.log --single-version-externally-managed
