[0.443s] Invoking command in '/home/ghost/Desktop/dev_ws/src/controller': PYTHONPATH=/home/ghost/Desktop/dev_ws/install/controller/lib/python3.8/site-packages: /usr/bin/python3 setup.py egg_info --egg-base ../../build/controller build --build-base /home/ghost/Desktop/dev_ws/build/controller/build install --prefix /home/ghost/Desktop/dev_ws/install/controller --record /home/ghost/Desktop/dev_ws/build/controller/install.log --single-version-externally-managed
[1.358s] running egg_info
[1.362s] writing ../../build/controller/controller.egg-info/PKG-INFO
[1.364s] writing dependency_links to ../../build/controller/controller.egg-info/dependency_links.txt
[1.366s] writing entry points to ../../build/controller/controller.egg-info/entry_points.txt
[1.368s] writing requirements to ../../build/controller/controller.egg-info/requires.txt
[1.368s] writing top-level names to ../../build/controller/controller.egg-info/top_level.txt
[1.624s] reading manifest file '../../build/controller/controller.egg-info/SOURCES.txt'
[1.631s] writing manifest file '../../build/controller/controller.egg-info/SOURCES.txt'
[1.632s] running build
[1.632s] running build_py
[1.634s] copying controller/global_communicator.py -> /home/ghost/Desktop/dev_ws/build/controller/build/lib/controller
[1.639s] running install
[1.644s] running install_lib
[1.650s] copying /home/ghost/Desktop/dev_ws/build/controller/build/lib/controller/global_communicator.py -> /home/ghost/Desktop/dev_ws/install/controller/lib/python3.8/site-packages/controller
[1.656s] byte-compiling /home/ghost/Desktop/dev_ws/install/controller/lib/python3.8/site-packages/controller/global_communicator.py to global_communicator.cpython-38.pyc
[1.667s] running install_data
[1.669s] running install_egg_info
[1.677s] removing '/home/ghost/Desktop/dev_ws/install/controller/lib/python3.8/site-packages/controller-0.0.1-py3.8.egg-info' (and everything under it)
[1.678s] Copying ../../build/controller/controller.egg-info to /home/ghost/Desktop/dev_ws/install/controller/lib/python3.8/site-packages/controller-0.0.1-py3.8.egg-info
[1.682s] running install_scripts
[1.782s] Installing controller script to /home/ghost/Desktop/dev_ws/install/controller/lib/controller
[1.786s] writing list of installed files to '/home/ghost/Desktop/dev_ws/build/controller/install.log'
[1.892s] Invoked command in '/home/ghost/Desktop/dev_ws/src/controller' returned '0': PYTHONPATH=/home/ghost/Desktop/dev_ws/install/controller/lib/python3.8/site-packages: /usr/bin/python3 setup.py egg_info --egg-base ../../build/controller build --build-base /home/ghost/Desktop/dev_ws/build/controller/build install --prefix /home/ghost/Desktop/dev_ws/install/controller --record /home/ghost/Desktop/dev_ws/build/controller/install.log --single-version-externally-managed
