[0.000000] (-) TimerEvent: {}
[0.000599] (-) JobUnselected: {'identifier': 'robot_communication_interfaces'}
[0.000640] (controller) JobQueued: {'identifier': 'controller', 'dependencies': OrderedDict()}
[0.000662] (controller) JobStarted: {'identifier': 'controller'}
[0.099274] (-) TimerEvent: {}
[0.172712] (controller) Command: {'cmd': ['/usr/bin/python3', 'setup.py', 'egg_info', '--egg-base', '../../build/controller', 'build', '--build-base', '/home/ghost/Desktop/dev_ws/build/controller/build', 'install', '--prefix', '/home/ghost/Desktop/dev_ws/install/controller', '--record', '/home/ghost/Desktop/dev_ws/build/controller/install.log', '--single-version-externally-managed'], 'cwd': '/home/ghost/Desktop/dev_ws/src/controller', 'env': {'SUDO_GID': '1000', 'MAIL': '/var/mail/root', 'LANGUAGE': 'en_IN:en', 'USER': 'root', 'HOME': '/root', 'COLORTERM': 'truecolor', 'SUDO_UID': '1000', 'LOGNAME': 'root', 'TERM': 'xterm-256color', 'PATH': '/usr/local/sbin:/usr/local/bin:/usr/sbin:/usr/bin:/sbin:/bin:/snap/bin', 'DISPLAY': ':0', 'LANG': 'en_US.UTF-8', 'XAUTHORITY': '/run/user/1000/gdm/Xauthority', 'SUDO_COMMAND': '/usr/bin/colcon build --packages-select controller', 'SHELL': '/bin/bash', 'SUDO_USER': 'ghost', 'LC_ALL': 'en_US.UTF-8', 'PWD': '/home/ghost/Desktop/dev_ws/build/controller', 'COLCON': '1', 'PYTHONPATH': '/home/ghost/Desktop/dev_ws/install/controller/lib/python3.8/site-packages:'}, 'shell': False}
[0.199467] (-) TimerEvent: {}
[0.299907] (-) TimerEvent: {}
[0.327008] (controller) StdoutLine: {'line': b'running egg_info\n'}
[0.327677] (controller) StdoutLine: {'line': b'writing ../../build/controller/controller.egg-info/PKG-INFO\n'}
[0.327970] (controller) StdoutLine: {'line': b'writing dependency_links to ../../build/controller/controller.egg-info/dependency_links.txt\n'}
[0.328331] (controller) StdoutLine: {'line': b'writing entry points to ../../build/controller/controller.egg-info/entry_points.txt\n'}
[0.328628] (controller) StdoutLine: {'line': b'writing requirements to ../../build/controller/controller.egg-info/requires.txt\n'}
[0.328852] (controller) StdoutLine: {'line': b'writing top-level names to ../../build/controller/controller.egg-info/top_level.txt\n'}
[0.356293] (controller) StdoutLine: {'line': b"reading manifest file '../../build/controller/controller.egg-info/SOURCES.txt'\n"}
[0.357117] (controller) StdoutLine: {'line': b"writing manifest file '../../build/controller/controller.egg-info/SOURCES.txt'\n"}
[0.357240] (controller) StdoutLine: {'line': b'running build\n'}
[0.357335] (controller) StdoutLine: {'line': b'running build_py\n'}
[0.357926] (controller) StdoutLine: {'line': b'copying controller/coco.py -> /home/ghost/Desktop/dev_ws/build/controller/build/lib/controller\n'}
[0.358792] (controller) StdoutLine: {'line': b'running install\n'}
[0.359561] (controller) StdoutLine: {'line': b'running install_lib\n'}
[0.360503] (controller) StdoutLine: {'line': b'copying /home/ghost/Desktop/dev_ws/build/controller/build/lib/controller/coco.py -> /home/ghost/Desktop/dev_ws/install/controller/lib/python3.8/site-packages/controller\n'}
[0.361449] (controller) StdoutLine: {'line': b'byte-compiling /home/ghost/Desktop/dev_ws/install/controller/lib/python3.8/site-packages/controller/coco.py to coco.cpython-38.pyc\n'}
[0.364464] (controller) StdoutLine: {'line': b'running install_data\n'}
[0.364916] (controller) StdoutLine: {'line': b'running install_egg_info\n'}
[0.366637] (controller) StdoutLine: {'line': b"removing '/home/ghost/Desktop/dev_ws/install/controller/lib/python3.8/site-packages/controller-0.0.1-py3.8.egg-info' (and everything under it)\n"}
[0.367100] (controller) StdoutLine: {'line': b'Copying ../../build/controller/controller.egg-info to /home/ghost/Desktop/dev_ws/install/controller/lib/python3.8/site-packages/controller-0.0.1-py3.8.egg-info\n'}
[0.367963] (controller) StdoutLine: {'line': b'running install_scripts\n'}
[0.380536] (controller) StdoutLine: {'line': b'Installing controller script to /home/ghost/Desktop/dev_ws/install/controller/lib/controller\n'}
[0.381401] (controller) StdoutLine: {'line': b"writing list of installed files to '/home/ghost/Desktop/dev_ws/build/controller/install.log'\n"}
[0.396828] (controller) CommandEnded: {'returncode': 0}
[0.400316] (-) TimerEvent: {}
[0.406189] (controller) JobEnded: {'identifier': 'controller', 'rc': 0}
[0.406713] (-) EventReactorShutdown: {}
