[0.000000] (-) TimerEvent: {}
[0.002573] (controller) JobQueued: {'identifier': 'controller', 'dependencies': OrderedDict()}
[0.002700] (controller) JobStarted: {'identifier': 'controller'}
[0.100898] (-) TimerEvent: {}
[0.201501] (-) TimerEvent: {}
[0.302066] (-) TimerEvent: {}
[0.404020] (-) TimerEvent: {}
[0.409396] (controller) Command: {'cmd': ['/usr/bin/python3', 'setup.py', 'egg_info', '--egg-base', '../../build/controller', 'build', '--build-base', '/home/ghost/Desktop/dev_ws/build/controller/build', 'install', '--prefix', '/home/ghost/Desktop/dev_ws/install/controller', '--record', '/home/ghost/Desktop/dev_ws/build/controller/install.log', '--single-version-externally-managed'], 'cwd': '/home/ghost/Desktop/dev_ws/src/controller', 'env': {'SUDO_GID': '1000', 'MAIL': '/var/mail/root', 'LANGUAGE': 'en_IN:en', 'USER': 'root', 'HOME': '/root', 'COLORTERM': 'truecolor', 'SUDO_UID': '1000', 'LOGNAME': 'root', 'TERM': 'xterm-256color', 'PATH': '/usr/local/sbin:/usr/local/bin:/usr/sbin:/usr/bin:/sbin:/bin:/snap/bin', 'DISPLAY': ':0', 'LANG': 'en_US.UTF-8', 'XAUTHORITY': '/run/user/1000/gdm/Xauthority', 'SUDO_COMMAND': '/usr/bin/colcon build', 'SHELL': '/bin/bash', 'SUDO_USER': 'ghost', 'LC_ALL': 'en_US.UTF-8', 'PWD': '/home/ghost/Desktop/dev_ws/build/controller', 'COLCON': '1', 'PYTHONPATH': '/home/ghost/Desktop/dev_ws/install/controller/lib/python3.8/site-packages:'}, 'shell': False}
[0.504104] (-) TimerEvent: {}
[0.604993] (-) TimerEvent: {}
[0.669254] (controller) StdoutLine: {'line': b'running egg_info\n'}
[0.669521] (controller) StdoutLine: {'line': b'writing ../../build/controller/controller.egg-info/PKG-INFO\n'}
[0.669621] (controller) StdoutLine: {'line': b'writing dependency_links to ../../build/controller/controller.egg-info/dependency_links.txt\n'}
[0.669702] (controller) StdoutLine: {'line': b'writing entry points to ../../build/controller/controller.egg-info/entry_points.txt\n'}
[0.669772] (controller) StdoutLine: {'line': b'writing requirements to ../../build/controller/controller.egg-info/requires.txt\n'}
[0.669841] (controller) StdoutLine: {'line': b'writing top-level names to ../../build/controller/controller.egg-info/top_level.txt\n'}
[0.705588] (-) TimerEvent: {}
[0.727626] (controller) StdoutLine: {'line': b"reading manifest file '../../build/controller/controller.egg-info/SOURCES.txt'\n"}
[0.729921] (controller) StdoutLine: {'line': b"writing manifest file '../../build/controller/controller.egg-info/SOURCES.txt'\n"}
[0.732922] (controller) StdoutLine: {'line': b'running build\n'}
[0.733267] (controller) StdoutLine: {'line': b'running build_py\n'}
[0.737081] (controller) StdoutLine: {'line': b'running install\n'}
[0.737353] (controller) StdoutLine: {'line': b'running install_lib\n'}
[0.739134] (controller) StdoutLine: {'line': b'running install_data\n'}
[0.741412] (controller) StdoutLine: {'line': b'running install_egg_info\n'}
[0.743976] (controller) StdoutLine: {'line': b"removing '/home/ghost/Desktop/dev_ws/install/controller/lib/python3.8/site-packages/controller-0.0.1-py3.8.egg-info' (and everything under it)\n"}
[0.744464] (controller) StdoutLine: {'line': b'Copying ../../build/controller/controller.egg-info to /home/ghost/Desktop/dev_ws/install/controller/lib/python3.8/site-packages/controller-0.0.1-py3.8.egg-info\n'}
[0.745705] (controller) StdoutLine: {'line': b'running install_scripts\n'}
[0.769493] (controller) StdoutLine: {'line': b'Installing controller script to /home/ghost/Desktop/dev_ws/install/controller/lib/controller\n'}
[0.770565] (controller) StdoutLine: {'line': b"writing list of installed files to '/home/ghost/Desktop/dev_ws/build/controller/install.log'\n"}
[0.804265] (controller) CommandEnded: {'returncode': 0}
[0.806065] (-) TimerEvent: {}
[0.832096] (controller) JobEnded: {'identifier': 'controller', 'rc': 0}
[0.832659] (-) EventReactorShutdown: {}
