/home/ghost/Desktop/dev_ws/install/spawner/lib/python3.8/site-packages/spawner/__init__.py
/home/ghost/Desktop/dev_ws/install/spawner/lib/python3.8/site-packages/spawner/__pycache__/__init__.cpython-38.pyc
/home/ghost/Desktop/dev_ws/install/spawner/share/ament_index/resource_index/packages/spawner
/home/ghost/Desktop/dev_ws/install/spawner/share/spawner/package.xml
/home/ghost/Desktop/dev_ws/install/spawner/share/spawner/spawn.py
/home/ghost/Desktop/dev_ws/install/spawner/share/spawner/launch/gz_world.launch.py
/home/ghost/Desktop/dev_ws/install/spawner/share/spawner/worlds/warehouse.world
/home/ghost/Desktop/dev_ws/install/spawner/share/spawner/models/small_warehouse/model.config
/home/ghost/Desktop/dev_ws/install/spawner/share/spawner/models/small_warehouse/model.sdf
/home/ghost/Desktop/dev_ws/install/spawner/share/spawner/models/mobile_warehouse_robot/model.config
/home/ghost/Desktop/dev_ws/install/spawner/share/spawner/models/mobile_warehouse_robot/model.sdf
/home/ghost/Desktop/dev_ws/install/spawner/share/spawner/models/warehouse.world
/home/ghost/Desktop/dev_ws/install/spawner/lib/python3.8/site-packages/spawner-0.0.0-py3.8.egg-info/requires.txt
/home/ghost/Desktop/dev_ws/install/spawner/lib/python3.8/site-packages/spawner-0.0.0-py3.8.egg-info/entry_points.txt
/home/ghost/Desktop/dev_ws/install/spawner/lib/python3.8/site-packages/spawner-0.0.0-py3.8.egg-info/PKG-INFO
/home/ghost/Desktop/dev_ws/install/spawner/lib/python3.8/site-packages/spawner-0.0.0-py3.8.egg-info/top_level.txt
/home/ghost/Desktop/dev_ws/install/spawner/lib/python3.8/site-packages/spawner-0.0.0-py3.8.egg-info/zip-safe
/home/ghost/Desktop/dev_ws/install/spawner/lib/python3.8/site-packages/spawner-0.0.0-py3.8.egg-info/SOURCES.txt
/home/ghost/Desktop/dev_ws/install/spawner/lib/python3.8/site-packages/spawner-0.0.0-py3.8.egg-info/dependency_links.txt
/home/ghost/Desktop/dev_ws/install/spawner/lib/spawner/spawn
