[0.000000] (-) TimerEvent: {}
[0.001513] (-) JobUnselected: {'identifier': 'robot_communication_interfaces'}
[0.001599] (controller) JobQueued: {'identifier': 'controller', 'dependencies': OrderedDict()}
[0.001652] (controller) JobStarted: {'identifier': 'controller'}
[0.098339] (-) TimerEvent: {}
[0.199140] (-) TimerEvent: {}
[0.299614] (-) TimerEvent: {}
[0.400214] (-) TimerEvent: {}
[0.501681] (-) TimerEvent: {}
[0.518993] (controller) Command: {'cmd': ['/usr/bin/python3', 'setup.py', 'egg_info', '--egg-base', '../../build/controller', 'build', '--build-base', '/home/ghost/Desktop/dev_ws/build/controller/build', 'install', '--prefix', '/home/ghost/Desktop/dev_ws/install/controller', '--record', '/home/ghost/Desktop/dev_ws/build/controller/install.log', '--single-version-externally-managed'], 'cwd': '/home/ghost/Desktop/dev_ws/src/controller', 'env': {'SUDO_GID': '1000', 'MAIL': '/var/mail/root', 'LANGUAGE': 'en_IN:en', 'USER': 'root', 'HOME': '/root', 'COLORTERM': 'truecolor', 'SUDO_UID': '1000', 'LOGNAME': 'root', 'TERM': 'xterm-256color', 'PATH': '/usr/local/sbin:/usr/local/bin:/usr/sbin:/usr/bin:/sbin:/bin:/snap/bin', 'DISPLAY': ':0', 'LANG': 'en_US.UTF-8', 'XAUTHORITY': '/run/user/1000/gdm/Xauthority', 'SUDO_COMMAND': '/usr/bin/colcon build --packages-select controller', 'SHELL': '/bin/bash', 'SUDO_USER': 'ghost', 'LC_ALL': 'en_US.UTF-8', 'PWD': '/home/ghost/Desktop/dev_ws/build/controller', 'COLCON': '1', 'PYTHONPATH': '/home/ghost/Desktop/dev_ws/install/controller/lib/python3.8/site-packages:'}, 'shell': False}
[0.602368] (-) TimerEvent: {}
[0.703111] (-) TimerEvent: {}
[0.804448] (-) TimerEvent: {}
[0.908035] (-) TimerEvent: {}
[1.008783] (-) TimerEvent: {}
[1.092391] (controller) StdoutLine: {'line': b'running egg_info\n'}
[1.093845] (controller) StdoutLine: {'line': b'writing ../../build/controller/controller.egg-info/PKG-INFO\n'}
[1.094885] (controller) StdoutLine: {'line': b'writing dependency_links to ../../build/controller/controller.egg-info/dependency_links.txt\n'}
[1.095713] (controller) StdoutLine: {'line': b'writing entry points to ../../build/controller/controller.egg-info/entry_points.txt\n'}
[1.096300] (controller) StdoutLine: {'line': b'writing requirements to ../../build/controller/controller.egg-info/requires.txt\n'}
[1.096765] (controller) StdoutLine: {'line': b'writing top-level names to ../../build/controller/controller.egg-info/top_level.txt\n'}
[1.109110] (-) TimerEvent: {}
[1.209709] (-) TimerEvent: {}
[1.237840] (controller) StdoutLine: {'line': b"reading manifest file '../../build/controller/controller.egg-info/SOURCES.txt'\n"}
[1.241996] (controller) StdoutLine: {'line': b"writing manifest file '../../build/controller/controller.egg-info/SOURCES.txt'\n"}
[1.242616] (controller) StdoutLine: {'line': b'running build\n'}
[1.242884] (controller) StdoutLine: {'line': b'running build_py\n'}
[1.246457] (controller) StdoutLine: {'line': b'copying controller/coordination.py -> /home/ghost/Desktop/dev_ws/build/controller/build/lib/controller\n'}
[1.248244] (controller) StdoutLine: {'line': b'running install\n'}
[1.250751] (controller) StdoutLine: {'line': b'running install_lib\n'}
[1.255696] (controller) StdoutLine: {'line': b'copying /home/ghost/Desktop/dev_ws/build/controller/build/lib/controller/coordination.py -> /home/ghost/Desktop/dev_ws/install/controller/lib/python3.8/site-packages/controller\n'}
[1.258802] (controller) StdoutLine: {'line': b'byte-compiling /home/ghost/Desktop/dev_ws/install/controller/lib/python3.8/site-packages/controller/coordination.py to coordination.cpython-38.pyc\n'}
[1.265599] (controller) StdoutLine: {'line': b'running install_data\n'}
[1.267059] (controller) StdoutLine: {'line': b'running install_egg_info\n'}
[1.273107] (controller) StdoutLine: {'line': b"removing '/home/ghost/Desktop/dev_ws/install/controller/lib/python3.8/site-packages/controller-0.0.1-py3.8.egg-info' (and everything under it)\n"}
[1.273446] (controller) StdoutLine: {'line': b'Copying ../../build/controller/controller.egg-info to /home/ghost/Desktop/dev_ws/install/controller/lib/python3.8/site-packages/controller-0.0.1-py3.8.egg-info\n'}
[1.275775] (controller) StdoutLine: {'line': b'running install_scripts\n'}
[1.311208] (-) TimerEvent: {}
[1.336913] (controller) StdoutLine: {'line': b'Installing controller script to /home/ghost/Desktop/dev_ws/install/controller/lib/controller\n'}
[1.339711] (controller) StdoutLine: {'line': b"writing list of installed files to '/home/ghost/Desktop/dev_ws/build/controller/install.log'\n"}
[1.409512] (controller) CommandEnded: {'returncode': 0}
[1.411392] (-) TimerEvent: {}
[1.513847] (-) TimerEvent: {}
[1.520049] (controller) JobEnded: {'identifier': 'controller', 'rc': 0}
[1.525279] (-) EventReactorShutdown: {}
