[0.192s] Invoking command in '/home/ghost/Desktop/dev_ws/src/controller': PYTHONPATH=/home/ghost/Desktop/dev_ws/install/controller/lib/python3.8/site-packages:${PYTHONPATH} /usr/bin/python3 setup.py egg_info --egg-base ../../build/controller build --build-base /home/ghost/Desktop/dev_ws/build/controller/build install --prefix /home/ghost/Desktop/dev_ws/install/controller --record /home/ghost/Desktop/dev_ws/build/controller/install.log --single-version-externally-managed
[0.345s] running egg_info
[0.345s] writing ../../build/controller/controller.egg-info/PKG-INFO
[0.346s] writing dependency_links to ../../build/controller/controller.egg-info/dependency_links.txt
[0.346s] writing entry points to ../../build/controller/controller.egg-info/entry_points.txt
[0.346s] writing requirements to ../../build/controller/controller.egg-info/requires.txt
[0.346s] writing top-level names to ../../build/controller/controller.egg-info/top_level.txt
[0.370s] reading manifest file '../../build/controller/controller.egg-info/SOURCES.txt'
[0.372s] writing manifest file '../../build/controller/controller.egg-info/SOURCES.txt'
[0.372s] running build
[0.372s] running build_py
[0.372s] running install
[0.373s] running install_lib
[0.375s] running install_data
[0.375s] running install_egg_info
[0.376s] removing '/home/ghost/Desktop/dev_ws/install/controller/lib/python3.8/site-packages/controller-0.0.0-py3.8.egg-info' (and everything under it)
[0.377s] Copying ../../build/controller/controller.egg-info to /home/ghost/Desktop/dev_ws/install/controller/lib/python3.8/site-packages/controller-0.0.0-py3.8.egg-info
[0.377s] running install_scripts
[0.388s] Installing spawn_demo script to /home/ghost/Desktop/dev_ws/install/controller/lib/controller
[0.389s] writing list of installed files to '/home/ghost/Desktop/dev_ws/build/controller/install.log'
[0.405s] Invoked command in '/home/ghost/Desktop/dev_ws/src/controller' returned '0': PYTHONPATH=/home/ghost/Desktop/dev_ws/install/controller/lib/python3.8/site-packages:${PYTHONPATH} /usr/bin/python3 setup.py egg_info --egg-base ../../build/controller build --build-base /home/ghost/Desktop/dev_ws/build/controller/build install --prefix /home/ghost/Desktop/dev_ws/install/controller --record /home/ghost/Desktop/dev_ws/build/controller/install.log --single-version-externally-managed
