[0.222s] Invoking command in '/home/ghost/Desktop/dev_ws/build/robot_communication_interfaces': /usr/bin/cmake /home/ghost/Desktop/dev_ws/src/robot_communication_interfaces -DCMAKE_INSTALL_PREFIX=/home/ghost/Desktop/dev_ws/install/robot_communication_interfaces
[0.250s] CMake Error at CMakeLists.txt:19 (find_package):
[0.250s]   By not providing "Findament_cmake.cmake" in CMAKE_MODULE_PATH this project
[0.250s]   has asked CMake to find a package configuration file provided by
[0.250s]   "ament_cmake", but CMake did not find one.
[0.250s] 
[0.250s]   Could not find a package configuration file provided by "ament_cmake" with
[0.250s]   any of the following names:
[0.250s] 
[0.250s]     ament_cmakeConfig.cmake
[0.250s]     ament_cmake-config.cmake
[0.250s] 
[0.251s]   Add the installation prefix of "ament_cmake" to CMAKE_PREFIX_PATH or set
[0.251s]   "ament_cmake_DIR" to a directory containing one of the above files.  If
[0.251s]   "ament_cmake" provides a separate development package or SDK, be sure it
[0.251s]   has been installed.
[0.251s] 
[0.251s] 
[0.251s] -- Configuring incomplete, errors occurred!
[0.251s] See also "/home/ghost/Desktop/dev_ws/build/robot_communication_interfaces/CMakeFiles/CMakeOutput.log".
[0.252s] Invoked command in '/home/ghost/Desktop/dev_ws/build/robot_communication_interfaces' returned '1': /usr/bin/cmake /home/ghost/Desktop/dev_ws/src/robot_communication_interfaces -DCMAKE_INSTALL_PREFIX=/home/ghost/Desktop/dev_ws/install/robot_communication_interfaces
