[0.000000] (-) TimerEvent: {}
[0.002015] (-) JobUnselected: {'identifier': 'robot_communication_interfaces'}
[0.002071] (controller) JobQueued: {'identifier': 'controller', 'dependencies': OrderedDict()}
[0.002134] (controller) JobStarted: {'identifier': 'controller'}
[0.099781] (-) TimerEvent: {}
[0.200355] (-) TimerEvent: {}
[0.259472] (controller) Command: {'cmd': ['/usr/bin/python3', 'setup.py', 'egg_info', '--egg-base', '../../build/controller', 'build', '--build-base', '/home/ghost/Desktop/dev_ws/build/controller/build', 'install', '--prefix', '/home/ghost/Desktop/dev_ws/install/controller', '--record', '/home/ghost/Desktop/dev_ws/build/controller/install.log', '--single-version-externally-managed'], 'cwd': '/home/ghost/Desktop/dev_ws/src/controller', 'env': {'SUDO_GID': '1000', 'MAIL': '/var/mail/root', 'LANGUAGE': 'en_IN:en', 'USER': 'root', 'HOME': '/root', 'COLORTERM': 'truecolor', 'SUDO_UID': '1000', 'LOGNAME': 'root', 'TERM': 'xterm-256color', 'PATH': '/usr/local/sbin:/usr/local/bin:/usr/sbin:/usr/bin:/sbin:/bin:/snap/bin', 'DISPLAY': ':0', 'LANG': 'en_US.UTF-8', 'XAUTHORITY': '/run/user/1000/gdm/Xauthority', 'SUDO_COMMAND': '/usr/bin/colcon build --packages-select controller', 'SHELL': '/bin/bash', 'SUDO_USER': 'ghost', 'LC_ALL': 'en_US.UTF-8', 'PWD': '/home/ghost/Desktop/dev_ws/build/controller', 'COLCON': '1', 'PYTHONPATH': '/home/ghost/Desktop/dev_ws/install/controller/lib/python3.8/site-packages:'}, 'shell': False}
[0.300619] (-) TimerEvent: {}
[0.401037] (-) TimerEvent: {}
[0.498540] (controller) StdoutLine: {'line': b'running egg_info\n'}
[0.499098] (controller) StdoutLine: {'line': b'writing ../../build/controller/controller.egg-info/PKG-INFO\n'}
[0.499347] (controller) StdoutLine: {'line': b'writing dependency_links to ../../build/controller/controller.egg-info/dependency_links.txt\n'}
[0.499528] (controller) StdoutLine: {'line': b'writing entry points to ../../build/controller/controller.egg-info/entry_points.txt\n'}
[0.499829] (controller) StdoutLine: {'line': b'writing requirements to ../../build/controller/controller.egg-info/requires.txt\n'}
[0.499964] (controller) StdoutLine: {'line': b'writing top-level names to ../../build/controller/controller.egg-info/top_level.txt\n'}
[0.501256] (-) TimerEvent: {}
[0.548054] (controller) StdoutLine: {'line': b"reading manifest file '../../build/controller/controller.egg-info/SOURCES.txt'\n"}
[0.549408] (controller) StdoutLine: {'line': b"writing manifest file '../../build/controller/controller.egg-info/SOURCES.txt'\n"}
[0.549593] (controller) StdoutLine: {'line': b'running build\n'}
[0.549682] (controller) StdoutLine: {'line': b'running build_py\n'}
[0.551299] (controller) StdoutLine: {'line': b'running install\n'}
[0.552280] (controller) StdoutLine: {'line': b'running install_lib\n'}
[0.554948] (controller) StdoutLine: {'line': b'running install_data\n'}
[0.555409] (controller) StdoutLine: {'line': b'running install_egg_info\n'}
[0.557124] (controller) StdoutLine: {'line': b"removing '/home/ghost/Desktop/dev_ws/install/controller/lib/python3.8/site-packages/controller-0.0.1-py3.8.egg-info' (and everything under it)\n"}
[0.557336] (controller) StdoutLine: {'line': b'Copying ../../build/controller/controller.egg-info to /home/ghost/Desktop/dev_ws/install/controller/lib/python3.8/site-packages/controller-0.0.1-py3.8.egg-info\n'}
[0.558916] (controller) StdoutLine: {'line': b'running install_scripts\n'}
[0.581300] (controller) StdoutLine: {'line': b'Installing controller script to /home/ghost/Desktop/dev_ws/install/controller/lib/controller\n'}
[0.582300] (controller) StdoutLine: {'line': b"writing list of installed files to '/home/ghost/Desktop/dev_ws/build/controller/install.log'\n"}
[0.601415] (-) TimerEvent: {}
[0.605279] (controller) CommandEnded: {'returncode': 0}
[0.619414] (controller) JobEnded: {'identifier': 'controller', 'rc': 0}
[0.620333] (-) EventReactorShutdown: {}
