[0.277s] Invoking command in '/home/ghost/Desktop/dev_ws/src/controller': PYTHONPATH=/home/ghost/Desktop/dev_ws/install/controller/lib/python3.8/site-packages: /usr/bin/python3 setup.py egg_info --egg-base ../../build/controller build --build-base /home/ghost/Desktop/dev_ws/build/controller/build install --prefix /home/ghost/Desktop/dev_ws/install/controller --record /home/ghost/Desktop/dev_ws/build/controller/install.log --single-version-externally-managed
[0.514s] running egg_info
[0.515s] writing ../../build/controller/controller.egg-info/PKG-INFO
[0.515s] writing dependency_links to ../../build/controller/controller.egg-info/dependency_links.txt
[0.515s] writing entry points to ../../build/controller/controller.egg-info/entry_points.txt
[0.515s] writing requirements to ../../build/controller/controller.egg-info/requires.txt
[0.515s] writing top-level names to ../../build/controller/controller.egg-info/top_level.txt
[0.569s] reading manifest file '../../build/controller/controller.egg-info/SOURCES.txt'
[0.570s] writing manifest file '../../build/controller/controller.egg-info/SOURCES.txt'
[0.570s] running build
[0.570s] running build_py
[0.571s] copying controller/planner.py -> /home/ghost/Desktop/dev_ws/build/controller/build/lib/controller
[0.572s] running install
[0.572s] running install_lib
[0.574s] copying /home/ghost/Desktop/dev_ws/build/controller/build/lib/controller/planner.py -> /home/ghost/Desktop/dev_ws/install/controller/lib/python3.8/site-packages/controller
[0.575s] byte-compiling /home/ghost/Desktop/dev_ws/install/controller/lib/python3.8/site-packages/controller/planner.py to planner.cpython-38.pyc
[0.579s] running install_data
[0.579s] running install_egg_info
[0.581s] removing '/home/ghost/Desktop/dev_ws/install/controller/lib/python3.8/site-packages/controller-0.0.1-py3.8.egg-info' (and everything under it)
[0.581s] Copying ../../build/controller/controller.egg-info to /home/ghost/Desktop/dev_ws/install/controller/lib/python3.8/site-packages/controller-0.0.1-py3.8.egg-info
[0.582s] running install_scripts
[0.606s] Installing controller script to /home/ghost/Desktop/dev_ws/install/controller/lib/controller
[0.607s] writing list of installed files to '/home/ghost/Desktop/dev_ws/build/controller/install.log'
[0.634s] Invoked command in '/home/ghost/Desktop/dev_ws/src/controller' returned '0': PYTHONPATH=/home/ghost/Desktop/dev_ws/install/controller/lib/python3.8/site-packages: /usr/bin/python3 setup.py egg_info --egg-base ../../build/controller build --build-base /home/ghost/Desktop/dev_ws/build/controller/build install --prefix /home/ghost/Desktop/dev_ws/install/controller --record /home/ghost/Desktop/dev_ws/build/controller/install.log --single-version-externally-managed
