[0.337s] Invoking command in '/home/ghost/Desktop/dev_ws/src/controller': PYTHONPATH=/home/ghost/Desktop/dev_ws/install/controller/lib/python3.8/site-packages: /usr/bin/python3 setup.py egg_info --egg-base ../../build/controller build --build-base /home/ghost/Desktop/dev_ws/build/controller/build install --prefix /home/ghost/Desktop/dev_ws/install/controller --record /home/ghost/Desktop/dev_ws/build/controller/install.log --single-version-externally-managed
[0.665s] running egg_info
[0.666s] writing ../../build/controller/controller.egg-info/PKG-INFO
[0.667s] writing dependency_links to ../../build/controller/controller.egg-info/dependency_links.txt
[0.667s] writing entry points to ../../build/controller/controller.egg-info/entry_points.txt
[0.668s] writing requirements to ../../build/controller/controller.egg-info/requires.txt
[0.668s] writing top-level names to ../../build/controller/controller.egg-info/top_level.txt
[0.730s] reading manifest file '../../build/controller/controller.egg-info/SOURCES.txt'
[0.732s] writing manifest file '../../build/controller/controller.egg-info/SOURCES.txt'
[0.732s] running build
[0.732s] running build_py
[0.733s] copying controller/visualizer.py -> /home/ghost/Desktop/dev_ws/build/controller/build/lib/controller
[0.733s] copying controller/mapper.py -> /home/ghost/Desktop/dev_ws/build/controller/build/lib/controller
[0.733s] copying controller/planner.py -> /home/ghost/Desktop/dev_ws/build/controller/build/lib/controller
[0.734s] copying controller/main.py -> /home/ghost/Desktop/dev_ws/build/controller/build/lib/controller
[0.734s] copying controller/mover.py -> /home/ghost/Desktop/dev_ws/build/controller/build/lib/controller
[0.734s] copying controller/critical_controller.py -> /home/ghost/Desktop/dev_ws/build/controller/build/lib/controller
[0.735s] running install
[0.736s] running install_lib
[0.738s] copying /home/ghost/Desktop/dev_ws/build/controller/build/lib/controller/visualizer.py -> /home/ghost/Desktop/dev_ws/install/controller/lib/python3.8/site-packages/controller
[0.738s] copying /home/ghost/Desktop/dev_ws/build/controller/build/lib/controller/mapper.py -> /home/ghost/Desktop/dev_ws/install/controller/lib/python3.8/site-packages/controller
[0.738s] copying /home/ghost/Desktop/dev_ws/build/controller/build/lib/controller/planner.py -> /home/ghost/Desktop/dev_ws/install/controller/lib/python3.8/site-packages/controller
[0.738s] copying /home/ghost/Desktop/dev_ws/build/controller/build/lib/controller/main.py -> /home/ghost/Desktop/dev_ws/install/controller/lib/python3.8/site-packages/controller
[0.739s] copying /home/ghost/Desktop/dev_ws/build/controller/build/lib/controller/mover.py -> /home/ghost/Desktop/dev_ws/install/controller/lib/python3.8/site-packages/controller
[0.739s] copying /home/ghost/Desktop/dev_ws/build/controller/build/lib/controller/critical_controller.py -> /home/ghost/Desktop/dev_ws/install/controller/lib/python3.8/site-packages/controller
[0.740s] byte-compiling /home/ghost/Desktop/dev_ws/install/controller/lib/python3.8/site-packages/controller/visualizer.py to visualizer.cpython-38.pyc
[0.744s] byte-compiling /home/ghost/Desktop/dev_ws/install/controller/lib/python3.8/site-packages/controller/mapper.py to mapper.cpython-38.pyc
[0.745s] byte-compiling /home/ghost/Desktop/dev_ws/install/controller/lib/python3.8/site-packages/controller/planner.py to planner.cpython-38.pyc
[0.748s] byte-compiling /home/ghost/Desktop/dev_ws/install/controller/lib/python3.8/site-packages/controller/main.py to main.cpython-38.pyc
[0.749s] byte-compiling /home/ghost/Desktop/dev_ws/install/controller/lib/python3.8/site-packages/controller/mover.py to mover.cpython-38.pyc
[0.750s] byte-compiling /home/ghost/Desktop/dev_ws/install/controller/lib/python3.8/site-packages/controller/critical_controller.py to critical_controller.cpython-38.pyc
[0.751s] running install_data
[0.752s] running install_egg_info
[0.754s] removing '/home/ghost/Desktop/dev_ws/install/controller/lib/python3.8/site-packages/controller-0.0.1-py3.8.egg-info' (and everything under it)
[0.754s] Copying ../../build/controller/controller.egg-info to /home/ghost/Desktop/dev_ws/install/controller/lib/python3.8/site-packages/controller-0.0.1-py3.8.egg-info
[0.755s] running install_scripts
[0.782s] Installing controller script to /home/ghost/Desktop/dev_ws/install/controller/lib/controller
[0.784s] writing list of installed files to '/home/ghost/Desktop/dev_ws/build/controller/install.log'
[0.822s] Invoked command in '/home/ghost/Desktop/dev_ws/src/controller' returned '0': PYTHONPATH=/home/ghost/Desktop/dev_ws/install/controller/lib/python3.8/site-packages: /usr/bin/python3 setup.py egg_info --egg-base ../../build/controller build --build-base /home/ghost/Desktop/dev_ws/build/controller/build install --prefix /home/ghost/Desktop/dev_ws/install/controller --record /home/ghost/Desktop/dev_ws/build/controller/install.log --single-version-externally-managed
