[0.000000] (-) TimerEvent: {}
[0.001578] (controller) JobQueued: {'identifier': 'controller', 'dependencies': OrderedDict()}
[0.001666] (controller) JobStarted: {'identifier': 'controller'}
[0.099658] (-) TimerEvent: {}
[0.200465] (-) TimerEvent: {}
[0.300910] (-) TimerEvent: {}
[0.364369] (controller) Command: {'cmd': ['/usr/bin/python3', 'setup.py', 'egg_info', '--egg-base', '../../build/controller', 'build', '--build-base', '/home/ghost/Desktop/dev_ws/build/controller/build', 'install', '--prefix', '/home/ghost/Desktop/dev_ws/install/controller', '--record', '/home/ghost/Desktop/dev_ws/build/controller/install.log', '--single-version-externally-managed'], 'cwd': '/home/ghost/Desktop/dev_ws/src/controller', 'env': {'SUDO_GID': '1000', 'MAIL': '/var/mail/root', 'LANGUAGE': 'en_IN:en', 'USER': 'root', 'HOME': '/root', 'COLORTERM': 'truecolor', 'SUDO_UID': '1000', 'LOGNAME': 'root', 'TERM': 'xterm-256color', 'PATH': '/usr/local/sbin:/usr/local/bin:/usr/sbin:/usr/bin:/sbin:/bin:/snap/bin', 'DISPLAY': ':0', 'LANG': 'en_US.UTF-8', 'XAUTHORITY': '/run/user/1000/gdm/Xauthority', 'SUDO_COMMAND': '/usr/bin/colcon build', 'SHELL': '/bin/bash', 'SUDO_USER': 'ghost', 'LC_ALL': 'en_US.UTF-8', 'PWD': '/home/ghost/Desktop/dev_ws/build/controller', 'COLCON': '1', 'PYTHONPATH': '/home/ghost/Desktop/dev_ws/install/controller/lib/python3.8/site-packages:'}, 'shell': False}
[0.401334] (-) TimerEvent: {}
[0.501890] (-) TimerEvent: {}
[0.602249] (-) TimerEvent: {}
[0.702790] (-) TimerEvent: {}
[0.730607] (controller) StdoutLine: {'line': b'running egg_info\n'}
[0.732260] (controller) StdoutLine: {'line': b'writing ../../build/controller/controller.egg-info/PKG-INFO\n'}
[0.733049] (controller) StdoutLine: {'line': b'writing dependency_links to ../../build/controller/controller.egg-info/dependency_links.txt\n'}
[0.733663] (controller) StdoutLine: {'line': b'writing entry points to ../../build/controller/controller.egg-info/entry_points.txt\n'}
[0.734219] (controller) StdoutLine: {'line': b'writing requirements to ../../build/controller/controller.egg-info/requires.txt\n'}
[0.734683] (controller) StdoutLine: {'line': b'writing top-level names to ../../build/controller/controller.egg-info/top_level.txt\n'}
[0.800646] (controller) StdoutLine: {'line': b"reading manifest file '../../build/controller/controller.egg-info/SOURCES.txt'\n"}
[0.802914] (-) TimerEvent: {}
[0.803322] (controller) StdoutLine: {'line': b"writing manifest file '../../build/controller/controller.egg-info/SOURCES.txt'\n"}
[0.804345] (controller) StdoutLine: {'line': b'running build\n'}
[0.804827] (controller) StdoutLine: {'line': b'running build_py\n'}
[0.806281] (controller) StdoutLine: {'line': b'copying controller/stores.py -> /home/ghost/Desktop/dev_ws/build/controller/build/lib/controller\n'}
[0.808048] (controller) StdoutLine: {'line': b'running install\n'}
[0.809813] (controller) StdoutLine: {'line': b'running install_lib\n'}
[0.811792] (controller) StdoutLine: {'line': b'copying /home/ghost/Desktop/dev_ws/build/controller/build/lib/controller/stores.py -> /home/ghost/Desktop/dev_ws/install/controller/lib/python3.8/site-packages/controller\n'}
[0.812940] (controller) StdoutLine: {'line': b'byte-compiling /home/ghost/Desktop/dev_ws/install/controller/lib/python3.8/site-packages/controller/stores.py to stores.cpython-38.pyc\n'}
[0.816055] (controller) StdoutLine: {'line': b'running install_data\n'}
[0.817059] (controller) StdoutLine: {'line': b'running install_egg_info\n'}
[0.819169] (controller) StdoutLine: {'line': b"removing '/home/ghost/Desktop/dev_ws/install/controller/lib/python3.8/site-packages/controller-0.0.1-py3.8.egg-info' (and everything under it)\n"}
[0.819788] (controller) StdoutLine: {'line': b'Copying ../../build/controller/controller.egg-info to /home/ghost/Desktop/dev_ws/install/controller/lib/python3.8/site-packages/controller-0.0.1-py3.8.egg-info\n'}
[0.820971] (controller) StdoutLine: {'line': b'running install_scripts\n'}
[0.851957] (controller) StdoutLine: {'line': b'Installing controller script to /home/ghost/Desktop/dev_ws/install/controller/lib/controller\n'}
[0.853042] (controller) StdoutLine: {'line': b"writing list of installed files to '/home/ghost/Desktop/dev_ws/build/controller/install.log'\n"}
[0.884590] (controller) CommandEnded: {'returncode': 0}
[0.903191] (-) TimerEvent: {}
[0.904484] (controller) JobEnded: {'identifier': 'controller', 'rc': 0}
[0.905737] (-) EventReactorShutdown: {}
