[0.000000] (-) TimerEvent: {}
[0.002240] (-) JobUnselected: {'identifier': 'robot_communication_interfaces'}
[0.002320] (controller) JobQueued: {'identifier': 'controller', 'dependencies': OrderedDict()}
[0.002371] (controller) JobStarted: {'identifier': 'controller'}
[0.098781] (-) TimerEvent: {}
[0.199385] (-) TimerEvent: {}
[0.299809] (-) TimerEvent: {}
[0.407752] (-) TimerEvent: {}
[0.418071] (controller) Command: {'cmd': ['/usr/bin/python3', 'setup.py', 'egg_info', '--egg-base', '../../build/controller', 'build', '--build-base', '/home/ghost/Desktop/dev_ws/build/controller/build', 'install', '--prefix', '/home/ghost/Desktop/dev_ws/install/controller', '--record', '/home/ghost/Desktop/dev_ws/build/controller/install.log', '--single-version-externally-managed'], 'cwd': '/home/ghost/Desktop/dev_ws/src/controller', 'env': {'SUDO_GID': '1000', 'MAIL': '/var/mail/root', 'LANGUAGE': 'en_IN:en', 'USER': 'root', 'HOME': '/root', 'COLORTERM': 'truecolor', 'SUDO_UID': '1000', 'LOGNAME': 'root', 'TERM': 'xterm-256color', 'PATH': '/usr/local/sbin:/usr/local/bin:/usr/sbin:/usr/bin:/sbin:/bin:/snap/bin', 'DISPLAY': ':0', 'LANG': 'en_US.UTF-8', 'XAUTHORITY': '/run/user/1000/gdm/Xauthority', 'SUDO_COMMAND': '/usr/bin/colcon build --packages-select controller', 'SHELL': '/bin/bash', 'SUDO_USER': 'ghost', 'LC_ALL': 'en_US.UTF-8', 'PWD': '/home/ghost/Desktop/dev_ws/build/controller', 'COLCON': '1', 'PYTHONPATH': '/home/ghost/Desktop/dev_ws/install/controller/lib/python3.8/site-packages:'}, 'shell': False}
[0.508076] (-) TimerEvent: {}
[0.608866] (-) TimerEvent: {}
[0.710081] (-) TimerEvent: {}
[0.811030] (-) TimerEvent: {}
[0.828493] (controller) StdoutLine: {'line': b'running egg_info\n'}
[0.829564] (controller) StdoutLine: {'line': b'writing ../../build/controller/controller.egg-info/PKG-INFO\n'}
[0.830352] (controller) StdoutLine: {'line': b'writing dependency_links to ../../build/controller/controller.egg-info/dependency_links.txt\n'}
[0.830755] (controller) StdoutLine: {'line': b'writing entry points to ../../build/controller/controller.egg-info/entry_points.txt\n'}
[0.830972] (controller) StdoutLine: {'line': b'writing requirements to ../../build/controller/controller.egg-info/requires.txt\n'}
[0.831233] (controller) StdoutLine: {'line': b'writing top-level names to ../../build/controller/controller.egg-info/top_level.txt\n'}
[0.909804] (controller) StdoutLine: {'line': b"reading manifest file '../../build/controller/controller.egg-info/SOURCES.txt'\n"}
[0.911226] (-) TimerEvent: {}
[0.911956] (controller) StdoutLine: {'line': b"writing manifest file '../../build/controller/controller.egg-info/SOURCES.txt'\n"}
[0.912375] (controller) StdoutLine: {'line': b'running build\n'}
[0.912568] (controller) StdoutLine: {'line': b'running build_py\n'}
[0.915508] (controller) StdoutLine: {'line': b'running install\n'}
[0.916984] (controller) StdoutLine: {'line': b'running install_lib\n'}
[0.921200] (controller) StdoutLine: {'line': b'running install_data\n'}
[0.922022] (controller) StdoutLine: {'line': b'running install_egg_info\n'}
[0.925190] (controller) StdoutLine: {'line': b"removing '/home/ghost/Desktop/dev_ws/install/controller/lib/python3.8/site-packages/controller-0.0.1-py3.8.egg-info' (and everything under it)\n"}
[0.925846] (controller) StdoutLine: {'line': b'Copying ../../build/controller/controller.egg-info to /home/ghost/Desktop/dev_ws/install/controller/lib/python3.8/site-packages/controller-0.0.1-py3.8.egg-info\n'}
[0.927777] (controller) StdoutLine: {'line': b'running install_scripts\n'}
[0.961438] (controller) StdoutLine: {'line': b'Installing controller script to /home/ghost/Desktop/dev_ws/install/controller/lib/controller\n'}
[0.962993] (controller) StdoutLine: {'line': b"writing list of installed files to '/home/ghost/Desktop/dev_ws/build/controller/install.log'\n"}
[0.998913] (controller) CommandEnded: {'returncode': 0}
[1.012159] (-) TimerEvent: {}
[1.023929] (controller) JobEnded: {'identifier': 'controller', 'rc': 0}
[1.025745] (-) EventReactorShutdown: {}
