[0.000000] (-) TimerEvent: {}
[0.000413] (-) JobUnselected: {'identifier': 'robot_communication_interfaces'}
[0.001103] (controller) JobQueued: {'identifier': 'controller', 'dependencies': OrderedDict()}
[0.001138] (controller) JobStarted: {'identifier': 'controller'}
[0.099448] (-) TimerEvent: {}
[0.201086] (-) TimerEvent: {}
[0.208940] (controller) Command: {'cmd': ['/usr/bin/python3', 'setup.py', 'egg_info', '--egg-base', '../../build/controller', 'build', '--build-base', '/home/ghost/Desktop/dev_ws/build/controller/build', 'install', '--prefix', '/home/ghost/Desktop/dev_ws/install/controller', '--record', '/home/ghost/Desktop/dev_ws/build/controller/install.log', '--single-version-externally-managed'], 'cwd': '/home/ghost/Desktop/dev_ws/src/controller', 'env': {'SUDO_GID': '1000', 'MAIL': '/var/mail/root', 'LANGUAGE': 'en_IN:en', 'USER': 'root', 'HOME': '/root', 'COLORTERM': 'truecolor', 'SUDO_UID': '1000', 'LOGNAME': 'root', 'TERM': 'xterm-256color', 'PATH': '/usr/local/sbin:/usr/local/bin:/usr/sbin:/usr/bin:/sbin:/bin:/snap/bin', 'DISPLAY': ':1', 'LANG': 'en_US.UTF-8', 'XAUTHORITY': '/run/user/1000/gdm/Xauthority', 'SUDO_COMMAND': '/usr/bin/colcon build --packages-select controller', 'SHELL': '/bin/bash', 'SUDO_USER': 'ghost', 'LC_ALL': 'en_US.UTF-8', 'PWD': '/home/ghost/Desktop/dev_ws/build/controller', 'COLCON': '1', 'PYTHONPATH': '/home/ghost/Desktop/dev_ws/install/controller/lib/python3.8/site-packages:'}, 'shell': False}
[0.301621] (-) TimerEvent: {}
[0.389184] (controller) StdoutLine: {'line': b'running egg_info\n'}
[0.390015] (controller) StdoutLine: {'line': b'writing ../../build/controller/controller.egg-info/PKG-INFO\n'}
[0.390662] (controller) StdoutLine: {'line': b'writing dependency_links to ../../build/controller/controller.egg-info/dependency_links.txt\n'}
[0.390823] (controller) StdoutLine: {'line': b'writing entry points to ../../build/controller/controller.egg-info/entry_points.txt\n'}
[0.391043] (controller) StdoutLine: {'line': b'writing requirements to ../../build/controller/controller.egg-info/requires.txt\n'}
[0.391160] (controller) StdoutLine: {'line': b'writing top-level names to ../../build/controller/controller.egg-info/top_level.txt\n'}
[0.401793] (-) TimerEvent: {}
[0.434719] (controller) StdoutLine: {'line': b"reading manifest file '../../build/controller/controller.egg-info/SOURCES.txt'\n"}
[0.435769] (controller) StdoutLine: {'line': b"writing manifest file '../../build/controller/controller.egg-info/SOURCES.txt'\n"}
[0.435936] (controller) StdoutLine: {'line': b'running build\n'}
[0.436005] (controller) StdoutLine: {'line': b'running build_py\n'}
[0.436539] (controller) StdoutLine: {'line': b'copying controller/robot.py -> /home/ghost/Desktop/dev_ws/build/controller/build/lib/controller\n'}
[0.437238] (controller) StdoutLine: {'line': b'running install\n'}
[0.437997] (controller) StdoutLine: {'line': b'running install_lib\n'}
[0.439017] (controller) StdoutLine: {'line': b'copying /home/ghost/Desktop/dev_ws/build/controller/build/lib/controller/robot.py -> /home/ghost/Desktop/dev_ws/install/controller/lib/python3.8/site-packages/controller\n'}
[0.439858] (controller) StdoutLine: {'line': b'byte-compiling /home/ghost/Desktop/dev_ws/install/controller/lib/python3.8/site-packages/controller/robot.py to robot.cpython-38.pyc\n'}
[0.442053] (controller) StdoutLine: {'line': b'running install_data\n'}
[0.442387] (controller) StdoutLine: {'line': b'running install_egg_info\n'}
[0.443841] (controller) StdoutLine: {'line': b"removing '/home/ghost/Desktop/dev_ws/install/controller/lib/python3.8/site-packages/controller-0.0.1-py3.8.egg-info' (and everything under it)\n"}
[0.444118] (controller) StdoutLine: {'line': b'Copying ../../build/controller/controller.egg-info to /home/ghost/Desktop/dev_ws/install/controller/lib/python3.8/site-packages/controller-0.0.1-py3.8.egg-info\n'}
[0.445006] (controller) StdoutLine: {'line': b'running install_scripts\n'}
[0.462664] (controller) StdoutLine: {'line': b'Installing controller script to /home/ghost/Desktop/dev_ws/install/controller/lib/controller\n'}
[0.463271] (controller) StdoutLine: {'line': b"writing list of installed files to '/home/ghost/Desktop/dev_ws/build/controller/install.log'\n"}
[0.484020] (controller) CommandEnded: {'returncode': 0}
[0.494644] (controller) JobEnded: {'identifier': 'controller', 'rc': 0}
[0.496410] (-) EventReactorShutdown: {}
