[1.621s] Invoking command in '/home/ghost/Desktop/dev_ws/src/controller': PYTHONPATH=/home/ghost/Desktop/dev_ws/install/controller/lib/python3.8/site-packages: /usr/bin/python3 setup.py egg_info --egg-base ../../build/controller build --build-base /home/ghost/Desktop/dev_ws/build/controller/build install --prefix /home/ghost/Desktop/dev_ws/install/controller --record /home/ghost/Desktop/dev_ws/build/controller/install.log --single-version-externally-managed
[3.123s] running egg_info
[3.129s] writing ../../build/controller/controller.egg-info/PKG-INFO
[3.132s] writing dependency_links to ../../build/controller/controller.egg-info/dependency_links.txt
[3.136s] writing entry points to ../../build/controller/controller.egg-info/entry_points.txt
[3.138s] writing requirements to ../../build/controller/controller.egg-info/requires.txt
[3.140s] writing top-level names to ../../build/controller/controller.egg-info/top_level.txt
[3.450s] reading manifest file '../../build/controller/controller.egg-info/SOURCES.txt'
[3.460s] writing manifest file '../../build/controller/controller.egg-info/SOURCES.txt'
[3.461s] running build
[3.461s] running build_py
[3.470s] copying controller/robot.py -> /home/ghost/Desktop/dev_ws/build/controller/build/lib/controller
[3.482s] running install
[3.488s] running install_lib
[3.499s] copying /home/ghost/Desktop/dev_ws/build/controller/build/lib/controller/robot.py -> /home/ghost/Desktop/dev_ws/install/controller/lib/python3.8/site-packages/controller
[3.507s] byte-compiling /home/ghost/Desktop/dev_ws/install/controller/lib/python3.8/site-packages/controller/robot.py to robot.cpython-38.pyc
[3.530s] running install_data
[3.535s] running install_egg_info
[3.545s] removing '/home/ghost/Desktop/dev_ws/install/controller/lib/python3.8/site-packages/controller-0.0.1-py3.8.egg-info' (and everything under it)
[3.581s] Copying ../../build/controller/controller.egg-info to /home/ghost/Desktop/dev_ws/install/controller/lib/python3.8/site-packages/controller-0.0.1-py3.8.egg-info
[3.582s] running install_scripts
[3.685s] Installing controller script to /home/ghost/Desktop/dev_ws/install/controller/lib/controller
[3.689s] writing list of installed files to '/home/ghost/Desktop/dev_ws/build/controller/install.log'
[3.799s] Invoked command in '/home/ghost/Desktop/dev_ws/src/controller' returned '0': PYTHONPATH=/home/ghost/Desktop/dev_ws/install/controller/lib/python3.8/site-packages: /usr/bin/python3 setup.py egg_info --egg-base ../../build/controller build --build-base /home/ghost/Desktop/dev_ws/build/controller/build install --prefix /home/ghost/Desktop/dev_ws/install/controller --record /home/ghost/Desktop/dev_ws/build/controller/install.log --single-version-externally-managed
