[0.298s] Invoking command in '/home/ghost/Desktop/dev_ws/src/controller': PYTHONPATH=/home/ghost/Desktop/dev_ws/install/controller/lib/python3.8/site-packages: /usr/bin/python3 setup.py egg_info --egg-base ../../build/controller build --build-base /home/ghost/Desktop/dev_ws/build/controller/build install --prefix /home/ghost/Desktop/dev_ws/install/controller --record /home/ghost/Desktop/dev_ws/build/controller/install.log --single-version-externally-managed
[0.623s] running egg_info
[0.624s] writing ../../build/controller/controller.egg-info/PKG-INFO
[0.625s] writing dependency_links to ../../build/controller/controller.egg-info/dependency_links.txt
[0.625s] writing entry points to ../../build/controller/controller.egg-info/entry_points.txt
[0.626s] writing requirements to ../../build/controller/controller.egg-info/requires.txt
[0.626s] writing top-level names to ../../build/controller/controller.egg-info/top_level.txt
[0.682s] reading manifest file '../../build/controller/controller.egg-info/SOURCES.txt'
[0.683s] writing manifest file '../../build/controller/controller.egg-info/SOURCES.txt'
[0.684s] running build
[0.684s] running build_py
[0.685s] copying controller/robot.py -> /home/ghost/Desktop/dev_ws/build/controller/build/lib/controller
[0.686s] running install
[0.688s] running install_lib
[0.689s] copying /home/ghost/Desktop/dev_ws/build/controller/build/lib/controller/robot.py -> /home/ghost/Desktop/dev_ws/install/controller/lib/python3.8/site-packages/controller
[0.691s] byte-compiling /home/ghost/Desktop/dev_ws/install/controller/lib/python3.8/site-packages/controller/robot.py to robot.cpython-38.pyc
[0.693s] running install_data
[0.694s] running install_egg_info
[0.696s] removing '/home/ghost/Desktop/dev_ws/install/controller/lib/python3.8/site-packages/controller-0.0.1-py3.8.egg-info' (and everything under it)
[0.697s] Copying ../../build/controller/controller.egg-info to /home/ghost/Desktop/dev_ws/install/controller/lib/python3.8/site-packages/controller-0.0.1-py3.8.egg-info
[0.699s] running install_scripts
[0.734s] Installing controller script to /home/ghost/Desktop/dev_ws/install/controller/lib/controller
[0.736s] writing list of installed files to '/home/ghost/Desktop/dev_ws/build/controller/install.log'
[0.762s] Invoked command in '/home/ghost/Desktop/dev_ws/src/controller' returned '0': PYTHONPATH=/home/ghost/Desktop/dev_ws/install/controller/lib/python3.8/site-packages: /usr/bin/python3 setup.py egg_info --egg-base ../../build/controller build --build-base /home/ghost/Desktop/dev_ws/build/controller/build install --prefix /home/ghost/Desktop/dev_ws/install/controller --record /home/ghost/Desktop/dev_ws/build/controller/install.log --single-version-externally-managed
