[0.000000] (-) TimerEvent: {}
[0.000228] (-) JobUnselected: {'identifier': 'robot_communication_interfaces'}
[0.000270] (controller) JobQueued: {'identifier': 'controller', 'dependencies': OrderedDict()}
[0.000289] (controller) JobStarted: {'identifier': 'controller'}
[0.098432] (-) TimerEvent: {}
[0.149536] (controller) Command: {'cmd': ['/usr/bin/python3', 'setup.py', 'egg_info', '--egg-base', '../../build/controller', 'build', '--build-base', '/home/ghost/Desktop/dev_ws/build/controller/build', 'install', '--prefix', '/home/ghost/Desktop/dev_ws/install/controller', '--record', '/home/ghost/Desktop/dev_ws/build/controller/install.log', '--single-version-externally-managed'], 'cwd': '/home/ghost/Desktop/dev_ws/src/controller', 'env': {'SUDO_GID': '1000', 'MAIL': '/var/mail/root', 'LANGUAGE': 'en_IN:en', 'USER': 'root', 'HOME': '/root', 'COLORTERM': 'truecolor', 'SUDO_UID': '1000', 'LOGNAME': 'root', 'TERM': 'xterm-256color', 'PATH': '/usr/local/sbin:/usr/local/bin:/usr/sbin:/usr/bin:/sbin:/bin:/snap/bin', 'DISPLAY': ':0', 'LANG': 'en_US.UTF-8', 'XAUTHORITY': '/run/user/1000/gdm/Xauthority', 'SUDO_COMMAND': '/usr/bin/colcon build --packages-select controller', 'SHELL': '/bin/bash', 'SUDO_USER': 'ghost', 'LC_ALL': 'en_US.UTF-8', 'PWD': '/home/ghost/Desktop/dev_ws/build/controller', 'COLCON': '1', 'PYTHONPATH': '/home/ghost/Desktop/dev_ws/install/controller/lib/python3.8/site-packages:'}, 'shell': False}
[0.198598] (-) TimerEvent: {}
[0.267623] (controller) StdoutLine: {'line': b'running egg_info\n'}
[0.268011] (controller) StdoutLine: {'line': b'writing ../../build/controller/controller.egg-info/PKG-INFO\n'}
[0.268127] (controller) StdoutLine: {'line': b'writing dependency_links to ../../build/controller/controller.egg-info/dependency_links.txt\n'}
[0.268462] (controller) StdoutLine: {'line': b'writing entry points to ../../build/controller/controller.egg-info/entry_points.txt\n'}
[0.268568] (controller) StdoutLine: {'line': b'writing requirements to ../../build/controller/controller.egg-info/requires.txt\n'}
[0.268619] (controller) StdoutLine: {'line': b'writing top-level names to ../../build/controller/controller.egg-info/top_level.txt\n'}
[0.294256] (controller) StdoutLine: {'line': b"reading manifest file '../../build/controller/controller.egg-info/SOURCES.txt'\n"}
[0.294730] (controller) StdoutLine: {'line': b"writing manifest file '../../build/controller/controller.egg-info/SOURCES.txt'\n"}
[0.294861] (controller) StdoutLine: {'line': b'running build\n'}
[0.294914] (controller) StdoutLine: {'line': b'running build_py\n'}
[0.295258] (controller) StdoutLine: {'line': b'copying controller/coco.py -> /home/ghost/Desktop/dev_ws/build/controller/build/lib/controller\n'}
[0.296188] (controller) StdoutLine: {'line': b'running install\n'}
[0.296755] (controller) StdoutLine: {'line': b'running install_lib\n'}
[0.297765] (controller) StdoutLine: {'line': b'copying /home/ghost/Desktop/dev_ws/build/controller/build/lib/controller/coco.py -> /home/ghost/Desktop/dev_ws/install/controller/lib/python3.8/site-packages/controller\n'}
[0.298713] (controller) StdoutLine: {'line': b'byte-compiling /home/ghost/Desktop/dev_ws/install/controller/lib/python3.8/site-packages/controller/coco.py to coco.cpython-38.pyc\n'}
[0.298850] (-) TimerEvent: {}
[0.302343] (controller) StdoutLine: {'line': b'running install_data\n'}
[0.302642] (controller) StdoutLine: {'line': b'running install_egg_info\n'}
[0.303660] (controller) StdoutLine: {'line': b"removing '/home/ghost/Desktop/dev_ws/install/controller/lib/python3.8/site-packages/controller-0.0.1-py3.8.egg-info' (and everything under it)\n"}
[0.303828] (controller) StdoutLine: {'line': b'Copying ../../build/controller/controller.egg-info to /home/ghost/Desktop/dev_ws/install/controller/lib/python3.8/site-packages/controller-0.0.1-py3.8.egg-info\n'}
[0.304993] (controller) StdoutLine: {'line': b'running install_scripts\n'}
[0.316681] (controller) StdoutLine: {'line': b'Installing controller script to /home/ghost/Desktop/dev_ws/install/controller/lib/controller\n'}
[0.316867] (controller) StdoutLine: {'line': b"writing list of installed files to '/home/ghost/Desktop/dev_ws/build/controller/install.log'\n"}
[0.330650] (controller) CommandEnded: {'returncode': 0}
[0.340103] (controller) JobEnded: {'identifier': 'controller', 'rc': 0}
[0.340912] (-) EventReactorShutdown: {}
