[0.000000] (-) TimerEvent: {}
[0.002097] (controller) JobQueued: {'identifier': 'controller', 'dependencies': OrderedDict()}
[0.002172] (controller) JobStarted: {'identifier': 'controller'}
[0.087233] (-) TimerEvent: {}
[0.187985] (-) TimerEvent: {}
[0.288411] (-) TimerEvent: {}
[0.312572] (controller) Command: {'cmd': ['/usr/bin/python3', 'setup.py', 'egg_info', '--egg-base', '../../build/controller', 'build', '--build-base', '/home/ghost/Desktop/dev_ws/build/controller/build', 'install', '--prefix', '/home/ghost/Desktop/dev_ws/install/controller', '--record', '/home/ghost/Desktop/dev_ws/build/controller/install.log', '--single-version-externally-managed'], 'cwd': '/home/ghost/Desktop/dev_ws/src/controller', 'env': {'SUDO_GID': '1000', 'MAIL': '/var/mail/root', 'LANGUAGE': 'en_IN:en', 'USER': 'root', 'HOME': '/root', 'COLORTERM': 'truecolor', 'SUDO_UID': '1000', 'LOGNAME': 'root', 'TERM': 'xterm-256color', 'PATH': '/usr/local/sbin:/usr/local/bin:/usr/sbin:/usr/bin:/sbin:/bin:/snap/bin', 'DISPLAY': ':0', 'LANG': 'en_US.UTF-8', 'XAUTHORITY': '/run/user/1000/gdm/Xauthority', 'SUDO_COMMAND': '/usr/bin/colcon build', 'SHELL': '/bin/bash', 'SUDO_USER': 'ghost', 'LC_ALL': 'en_US.UTF-8', 'PWD': '/home/ghost/Desktop/dev_ws/build/controller', 'COLCON': '1', 'PYTHONPATH': '/home/ghost/Desktop/dev_ws/install/controller/lib/python3.8/site-packages:'}, 'shell': False}
[0.388609] (-) TimerEvent: {}
[0.489515] (-) TimerEvent: {}
[0.590325] (-) TimerEvent: {}
[0.611281] (controller) StdoutLine: {'line': b'running egg_info\n'}
[0.611998] (controller) StdoutLine: {'line': b'writing ../../build/controller/controller.egg-info/PKG-INFO\n'}
[0.612339] (controller) StdoutLine: {'line': b'writing dependency_links to ../../build/controller/controller.egg-info/dependency_links.txt\n'}
[0.612609] (controller) StdoutLine: {'line': b'writing entry points to ../../build/controller/controller.egg-info/entry_points.txt\n'}
[0.612815] (controller) StdoutLine: {'line': b'writing requirements to ../../build/controller/controller.egg-info/requires.txt\n'}
[0.613012] (controller) StdoutLine: {'line': b'writing top-level names to ../../build/controller/controller.egg-info/top_level.txt\n'}
[0.668417] (controller) StdoutLine: {'line': b"reading manifest file '../../build/controller/controller.egg-info/SOURCES.txt'\n"}
[0.669827] (controller) StdoutLine: {'line': b"writing manifest file '../../build/controller/controller.egg-info/SOURCES.txt'\n"}
[0.670054] (controller) StdoutLine: {'line': b'running build\n'}
[0.670196] (controller) StdoutLine: {'line': b'running build_py\n'}
[0.670976] (controller) StdoutLine: {'line': b'copying controller/visualizer.py -> /home/ghost/Desktop/dev_ws/build/controller/build/lib/controller\n'}
[0.672246] (controller) StdoutLine: {'line': b'running install\n'}
[0.673779] (controller) StdoutLine: {'line': b'running install_lib\n'}
[0.675696] (controller) StdoutLine: {'line': b'copying /home/ghost/Desktop/dev_ws/build/controller/build/lib/controller/visualizer.py -> /home/ghost/Desktop/dev_ws/install/controller/lib/python3.8/site-packages/controller\n'}
[0.679832] (controller) StdoutLine: {'line': b'byte-compiling /home/ghost/Desktop/dev_ws/install/controller/lib/python3.8/site-packages/controller/visualizer.py to visualizer.cpython-38.pyc\n'}
[0.683022] (controller) StdoutLine: {'line': b'running install_data\n'}
[0.683901] (controller) StdoutLine: {'line': b'running install_egg_info\n'}
[0.686498] (controller) StdoutLine: {'line': b"removing '/home/ghost/Desktop/dev_ws/install/controller/lib/python3.8/site-packages/controller-0.0.1-py3.8.egg-info' (and everything under it)\n"}
[0.686910] (controller) StdoutLine: {'line': b'Copying ../../build/controller/controller.egg-info to /home/ghost/Desktop/dev_ws/install/controller/lib/python3.8/site-packages/controller-0.0.1-py3.8.egg-info\n'}
[0.688301] (controller) StdoutLine: {'line': b'running install_scripts\n'}
[0.690427] (-) TimerEvent: {}
[0.722465] (controller) StdoutLine: {'line': b'Installing controller script to /home/ghost/Desktop/dev_ws/install/controller/lib/controller\n'}
[0.725135] (controller) StdoutLine: {'line': b"writing list of installed files to '/home/ghost/Desktop/dev_ws/build/controller/install.log'\n"}
[0.762222] (controller) CommandEnded: {'returncode': 0}
[0.784321] (controller) JobEnded: {'identifier': 'controller', 'rc': 0}
[0.784907] (-) EventReactorShutdown: {}
