[0.230s] Invoking command in '/home/ghost/Desktop/dev_ws/build/robot_communication_interfaces': CMAKE_PREFIX_PATH=${CMAKE_PREFIX_PATH}:/home/ghost/Desktop/dev_ws/install/controller:/opt/ros/foxy /usr/bin/cmake --build /home/ghost/Desktop/dev_ws/build/robot_communication_interfaces -- -j4 -l4
[0.265s] -- Found ament_cmake: 0.9.9 (/opt/ros/foxy/share/ament_cmake/cmake)
[0.297s] -- Found PythonInterp: /usr/bin/python3 (found suitable version "3.8.10", minimum required is "3") 
[0.297s] -- Using PYTHON_EXECUTABLE: /usr/bin/python3
[0.531s] -- Found rosidl_default_generators: 1.0.1 (/opt/ros/foxy/share/rosidl_default_generators/cmake)
[0.534s] -- Using all available rosidl_typesupport_c: rosidl_typesupport_fastrtps_c;rosidl_typesupport_introspection_c
[0.539s] -- Found rosidl_adapter: 1.2.1 (/opt/ros/foxy/share/rosidl_adapter/cmake)
[0.777s] -- Using all available rosidl_typesupport_cpp: rosidl_typesupport_fastrtps_cpp;rosidl_typesupport_introspection_cpp
[0.835s] -- Found PythonInterp: /usr/bin/python3 (found version "3.8.10") 
[0.978s] -- Found ament_cmake_ros: 0.9.2 (/opt/ros/foxy/share/ament_cmake_ros/cmake)
[1.101s] -- Using all available rosidl_typesupport_c: rosidl_typesupport_fastrtps_c;rosidl_typesupport_introspection_c
[1.109s] -- Using all available rosidl_typesupport_cpp: rosidl_typesupport_fastrtps_cpp;rosidl_typesupport_introspection_cpp
[1.140s] -- Found PythonInterp: /usr/bin/python3 (found suitable version "3.8.10", minimum required is "3.5") 
[1.141s] -- Found python_cmake_module: 0.8.1 (/opt/ros/foxy/share/python_cmake_module/cmake)
[1.169s] -- Using PYTHON_EXECUTABLE: /usr/bin/python3
[1.169s] -- Using PYTHON_INCLUDE_DIRS: /usr/include/python3.8
[1.169s] -- Using PYTHON_LIBRARIES: /usr/lib/x86_64-linux-gnu/libpython3.8.so
[1.187s] -- Found ament_lint_auto: 0.9.6 (/opt/ros/foxy/share/ament_lint_auto/cmake)
[1.198s] -- Added test 'copyright' to check source files copyright and LICENSE
[1.201s] -- Added test 'lint_cmake' to check CMake code style
[1.202s] -- Added test 'xmllint' to check XML markup files
[1.206s] -- Configuring done
[1.245s] -- Generating done
[1.249s] -- Build files have been written to: /home/ghost/Desktop/dev_ws/build/robot_communication_interfaces
[1.281s] [  2%] [34m[1mGenerating C code for ROS interfaces[0m
[1.295s] [  5%] [34m[1mGenerating C++ code for ROS interfaces[0m
[1.773s] [35m[1mScanning dependencies of target robot_communication_interfaces__rosidl_generator_c[0m
[1.800s] [  5%] Built target robot_communication_interfaces__cpp
[1.801s] [  7%] [32mBuilding C object CMakeFiles/robot_communication_interfaces__rosidl_generator_c.dir/rosidl_generator_c/robot_communication_interfaces/srv/detail/communication_service__functions.c.o[0m
[1.801s] [ 10%] [32mBuilding C object CMakeFiles/robot_communication_interfaces__rosidl_generator_c.dir/rosidl_generator_c/robot_communication_interfaces/msg/detail/communication_message__functions.c.o[0m
[1.825s] [ 12%] [34m[1mGenerating C++ type support for eProsima Fast-RTPS[0m
[1.829s] [ 15%] [34m[1mGenerating C++ introspection for ROS interfaces[0m
[1.877s] [ 17%] [34m[1mGenerating C++ type support dispatch for ROS interfaces[0m
[1.886s] [ 20%] [32m[1mLinking C shared library librobot_communication_interfaces__rosidl_generator_c.so[0m
[1.959s] [ 20%] Built target robot_communication_interfaces__rosidl_generator_c
[1.976s] [ 23%] [34m[1mGenerating C introspection for ROS interfaces[0m
[2.457s] [35m[1mScanning dependencies of target robot_communication_interfaces__rosidl_typesupport_cpp[0m
[2.512s] [ 25%] [32mBuilding CXX object CMakeFiles/robot_communication_interfaces__rosidl_typesupport_cpp.dir/rosidl_typesupport_cpp/robot_communication_interfaces/msg/communication_message__type_support.cpp.o[0m
[2.533s] [35m[1mScanning dependencies of target robot_communication_interfaces__rosidl_typesupport_fastrtps_cpp[0m
[2.610s] [ 28%] [32mBuilding CXX object CMakeFiles/robot_communication_interfaces__rosidl_typesupport_fastrtps_cpp.dir/rosidl_typesupport_fastrtps_cpp/robot_communication_interfaces/msg/detail/dds_fastrtps/communication_message__type_support.cpp.o[0m
[2.649s] [35m[1mScanning dependencies of target robot_communication_interfaces__rosidl_typesupport_introspection_c[0m
[2.679s] [ 30%] [32mBuilding C object CMakeFiles/robot_communication_interfaces__rosidl_typesupport_introspection_c.dir/rosidl_typesupport_introspection_c/robot_communication_interfaces/msg/detail/communication_message__type_support.c.o[0m
[2.698s] [35m[1mScanning dependencies of target robot_communication_interfaces__rosidl_typesupport_introspection_cpp[0m
[2.746s] [ 33%] [32mBuilding C object CMakeFiles/robot_communication_interfaces__rosidl_typesupport_introspection_c.dir/rosidl_typesupport_introspection_c/robot_communication_interfaces/srv/detail/communication_service__type_support.c.o[0m
[2.749s] [ 35%] [32mBuilding CXX object CMakeFiles/robot_communication_interfaces__rosidl_typesupport_introspection_cpp.dir/rosidl_typesupport_introspection_cpp/robot_communication_interfaces/msg/detail/communication_message__type_support.cpp.o[0m
[2.837s] [ 38%] [32m[1mLinking C shared library librobot_communication_interfaces__rosidl_typesupport_introspection_c.so[0m
[2.944s] [ 38%] Built target robot_communication_interfaces__rosidl_typesupport_introspection_c
[2.983s] [ 41%] [34m[1mGenerating C type support dispatch for ROS interfaces[0m
[3.147s] [ 43%] [32mBuilding CXX object CMakeFiles/robot_communication_interfaces__rosidl_typesupport_cpp.dir/rosidl_typesupport_cpp/robot_communication_interfaces/srv/communication_service__type_support.cpp.o[0m
[3.565s] [ 46%] [32mBuilding CXX object CMakeFiles/robot_communication_interfaces__rosidl_typesupport_introspection_cpp.dir/rosidl_typesupport_introspection_cpp/robot_communication_interfaces/srv/detail/communication_service__type_support.cpp.o[0m
[3.595s] [ 48%] [32mBuilding CXX object CMakeFiles/robot_communication_interfaces__rosidl_typesupport_fastrtps_cpp.dir/rosidl_typesupport_fastrtps_cpp/robot_communication_interfaces/srv/detail/dds_fastrtps/communication_service__type_support.cpp.o[0m
[3.864s] [ 51%] [32m[1mLinking CXX shared library librobot_communication_interfaces__rosidl_typesupport_cpp.so[0m
[3.909s] [35m[1mScanning dependencies of target robot_communication_interfaces__rosidl_typesupport_c[0m
[3.974s] [ 53%] [32mBuilding CXX object CMakeFiles/robot_communication_interfaces__rosidl_typesupport_c.dir/rosidl_typesupport_c/robot_communication_interfaces/msg/communication_message__type_support.cpp.o[0m
[4.055s] [ 53%] Built target robot_communication_interfaces__rosidl_typesupport_cpp
[4.096s] [ 56%] [32mBuilding CXX object CMakeFiles/robot_communication_interfaces__rosidl_typesupport_c.dir/rosidl_typesupport_c/robot_communication_interfaces/srv/communication_service__type_support.cpp.o[0m
[4.207s] [ 58%] [32m[1mLinking CXX shared library librobot_communication_interfaces__rosidl_typesupport_c.so[0m
[4.296s] [ 58%] Built target robot_communication_interfaces__rosidl_typesupport_c
[4.463s] [ 61%] [32m[1mLinking CXX shared library librobot_communication_interfaces__rosidl_typesupport_introspection_cpp.so[0m
[4.599s] [ 61%] Built target robot_communication_interfaces__rosidl_typesupport_introspection_cpp
[4.677s] [ 64%] [32m[1mLinking CXX shared library librobot_communication_interfaces__rosidl_typesupport_fastrtps_cpp.so[0m
[4.801s] [ 64%] Built target robot_communication_interfaces__rosidl_typesupport_fastrtps_cpp
[4.817s] [ 66%] [34m[1mGenerating C type support for eProsima Fast-RTPS[0m
[5.197s] [35m[1mScanning dependencies of target robot_communication_interfaces__rosidl_typesupport_fastrtps_c[0m
[5.222s] [ 69%] [32mBuilding CXX object CMakeFiles/robot_communication_interfaces__rosidl_typesupport_fastrtps_c.dir/rosidl_typesupport_fastrtps_c/robot_communication_interfaces/msg/detail/communication_message__type_support_c.cpp.o[0m
[5.224s] [ 71%] [32mBuilding CXX object CMakeFiles/robot_communication_interfaces__rosidl_typesupport_fastrtps_c.dir/rosidl_typesupport_fastrtps_c/robot_communication_interfaces/srv/detail/communication_service__type_support_c.cpp.o[0m
[5.704s] [ 74%] [32m[1mLinking CXX shared library librobot_communication_interfaces__rosidl_typesupport_fastrtps_c.so[0m
[5.811s] [ 74%] Built target robot_communication_interfaces__rosidl_typesupport_fastrtps_c
[5.838s] [ 74%] Built target robot_communication_interfaces
[5.865s] [ 76%] [34m[1mGenerating Python code for ROS interfaces[0m
[6.481s] [ 76%] Built target robot_communication_interfaces__py
[6.496s] [35m[1mScanning dependencies of target robot_communication_interfaces__python[0m
[6.519s] [ 79%] [32mBuilding C object CMakeFiles/robot_communication_interfaces__python.dir/rosidl_generator_py/robot_communication_interfaces/srv/_communication_service_s.c.o[0m
[6.526s] [ 82%] [32mBuilding C object CMakeFiles/robot_communication_interfaces__python.dir/rosidl_generator_py/robot_communication_interfaces/msg/_communication_message_s.c.o[0m
[6.699s] [ 84%] [32m[1mLinking C shared library rosidl_generator_py/robot_communication_interfaces/librobot_communication_interfaces__python.so[0m
[6.752s] [ 84%] Built target robot_communication_interfaces__python
[6.768s] [35m[1mScanning dependencies of target robot_communication_interfaces__rosidl_typesupport_c__pyext[0m
[6.769s] [35m[1mScanning dependencies of target robot_communication_interfaces__rosidl_typesupport_fastrtps_c__pyext[0m
[6.772s] [35m[1mScanning dependencies of target robot_communication_interfaces__rosidl_typesupport_introspection_c__pyext[0m
[6.790s] [ 87%] [32mBuilding C object CMakeFiles/robot_communication_interfaces__rosidl_typesupport_c__pyext.dir/rosidl_generator_py/robot_communication_interfaces/_robot_communication_interfaces_s.ep.rosidl_typesupport_c.c.o[0m
[6.795s] [ 89%] [32mBuilding C object CMakeFiles/robot_communication_interfaces__rosidl_typesupport_fastrtps_c__pyext.dir/rosidl_generator_py/robot_communication_interfaces/_robot_communication_interfaces_s.ep.rosidl_typesupport_fastrtps_c.c.o[0m
[6.805s] [ 92%] [32mBuilding C object CMakeFiles/robot_communication_interfaces__rosidl_typesupport_introspection_c__pyext.dir/rosidl_generator_py/robot_communication_interfaces/_robot_communication_interfaces_s.ep.rosidl_typesupport_introspection_c.c.o[0m
[6.928s] [ 94%] [32m[1mLinking C shared library rosidl_generator_py/robot_communication_interfaces/robot_communication_interfaces_s__rosidl_typesupport_c.cpython-38-x86_64-linux-gnu.so[0m
[6.938s] [ 97%] [32m[1mLinking C shared library rosidl_generator_py/robot_communication_interfaces/robot_communication_interfaces_s__rosidl_typesupport_introspection_c.cpython-38-x86_64-linux-gnu.so[0m
[6.965s] [100%] [32m[1mLinking CXX shared library rosidl_generator_py/robot_communication_interfaces/robot_communication_interfaces_s__rosidl_typesupport_fastrtps_c.cpython-38-x86_64-linux-gnu.so[0m
[6.991s] [100%] Built target robot_communication_interfaces__rosidl_typesupport_c__pyext
[6.995s] [100%] Built target robot_communication_interfaces__rosidl_typesupport_introspection_c__pyext
[7.063s] [100%] Built target robot_communication_interfaces__rosidl_typesupport_fastrtps_c__pyext
[7.088s] Invoked command in '/home/ghost/Desktop/dev_ws/build/robot_communication_interfaces' returned '0': CMAKE_PREFIX_PATH=${CMAKE_PREFIX_PATH}:/home/ghost/Desktop/dev_ws/install/controller:/opt/ros/foxy /usr/bin/cmake --build /home/ghost/Desktop/dev_ws/build/robot_communication_interfaces -- -j4 -l4
[7.212s] Invoking command in '/home/ghost/Desktop/dev_ws/build/robot_communication_interfaces': CMAKE_PREFIX_PATH=${CMAKE_PREFIX_PATH}:/home/ghost/Desktop/dev_ws/install/controller:/opt/ros/foxy /usr/bin/cmake --install /home/ghost/Desktop/dev_ws/build/robot_communication_interfaces
[7.224s] -- Install configuration: ""
[7.225s] -- Up-to-date: /home/ghost/Desktop/dev_ws/install/robot_communication_interfaces/share/ament_index/resource_index/rosidl_interfaces/robot_communication_interfaces
[7.225s] -- Up-to-date: /home/ghost/Desktop/dev_ws/install/robot_communication_interfaces/include/robot_communication_interfaces
[7.225s] -- Up-to-date: /home/ghost/Desktop/dev_ws/install/robot_communication_interfaces/include/robot_communication_interfaces/srv
[7.226s] -- Installing: /home/ghost/Desktop/dev_ws/install/robot_communication_interfaces/include/robot_communication_interfaces/srv/communication_service.h
[7.226s] -- Up-to-date: /home/ghost/Desktop/dev_ws/install/robot_communication_interfaces/include/robot_communication_interfaces/srv/detail
[7.226s] -- Installing: /home/ghost/Desktop/dev_ws/install/robot_communication_interfaces/include/robot_communication_interfaces/srv/detail/communication_service__struct.h
[7.226s] -- Installing: /home/ghost/Desktop/dev_ws/install/robot_communication_interfaces/include/robot_communication_interfaces/srv/detail/communication_service__functions.c
[7.226s] -- Installing: /home/ghost/Desktop/dev_ws/install/robot_communication_interfaces/include/robot_communication_interfaces/srv/detail/communication_service__type_support.h
[7.227s] -- Installing: /home/ghost/Desktop/dev_ws/install/robot_communication_interfaces/include/robot_communication_interfaces/srv/detail/communication_service__functions.h
[7.227s] -- Up-to-date: /home/ghost/Desktop/dev_ws/install/robot_communication_interfaces/include/robot_communication_interfaces/msg
[7.227s] -- Up-to-date: /home/ghost/Desktop/dev_ws/install/robot_communication_interfaces/include/robot_communication_interfaces/msg/rosidl_generator_c__visibility_control.h
[7.227s] -- Installing: /home/ghost/Desktop/dev_ws/install/robot_communication_interfaces/include/robot_communication_interfaces/msg/communication_message.h
[7.227s] -- Up-to-date: /home/ghost/Desktop/dev_ws/install/robot_communication_interfaces/include/robot_communication_interfaces/msg/detail
[7.227s] -- Installing: /home/ghost/Desktop/dev_ws/install/robot_communication_interfaces/include/robot_communication_interfaces/msg/detail/communication_message__type_support.h
[7.228s] -- Installing: /home/ghost/Desktop/dev_ws/install/robot_communication_interfaces/include/robot_communication_interfaces/msg/detail/communication_message__functions.h
[7.228s] -- Installing: /home/ghost/Desktop/dev_ws/install/robot_communication_interfaces/include/robot_communication_interfaces/msg/detail/communication_message__struct.h
[7.228s] -- Installing: /home/ghost/Desktop/dev_ws/install/robot_communication_interfaces/include/robot_communication_interfaces/msg/detail/communication_message__functions.c
[7.229s] -- Up-to-date: /home/ghost/Desktop/dev_ws/install/robot_communication_interfaces/share/robot_communication_interfaces/environment/library_path.sh
[7.229s] -- Installing: /home/ghost/Desktop/dev_ws/install/robot_communication_interfaces/share/robot_communication_interfaces/environment/library_path.dsv
[7.229s] -- Installing: /home/ghost/Desktop/dev_ws/install/robot_communication_interfaces/lib/librobot_communication_interfaces__rosidl_generator_c.so
[7.229s] -- Set runtime path of "/home/ghost/Desktop/dev_ws/install/robot_communication_interfaces/lib/librobot_communication_interfaces__rosidl_generator_c.so" to ""
[7.229s] -- Up-to-date: /home/ghost/Desktop/dev_ws/install/robot_communication_interfaces/include/robot_communication_interfaces
[7.229s] -- Up-to-date: /home/ghost/Desktop/dev_ws/install/robot_communication_interfaces/include/robot_communication_interfaces/srv
[7.230s] -- Up-to-date: /home/ghost/Desktop/dev_ws/install/robot_communication_interfaces/include/robot_communication_interfaces/srv/detail
[7.230s] -- Installing: /home/ghost/Desktop/dev_ws/install/robot_communication_interfaces/include/robot_communication_interfaces/srv/detail/communication_service__rosidl_typesupport_fastrtps_c.h
[7.230s] -- Up-to-date: /home/ghost/Desktop/dev_ws/install/robot_communication_interfaces/include/robot_communication_interfaces/msg
[7.230s] -- Up-to-date: /home/ghost/Desktop/dev_ws/install/robot_communication_interfaces/include/robot_communication_interfaces/msg/rosidl_typesupport_fastrtps_c__visibility_control.h
[7.230s] -- Up-to-date: /home/ghost/Desktop/dev_ws/install/robot_communication_interfaces/include/robot_communication_interfaces/msg/detail
[7.230s] -- Installing: /home/ghost/Desktop/dev_ws/install/robot_communication_interfaces/include/robot_communication_interfaces/msg/detail/communication_message__rosidl_typesupport_fastrtps_c.h
[7.231s] -- Installing: /home/ghost/Desktop/dev_ws/install/robot_communication_interfaces/lib/librobot_communication_interfaces__rosidl_typesupport_fastrtps_c.so
[7.231s] -- Set runtime path of "/home/ghost/Desktop/dev_ws/install/robot_communication_interfaces/lib/librobot_communication_interfaces__rosidl_typesupport_fastrtps_c.so" to ""
[7.231s] -- Up-to-date: /home/ghost/Desktop/dev_ws/install/robot_communication_interfaces/include/robot_communication_interfaces
[7.231s] -- Up-to-date: /home/ghost/Desktop/dev_ws/install/robot_communication_interfaces/include/robot_communication_interfaces/srv
[7.231s] -- Up-to-date: /home/ghost/Desktop/dev_ws/install/robot_communication_interfaces/include/robot_communication_interfaces/srv/detail
[7.231s] -- Up-to-date: /home/ghost/Desktop/dev_ws/install/robot_communication_interfaces/include/robot_communication_interfaces/srv/detail/dds_fastrtps
[7.231s] -- Installing: /home/ghost/Desktop/dev_ws/install/robot_communication_interfaces/include/robot_communication_interfaces/srv/detail/communication_service__rosidl_typesupport_fastrtps_cpp.hpp
[7.232s] -- Up-to-date: /home/ghost/Desktop/dev_ws/install/robot_communication_interfaces/include/robot_communication_interfaces/msg
[7.232s] -- Up-to-date: /home/ghost/Desktop/dev_ws/install/robot_communication_interfaces/include/robot_communication_interfaces/msg/detail
[7.232s] -- Up-to-date: /home/ghost/Desktop/dev_ws/install/robot_communication_interfaces/include/robot_communication_interfaces/msg/detail/dds_fastrtps
[7.232s] -- Installing: /home/ghost/Desktop/dev_ws/install/robot_communication_interfaces/include/robot_communication_interfaces/msg/detail/communication_message__rosidl_typesupport_fastrtps_cpp.hpp
[7.232s] -- Up-to-date: /home/ghost/Desktop/dev_ws/install/robot_communication_interfaces/include/robot_communication_interfaces/msg/rosidl_typesupport_fastrtps_cpp__visibility_control.h
[7.232s] -- Installing: /home/ghost/Desktop/dev_ws/install/robot_communication_interfaces/lib/librobot_communication_interfaces__rosidl_typesupport_fastrtps_cpp.so
[7.232s] -- Set runtime path of "/home/ghost/Desktop/dev_ws/install/robot_communication_interfaces/lib/librobot_communication_interfaces__rosidl_typesupport_fastrtps_cpp.so" to ""
[7.233s] -- Up-to-date: /home/ghost/Desktop/dev_ws/install/robot_communication_interfaces/include/robot_communication_interfaces
[7.233s] -- Up-to-date: /home/ghost/Desktop/dev_ws/install/robot_communication_interfaces/include/robot_communication_interfaces/srv
[7.233s] -- Up-to-date: /home/ghost/Desktop/dev_ws/install/robot_communication_interfaces/include/robot_communication_interfaces/srv/detail
[7.233s] -- Installing: /home/ghost/Desktop/dev_ws/install/robot_communication_interfaces/include/robot_communication_interfaces/srv/detail/communication_service__rosidl_typesupport_introspection_c.h
[7.234s] -- Installing: /home/ghost/Desktop/dev_ws/install/robot_communication_interfaces/include/robot_communication_interfaces/srv/detail/communication_service__type_support.c
[7.234s] -- Up-to-date: /home/ghost/Desktop/dev_ws/install/robot_communication_interfaces/include/robot_communication_interfaces/msg
[7.234s] -- Up-to-date: /home/ghost/Desktop/dev_ws/install/robot_communication_interfaces/include/robot_communication_interfaces/msg/detail
[7.234s] -- Installing: /home/ghost/Desktop/dev_ws/install/robot_communication_interfaces/include/robot_communication_interfaces/msg/detail/communication_message__rosidl_typesupport_introspection_c.h
[7.234s] -- Installing: /home/ghost/Desktop/dev_ws/install/robot_communication_interfaces/include/robot_communication_interfaces/msg/detail/communication_message__type_support.c
[7.234s] -- Up-to-date: /home/ghost/Desktop/dev_ws/install/robot_communication_interfaces/include/robot_communication_interfaces/msg/rosidl_typesupport_introspection_c__visibility_control.h
[7.235s] -- Installing: /home/ghost/Desktop/dev_ws/install/robot_communication_interfaces/lib/librobot_communication_interfaces__rosidl_typesupport_introspection_c.so
[7.235s] -- Set runtime path of "/home/ghost/Desktop/dev_ws/install/robot_communication_interfaces/lib/librobot_communication_interfaces__rosidl_typesupport_introspection_c.so" to ""
[7.235s] -- Installing: /home/ghost/Desktop/dev_ws/install/robot_communication_interfaces/lib/librobot_communication_interfaces__rosidl_typesupport_c.so
[7.235s] -- Set runtime path of "/home/ghost/Desktop/dev_ws/install/robot_communication_interfaces/lib/librobot_communication_interfaces__rosidl_typesupport_c.so" to ""
[7.235s] -- Up-to-date: /home/ghost/Desktop/dev_ws/install/robot_communication_interfaces/include/robot_communication_interfaces
[7.235s] -- Up-to-date: /home/ghost/Desktop/dev_ws/install/robot_communication_interfaces/include/robot_communication_interfaces/srv
[7.235s] -- Installing: /home/ghost/Desktop/dev_ws/install/robot_communication_interfaces/include/robot_communication_interfaces/srv/communication_service.hpp
[7.235s] -- Up-to-date: /home/ghost/Desktop/dev_ws/install/robot_communication_interfaces/include/robot_communication_interfaces/srv/detail
[7.236s] -- Installing: /home/ghost/Desktop/dev_ws/install/robot_communication_interfaces/include/robot_communication_interfaces/srv/detail/communication_service__traits.hpp
[7.236s] -- Installing: /home/ghost/Desktop/dev_ws/install/robot_communication_interfaces/include/robot_communication_interfaces/srv/detail/communication_service__struct.hpp
[7.236s] -- Installing: /home/ghost/Desktop/dev_ws/install/robot_communication_interfaces/include/robot_communication_interfaces/srv/detail/communication_service__builder.hpp
[7.236s] -- Up-to-date: /home/ghost/Desktop/dev_ws/install/robot_communication_interfaces/include/robot_communication_interfaces/msg
[7.236s] -- Up-to-date: /home/ghost/Desktop/dev_ws/install/robot_communication_interfaces/include/robot_communication_interfaces/msg/detail
[7.236s] -- Installing: /home/ghost/Desktop/dev_ws/install/robot_communication_interfaces/include/robot_communication_interfaces/msg/detail/communication_message__builder.hpp
[7.236s] -- Installing: /home/ghost/Desktop/dev_ws/install/robot_communication_interfaces/include/robot_communication_interfaces/msg/detail/communication_message__traits.hpp
[7.236s] -- Installing: /home/ghost/Desktop/dev_ws/install/robot_communication_interfaces/include/robot_communication_interfaces/msg/detail/communication_message__struct.hpp
[7.236s] -- Installing: /home/ghost/Desktop/dev_ws/install/robot_communication_interfaces/include/robot_communication_interfaces/msg/communication_message.hpp
[7.236s] -- Up-to-date: /home/ghost/Desktop/dev_ws/install/robot_communication_interfaces/include/robot_communication_interfaces
[7.236s] -- Up-to-date: /home/ghost/Desktop/dev_ws/install/robot_communication_interfaces/include/robot_communication_interfaces/srv
[7.236s] -- Up-to-date: /home/ghost/Desktop/dev_ws/install/robot_communication_interfaces/include/robot_communication_interfaces/srv/detail
[7.237s] -- Installing: /home/ghost/Desktop/dev_ws/install/robot_communication_interfaces/include/robot_communication_interfaces/srv/detail/communication_service__rosidl_typesupport_introspection_cpp.hpp
[7.237s] -- Installing: /home/ghost/Desktop/dev_ws/install/robot_communication_interfaces/include/robot_communication_interfaces/srv/detail/communication_service__type_support.cpp
[7.237s] -- Up-to-date: /home/ghost/Desktop/dev_ws/install/robot_communication_interfaces/include/robot_communication_interfaces/msg
[7.237s] -- Up-to-date: /home/ghost/Desktop/dev_ws/install/robot_communication_interfaces/include/robot_communication_interfaces/msg/detail
[7.237s] -- Installing: /home/ghost/Desktop/dev_ws/install/robot_communication_interfaces/include/robot_communication_interfaces/msg/detail/communication_message__rosidl_typesupport_introspection_cpp.hpp
[7.237s] -- Installing: /home/ghost/Desktop/dev_ws/install/robot_communication_interfaces/include/robot_communication_interfaces/msg/detail/communication_message__type_support.cpp
[7.237s] -- Installing: /home/ghost/Desktop/dev_ws/install/robot_communication_interfaces/lib/librobot_communication_interfaces__rosidl_typesupport_introspection_cpp.so
[7.237s] -- Set runtime path of "/home/ghost/Desktop/dev_ws/install/robot_communication_interfaces/lib/librobot_communication_interfaces__rosidl_typesupport_introspection_cpp.so" to ""
[7.237s] -- Installing: /home/ghost/Desktop/dev_ws/install/robot_communication_interfaces/lib/librobot_communication_interfaces__rosidl_typesupport_cpp.so
[7.237s] -- Set runtime path of "/home/ghost/Desktop/dev_ws/install/robot_communication_interfaces/lib/librobot_communication_interfaces__rosidl_typesupport_cpp.so" to ""
[7.237s] -- Up-to-date: /home/ghost/Desktop/dev_ws/install/robot_communication_interfaces/share/robot_communication_interfaces/environment/pythonpath.sh
[7.237s] -- Installing: /home/ghost/Desktop/dev_ws/install/robot_communication_interfaces/share/robot_communication_interfaces/environment/pythonpath.dsv
[7.238s] -- Installing: /home/ghost/Desktop/dev_ws/install/robot_communication_interfaces/lib/python3.8/site-packages/robot_communication_interfaces/__init__.py
[7.275s] Compiling '/home/ghost/Desktop/dev_ws/install/robot_communication_interfaces/lib/python3.8/site-packages/robot_communication_interfaces/__init__.py'...
[7.280s] -- Up-to-date: /home/ghost/Desktop/dev_ws/install/robot_communication_interfaces/lib/python3.8/site-packages/robot_communication_interfaces/msg
[7.280s] -- Installing: /home/ghost/Desktop/dev_ws/install/robot_communication_interfaces/lib/python3.8/site-packages/robot_communication_interfaces/msg/__init__.py
[7.281s] -- Installing: /home/ghost/Desktop/dev_ws/install/robot_communication_interfaces/lib/python3.8/site-packages/robot_communication_interfaces/msg/_communication_message_s.c
[7.281s] -- Installing: /home/ghost/Desktop/dev_ws/install/robot_communication_interfaces/lib/python3.8/site-packages/robot_communication_interfaces/msg/_communication_message.py
[7.281s] -- Up-to-date: /home/ghost/Desktop/dev_ws/install/robot_communication_interfaces/lib/python3.8/site-packages/robot_communication_interfaces/srv
[7.281s] -- Installing: /home/ghost/Desktop/dev_ws/install/robot_communication_interfaces/lib/python3.8/site-packages/robot_communication_interfaces/srv/__init__.py
[7.281s] -- Installing: /home/ghost/Desktop/dev_ws/install/robot_communication_interfaces/lib/python3.8/site-packages/robot_communication_interfaces/srv/_communication_service.py
[7.281s] -- Installing: /home/ghost/Desktop/dev_ws/install/robot_communication_interfaces/lib/python3.8/site-packages/robot_communication_interfaces/srv/_communication_service_s.c
[7.281s] -- Installing: /home/ghost/Desktop/dev_ws/install/robot_communication_interfaces/lib/python3.8/site-packages/robot_communication_interfaces/robot_communication_interfaces_s__rosidl_typesupport_fastrtps_c.cpython-38-x86_64-linux-gnu.so
[7.282s] -- Set runtime path of "/home/ghost/Desktop/dev_ws/install/robot_communication_interfaces/lib/python3.8/site-packages/robot_communication_interfaces/robot_communication_interfaces_s__rosidl_typesupport_fastrtps_c.cpython-38-x86_64-linux-gnu.so" to ""
[7.282s] -- Installing: /home/ghost/Desktop/dev_ws/install/robot_communication_interfaces/lib/python3.8/site-packages/robot_communication_interfaces/robot_communication_interfaces_s__rosidl_typesupport_introspection_c.cpython-38-x86_64-linux-gnu.so
[7.283s] -- Set runtime path of "/home/ghost/Desktop/dev_ws/install/robot_communication_interfaces/lib/python3.8/site-packages/robot_communication_interfaces/robot_communication_interfaces_s__rosidl_typesupport_introspection_c.cpython-38-x86_64-linux-gnu.so" to ""
[7.284s] -- Installing: /home/ghost/Desktop/dev_ws/install/robot_communication_interfaces/lib/python3.8/site-packages/robot_communication_interfaces/robot_communication_interfaces_s__rosidl_typesupport_c.cpython-38-x86_64-linux-gnu.so
[7.284s] -- Set runtime path of "/home/ghost/Desktop/dev_ws/install/robot_communication_interfaces/lib/python3.8/site-packages/robot_communication_interfaces/robot_communication_interfaces_s__rosidl_typesupport_c.cpython-38-x86_64-linux-gnu.so" to ""
[7.285s] -- Installing: /home/ghost/Desktop/dev_ws/install/robot_communication_interfaces/lib/librobot_communication_interfaces__python.so
[7.285s] -- Set runtime path of "/home/ghost/Desktop/dev_ws/install/robot_communication_interfaces/lib/librobot_communication_interfaces__python.so" to ""
[7.285s] -- Installing: /home/ghost/Desktop/dev_ws/install/robot_communication_interfaces/share/robot_communication_interfaces/msg/CommunicationMessage.idl
[7.286s] -- Up-to-date: /home/ghost/Desktop/dev_ws/install/robot_communication_interfaces/share/robot_communication_interfaces/srv/CommunicationService.idl
[7.286s] -- Installing: /home/ghost/Desktop/dev_ws/install/robot_communication_interfaces/share/robot_communication_interfaces/msg/CommunicationMessage.msg
[7.286s] -- Up-to-date: /home/ghost/Desktop/dev_ws/install/robot_communication_interfaces/share/robot_communication_interfaces/srv/CommunicationService.srv
[7.286s] -- Up-to-date: /home/ghost/Desktop/dev_ws/install/robot_communication_interfaces/share/robot_communication_interfaces/srv/CommunicationService_Request.msg
[7.286s] -- Up-to-date: /home/ghost/Desktop/dev_ws/install/robot_communication_interfaces/share/robot_communication_interfaces/srv/CommunicationService_Response.msg
[7.286s] -- Up-to-date: /home/ghost/Desktop/dev_ws/install/robot_communication_interfaces/share/ament_index/resource_index/package_run_dependencies/robot_communication_interfaces
[7.287s] -- Up-to-date: /home/ghost/Desktop/dev_ws/install/robot_communication_interfaces/share/ament_index/resource_index/parent_prefix_path/robot_communication_interfaces
[7.287s] -- Up-to-date: /home/ghost/Desktop/dev_ws/install/robot_communication_interfaces/share/robot_communication_interfaces/environment/ament_prefix_path.sh
[7.287s] -- Installing: /home/ghost/Desktop/dev_ws/install/robot_communication_interfaces/share/robot_communication_interfaces/environment/ament_prefix_path.dsv
[7.287s] -- Up-to-date: /home/ghost/Desktop/dev_ws/install/robot_communication_interfaces/share/robot_communication_interfaces/environment/path.sh
[7.287s] -- Installing: /home/ghost/Desktop/dev_ws/install/robot_communication_interfaces/share/robot_communication_interfaces/environment/path.dsv
[7.287s] -- Up-to-date: /home/ghost/Desktop/dev_ws/install/robot_communication_interfaces/share/robot_communication_interfaces/local_setup.bash
[7.288s] -- Up-to-date: /home/ghost/Desktop/dev_ws/install/robot_communication_interfaces/share/robot_communication_interfaces/local_setup.sh
[7.288s] -- Up-to-date: /home/ghost/Desktop/dev_ws/install/robot_communication_interfaces/share/robot_communication_interfaces/local_setup.zsh
[7.288s] -- Installing: /home/ghost/Desktop/dev_ws/install/robot_communication_interfaces/share/robot_communication_interfaces/local_setup.dsv
[7.288s] -- Installing: /home/ghost/Desktop/dev_ws/install/robot_communication_interfaces/share/robot_communication_interfaces/package.dsv
[7.289s] -- Up-to-date: /home/ghost/Desktop/dev_ws/install/robot_communication_interfaces/share/ament_index/resource_index/packages/robot_communication_interfaces
[7.289s] -- Up-to-date: /home/ghost/Desktop/dev_ws/install/robot_communication_interfaces/share/robot_communication_interfaces/cmake/robot_communication_interfaces__rosidl_generator_cExport.cmake
[7.289s] -- Installing: /home/ghost/Desktop/dev_ws/install/robot_communication_interfaces/share/robot_communication_interfaces/cmake/robot_communication_interfaces__rosidl_generator_cExport-noconfig.cmake
[7.289s] -- Up-to-date: /home/ghost/Desktop/dev_ws/install/robot_communication_interfaces/share/robot_communication_interfaces/cmake/robot_communication_interfaces__rosidl_typesupport_introspection_cExport.cmake
[7.290s] -- Installing: /home/ghost/Desktop/dev_ws/install/robot_communication_interfaces/share/robot_communication_interfaces/cmake/robot_communication_interfaces__rosidl_typesupport_introspection_cExport-noconfig.cmake
[7.290s] -- Up-to-date: /home/ghost/Desktop/dev_ws/install/robot_communication_interfaces/share/robot_communication_interfaces/cmake/robot_communication_interfaces__rosidl_typesupport_cExport.cmake
[7.290s] -- Installing: /home/ghost/Desktop/dev_ws/install/robot_communication_interfaces/share/robot_communication_interfaces/cmake/robot_communication_interfaces__rosidl_typesupport_cExport-noconfig.cmake
[7.290s] -- Up-to-date: /home/ghost/Desktop/dev_ws/install/robot_communication_interfaces/share/robot_communication_interfaces/cmake/robot_communication_interfaces__rosidl_generator_cppExport.cmake
[7.290s] -- Up-to-date: /home/ghost/Desktop/dev_ws/install/robot_communication_interfaces/share/robot_communication_interfaces/cmake/robot_communication_interfaces__rosidl_typesupport_introspection_cppExport.cmake
[7.290s] -- Installing: /home/ghost/Desktop/dev_ws/install/robot_communication_interfaces/share/robot_communication_interfaces/cmake/robot_communication_interfaces__rosidl_typesupport_introspection_cppExport-noconfig.cmake
[7.290s] -- Up-to-date: /home/ghost/Desktop/dev_ws/install/robot_communication_interfaces/share/robot_communication_interfaces/cmake/robot_communication_interfaces__rosidl_typesupport_cppExport.cmake
[7.290s] -- Installing: /home/ghost/Desktop/dev_ws/install/robot_communication_interfaces/share/robot_communication_interfaces/cmake/robot_communication_interfaces__rosidl_typesupport_cppExport-noconfig.cmake
[7.290s] -- Up-to-date: /home/ghost/Desktop/dev_ws/install/robot_communication_interfaces/share/robot_communication_interfaces/cmake/rosidl_cmake-extras.cmake
[7.290s] -- Up-to-date: /home/ghost/Desktop/dev_ws/install/robot_communication_interfaces/share/robot_communication_interfaces/cmake/ament_cmake_export_dependencies-extras.cmake
[7.291s] -- Up-to-date: /home/ghost/Desktop/dev_ws/install/robot_communication_interfaces/share/robot_communication_interfaces/cmake/ament_cmake_export_libraries-extras.cmake
[7.291s] -- Up-to-date: /home/ghost/Desktop/dev_ws/install/robot_communication_interfaces/share/robot_communication_interfaces/cmake/ament_cmake_export_targets-extras.cmake
[7.291s] -- Up-to-date: /home/ghost/Desktop/dev_ws/install/robot_communication_interfaces/share/robot_communication_interfaces/cmake/ament_cmake_export_include_directories-extras.cmake
[7.291s] -- Up-to-date: /home/ghost/Desktop/dev_ws/install/robot_communication_interfaces/share/robot_communication_interfaces/cmake/rosidl_cmake_export_typesupport_libraries-extras.cmake
[7.291s] -- Up-to-date: /home/ghost/Desktop/dev_ws/install/robot_communication_interfaces/share/robot_communication_interfaces/cmake/rosidl_cmake_export_typesupport_targets-extras.cmake
[7.291s] -- Up-to-date: /home/ghost/Desktop/dev_ws/install/robot_communication_interfaces/share/robot_communication_interfaces/cmake/robot_communication_interfacesConfig.cmake
[7.291s] -- Up-to-date: /home/ghost/Desktop/dev_ws/install/robot_communication_interfaces/share/robot_communication_interfaces/cmake/robot_communication_interfacesConfig-version.cmake
[7.291s] -- Up-to-date: /home/ghost/Desktop/dev_ws/install/robot_communication_interfaces/share/robot_communication_interfaces/package.xml
[7.294s] Invoked command in '/home/ghost/Desktop/dev_ws/build/robot_communication_interfaces' returned '0': CMAKE_PREFIX_PATH=${CMAKE_PREFIX_PATH}:/home/ghost/Desktop/dev_ws/install/controller:/opt/ros/foxy /usr/bin/cmake --install /home/ghost/Desktop/dev_ws/build/robot_communication_interfaces
