[0.000000] (-) TimerEvent: {}
[0.003132] (controller) JobQueued: {'identifier': 'controller', 'dependencies': OrderedDict()}
[0.003184] (controller) JobStarted: {'identifier': 'controller'}
[0.099596] (-) TimerEvent: {}
[0.200434] (-) TimerEvent: {}
[0.300859] (-) TimerEvent: {}
[0.326443] (controller) Command: {'cmd': ['/usr/bin/python3', 'setup.py', 'egg_info', '--egg-base', '../../build/controller', 'build', '--build-base', '/home/ghost/Desktop/dev_ws/build/controller/build', 'install', '--prefix', '/home/ghost/Desktop/dev_ws/install/controller', '--record', '/home/ghost/Desktop/dev_ws/build/controller/install.log', '--single-version-externally-managed'], 'cwd': '/home/ghost/Desktop/dev_ws/src/controller', 'env': {'SUDO_GID': '1000', 'MAIL': '/var/mail/root', 'LANGUAGE': 'en_IN:en', 'USER': 'root', 'HOME': '/root', 'COLORTERM': 'truecolor', 'SUDO_UID': '1000', 'LOGNAME': 'root', 'TERM': 'xterm-256color', 'PATH': '/usr/local/sbin:/usr/local/bin:/usr/sbin:/usr/bin:/sbin:/bin:/snap/bin', 'DISPLAY': ':0', 'LANG': 'en_US.UTF-8', 'XAUTHORITY': '/run/user/1000/gdm/Xauthority', 'SUDO_COMMAND': '/usr/bin/colcon build', 'SHELL': '/bin/bash', 'SUDO_USER': 'ghost', 'LC_ALL': 'en_US.UTF-8', 'PWD': '/home/ghost/Desktop/dev_ws/build/controller', 'COLCON': '1', 'PYTHONPATH': '/home/ghost/Desktop/dev_ws/install/controller/lib/python3.8/site-packages:'}, 'shell': False}
[0.401042] (-) TimerEvent: {}
[0.501551] (-) TimerEvent: {}
[0.590976] (controller) StdoutLine: {'line': b'running egg_info\n'}
[0.591550] (controller) StdoutLine: {'line': b'writing ../../build/controller/controller.egg-info/PKG-INFO\n'}
[0.591948] (controller) StdoutLine: {'line': b'writing dependency_links to ../../build/controller/controller.egg-info/dependency_links.txt\n'}
[0.592177] (controller) StdoutLine: {'line': b'writing entry points to ../../build/controller/controller.egg-info/entry_points.txt\n'}
[0.592340] (controller) StdoutLine: {'line': b'writing requirements to ../../build/controller/controller.egg-info/requires.txt\n'}
[0.592480] (controller) StdoutLine: {'line': b'writing top-level names to ../../build/controller/controller.egg-info/top_level.txt\n'}
[0.601670] (-) TimerEvent: {}
[0.639172] (controller) StdoutLine: {'line': b"reading manifest file '../../build/controller/controller.egg-info/SOURCES.txt'\n"}
[0.640183] (controller) StdoutLine: {'line': b"writing manifest file '../../build/controller/controller.egg-info/SOURCES.txt'\n"}
[0.640532] (controller) StdoutLine: {'line': b'running build\n'}
[0.640645] (controller) StdoutLine: {'line': b'running build_py\n'}
[0.640806] (controller) StdoutLine: {'line': b'copying controller/visualizer.py -> /home/ghost/Desktop/dev_ws/build/controller/build/lib/controller\n'}
[0.641069] (controller) StdoutLine: {'line': b'copying controller/mapper.py -> /home/ghost/Desktop/dev_ws/build/controller/build/lib/controller\n'}
[0.641268] (controller) StdoutLine: {'line': b'copying controller/planner.py -> /home/ghost/Desktop/dev_ws/build/controller/build/lib/controller\n'}
[0.641477] (controller) StdoutLine: {'line': b'copying controller/critical_controller.py -> /home/ghost/Desktop/dev_ws/build/controller/build/lib/controller\n'}
[0.641825] (controller) StdoutLine: {'line': b'running install\n'}
[0.642794] (controller) StdoutLine: {'line': b'running install_lib\n'}
[0.643899] (controller) StdoutLine: {'line': b'copying /home/ghost/Desktop/dev_ws/build/controller/build/lib/controller/visualizer.py -> /home/ghost/Desktop/dev_ws/install/controller/lib/python3.8/site-packages/controller\n'}
[0.644137] (controller) StdoutLine: {'line': b'copying /home/ghost/Desktop/dev_ws/build/controller/build/lib/controller/mapper.py -> /home/ghost/Desktop/dev_ws/install/controller/lib/python3.8/site-packages/controller\n'}
[0.644325] (controller) StdoutLine: {'line': b'copying /home/ghost/Desktop/dev_ws/build/controller/build/lib/controller/planner.py -> /home/ghost/Desktop/dev_ws/install/controller/lib/python3.8/site-packages/controller\n'}
[0.644556] (controller) StdoutLine: {'line': b'copying /home/ghost/Desktop/dev_ws/build/controller/build/lib/controller/critical_controller.py -> /home/ghost/Desktop/dev_ws/install/controller/lib/python3.8/site-packages/controller\n'}
[0.645048] (controller) StdoutLine: {'line': b'byte-compiling /home/ghost/Desktop/dev_ws/install/controller/lib/python3.8/site-packages/controller/visualizer.py to visualizer.cpython-38.pyc\n'}
[0.648019] (controller) StdoutLine: {'line': b'byte-compiling /home/ghost/Desktop/dev_ws/install/controller/lib/python3.8/site-packages/controller/mapper.py to mapper.cpython-38.pyc\n'}
[0.649018] (controller) StdoutLine: {'line': b'byte-compiling /home/ghost/Desktop/dev_ws/install/controller/lib/python3.8/site-packages/controller/planner.py to planner.cpython-38.pyc\n'}
[0.652118] (controller) StdoutLine: {'line': b'byte-compiling /home/ghost/Desktop/dev_ws/install/controller/lib/python3.8/site-packages/controller/critical_controller.py to critical_controller.cpython-38.pyc\n'}
[0.652815] (controller) StdoutLine: {'line': b'running install_data\n'}
[0.653556] (controller) StdoutLine: {'line': b'running install_egg_info\n'}
[0.655800] (controller) StdoutLine: {'line': b"removing '/home/ghost/Desktop/dev_ws/install/controller/lib/python3.8/site-packages/controller-0.0.1-py3.8.egg-info' (and everything under it)\n"}
[0.656179] (controller) StdoutLine: {'line': b'Copying ../../build/controller/controller.egg-info to /home/ghost/Desktop/dev_ws/install/controller/lib/python3.8/site-packages/controller-0.0.1-py3.8.egg-info\n'}
[0.657004] (controller) StdoutLine: {'line': b'running install_scripts\n'}
[0.680348] (controller) StdoutLine: {'line': b'Installing controller script to /home/ghost/Desktop/dev_ws/install/controller/lib/controller\n'}
[0.681050] (controller) StdoutLine: {'line': b"writing list of installed files to '/home/ghost/Desktop/dev_ws/build/controller/install.log'\n"}
[0.701849] (-) TimerEvent: {}
[0.710915] (controller) CommandEnded: {'returncode': 0}
[0.730403] (controller) JobEnded: {'identifier': 'controller', 'rc': 0}
[0.731262] (-) EventReactorShutdown: {}
