[0.438s] Invoking command in '/home/ghost/Desktop/dev_ws/src/controller': PYTHONPATH=/home/ghost/Desktop/dev_ws/install/controller/lib/python3.8/site-packages: /usr/bin/python3 setup.py egg_info --egg-base ../../build/controller build --build-base /home/ghost/Desktop/dev_ws/build/controller/build install --prefix /home/ghost/Desktop/dev_ws/install/controller --record /home/ghost/Desktop/dev_ws/build/controller/install.log --single-version-externally-managed
[0.942s] running egg_info
[0.943s] writing ../../build/controller/controller.egg-info/PKG-INFO
[0.944s] writing dependency_links to ../../build/controller/controller.egg-info/dependency_links.txt
[0.944s] writing entry points to ../../build/controller/controller.egg-info/entry_points.txt
[0.945s] writing requirements to ../../build/controller/controller.egg-info/requires.txt
[0.945s] writing top-level names to ../../build/controller/controller.egg-info/top_level.txt
[1.045s] reading manifest file '../../build/controller/controller.egg-info/SOURCES.txt'
[1.048s] writing manifest file '../../build/controller/controller.egg-info/SOURCES.txt'
[1.048s] running build
[1.048s] running build_py
[1.051s] copying controller/coordination.py -> /home/ghost/Desktop/dev_ws/build/controller/build/lib/controller
[1.052s] running install
[1.054s] running install_lib
[1.058s] copying /home/ghost/Desktop/dev_ws/build/controller/build/lib/controller/coordination.py -> /home/ghost/Desktop/dev_ws/install/controller/lib/python3.8/site-packages/controller
[1.060s] byte-compiling /home/ghost/Desktop/dev_ws/install/controller/lib/python3.8/site-packages/controller/coordination.py to coordination.cpython-38.pyc
[1.066s] running install_data
[1.067s] running install_egg_info
[1.071s] removing '/home/ghost/Desktop/dev_ws/install/controller/lib/python3.8/site-packages/controller-0.0.1-py3.8.egg-info' (and everything under it)
[1.072s] Copying ../../build/controller/controller.egg-info to /home/ghost/Desktop/dev_ws/install/controller/lib/python3.8/site-packages/controller-0.0.1-py3.8.egg-info
[1.075s] running install_scripts
[1.120s] Installing controller script to /home/ghost/Desktop/dev_ws/install/controller/lib/controller
[1.122s] writing list of installed files to '/home/ghost/Desktop/dev_ws/build/controller/install.log'
[1.166s] Invoked command in '/home/ghost/Desktop/dev_ws/src/controller' returned '0': PYTHONPATH=/home/ghost/Desktop/dev_ws/install/controller/lib/python3.8/site-packages: /usr/bin/python3 setup.py egg_info --egg-base ../../build/controller build --build-base /home/ghost/Desktop/dev_ws/build/controller/build install --prefix /home/ghost/Desktop/dev_ws/install/controller --record /home/ghost/Desktop/dev_ws/build/controller/install.log --single-version-externally-managed
