[0.000000] (-) TimerEvent: {}
[0.004057] (-) JobUnselected: {'identifier': 'robot_communication_interfaces'}
[0.004160] (controller) JobQueued: {'identifier': 'controller', 'dependencies': OrderedDict()}
[0.004223] (controller) JobStarted: {'identifier': 'controller'}
[0.100057] (-) TimerEvent: {}
[0.201019] (-) TimerEvent: {}
[0.301376] (-) TimerEvent: {}
[0.388901] (controller) Command: {'cmd': ['/usr/bin/python3', 'setup.py', 'egg_info', '--egg-base', '../../build/controller', 'build', '--build-base', '/home/ghost/Desktop/dev_ws/build/controller/build', 'install', '--prefix', '/home/ghost/Desktop/dev_ws/install/controller', '--record', '/home/ghost/Desktop/dev_ws/build/controller/install.log', '--single-version-externally-managed'], 'cwd': '/home/ghost/Desktop/dev_ws/src/controller', 'env': {'SUDO_GID': '1000', 'MAIL': '/var/mail/root', 'LANGUAGE': 'en_IN:en', 'USER': 'root', 'HOME': '/root', 'COLORTERM': 'truecolor', 'SUDO_UID': '1000', 'LOGNAME': 'root', 'TERM': 'xterm-256color', 'PATH': '/usr/local/sbin:/usr/local/bin:/usr/sbin:/usr/bin:/sbin:/bin:/snap/bin', 'DISPLAY': ':0', 'LANG': 'en_US.UTF-8', 'XAUTHORITY': '/run/user/1000/gdm/Xauthority', 'SUDO_COMMAND': '/usr/bin/colcon build --packages-select controller', 'SHELL': '/bin/bash', 'SUDO_USER': 'ghost', 'LC_ALL': 'en_US.UTF-8', 'PWD': '/home/ghost/Desktop/dev_ws/build/controller', 'COLCON': '1', 'PYTHONPATH': '/home/ghost/Desktop/dev_ws/install/controller/lib/python3.8/site-packages:'}, 'shell': False}
[0.401650] (-) TimerEvent: {}
[0.504651] (-) TimerEvent: {}
[0.605136] (-) TimerEvent: {}
[0.706071] (-) TimerEvent: {}
[0.806790] (-) TimerEvent: {}
[0.907284] (-) TimerEvent: {}
[0.920126] (controller) StdoutLine: {'line': b'running egg_info\n'}
[0.921421] (controller) StdoutLine: {'line': b'writing ../../build/controller/controller.egg-info/PKG-INFO\n'}
[0.922059] (controller) StdoutLine: {'line': b'writing dependency_links to ../../build/controller/controller.egg-info/dependency_links.txt\n'}
[0.922785] (controller) StdoutLine: {'line': b'writing entry points to ../../build/controller/controller.egg-info/entry_points.txt\n'}
[0.923336] (controller) StdoutLine: {'line': b'writing requirements to ../../build/controller/controller.egg-info/requires.txt\n'}
[0.923762] (controller) StdoutLine: {'line': b'writing top-level names to ../../build/controller/controller.egg-info/top_level.txt\n'}
[1.007381] (-) TimerEvent: {}
[1.031361] (controller) StdoutLine: {'line': b"reading manifest file '../../build/controller/controller.egg-info/SOURCES.txt'\n"}
[1.034575] (controller) StdoutLine: {'line': b"writing manifest file '../../build/controller/controller.egg-info/SOURCES.txt'\n"}
[1.035243] (controller) StdoutLine: {'line': b'running build\n'}
[1.035465] (controller) StdoutLine: {'line': b'running build_py\n'}
[1.036456] (controller) StdoutLine: {'line': b'copying controller/coco.py -> /home/ghost/Desktop/dev_ws/build/controller/build/lib/controller\n'}
[1.039485] (controller) StdoutLine: {'line': b'running install\n'}
[1.041489] (controller) StdoutLine: {'line': b'running install_lib\n'}
[1.043981] (controller) StdoutLine: {'line': b'copying /home/ghost/Desktop/dev_ws/build/controller/build/lib/controller/coco.py -> /home/ghost/Desktop/dev_ws/install/controller/lib/python3.8/site-packages/controller\n'}
[1.046691] (controller) StdoutLine: {'line': b'byte-compiling /home/ghost/Desktop/dev_ws/install/controller/lib/python3.8/site-packages/controller/coco.py to coco.cpython-38.pyc\n'}
[1.054249] (controller) StdoutLine: {'line': b'running install_data\n'}
[1.055237] (controller) StdoutLine: {'line': b'running install_egg_info\n'}
[1.058772] (controller) StdoutLine: {'line': b"removing '/home/ghost/Desktop/dev_ws/install/controller/lib/python3.8/site-packages/controller-0.0.1-py3.8.egg-info' (and everything under it)\n"}
[1.059516] (controller) StdoutLine: {'line': b'Copying ../../build/controller/controller.egg-info to /home/ghost/Desktop/dev_ws/install/controller/lib/python3.8/site-packages/controller-0.0.1-py3.8.egg-info\n'}
[1.061751] (controller) StdoutLine: {'line': b'running install_scripts\n'}
[1.107711] (-) TimerEvent: {}
[1.108431] (controller) StdoutLine: {'line': b'Installing controller script to /home/ghost/Desktop/dev_ws/install/controller/lib/controller\n'}
[1.110648] (controller) StdoutLine: {'line': b"writing list of installed files to '/home/ghost/Desktop/dev_ws/build/controller/install.log'\n"}
[1.186150] (controller) CommandEnded: {'returncode': 0}
[1.208079] (-) TimerEvent: {}
[1.225210] (controller) JobEnded: {'identifier': 'controller', 'rc': 0}
[1.227266] (-) EventReactorShutdown: {}
