[0.247s] Invoking command in '/home/ghost/Desktop/dev_ws/src/controller': PYTHONPATH=/home/ghost/Desktop/dev_ws/install/controller/lib/python3.8/site-packages: /usr/bin/python3 setup.py egg_info --egg-base ../../build/controller build --build-base /home/ghost/Desktop/dev_ws/build/controller/build install --prefix /home/ghost/Desktop/dev_ws/install/controller --record /home/ghost/Desktop/dev_ws/build/controller/install.log --single-version-externally-managed
[0.435s] running egg_info
[0.435s] writing ../../build/controller/controller.egg-info/PKG-INFO
[0.436s] writing dependency_links to ../../build/controller/controller.egg-info/dependency_links.txt
[0.436s] writing entry points to ../../build/controller/controller.egg-info/entry_points.txt
[0.436s] writing requirements to ../../build/controller/controller.egg-info/requires.txt
[0.437s] writing top-level names to ../../build/controller/controller.egg-info/top_level.txt
[0.468s] reading manifest file '../../build/controller/controller.egg-info/SOURCES.txt'
[0.469s] writing manifest file '../../build/controller/controller.egg-info/SOURCES.txt'
[0.470s] running build
[0.470s] running build_py
[0.470s] copying controller/global_communicator.py -> /home/ghost/Desktop/dev_ws/build/controller/build/lib/controller
[0.471s] running install
[0.472s] running install_lib
[0.473s] copying /home/ghost/Desktop/dev_ws/build/controller/build/lib/controller/global_communicator.py -> /home/ghost/Desktop/dev_ws/install/controller/lib/python3.8/site-packages/controller
[0.474s] byte-compiling /home/ghost/Desktop/dev_ws/install/controller/lib/python3.8/site-packages/controller/global_communicator.py to global_communicator.cpython-38.pyc
[0.477s] running install_data
[0.477s] running install_egg_info
[0.479s] removing '/home/ghost/Desktop/dev_ws/install/controller/lib/python3.8/site-packages/controller-0.0.1-py3.8.egg-info' (and everything under it)
[0.480s] Copying ../../build/controller/controller.egg-info to /home/ghost/Desktop/dev_ws/install/controller/lib/python3.8/site-packages/controller-0.0.1-py3.8.egg-info
[0.480s] running install_scripts
[0.496s] Installing controller script to /home/ghost/Desktop/dev_ws/install/controller/lib/controller
[0.497s] writing list of installed files to '/home/ghost/Desktop/dev_ws/build/controller/install.log'
[0.517s] Invoked command in '/home/ghost/Desktop/dev_ws/src/controller' returned '0': PYTHONPATH=/home/ghost/Desktop/dev_ws/install/controller/lib/python3.8/site-packages: /usr/bin/python3 setup.py egg_info --egg-base ../../build/controller build --build-base /home/ghost/Desktop/dev_ws/build/controller/build install --prefix /home/ghost/Desktop/dev_ws/install/controller --record /home/ghost/Desktop/dev_ws/build/controller/install.log --single-version-externally-managed
