[0.000000] (-) TimerEvent: {}
[0.000285] (controller) JobQueued: {'identifier': 'controller', 'dependencies': OrderedDict()}
[0.000368] (controller) JobStarted: {'identifier': 'controller'}
[0.098279] (-) TimerEvent: {}
[0.198890] (-) TimerEvent: {}
[0.299385] (-) TimerEvent: {}
[0.331993] (controller) Command: {'cmd': ['/usr/bin/python3', 'setup.py', 'egg_info', '--egg-base', '../../build/controller', 'build', '--build-base', '/home/ghost/Desktop/dev_ws/build/controller/build', 'install', '--prefix', '/home/ghost/Desktop/dev_ws/install/controller', '--record', '/home/ghost/Desktop/dev_ws/build/controller/install.log', '--single-version-externally-managed'], 'cwd': '/home/ghost/Desktop/dev_ws/src/controller', 'env': {'SUDO_GID': '1000', 'MAIL': '/var/mail/root', 'LANGUAGE': 'en_IN:en', 'USER': 'root', 'HOME': '/root', 'COLORTERM': 'truecolor', 'SUDO_UID': '1000', 'LOGNAME': 'root', 'TERM': 'xterm-256color', 'PATH': '/usr/local/sbin:/usr/local/bin:/usr/sbin:/usr/bin:/sbin:/bin:/snap/bin', 'DISPLAY': ':0', 'LANG': 'en_US.UTF-8', 'XAUTHORITY': '/run/user/1000/gdm/Xauthority', 'SUDO_COMMAND': '/usr/bin/colcon build', 'SHELL': '/bin/bash', 'SUDO_USER': 'ghost', 'LC_ALL': 'en_US.UTF-8', 'PWD': '/home/ghost/Desktop/dev_ws/build/controller', 'COLCON': '1', 'PYTHONPATH': '/home/ghost/Desktop/dev_ws/install/controller/lib/python3.8/site-packages:'}, 'shell': False}
[0.401175] (-) TimerEvent: {}
[0.501676] (-) TimerEvent: {}
[0.605205] (-) TimerEvent: {}
[0.635275] (controller) StdoutLine: {'line': b'running egg_info\n'}
[0.635940] (controller) StdoutLine: {'line': b'writing ../../build/controller/controller.egg-info/PKG-INFO\n'}
[0.636530] (controller) StdoutLine: {'line': b'writing dependency_links to ../../build/controller/controller.egg-info/dependency_links.txt\n'}
[0.637010] (controller) StdoutLine: {'line': b'writing entry points to ../../build/controller/controller.egg-info/entry_points.txt\n'}
[0.637736] (controller) StdoutLine: {'line': b'writing requirements to ../../build/controller/controller.egg-info/requires.txt\n'}
[0.637935] (controller) StdoutLine: {'line': b'writing top-level names to ../../build/controller/controller.egg-info/top_level.txt\n'}
[0.698272] (controller) StdoutLine: {'line': b"reading manifest file '../../build/controller/controller.egg-info/SOURCES.txt'\n"}
[0.699472] (controller) StdoutLine: {'line': b"writing manifest file '../../build/controller/controller.egg-info/SOURCES.txt'\n"}
[0.699822] (controller) StdoutLine: {'line': b'running build\n'}
[0.699963] (controller) StdoutLine: {'line': b'running build_py\n'}
[0.700956] (controller) StdoutLine: {'line': b'copying controller/structures.py -> /home/ghost/Desktop/dev_ws/build/controller/build/lib/controller\n'}
[0.701856] (controller) StdoutLine: {'line': b'running install\n'}
[0.703043] (controller) StdoutLine: {'line': b'running install_lib\n'}
[0.704992] (controller) StdoutLine: {'line': b'copying /home/ghost/Desktop/dev_ws/build/controller/build/lib/controller/structures.py -> /home/ghost/Desktop/dev_ws/install/controller/lib/python3.8/site-packages/controller\n'}
[0.705242] (-) TimerEvent: {}
[0.706918] (controller) StdoutLine: {'line': b'byte-compiling /home/ghost/Desktop/dev_ws/install/controller/lib/python3.8/site-packages/controller/structures.py to structures.cpython-38.pyc\n'}
[0.712357] (controller) StdoutLine: {'line': b'running install_data\n'}
[0.712984] (controller) StdoutLine: {'line': b'running install_egg_info\n'}
[0.715333] (controller) StdoutLine: {'line': b"removing '/home/ghost/Desktop/dev_ws/install/controller/lib/python3.8/site-packages/controller-0.0.1-py3.8.egg-info' (and everything under it)\n"}
[0.715931] (controller) StdoutLine: {'line': b'Copying ../../build/controller/controller.egg-info to /home/ghost/Desktop/dev_ws/install/controller/lib/python3.8/site-packages/controller-0.0.1-py3.8.egg-info\n'}
[0.717575] (controller) StdoutLine: {'line': b'running install_scripts\n'}
[0.744470] (controller) StdoutLine: {'line': b'Installing controller script to /home/ghost/Desktop/dev_ws/install/controller/lib/controller\n'}
[0.745363] (controller) StdoutLine: {'line': b"writing list of installed files to '/home/ghost/Desktop/dev_ws/build/controller/install.log'\n"}
[0.775695] (controller) CommandEnded: {'returncode': 0}
[0.797133] (controller) JobEnded: {'identifier': 'controller', 'rc': 0}
[0.797824] (-) EventReactorShutdown: {}
