[0.518s] Invoking command in '/home/ghost/Desktop/dev_ws/src/controller': PYTHONPATH=/home/ghost/Desktop/dev_ws/install/controller/lib/python3.8/site-packages: /usr/bin/python3 setup.py egg_info --egg-base ../../build/controller build --build-base /home/ghost/Desktop/dev_ws/build/controller/build install --prefix /home/ghost/Desktop/dev_ws/install/controller --record /home/ghost/Desktop/dev_ws/build/controller/install.log --single-version-externally-managed
[1.331s] running egg_info
[1.335s] writing ../../build/controller/controller.egg-info/PKG-INFO
[1.337s] writing dependency_links to ../../build/controller/controller.egg-info/dependency_links.txt
[1.339s] writing entry points to ../../build/controller/controller.egg-info/entry_points.txt
[1.341s] writing requirements to ../../build/controller/controller.egg-info/requires.txt
[1.342s] writing top-level names to ../../build/controller/controller.egg-info/top_level.txt
[1.440s] reading manifest file '../../build/controller/controller.egg-info/SOURCES.txt'
[1.443s] writing manifest file '../../build/controller/controller.egg-info/SOURCES.txt'
[1.443s] running build
[1.443s] running build_py
[1.444s] copying controller/coco.py -> /home/ghost/Desktop/dev_ws/build/controller/build/lib/controller
[1.446s] running install
[1.447s] running install_lib
[1.449s] copying /home/ghost/Desktop/dev_ws/build/controller/build/lib/controller/coco.py -> /home/ghost/Desktop/dev_ws/install/controller/lib/python3.8/site-packages/controller
[1.450s] byte-compiling /home/ghost/Desktop/dev_ws/install/controller/lib/python3.8/site-packages/controller/coco.py to coco.cpython-38.pyc
[1.454s] running install_data
[1.455s] running install_egg_info
[1.459s] removing '/home/ghost/Desktop/dev_ws/install/controller/lib/python3.8/site-packages/controller-0.0.1-py3.8.egg-info' (and everything under it)
[1.461s] Copying ../../build/controller/controller.egg-info to /home/ghost/Desktop/dev_ws/install/controller/lib/python3.8/site-packages/controller-0.0.1-py3.8.egg-info
[1.467s] running install_scripts
[1.592s] Installing controller script to /home/ghost/Desktop/dev_ws/install/controller/lib/controller
[1.598s] writing list of installed files to '/home/ghost/Desktop/dev_ws/build/controller/install.log'
[1.717s] Invoked command in '/home/ghost/Desktop/dev_ws/src/controller' returned '0': PYTHONPATH=/home/ghost/Desktop/dev_ws/install/controller/lib/python3.8/site-packages: /usr/bin/python3 setup.py egg_info --egg-base ../../build/controller build --build-base /home/ghost/Desktop/dev_ws/build/controller/build install --prefix /home/ghost/Desktop/dev_ws/install/controller --record /home/ghost/Desktop/dev_ws/build/controller/install.log --single-version-externally-managed
