[0.200s] Invoking command in '/home/ghost/Desktop/dev_ws/build/robot_communication_interfaces': CMAKE_PREFIX_PATH=${CMAKE_PREFIX_PATH}:/home/ghost/Desktop/dev_ws/install/controller:/opt/ros/foxy /usr/bin/cmake --build /home/ghost/Desktop/dev_ws/build/robot_communication_interfaces -- -j4 -l4
[0.232s] -- Found ament_cmake: 0.9.9 (/opt/ros/foxy/share/ament_cmake/cmake)
[0.257s] -- Using PYTHON_EXECUTABLE: /usr/bin/python3
[0.418s] -- Found rosidl_default_generators: 1.0.1 (/opt/ros/foxy/share/rosidl_default_generators/cmake)
[0.420s] -- Using all available rosidl_typesupport_c: rosidl_typesupport_fastrtps_c;rosidl_typesupport_introspection_c
[0.425s] -- Found rosidl_adapter: 1.2.1 (/opt/ros/foxy/share/rosidl_adapter/cmake)
[0.566s] -- Using all available rosidl_typesupport_cpp: rosidl_typesupport_fastrtps_cpp;rosidl_typesupport_introspection_cpp
[0.605s] -- Found PythonInterp: /usr/bin/python3 (found version "3.8.10") 
[0.705s] -- Found ament_cmake_ros: 0.9.2 (/opt/ros/foxy/share/ament_cmake_ros/cmake)
[0.797s] -- Using all available rosidl_typesupport_c: rosidl_typesupport_fastrtps_c;rosidl_typesupport_introspection_c
[0.804s] -- Using all available rosidl_typesupport_cpp: rosidl_typesupport_fastrtps_cpp;rosidl_typesupport_introspection_cpp
[0.826s] -- Found PythonInterp: /usr/bin/python3 (found suitable version "3.8.10", minimum required is "3.5") 
[0.827s] -- Found python_cmake_module: 0.8.1 (/opt/ros/foxy/share/python_cmake_module/cmake)
[0.849s] -- Using PYTHON_EXECUTABLE: /usr/bin/python3
[0.849s] -- Using PYTHON_INCLUDE_DIRS: /usr/include/python3.8
[0.849s] -- Using PYTHON_LIBRARIES: /usr/lib/x86_64-linux-gnu/libpython3.8.so
[0.861s] -- Found ament_lint_auto: 0.9.6 (/opt/ros/foxy/share/ament_lint_auto/cmake)
[0.869s] -- Added test 'copyright' to check source files copyright and LICENSE
[0.871s] -- Added test 'lint_cmake' to check CMake code style
[0.874s] -- Added test 'xmllint' to check XML markup files
[0.877s] -- Configuring done
[0.908s] -- Generating done
[0.912s] -- Build files have been written to: /home/ghost/Desktop/dev_ws/build/robot_communication_interfaces
[0.940s] [  2%] [34m[1mGenerating C code for ROS interfaces[0m
[0.951s] [  5%] [34m[1mGenerating C++ code for ROS interfaces[0m
[1.206s] [35m[1mScanning dependencies of target robot_communication_interfaces__rosidl_generator_c[0m
[1.218s] [ 10%] [32mBuilding C object CMakeFiles/robot_communication_interfaces__rosidl_generator_c.dir/rosidl_generator_c/robot_communication_interfaces/srv/detail/communication_service__functions.c.o[0m
[1.218s] [ 10%] [32mBuilding C object CMakeFiles/robot_communication_interfaces__rosidl_generator_c.dir/rosidl_generator_c/robot_communication_interfaces/msg/detail/communication_message__functions.c.o[0m
[1.221s] [ 10%] Built target robot_communication_interfaces__cpp
[1.232s] [ 12%] [34m[1mGenerating C++ type support for eProsima Fast-RTPS[0m
[1.240s] [ 15%] [34m[1mGenerating C++ introspection for ROS interfaces[0m
[1.257s] [ 17%] [34m[1mGenerating C++ type support dispatch for ROS interfaces[0m
[1.261s] [ 20%] [32m[1mLinking C shared library librobot_communication_interfaces__rosidl_generator_c.so[0m
[1.308s] [ 20%] Built target robot_communication_interfaces__rosidl_generator_c
[1.319s] [ 23%] [34m[1mGenerating C introspection for ROS interfaces[0m
[1.491s] [35m[1mScanning dependencies of target robot_communication_interfaces__rosidl_typesupport_cpp[0m
[1.493s] [35m[1mScanning dependencies of target robot_communication_interfaces__rosidl_typesupport_introspection_cpp[0m
[1.506s] [ 25%] [32mBuilding CXX object CMakeFiles/robot_communication_interfaces__rosidl_typesupport_cpp.dir/rosidl_typesupport_cpp/robot_communication_interfaces/msg/communication_message__type_support.cpp.o[0m
[1.512s] [ 28%] [32mBuilding CXX object CMakeFiles/robot_communication_interfaces__rosidl_typesupport_introspection_cpp.dir/rosidl_typesupport_introspection_cpp/robot_communication_interfaces/msg/detail/communication_message__type_support.cpp.o[0m
[1.568s] [35m[1mScanning dependencies of target robot_communication_interfaces__rosidl_typesupport_fastrtps_cpp[0m
[1.588s] [ 30%] [32mBuilding CXX object CMakeFiles/robot_communication_interfaces__rosidl_typesupport_fastrtps_cpp.dir/rosidl_typesupport_fastrtps_cpp/robot_communication_interfaces/msg/detail/dds_fastrtps/communication_message__type_support.cpp.o[0m
[1.602s] [35m[1mScanning dependencies of target robot_communication_interfaces__rosidl_typesupport_introspection_c[0m
[1.618s] [ 33%] [32mBuilding C object CMakeFiles/robot_communication_interfaces__rosidl_typesupport_introspection_c.dir/rosidl_typesupport_introspection_c/robot_communication_interfaces/msg/detail/communication_message__type_support.c.o[0m
[1.656s] [ 35%] [32mBuilding C object CMakeFiles/robot_communication_interfaces__rosidl_typesupport_introspection_c.dir/rosidl_typesupport_introspection_c/robot_communication_interfaces/srv/detail/communication_service__type_support.c.o[0m
[1.697s] [ 38%] [32m[1mLinking C shared library librobot_communication_interfaces__rosidl_typesupport_introspection_c.so[0m
[1.736s] [ 38%] Built target robot_communication_interfaces__rosidl_typesupport_introspection_c
[1.751s] [ 41%] [34m[1mGenerating C type support dispatch for ROS interfaces[0m
[1.761s] [ 43%] [32mBuilding CXX object CMakeFiles/robot_communication_interfaces__rosidl_typesupport_cpp.dir/rosidl_typesupport_cpp/robot_communication_interfaces/srv/communication_service__type_support.cpp.o[0m
[1.899s] [ 46%] [32mBuilding CXX object CMakeFiles/robot_communication_interfaces__rosidl_typesupport_introspection_cpp.dir/rosidl_typesupport_introspection_cpp/robot_communication_interfaces/srv/detail/communication_service__type_support.cpp.o[0m
[2.005s] [35m[1mScanning dependencies of target robot_communication_interfaces__rosidl_typesupport_c[0m
[2.021s] [ 48%] [32mBuilding CXX object CMakeFiles/robot_communication_interfaces__rosidl_typesupport_c.dir/rosidl_typesupport_c/robot_communication_interfaces/msg/communication_message__type_support.cpp.o[0m
[2.064s] [ 51%] [32mBuilding CXX object CMakeFiles/robot_communication_interfaces__rosidl_typesupport_c.dir/rosidl_typesupport_c/robot_communication_interfaces/srv/communication_service__type_support.cpp.o[0m
[2.087s] [ 53%] [32mBuilding CXX object CMakeFiles/robot_communication_interfaces__rosidl_typesupport_fastrtps_cpp.dir/rosidl_typesupport_fastrtps_cpp/robot_communication_interfaces/srv/detail/dds_fastrtps/communication_service__type_support.cpp.o[0m
[2.111s] [ 56%] [32m[1mLinking CXX shared library librobot_communication_interfaces__rosidl_typesupport_c.so[0m
[2.150s] [ 58%] [32m[1mLinking CXX shared library librobot_communication_interfaces__rosidl_typesupport_cpp.so[0m
[2.179s] [ 58%] Built target robot_communication_interfaces__rosidl_typesupport_c
[2.231s] [ 58%] Built target robot_communication_interfaces__rosidl_typesupport_cpp
[2.319s] [ 61%] [32m[1mLinking CXX shared library librobot_communication_interfaces__rosidl_typesupport_introspection_cpp.so[0m
[2.424s] [ 61%] Built target robot_communication_interfaces__rosidl_typesupport_introspection_cpp
[2.716s] [ 64%] [32m[1mLinking CXX shared library librobot_communication_interfaces__rosidl_typesupport_fastrtps_cpp.so[0m
[2.825s] [ 64%] Built target robot_communication_interfaces__rosidl_typesupport_fastrtps_cpp
[2.840s] [ 66%] [34m[1mGenerating C type support for eProsima Fast-RTPS[0m
[3.171s] [35m[1mScanning dependencies of target robot_communication_interfaces__rosidl_typesupport_fastrtps_c[0m
[3.194s] [ 69%] [32mBuilding CXX object CMakeFiles/robot_communication_interfaces__rosidl_typesupport_fastrtps_c.dir/rosidl_typesupport_fastrtps_c/robot_communication_interfaces/srv/detail/communication_service__type_support_c.cpp.o[0m
[3.196s] [ 71%] [32mBuilding CXX object CMakeFiles/robot_communication_interfaces__rosidl_typesupport_fastrtps_c.dir/rosidl_typesupport_fastrtps_c/robot_communication_interfaces/msg/detail/communication_message__type_support_c.cpp.o[0m
[3.673s] [ 74%] [32m[1mLinking CXX shared library librobot_communication_interfaces__rosidl_typesupport_fastrtps_c.so[0m
[3.787s] [ 74%] Built target robot_communication_interfaces__rosidl_typesupport_fastrtps_c
[3.815s] [ 74%] Built target robot_communication_interfaces
[3.847s] [ 76%] [34m[1mGenerating Python code for ROS interfaces[0m
[4.560s] [ 76%] Built target robot_communication_interfaces__py
[4.575s] [35m[1mScanning dependencies of target robot_communication_interfaces__python[0m
[4.596s] [ 79%] [32mBuilding C object CMakeFiles/robot_communication_interfaces__python.dir/rosidl_generator_py/robot_communication_interfaces/msg/_communication_message_s.c.o[0m
[4.598s] [ 82%] [32mBuilding C object CMakeFiles/robot_communication_interfaces__python.dir/rosidl_generator_py/robot_communication_interfaces/srv/_communication_service_s.c.o[0m
[4.745s] [ 84%] [32m[1mLinking C shared library rosidl_generator_py/robot_communication_interfaces/librobot_communication_interfaces__python.so[0m
[4.797s] [ 84%] Built target robot_communication_interfaces__python
[4.812s] [35m[1mScanning dependencies of target robot_communication_interfaces__rosidl_typesupport_c__pyext[0m
[4.813s] [35m[1mScanning dependencies of target robot_communication_interfaces__rosidl_typesupport_fastrtps_c__pyext[0m
[4.813s] [35m[1mScanning dependencies of target robot_communication_interfaces__rosidl_typesupport_introspection_c__pyext[0m
[4.833s] [ 87%] [32mBuilding C object CMakeFiles/robot_communication_interfaces__rosidl_typesupport_c__pyext.dir/rosidl_generator_py/robot_communication_interfaces/_robot_communication_interfaces_s.ep.rosidl_typesupport_c.c.o[0m
[4.839s] [ 89%] [32mBuilding C object CMakeFiles/robot_communication_interfaces__rosidl_typesupport_introspection_c__pyext.dir/rosidl_generator_py/robot_communication_interfaces/_robot_communication_interfaces_s.ep.rosidl_typesupport_introspection_c.c.o[0m
[4.843s] [ 92%] [32mBuilding C object CMakeFiles/robot_communication_interfaces__rosidl_typesupport_fastrtps_c__pyext.dir/rosidl_generator_py/robot_communication_interfaces/_robot_communication_interfaces_s.ep.rosidl_typesupport_fastrtps_c.c.o[0m
[4.966s] [ 94%] [32m[1mLinking C shared library rosidl_generator_py/robot_communication_interfaces/robot_communication_interfaces_s__rosidl_typesupport_introspection_c.cpython-38-x86_64-linux-gnu.so[0m
[4.970s] [ 97%] [32m[1mLinking CXX shared library rosidl_generator_py/robot_communication_interfaces/robot_communication_interfaces_s__rosidl_typesupport_fastrtps_c.cpython-38-x86_64-linux-gnu.so[0m
[4.976s] [100%] [32m[1mLinking C shared library rosidl_generator_py/robot_communication_interfaces/robot_communication_interfaces_s__rosidl_typesupport_c.cpython-38-x86_64-linux-gnu.so[0m
[5.026s] [100%] Built target robot_communication_interfaces__rosidl_typesupport_c__pyext
[5.030s] [100%] Built target robot_communication_interfaces__rosidl_typesupport_introspection_c__pyext
[5.077s] [100%] Built target robot_communication_interfaces__rosidl_typesupport_fastrtps_c__pyext
[5.098s] Invoked command in '/home/ghost/Desktop/dev_ws/build/robot_communication_interfaces' returned '0': CMAKE_PREFIX_PATH=${CMAKE_PREFIX_PATH}:/home/ghost/Desktop/dev_ws/install/controller:/opt/ros/foxy /usr/bin/cmake --build /home/ghost/Desktop/dev_ws/build/robot_communication_interfaces -- -j4 -l4
[5.225s] Invoking command in '/home/ghost/Desktop/dev_ws/build/robot_communication_interfaces': CMAKE_PREFIX_PATH=${CMAKE_PREFIX_PATH}:/home/ghost/Desktop/dev_ws/install/controller:/opt/ros/foxy /usr/bin/cmake --install /home/ghost/Desktop/dev_ws/build/robot_communication_interfaces
[5.237s] -- Install configuration: ""
[5.238s] -- Up-to-date: /home/ghost/Desktop/dev_ws/install/robot_communication_interfaces/share/ament_index/resource_index/rosidl_interfaces/robot_communication_interfaces
[5.238s] -- Up-to-date: /home/ghost/Desktop/dev_ws/install/robot_communication_interfaces/include/robot_communication_interfaces
[5.238s] -- Up-to-date: /home/ghost/Desktop/dev_ws/install/robot_communication_interfaces/include/robot_communication_interfaces/srv
[5.238s] -- Installing: /home/ghost/Desktop/dev_ws/install/robot_communication_interfaces/include/robot_communication_interfaces/srv/communication_service.h
[5.238s] -- Up-to-date: /home/ghost/Desktop/dev_ws/install/robot_communication_interfaces/include/robot_communication_interfaces/srv/detail
[5.238s] -- Installing: /home/ghost/Desktop/dev_ws/install/robot_communication_interfaces/include/robot_communication_interfaces/srv/detail/communication_service__struct.h
[5.239s] -- Installing: /home/ghost/Desktop/dev_ws/install/robot_communication_interfaces/include/robot_communication_interfaces/srv/detail/communication_service__functions.c
[5.239s] -- Installing: /home/ghost/Desktop/dev_ws/install/robot_communication_interfaces/include/robot_communication_interfaces/srv/detail/communication_service__type_support.h
[5.239s] -- Installing: /home/ghost/Desktop/dev_ws/install/robot_communication_interfaces/include/robot_communication_interfaces/srv/detail/communication_service__functions.h
[5.239s] -- Up-to-date: /home/ghost/Desktop/dev_ws/install/robot_communication_interfaces/include/robot_communication_interfaces/msg
[5.239s] -- Up-to-date: /home/ghost/Desktop/dev_ws/install/robot_communication_interfaces/include/robot_communication_interfaces/msg/rosidl_generator_c__visibility_control.h
[5.239s] -- Installing: /home/ghost/Desktop/dev_ws/install/robot_communication_interfaces/include/robot_communication_interfaces/msg/communication_message.h
[5.240s] -- Up-to-date: /home/ghost/Desktop/dev_ws/install/robot_communication_interfaces/include/robot_communication_interfaces/msg/detail
[5.240s] -- Installing: /home/ghost/Desktop/dev_ws/install/robot_communication_interfaces/include/robot_communication_interfaces/msg/detail/communication_message__type_support.h
[5.240s] -- Installing: /home/ghost/Desktop/dev_ws/install/robot_communication_interfaces/include/robot_communication_interfaces/msg/detail/communication_message__functions.h
[5.240s] -- Installing: /home/ghost/Desktop/dev_ws/install/robot_communication_interfaces/include/robot_communication_interfaces/msg/detail/communication_message__struct.h
[5.241s] -- Installing: /home/ghost/Desktop/dev_ws/install/robot_communication_interfaces/include/robot_communication_interfaces/msg/detail/communication_message__functions.c
[5.241s] -- Up-to-date: /home/ghost/Desktop/dev_ws/install/robot_communication_interfaces/share/robot_communication_interfaces/environment/library_path.sh
[5.241s] -- Installing: /home/ghost/Desktop/dev_ws/install/robot_communication_interfaces/share/robot_communication_interfaces/environment/library_path.dsv
[5.241s] -- Installing: /home/ghost/Desktop/dev_ws/install/robot_communication_interfaces/lib/librobot_communication_interfaces__rosidl_generator_c.so
[5.242s] -- Set runtime path of "/home/ghost/Desktop/dev_ws/install/robot_communication_interfaces/lib/librobot_communication_interfaces__rosidl_generator_c.so" to ""
[5.242s] -- Up-to-date: /home/ghost/Desktop/dev_ws/install/robot_communication_interfaces/include/robot_communication_interfaces
[5.242s] -- Up-to-date: /home/ghost/Desktop/dev_ws/install/robot_communication_interfaces/include/robot_communication_interfaces/srv
[5.242s] -- Up-to-date: /home/ghost/Desktop/dev_ws/install/robot_communication_interfaces/include/robot_communication_interfaces/srv/detail
[5.242s] -- Installing: /home/ghost/Desktop/dev_ws/install/robot_communication_interfaces/include/robot_communication_interfaces/srv/detail/communication_service__rosidl_typesupport_fastrtps_c.h
[5.243s] -- Up-to-date: /home/ghost/Desktop/dev_ws/install/robot_communication_interfaces/include/robot_communication_interfaces/msg
[5.243s] -- Up-to-date: /home/ghost/Desktop/dev_ws/install/robot_communication_interfaces/include/robot_communication_interfaces/msg/rosidl_typesupport_fastrtps_c__visibility_control.h
[5.243s] -- Up-to-date: /home/ghost/Desktop/dev_ws/install/robot_communication_interfaces/include/robot_communication_interfaces/msg/detail
[5.243s] -- Installing: /home/ghost/Desktop/dev_ws/install/robot_communication_interfaces/include/robot_communication_interfaces/msg/detail/communication_message__rosidl_typesupport_fastrtps_c.h
[5.243s] -- Installing: /home/ghost/Desktop/dev_ws/install/robot_communication_interfaces/lib/librobot_communication_interfaces__rosidl_typesupport_fastrtps_c.so
[5.243s] -- Set runtime path of "/home/ghost/Desktop/dev_ws/install/robot_communication_interfaces/lib/librobot_communication_interfaces__rosidl_typesupport_fastrtps_c.so" to ""
[5.244s] -- Up-to-date: /home/ghost/Desktop/dev_ws/install/robot_communication_interfaces/include/robot_communication_interfaces
[5.244s] -- Up-to-date: /home/ghost/Desktop/dev_ws/install/robot_communication_interfaces/include/robot_communication_interfaces/srv
[5.244s] -- Up-to-date: /home/ghost/Desktop/dev_ws/install/robot_communication_interfaces/include/robot_communication_interfaces/srv/detail
[5.244s] -- Up-to-date: /home/ghost/Desktop/dev_ws/install/robot_communication_interfaces/include/robot_communication_interfaces/srv/detail/dds_fastrtps
[5.244s] -- Installing: /home/ghost/Desktop/dev_ws/install/robot_communication_interfaces/include/robot_communication_interfaces/srv/detail/communication_service__rosidl_typesupport_fastrtps_cpp.hpp
[5.244s] -- Up-to-date: /home/ghost/Desktop/dev_ws/install/robot_communication_interfaces/include/robot_communication_interfaces/msg
[5.244s] -- Up-to-date: /home/ghost/Desktop/dev_ws/install/robot_communication_interfaces/include/robot_communication_interfaces/msg/detail
[5.244s] -- Up-to-date: /home/ghost/Desktop/dev_ws/install/robot_communication_interfaces/include/robot_communication_interfaces/msg/detail/dds_fastrtps
[5.244s] -- Installing: /home/ghost/Desktop/dev_ws/install/robot_communication_interfaces/include/robot_communication_interfaces/msg/detail/communication_message__rosidl_typesupport_fastrtps_cpp.hpp
[5.245s] -- Up-to-date: /home/ghost/Desktop/dev_ws/install/robot_communication_interfaces/include/robot_communication_interfaces/msg/rosidl_typesupport_fastrtps_cpp__visibility_control.h
[5.245s] -- Installing: /home/ghost/Desktop/dev_ws/install/robot_communication_interfaces/lib/librobot_communication_interfaces__rosidl_typesupport_fastrtps_cpp.so
[5.245s] -- Set runtime path of "/home/ghost/Desktop/dev_ws/install/robot_communication_interfaces/lib/librobot_communication_interfaces__rosidl_typesupport_fastrtps_cpp.so" to ""
[5.245s] -- Up-to-date: /home/ghost/Desktop/dev_ws/install/robot_communication_interfaces/include/robot_communication_interfaces
[5.245s] -- Up-to-date: /home/ghost/Desktop/dev_ws/install/robot_communication_interfaces/include/robot_communication_interfaces/srv
[5.245s] -- Up-to-date: /home/ghost/Desktop/dev_ws/install/robot_communication_interfaces/include/robot_communication_interfaces/srv/detail
[5.245s] -- Installing: /home/ghost/Desktop/dev_ws/install/robot_communication_interfaces/include/robot_communication_interfaces/srv/detail/communication_service__rosidl_typesupport_introspection_c.h
[5.246s] -- Installing: /home/ghost/Desktop/dev_ws/install/robot_communication_interfaces/include/robot_communication_interfaces/srv/detail/communication_service__type_support.c
[5.246s] -- Up-to-date: /home/ghost/Desktop/dev_ws/install/robot_communication_interfaces/include/robot_communication_interfaces/msg
[5.246s] -- Up-to-date: /home/ghost/Desktop/dev_ws/install/robot_communication_interfaces/include/robot_communication_interfaces/msg/detail
[5.246s] -- Installing: /home/ghost/Desktop/dev_ws/install/robot_communication_interfaces/include/robot_communication_interfaces/msg/detail/communication_message__rosidl_typesupport_introspection_c.h
[5.246s] -- Installing: /home/ghost/Desktop/dev_ws/install/robot_communication_interfaces/include/robot_communication_interfaces/msg/detail/communication_message__type_support.c
[5.247s] -- Up-to-date: /home/ghost/Desktop/dev_ws/install/robot_communication_interfaces/include/robot_communication_interfaces/msg/rosidl_typesupport_introspection_c__visibility_control.h
[5.247s] -- Installing: /home/ghost/Desktop/dev_ws/install/robot_communication_interfaces/lib/librobot_communication_interfaces__rosidl_typesupport_introspection_c.so
[5.247s] -- Set runtime path of "/home/ghost/Desktop/dev_ws/install/robot_communication_interfaces/lib/librobot_communication_interfaces__rosidl_typesupport_introspection_c.so" to ""
[5.247s] -- Installing: /home/ghost/Desktop/dev_ws/install/robot_communication_interfaces/lib/librobot_communication_interfaces__rosidl_typesupport_c.so
[5.248s] -- Set runtime path of "/home/ghost/Desktop/dev_ws/install/robot_communication_interfaces/lib/librobot_communication_interfaces__rosidl_typesupport_c.so" to ""
[5.248s] -- Up-to-date: /home/ghost/Desktop/dev_ws/install/robot_communication_interfaces/include/robot_communication_interfaces
[5.248s] -- Up-to-date: /home/ghost/Desktop/dev_ws/install/robot_communication_interfaces/include/robot_communication_interfaces/srv
[5.248s] -- Installing: /home/ghost/Desktop/dev_ws/install/robot_communication_interfaces/include/robot_communication_interfaces/srv/communication_service.hpp
[5.248s] -- Up-to-date: /home/ghost/Desktop/dev_ws/install/robot_communication_interfaces/include/robot_communication_interfaces/srv/detail
[5.248s] -- Installing: /home/ghost/Desktop/dev_ws/install/robot_communication_interfaces/include/robot_communication_interfaces/srv/detail/communication_service__traits.hpp
[5.248s] -- Installing: /home/ghost/Desktop/dev_ws/install/robot_communication_interfaces/include/robot_communication_interfaces/srv/detail/communication_service__struct.hpp
[5.248s] -- Installing: /home/ghost/Desktop/dev_ws/install/robot_communication_interfaces/include/robot_communication_interfaces/srv/detail/communication_service__builder.hpp
[5.249s] -- Up-to-date: /home/ghost/Desktop/dev_ws/install/robot_communication_interfaces/include/robot_communication_interfaces/msg
[5.249s] -- Up-to-date: /home/ghost/Desktop/dev_ws/install/robot_communication_interfaces/include/robot_communication_interfaces/msg/detail
[5.249s] -- Installing: /home/ghost/Desktop/dev_ws/install/robot_communication_interfaces/include/robot_communication_interfaces/msg/detail/communication_message__builder.hpp
[5.249s] -- Installing: /home/ghost/Desktop/dev_ws/install/robot_communication_interfaces/include/robot_communication_interfaces/msg/detail/communication_message__traits.hpp
[5.249s] -- Installing: /home/ghost/Desktop/dev_ws/install/robot_communication_interfaces/include/robot_communication_interfaces/msg/detail/communication_message__struct.hpp
[5.249s] -- Installing: /home/ghost/Desktop/dev_ws/install/robot_communication_interfaces/include/robot_communication_interfaces/msg/communication_message.hpp
[5.249s] -- Up-to-date: /home/ghost/Desktop/dev_ws/install/robot_communication_interfaces/include/robot_communication_interfaces
[5.250s] -- Up-to-date: /home/ghost/Desktop/dev_ws/install/robot_communication_interfaces/include/robot_communication_interfaces/srv
[5.250s] -- Up-to-date: /home/ghost/Desktop/dev_ws/install/robot_communication_interfaces/include/robot_communication_interfaces/srv/detail
[5.250s] -- Installing: /home/ghost/Desktop/dev_ws/install/robot_communication_interfaces/include/robot_communication_interfaces/srv/detail/communication_service__rosidl_typesupport_introspection_cpp.hpp
[5.250s] -- Installing: /home/ghost/Desktop/dev_ws/install/robot_communication_interfaces/include/robot_communication_interfaces/srv/detail/communication_service__type_support.cpp
[5.250s] -- Up-to-date: /home/ghost/Desktop/dev_ws/install/robot_communication_interfaces/include/robot_communication_interfaces/msg
[5.250s] -- Up-to-date: /home/ghost/Desktop/dev_ws/install/robot_communication_interfaces/include/robot_communication_interfaces/msg/detail
[5.250s] -- Installing: /home/ghost/Desktop/dev_ws/install/robot_communication_interfaces/include/robot_communication_interfaces/msg/detail/communication_message__rosidl_typesupport_introspection_cpp.hpp
[5.250s] -- Installing: /home/ghost/Desktop/dev_ws/install/robot_communication_interfaces/include/robot_communication_interfaces/msg/detail/communication_message__type_support.cpp
[5.250s] -- Installing: /home/ghost/Desktop/dev_ws/install/robot_communication_interfaces/lib/librobot_communication_interfaces__rosidl_typesupport_introspection_cpp.so
[5.251s] -- Set runtime path of "/home/ghost/Desktop/dev_ws/install/robot_communication_interfaces/lib/librobot_communication_interfaces__rosidl_typesupport_introspection_cpp.so" to ""
[5.251s] -- Installing: /home/ghost/Desktop/dev_ws/install/robot_communication_interfaces/lib/librobot_communication_interfaces__rosidl_typesupport_cpp.so
[5.252s] -- Set runtime path of "/home/ghost/Desktop/dev_ws/install/robot_communication_interfaces/lib/librobot_communication_interfaces__rosidl_typesupport_cpp.so" to ""
[5.252s] -- Up-to-date: /home/ghost/Desktop/dev_ws/install/robot_communication_interfaces/share/robot_communication_interfaces/environment/pythonpath.sh
[5.252s] -- Installing: /home/ghost/Desktop/dev_ws/install/robot_communication_interfaces/share/robot_communication_interfaces/environment/pythonpath.dsv
[5.252s] -- Installing: /home/ghost/Desktop/dev_ws/install/robot_communication_interfaces/lib/python3.8/site-packages/robot_communication_interfaces/__init__.py
[5.300s] Compiling '/home/ghost/Desktop/dev_ws/install/robot_communication_interfaces/lib/python3.8/site-packages/robot_communication_interfaces/__init__.py'...
[5.306s] -- Up-to-date: /home/ghost/Desktop/dev_ws/install/robot_communication_interfaces/lib/python3.8/site-packages/robot_communication_interfaces/msg
[5.307s] -- Installing: /home/ghost/Desktop/dev_ws/install/robot_communication_interfaces/lib/python3.8/site-packages/robot_communication_interfaces/msg/__init__.py
[5.307s] -- Installing: /home/ghost/Desktop/dev_ws/install/robot_communication_interfaces/lib/python3.8/site-packages/robot_communication_interfaces/msg/_communication_message_s.c
[5.307s] -- Installing: /home/ghost/Desktop/dev_ws/install/robot_communication_interfaces/lib/python3.8/site-packages/robot_communication_interfaces/msg/_communication_message.py
[5.308s] -- Up-to-date: /home/ghost/Desktop/dev_ws/install/robot_communication_interfaces/lib/python3.8/site-packages/robot_communication_interfaces/srv
[5.308s] -- Installing: /home/ghost/Desktop/dev_ws/install/robot_communication_interfaces/lib/python3.8/site-packages/robot_communication_interfaces/srv/__init__.py
[5.308s] -- Installing: /home/ghost/Desktop/dev_ws/install/robot_communication_interfaces/lib/python3.8/site-packages/robot_communication_interfaces/srv/_communication_service.py
[5.308s] -- Installing: /home/ghost/Desktop/dev_ws/install/robot_communication_interfaces/lib/python3.8/site-packages/robot_communication_interfaces/srv/_communication_service_s.c
[5.309s] -- Installing: /home/ghost/Desktop/dev_ws/install/robot_communication_interfaces/lib/python3.8/site-packages/robot_communication_interfaces/robot_communication_interfaces_s__rosidl_typesupport_fastrtps_c.cpython-38-x86_64-linux-gnu.so
[5.310s] -- Set runtime path of "/home/ghost/Desktop/dev_ws/install/robot_communication_interfaces/lib/python3.8/site-packages/robot_communication_interfaces/robot_communication_interfaces_s__rosidl_typesupport_fastrtps_c.cpython-38-x86_64-linux-gnu.so" to ""
[5.311s] -- Installing: /home/ghost/Desktop/dev_ws/install/robot_communication_interfaces/lib/python3.8/site-packages/robot_communication_interfaces/robot_communication_interfaces_s__rosidl_typesupport_introspection_c.cpython-38-x86_64-linux-gnu.so
[5.312s] -- Set runtime path of "/home/ghost/Desktop/dev_ws/install/robot_communication_interfaces/lib/python3.8/site-packages/robot_communication_interfaces/robot_communication_interfaces_s__rosidl_typesupport_introspection_c.cpython-38-x86_64-linux-gnu.so" to ""
[5.313s] -- Installing: /home/ghost/Desktop/dev_ws/install/robot_communication_interfaces/lib/python3.8/site-packages/robot_communication_interfaces/robot_communication_interfaces_s__rosidl_typesupport_c.cpython-38-x86_64-linux-gnu.so
[5.314s] -- Set runtime path of "/home/ghost/Desktop/dev_ws/install/robot_communication_interfaces/lib/python3.8/site-packages/robot_communication_interfaces/robot_communication_interfaces_s__rosidl_typesupport_c.cpython-38-x86_64-linux-gnu.so" to ""
[5.314s] -- Installing: /home/ghost/Desktop/dev_ws/install/robot_communication_interfaces/lib/librobot_communication_interfaces__python.so
[5.315s] -- Set runtime path of "/home/ghost/Desktop/dev_ws/install/robot_communication_interfaces/lib/librobot_communication_interfaces__python.so" to ""
[5.315s] -- Installing: /home/ghost/Desktop/dev_ws/install/robot_communication_interfaces/share/robot_communication_interfaces/msg/CommunicationMessage.idl
[5.316s] -- Up-to-date: /home/ghost/Desktop/dev_ws/install/robot_communication_interfaces/share/robot_communication_interfaces/srv/CommunicationService.idl
[5.316s] -- Installing: /home/ghost/Desktop/dev_ws/install/robot_communication_interfaces/share/robot_communication_interfaces/msg/CommunicationMessage.msg
[5.316s] -- Up-to-date: /home/ghost/Desktop/dev_ws/install/robot_communication_interfaces/share/robot_communication_interfaces/srv/CommunicationService.srv
[5.316s] -- Up-to-date: /home/ghost/Desktop/dev_ws/install/robot_communication_interfaces/share/robot_communication_interfaces/srv/CommunicationService_Request.msg
[5.317s] -- Up-to-date: /home/ghost/Desktop/dev_ws/install/robot_communication_interfaces/share/robot_communication_interfaces/srv/CommunicationService_Response.msg
[5.317s] -- Up-to-date: /home/ghost/Desktop/dev_ws/install/robot_communication_interfaces/share/ament_index/resource_index/package_run_dependencies/robot_communication_interfaces
[5.317s] -- Installing: /home/ghost/Desktop/dev_ws/install/robot_communication_interfaces/share/ament_index/resource_index/parent_prefix_path/robot_communication_interfaces
[5.318s] -- Up-to-date: /home/ghost/Desktop/dev_ws/install/robot_communication_interfaces/share/robot_communication_interfaces/environment/ament_prefix_path.sh
[5.318s] -- Installing: /home/ghost/Desktop/dev_ws/install/robot_communication_interfaces/share/robot_communication_interfaces/environment/ament_prefix_path.dsv
[5.318s] -- Up-to-date: /home/ghost/Desktop/dev_ws/install/robot_communication_interfaces/share/robot_communication_interfaces/environment/path.sh
[5.319s] -- Installing: /home/ghost/Desktop/dev_ws/install/robot_communication_interfaces/share/robot_communication_interfaces/environment/path.dsv
[5.319s] -- Up-to-date: /home/ghost/Desktop/dev_ws/install/robot_communication_interfaces/share/robot_communication_interfaces/local_setup.bash
[5.319s] -- Up-to-date: /home/ghost/Desktop/dev_ws/install/robot_communication_interfaces/share/robot_communication_interfaces/local_setup.sh
[5.319s] -- Up-to-date: /home/ghost/Desktop/dev_ws/install/robot_communication_interfaces/share/robot_communication_interfaces/local_setup.zsh
[5.319s] -- Installing: /home/ghost/Desktop/dev_ws/install/robot_communication_interfaces/share/robot_communication_interfaces/local_setup.dsv
[5.319s] -- Installing: /home/ghost/Desktop/dev_ws/install/robot_communication_interfaces/share/robot_communication_interfaces/package.dsv
[5.320s] -- Up-to-date: /home/ghost/Desktop/dev_ws/install/robot_communication_interfaces/share/ament_index/resource_index/packages/robot_communication_interfaces
[5.320s] -- Up-to-date: /home/ghost/Desktop/dev_ws/install/robot_communication_interfaces/share/robot_communication_interfaces/cmake/robot_communication_interfaces__rosidl_generator_cExport.cmake
[5.321s] -- Installing: /home/ghost/Desktop/dev_ws/install/robot_communication_interfaces/share/robot_communication_interfaces/cmake/robot_communication_interfaces__rosidl_generator_cExport-noconfig.cmake
[5.321s] -- Up-to-date: /home/ghost/Desktop/dev_ws/install/robot_communication_interfaces/share/robot_communication_interfaces/cmake/robot_communication_interfaces__rosidl_typesupport_introspection_cExport.cmake
[5.322s] -- Installing: /home/ghost/Desktop/dev_ws/install/robot_communication_interfaces/share/robot_communication_interfaces/cmake/robot_communication_interfaces__rosidl_typesupport_introspection_cExport-noconfig.cmake
[5.322s] -- Up-to-date: /home/ghost/Desktop/dev_ws/install/robot_communication_interfaces/share/robot_communication_interfaces/cmake/robot_communication_interfaces__rosidl_typesupport_cExport.cmake
[5.322s] -- Installing: /home/ghost/Desktop/dev_ws/install/robot_communication_interfaces/share/robot_communication_interfaces/cmake/robot_communication_interfaces__rosidl_typesupport_cExport-noconfig.cmake
[5.323s] -- Up-to-date: /home/ghost/Desktop/dev_ws/install/robot_communication_interfaces/share/robot_communication_interfaces/cmake/robot_communication_interfaces__rosidl_generator_cppExport.cmake
[5.324s] -- Up-to-date: /home/ghost/Desktop/dev_ws/install/robot_communication_interfaces/share/robot_communication_interfaces/cmake/robot_communication_interfaces__rosidl_typesupport_introspection_cppExport.cmake
[5.324s] -- Installing: /home/ghost/Desktop/dev_ws/install/robot_communication_interfaces/share/robot_communication_interfaces/cmake/robot_communication_interfaces__rosidl_typesupport_introspection_cppExport-noconfig.cmake
[5.324s] -- Up-to-date: /home/ghost/Desktop/dev_ws/install/robot_communication_interfaces/share/robot_communication_interfaces/cmake/robot_communication_interfaces__rosidl_typesupport_cppExport.cmake
[5.324s] -- Installing: /home/ghost/Desktop/dev_ws/install/robot_communication_interfaces/share/robot_communication_interfaces/cmake/robot_communication_interfaces__rosidl_typesupport_cppExport-noconfig.cmake
[5.325s] -- Up-to-date: /home/ghost/Desktop/dev_ws/install/robot_communication_interfaces/share/robot_communication_interfaces/cmake/rosidl_cmake-extras.cmake
[5.325s] -- Up-to-date: /home/ghost/Desktop/dev_ws/install/robot_communication_interfaces/share/robot_communication_interfaces/cmake/ament_cmake_export_dependencies-extras.cmake
[5.325s] -- Up-to-date: /home/ghost/Desktop/dev_ws/install/robot_communication_interfaces/share/robot_communication_interfaces/cmake/ament_cmake_export_libraries-extras.cmake
[5.325s] -- Up-to-date: /home/ghost/Desktop/dev_ws/install/robot_communication_interfaces/share/robot_communication_interfaces/cmake/ament_cmake_export_targets-extras.cmake
[5.326s] -- Up-to-date: /home/ghost/Desktop/dev_ws/install/robot_communication_interfaces/share/robot_communication_interfaces/cmake/ament_cmake_export_include_directories-extras.cmake
[5.326s] -- Up-to-date: /home/ghost/Desktop/dev_ws/install/robot_communication_interfaces/share/robot_communication_interfaces/cmake/rosidl_cmake_export_typesupport_libraries-extras.cmake
[5.326s] -- Up-to-date: /home/ghost/Desktop/dev_ws/install/robot_communication_interfaces/share/robot_communication_interfaces/cmake/rosidl_cmake_export_typesupport_targets-extras.cmake
[5.326s] -- Up-to-date: /home/ghost/Desktop/dev_ws/install/robot_communication_interfaces/share/robot_communication_interfaces/cmake/robot_communication_interfacesConfig.cmake
[5.327s] -- Up-to-date: /home/ghost/Desktop/dev_ws/install/robot_communication_interfaces/share/robot_communication_interfaces/cmake/robot_communication_interfacesConfig-version.cmake
[5.327s] -- Up-to-date: /home/ghost/Desktop/dev_ws/install/robot_communication_interfaces/share/robot_communication_interfaces/package.xml
[5.332s] Invoked command in '/home/ghost/Desktop/dev_ws/build/robot_communication_interfaces' returned '0': CMAKE_PREFIX_PATH=${CMAKE_PREFIX_PATH}:/home/ghost/Desktop/dev_ws/install/controller:/opt/ros/foxy /usr/bin/cmake --install /home/ghost/Desktop/dev_ws/build/robot_communication_interfaces
