[0.206s] DEBUG:colcon:Command line arguments: ['/usr/bin/colcon', 'build']
[0.206s] DEBUG:colcon:Parsed command line arguments: Namespace(ament_cmake_args=None, base_paths=['.'], build_base='build', catkin_cmake_args=None, catkin_skip_building_tests=False, cmake_args=None, cmake_clean_cache=False, cmake_clean_first=False, cmake_force_configure=False, cmake_target=None, cmake_target_skip_unavailable=False, continue_on_error=False, event_handlers=None, executor='parallel', ignore_user_meta=False, install_base='install', log_base=None, log_level=None, main=<bound method BuildVerb.main of <colcon_core.verb.build.BuildVerb object at 0x7f4739bd9a00>>, merge_install=False, metas=['./colcon.meta'], packages_above=None, packages_above_and_dependencies=None, packages_above_depth=None, packages_end=None, packages_ignore=None, packages_ignore_regex=None, packages_select=None, packages_select_build_failed=False, packages_select_by_dep=None, packages_select_regex=None, packages_select_test_failures=False, packages_skip=None, packages_skip_build_finished=False, packages_skip_by_dep=None, packages_skip_regex=None, packages_skip_test_passed=False, packages_skip_up_to=None, packages_start=None, packages_up_to=None, packages_up_to_regex=None, parallel_workers=4, paths=None, symlink_install=False, test_result_base=None, verb_extension=<colcon_core.verb.build.BuildVerb object at 0x7f4739bd9a00>, verb_name='build', verb_parser=<colcon_defaults.argument_parser.defaults.DefaultArgumentsDecorator object at 0x7f4739bd9f70>)
[0.209s] Level 1:colcon.colcon_core.package_discovery:discover_packages(colcon_meta) check parameters
[0.209s] Level 1:colcon.colcon_core.package_discovery:discover_packages(recursive) check parameters
[0.209s] Level 1:colcon.colcon_core.package_discovery:discover_packages(ignore) check parameters
[0.209s] Level 1:colcon.colcon_core.package_discovery:discover_packages(path) check parameters
[0.209s] Level 1:colcon.colcon_core.package_discovery:discover_packages(colcon_meta) discover
[0.210s] Level 1:colcon.colcon_core.package_discovery:discover_packages(recursive) discover
[0.210s] INFO:colcon.colcon_core.package_discovery:Crawling recursively for packages in '/home/ghost/Desktop/dev_ws'
[0.210s] Level 1:colcon.colcon_core.package_identification:_identify(.) by extensions ['ignore', 'ignore_ament_install']
[0.210s] Level 1:colcon.colcon_core.package_identification:_identify(.) by extension 'ignore'
[0.210s] Level 1:colcon.colcon_core.package_identification:_identify(.) by extension 'ignore_ament_install'
[0.210s] Level 1:colcon.colcon_core.package_identification:_identify(.) by extensions ['colcon_pkg']
[0.210s] Level 1:colcon.colcon_core.package_identification:_identify(.) by extension 'colcon_pkg'
[0.210s] Level 1:colcon.colcon_core.package_identification:_identify(.) by extensions ['colcon_meta']
[0.210s] Level 1:colcon.colcon_core.package_identification:_identify(.) by extension 'colcon_meta'
[0.210s] Level 1:colcon.colcon_core.package_identification:_identify(.) by extensions ['ros']
[0.210s] Level 1:colcon.colcon_core.package_identification:_identify(.) by extension 'ros'
[0.220s] Level 1:colcon.colcon_core.package_identification:_identify(.) by extensions ['cmake', 'python']
[0.220s] Level 1:colcon.colcon_core.package_identification:_identify(.) by extension 'cmake'
[0.220s] Level 1:colcon.colcon_core.package_identification:_identify(.) by extension 'python'
[0.220s] Level 1:colcon.colcon_core.package_identification:_identify(.) by extensions ['python_setup_py']
[0.220s] Level 1:colcon.colcon_core.package_identification:_identify(.) by extension 'python_setup_py'
[0.221s] Level 1:colcon.colcon_core.package_identification:_identify(build) by extensions ['ignore', 'ignore_ament_install']
[0.221s] Level 1:colcon.colcon_core.package_identification:_identify(build) by extension 'ignore'
[0.221s] Level 1:colcon.colcon_core.package_identification:_identify(build) ignored
[0.221s] Level 1:colcon.colcon_core.package_identification:_identify(install) by extensions ['ignore', 'ignore_ament_install']
[0.221s] Level 1:colcon.colcon_core.package_identification:_identify(install) by extension 'ignore'
[0.221s] Level 1:colcon.colcon_core.package_identification:_identify(install) ignored
[0.221s] Level 1:colcon.colcon_core.package_identification:_identify(log) by extensions ['ignore', 'ignore_ament_install']
[0.221s] Level 1:colcon.colcon_core.package_identification:_identify(log) by extension 'ignore'
[0.221s] Level 1:colcon.colcon_core.package_identification:_identify(log) ignored
[0.221s] Level 1:colcon.colcon_core.package_identification:_identify(src) by extensions ['ignore', 'ignore_ament_install']
[0.222s] Level 1:colcon.colcon_core.package_identification:_identify(src) by extension 'ignore'
[0.222s] Level 1:colcon.colcon_core.package_identification:_identify(src) by extension 'ignore_ament_install'
[0.222s] Level 1:colcon.colcon_core.package_identification:_identify(src) by extensions ['colcon_pkg']
[0.222s] Level 1:colcon.colcon_core.package_identification:_identify(src) by extension 'colcon_pkg'
[0.222s] Level 1:colcon.colcon_core.package_identification:_identify(src) by extensions ['colcon_meta']
[0.222s] Level 1:colcon.colcon_core.package_identification:_identify(src) by extension 'colcon_meta'
[0.222s] Level 1:colcon.colcon_core.package_identification:_identify(src) by extensions ['ros']
[0.222s] Level 1:colcon.colcon_core.package_identification:_identify(src) by extension 'ros'
[0.222s] Level 1:colcon.colcon_core.package_identification:_identify(src) by extensions ['cmake', 'python']
[0.222s] Level 1:colcon.colcon_core.package_identification:_identify(src) by extension 'cmake'
[0.222s] Level 1:colcon.colcon_core.package_identification:_identify(src) by extension 'python'
[0.222s] Level 1:colcon.colcon_core.package_identification:_identify(src) by extensions ['python_setup_py']
[0.222s] Level 1:colcon.colcon_core.package_identification:_identify(src) by extension 'python_setup_py'
[0.222s] Level 1:colcon.colcon_core.package_identification:_identify(src/controller) by extensions ['ignore', 'ignore_ament_install']
[0.222s] Level 1:colcon.colcon_core.package_identification:_identify(src/controller) by extension 'ignore'
[0.222s] Level 1:colcon.colcon_core.package_identification:_identify(src/controller) by extension 'ignore_ament_install'
[0.222s] Level 1:colcon.colcon_core.package_identification:_identify(src/controller) by extensions ['colcon_pkg']
[0.222s] Level 1:colcon.colcon_core.package_identification:_identify(src/controller) by extension 'colcon_pkg'
[0.222s] Level 1:colcon.colcon_core.package_identification:_identify(src/controller) by extensions ['colcon_meta']
[0.223s] Level 1:colcon.colcon_core.package_identification:_identify(src/controller) by extension 'colcon_meta'
[0.223s] Level 1:colcon.colcon_core.package_identification:_identify(src/controller) by extensions ['ros']
[0.223s] Level 1:colcon.colcon_core.package_identification:_identify(src/controller) by extension 'ros'
[0.225s] DEBUG:colcon.colcon_core.package_identification:Package 'src/controller' with type 'ros.ament_python' and name 'controller'
[0.225s] Level 1:colcon.colcon_core.package_identification:_identify(src/robot_communication_interfaces) by extensions ['ignore', 'ignore_ament_install']
[0.225s] Level 1:colcon.colcon_core.package_identification:_identify(src/robot_communication_interfaces) by extension 'ignore'
[0.225s] Level 1:colcon.colcon_core.package_identification:_identify(src/robot_communication_interfaces) by extension 'ignore_ament_install'
[0.225s] Level 1:colcon.colcon_core.package_identification:_identify(src/robot_communication_interfaces) by extensions ['colcon_pkg']
[0.225s] Level 1:colcon.colcon_core.package_identification:_identify(src/robot_communication_interfaces) by extension 'colcon_pkg'
[0.225s] Level 1:colcon.colcon_core.package_identification:_identify(src/robot_communication_interfaces) by extensions ['colcon_meta']
[0.225s] Level 1:colcon.colcon_core.package_identification:_identify(src/robot_communication_interfaces) by extension 'colcon_meta'
[0.225s] Level 1:colcon.colcon_core.package_identification:_identify(src/robot_communication_interfaces) by extensions ['ros']
[0.225s] Level 1:colcon.colcon_core.package_identification:_identify(src/robot_communication_interfaces) by extension 'ros'
[0.226s] DEBUG:colcon.colcon_core.package_identification:Package 'src/robot_communication_interfaces' with type 'ros.ament_cmake' and name 'robot_communication_interfaces'
[0.226s] Level 1:colcon.colcon_core.package_discovery:discover_packages(recursive) using defaults
[0.226s] Level 1:colcon.colcon_core.package_discovery:discover_packages(ignore) discover
[0.226s] Level 1:colcon.colcon_core.package_discovery:discover_packages(ignore) using defaults
[0.226s] Level 1:colcon.colcon_core.package_discovery:discover_packages(path) discover
[0.226s] Level 1:colcon.colcon_core.package_discovery:discover_packages(path) using defaults
[0.242s] Level 5:colcon.colcon_core.verb:set package 'controller' build argument 'cmake_args' from command line to 'None'
[0.242s] Level 5:colcon.colcon_core.verb:set package 'controller' build argument 'cmake_target' from command line to 'None'
[0.242s] Level 5:colcon.colcon_core.verb:set package 'controller' build argument 'cmake_target_skip_unavailable' from command line to 'False'
[0.242s] Level 5:colcon.colcon_core.verb:set package 'controller' build argument 'cmake_clean_cache' from command line to 'False'
[0.242s] Level 5:colcon.colcon_core.verb:set package 'controller' build argument 'cmake_clean_first' from command line to 'False'
[0.242s] Level 5:colcon.colcon_core.verb:set package 'controller' build argument 'cmake_force_configure' from command line to 'False'
[0.242s] Level 5:colcon.colcon_core.verb:set package 'controller' build argument 'ament_cmake_args' from command line to 'None'
[0.242s] Level 5:colcon.colcon_core.verb:set package 'controller' build argument 'catkin_cmake_args' from command line to 'None'
[0.242s] Level 5:colcon.colcon_core.verb:set package 'controller' build argument 'catkin_skip_building_tests' from command line to 'False'
[0.242s] DEBUG:colcon.colcon_core.verb:Building package 'controller' with the following arguments: {'ament_cmake_args': None, 'build_base': '/home/ghost/Desktop/dev_ws/build/controller', 'catkin_cmake_args': None, 'catkin_skip_building_tests': False, 'cmake_args': None, 'cmake_clean_cache': False, 'cmake_clean_first': False, 'cmake_force_configure': False, 'cmake_target': None, 'cmake_target_skip_unavailable': False, 'install_base': '/home/ghost/Desktop/dev_ws/install/controller', 'merge_install': False, 'path': '/home/ghost/Desktop/dev_ws/src/controller', 'symlink_install': False, 'test_result_base': None}
[0.244s] Level 5:colcon.colcon_core.verb:set package 'robot_communication_interfaces' build argument 'cmake_args' from command line to 'None'
[0.244s] Level 5:colcon.colcon_core.verb:set package 'robot_communication_interfaces' build argument 'cmake_target' from command line to 'None'
[0.244s] Level 5:colcon.colcon_core.verb:set package 'robot_communication_interfaces' build argument 'cmake_target_skip_unavailable' from command line to 'False'
[0.244s] Level 5:colcon.colcon_core.verb:set package 'robot_communication_interfaces' build argument 'cmake_clean_cache' from command line to 'False'
[0.244s] Level 5:colcon.colcon_core.verb:set package 'robot_communication_interfaces' build argument 'cmake_clean_first' from command line to 'False'
[0.244s] Level 5:colcon.colcon_core.verb:set package 'robot_communication_interfaces' build argument 'cmake_force_configure' from command line to 'False'
[0.244s] Level 5:colcon.colcon_core.verb:set package 'robot_communication_interfaces' build argument 'ament_cmake_args' from command line to 'None'
[0.244s] Level 5:colcon.colcon_core.verb:set package 'robot_communication_interfaces' build argument 'catkin_cmake_args' from command line to 'None'
[0.244s] Level 5:colcon.colcon_core.verb:set package 'robot_communication_interfaces' build argument 'catkin_skip_building_tests' from command line to 'False'
[0.244s] DEBUG:colcon.colcon_core.verb:Building package 'robot_communication_interfaces' with the following arguments: {'ament_cmake_args': None, 'build_base': '/home/ghost/Desktop/dev_ws/build/robot_communication_interfaces', 'catkin_cmake_args': None, 'catkin_skip_building_tests': False, 'cmake_args': None, 'cmake_clean_cache': False, 'cmake_clean_first': False, 'cmake_force_configure': False, 'cmake_target': None, 'cmake_target_skip_unavailable': False, 'install_base': '/home/ghost/Desktop/dev_ws/install/robot_communication_interfaces', 'merge_install': False, 'path': '/home/ghost/Desktop/dev_ws/src/robot_communication_interfaces', 'symlink_install': False, 'test_result_base': None}
[0.244s] INFO:colcon.colcon_core.executor:Executing jobs using 'parallel' executor
[0.246s] DEBUG:colcon.colcon_parallel_executor.executor.parallel:run_until_complete
[0.246s] INFO:colcon.colcon_ros.task.ament_python.build:Building ROS package in '/home/ghost/Desktop/dev_ws/src/controller' with build type 'ament_python'
[0.246s] Level 1:colcon.colcon_core.shell:create_environment_hook('controller', 'ament_prefix_path')
[0.250s] INFO:colcon.colcon_core.plugin_system:Skipping extension 'colcon_core.shell.bat': Not used on non-Windows systems
[0.250s] INFO:colcon.colcon_core.shell:Creating environment hook '/home/ghost/Desktop/dev_ws/install/controller/share/controller/hook/ament_prefix_path.ps1'
[0.251s] INFO:colcon.colcon_core.shell:Creating environment descriptor '/home/ghost/Desktop/dev_ws/install/controller/share/controller/hook/ament_prefix_path.dsv'
[0.251s] INFO:colcon.colcon_core.shell:Creating environment hook '/home/ghost/Desktop/dev_ws/install/controller/share/controller/hook/ament_prefix_path.sh'
[0.252s] INFO:colcon.colcon_core.shell:Skip shell extension 'powershell' for command environment: Not usable outside of PowerShell
[0.252s] DEBUG:colcon.colcon_core.shell:Skip shell extension 'dsv' for command environment
[0.257s] INFO:colcon.colcon_ros.task.ament_cmake.build:Building ROS package in '/home/ghost/Desktop/dev_ws/src/robot_communication_interfaces' with build type 'ament_cmake'
[0.257s] INFO:colcon.colcon_cmake.task.cmake.build:Building CMake package in '/home/ghost/Desktop/dev_ws/src/robot_communication_interfaces'
[0.258s] INFO:colcon.colcon_core.shell:Skip shell extension 'powershell' for command environment: Not usable outside of PowerShell
[0.258s] DEBUG:colcon.colcon_core.shell:Skip shell extension 'dsv' for command environment
[0.425s] INFO:colcon.colcon_core.task.python.build:Building Python package in '/home/ghost/Desktop/dev_ws/src/controller'
[0.426s] INFO:colcon.colcon_core.shell:Skip shell extension 'powershell' for command environment: Not usable outside of PowerShell
[0.426s] DEBUG:colcon.colcon_core.shell:Skip shell extension 'dsv' for command environment
[0.437s] DEBUG:colcon.colcon_core.event_handler.log_command:Invoking command in '/home/ghost/Desktop/dev_ws/build/robot_communication_interfaces': /usr/bin/cmake --build /home/ghost/Desktop/dev_ws/build/robot_communication_interfaces -- -j4 -l4
[0.443s] DEBUG:colcon.colcon_core.event_handler.log_command:Invoking command in '/home/ghost/Desktop/dev_ws/src/controller': PYTHONPATH=/home/ghost/Desktop/dev_ws/install/controller/lib/python3.8/site-packages: /usr/bin/python3 setup.py egg_info --egg-base ../../build/controller build --build-base /home/ghost/Desktop/dev_ws/build/controller/build install --prefix /home/ghost/Desktop/dev_ws/install/controller --record /home/ghost/Desktop/dev_ws/build/controller/install.log --single-version-externally-managed
[0.647s] DEBUG:colcon.colcon_core.event_handler.log_command:Invoked command in '/home/ghost/Desktop/dev_ws/build/robot_communication_interfaces' returned '0': /usr/bin/cmake --build /home/ghost/Desktop/dev_ws/build/robot_communication_interfaces -- -j4 -l4
[0.707s] DEBUG:colcon.colcon_core.event_handler.log_command:Invoked command in '/home/ghost/Desktop/dev_ws/src/controller' returned '0': PYTHONPATH=/home/ghost/Desktop/dev_ws/install/controller/lib/python3.8/site-packages: /usr/bin/python3 setup.py egg_info --egg-base ../../build/controller build --build-base /home/ghost/Desktop/dev_ws/build/controller/build install --prefix /home/ghost/Desktop/dev_ws/install/controller --record /home/ghost/Desktop/dev_ws/build/controller/install.log --single-version-externally-managed
[0.709s] Level 1:colcon.colcon_core.environment:checking '/home/ghost/Desktop/dev_ws/install/controller' for CMake module files
[0.709s] Level 1:colcon.colcon_core.environment:checking '/home/ghost/Desktop/dev_ws/install/controller' for CMake config files
[0.710s] Level 1:colcon.colcon_core.environment:checking '/home/ghost/Desktop/dev_ws/install/controller/lib'
[0.710s] Level 1:colcon.colcon_core.environment:checking '/home/ghost/Desktop/dev_ws/install/controller/bin'
[0.710s] Level 1:colcon.colcon_core.environment:checking '/home/ghost/Desktop/dev_ws/install/controller/lib/pkgconfig/controller.pc'
[0.710s] Level 1:colcon.colcon_core.environment:checking '/home/ghost/Desktop/dev_ws/install/controller/lib/python3.8/site-packages'
[0.710s] Level 1:colcon.colcon_core.shell:create_environment_hook('controller', 'pythonpath')
[0.711s] INFO:colcon.colcon_core.shell:Creating environment hook '/home/ghost/Desktop/dev_ws/install/controller/share/controller/hook/pythonpath.ps1'
[0.711s] INFO:colcon.colcon_core.shell:Creating environment descriptor '/home/ghost/Desktop/dev_ws/install/controller/share/controller/hook/pythonpath.dsv'
[0.712s] INFO:colcon.colcon_core.shell:Creating environment hook '/home/ghost/Desktop/dev_ws/install/controller/share/controller/hook/pythonpath.sh'
[0.712s] Level 1:colcon.colcon_core.environment:create_environment_scripts_only(controller)
[0.713s] INFO:colcon.colcon_core.shell:Creating package script '/home/ghost/Desktop/dev_ws/install/controller/share/controller/package.ps1'
[0.713s] INFO:colcon.colcon_core.shell:Creating package descriptor '/home/ghost/Desktop/dev_ws/install/controller/share/controller/package.dsv'
[0.714s] INFO:colcon.colcon_core.shell:Creating package script '/home/ghost/Desktop/dev_ws/install/controller/share/controller/package.sh'
[0.714s] INFO:colcon.colcon_core.shell:Creating package script '/home/ghost/Desktop/dev_ws/install/controller/share/controller/package.bash'
[0.715s] INFO:colcon.colcon_core.shell:Creating package script '/home/ghost/Desktop/dev_ws/install/controller/share/controller/package.zsh'
[0.716s] Level 1:colcon.colcon_core.environment:create_file_with_runtime_dependencies(/home/ghost/Desktop/dev_ws/install/controller/share/colcon-core/packages/controller)
[0.738s] DEBUG:colcon.colcon_core.event_handler.log_command:Invoking command in '/home/ghost/Desktop/dev_ws/build/robot_communication_interfaces': /usr/bin/cmake --install /home/ghost/Desktop/dev_ws/build/robot_communication_interfaces
[0.802s] Level 1:colcon.colcon_core.environment:create_environment_scripts_only(robot_communication_interfaces)
[0.803s] Level 1:colcon.colcon_core.environment:checking '/home/ghost/Desktop/dev_ws/install/robot_communication_interfaces' for CMake module files
[0.803s] DEBUG:colcon.colcon_core.event_handler.log_command:Invoked command in '/home/ghost/Desktop/dev_ws/build/robot_communication_interfaces' returned '0': /usr/bin/cmake --install /home/ghost/Desktop/dev_ws/build/robot_communication_interfaces
[0.804s] Level 1:colcon.colcon_core.environment:checking '/home/ghost/Desktop/dev_ws/install/robot_communication_interfaces' for CMake config files
[0.804s] Level 1:colcon.colcon_core.shell:create_environment_hook('robot_communication_interfaces', 'cmake_prefix_path')
[0.805s] INFO:colcon.colcon_core.shell:Creating environment hook '/home/ghost/Desktop/dev_ws/install/robot_communication_interfaces/share/robot_communication_interfaces/hook/cmake_prefix_path.ps1'
[0.805s] INFO:colcon.colcon_core.shell:Creating environment descriptor '/home/ghost/Desktop/dev_ws/install/robot_communication_interfaces/share/robot_communication_interfaces/hook/cmake_prefix_path.dsv'
[0.806s] INFO:colcon.colcon_core.shell:Creating environment hook '/home/ghost/Desktop/dev_ws/install/robot_communication_interfaces/share/robot_communication_interfaces/hook/cmake_prefix_path.sh'
[0.806s] Level 1:colcon.colcon_core.environment:checking '/home/ghost/Desktop/dev_ws/install/robot_communication_interfaces/lib'
[0.806s] Level 1:colcon.colcon_core.shell:create_environment_hook('robot_communication_interfaces', 'ld_library_path_lib')
[0.807s] INFO:colcon.colcon_core.shell:Creating environment hook '/home/ghost/Desktop/dev_ws/install/robot_communication_interfaces/share/robot_communication_interfaces/hook/ld_library_path_lib.ps1'
[0.807s] INFO:colcon.colcon_core.shell:Creating environment descriptor '/home/ghost/Desktop/dev_ws/install/robot_communication_interfaces/share/robot_communication_interfaces/hook/ld_library_path_lib.dsv'
[0.807s] INFO:colcon.colcon_core.shell:Creating environment hook '/home/ghost/Desktop/dev_ws/install/robot_communication_interfaces/share/robot_communication_interfaces/hook/ld_library_path_lib.sh'
[0.808s] Level 1:colcon.colcon_core.environment:checking '/home/ghost/Desktop/dev_ws/install/robot_communication_interfaces/bin'
[0.808s] Level 1:colcon.colcon_core.environment:checking '/home/ghost/Desktop/dev_ws/install/robot_communication_interfaces/lib/pkgconfig/robot_communication_interfaces.pc'
[0.809s] Level 1:colcon.colcon_core.environment:checking '/home/ghost/Desktop/dev_ws/install/robot_communication_interfaces/lib/python3.8/site-packages'
[0.809s] Level 1:colcon.colcon_core.shell:create_environment_hook('robot_communication_interfaces', 'pythonpath')
[0.809s] INFO:colcon.colcon_core.shell:Creating environment hook '/home/ghost/Desktop/dev_ws/install/robot_communication_interfaces/share/robot_communication_interfaces/hook/pythonpath.ps1'
[0.809s] INFO:colcon.colcon_core.shell:Creating environment descriptor '/home/ghost/Desktop/dev_ws/install/robot_communication_interfaces/share/robot_communication_interfaces/hook/pythonpath.dsv'
[0.810s] INFO:colcon.colcon_core.shell:Creating environment hook '/home/ghost/Desktop/dev_ws/install/robot_communication_interfaces/share/robot_communication_interfaces/hook/pythonpath.sh'
[0.811s] INFO:colcon.colcon_core.shell:Creating package script '/home/ghost/Desktop/dev_ws/install/robot_communication_interfaces/share/robot_communication_interfaces/package.ps1'
[0.811s] INFO:colcon.colcon_core.shell:Creating package descriptor '/home/ghost/Desktop/dev_ws/install/robot_communication_interfaces/share/robot_communication_interfaces/package.dsv'
[0.811s] INFO:colcon.colcon_core.shell:Creating package script '/home/ghost/Desktop/dev_ws/install/robot_communication_interfaces/share/robot_communication_interfaces/package.sh'
[0.812s] INFO:colcon.colcon_core.shell:Creating package script '/home/ghost/Desktop/dev_ws/install/robot_communication_interfaces/share/robot_communication_interfaces/package.bash'
[0.812s] INFO:colcon.colcon_core.shell:Creating package script '/home/ghost/Desktop/dev_ws/install/robot_communication_interfaces/share/robot_communication_interfaces/package.zsh'
[0.812s] Level 1:colcon.colcon_core.environment:create_file_with_runtime_dependencies(/home/ghost/Desktop/dev_ws/install/robot_communication_interfaces/share/colcon-core/packages/robot_communication_interfaces)
[0.880s] Level 1:colcon.colcon_core.environment:create_environment_scripts_only(robot_communication_interfaces)
[0.881s] Level 1:colcon.colcon_core.environment:checking '/home/ghost/Desktop/dev_ws/install/robot_communication_interfaces' for CMake module files
[0.882s] Level 1:colcon.colcon_core.environment:checking '/home/ghost/Desktop/dev_ws/install/robot_communication_interfaces' for CMake config files
[0.883s] Level 1:colcon.colcon_core.shell:create_environment_hook('robot_communication_interfaces', 'cmake_prefix_path')
[0.883s] INFO:colcon.colcon_core.shell:Creating environment hook '/home/ghost/Desktop/dev_ws/install/robot_communication_interfaces/share/robot_communication_interfaces/hook/cmake_prefix_path.ps1'
[0.884s] INFO:colcon.colcon_core.shell:Creating environment descriptor '/home/ghost/Desktop/dev_ws/install/robot_communication_interfaces/share/robot_communication_interfaces/hook/cmake_prefix_path.dsv'
[0.884s] INFO:colcon.colcon_core.shell:Creating environment hook '/home/ghost/Desktop/dev_ws/install/robot_communication_interfaces/share/robot_communication_interfaces/hook/cmake_prefix_path.sh'
[0.885s] Level 1:colcon.colcon_core.environment:checking '/home/ghost/Desktop/dev_ws/install/robot_communication_interfaces/lib'
[0.885s] Level 1:colcon.colcon_core.shell:create_environment_hook('robot_communication_interfaces', 'ld_library_path_lib')
[0.885s] INFO:colcon.colcon_core.shell:Creating environment hook '/home/ghost/Desktop/dev_ws/install/robot_communication_interfaces/share/robot_communication_interfaces/hook/ld_library_path_lib.ps1'
[0.886s] INFO:colcon.colcon_core.shell:Creating environment descriptor '/home/ghost/Desktop/dev_ws/install/robot_communication_interfaces/share/robot_communication_interfaces/hook/ld_library_path_lib.dsv'
[0.886s] INFO:colcon.colcon_core.shell:Creating environment hook '/home/ghost/Desktop/dev_ws/install/robot_communication_interfaces/share/robot_communication_interfaces/hook/ld_library_path_lib.sh'
[0.886s] Level 1:colcon.colcon_core.environment:checking '/home/ghost/Desktop/dev_ws/install/robot_communication_interfaces/bin'
[0.886s] Level 1:colcon.colcon_core.environment:checking '/home/ghost/Desktop/dev_ws/install/robot_communication_interfaces/lib/pkgconfig/robot_communication_interfaces.pc'
[0.887s] Level 1:colcon.colcon_core.environment:checking '/home/ghost/Desktop/dev_ws/install/robot_communication_interfaces/lib/python3.8/site-packages'
[0.887s] Level 1:colcon.colcon_core.shell:create_environment_hook('robot_communication_interfaces', 'pythonpath')
[0.887s] INFO:colcon.colcon_core.shell:Creating environment hook '/home/ghost/Desktop/dev_ws/install/robot_communication_interfaces/share/robot_communication_interfaces/hook/pythonpath.ps1'
[0.887s] INFO:colcon.colcon_core.shell:Creating environment descriptor '/home/ghost/Desktop/dev_ws/install/robot_communication_interfaces/share/robot_communication_interfaces/hook/pythonpath.dsv'
[0.887s] INFO:colcon.colcon_core.shell:Creating environment hook '/home/ghost/Desktop/dev_ws/install/robot_communication_interfaces/share/robot_communication_interfaces/hook/pythonpath.sh'
[0.888s] INFO:colcon.colcon_core.shell:Creating package script '/home/ghost/Desktop/dev_ws/install/robot_communication_interfaces/share/robot_communication_interfaces/package.ps1'
[0.889s] INFO:colcon.colcon_core.shell:Creating package descriptor '/home/ghost/Desktop/dev_ws/install/robot_communication_interfaces/share/robot_communication_interfaces/package.dsv'
[0.889s] INFO:colcon.colcon_core.shell:Creating package script '/home/ghost/Desktop/dev_ws/install/robot_communication_interfaces/share/robot_communication_interfaces/package.sh'
[0.890s] INFO:colcon.colcon_core.shell:Creating package script '/home/ghost/Desktop/dev_ws/install/robot_communication_interfaces/share/robot_communication_interfaces/package.bash'
[0.890s] INFO:colcon.colcon_core.shell:Creating package script '/home/ghost/Desktop/dev_ws/install/robot_communication_interfaces/share/robot_communication_interfaces/package.zsh'
[0.890s] Level 1:colcon.colcon_core.environment:create_file_with_runtime_dependencies(/home/ghost/Desktop/dev_ws/install/robot_communication_interfaces/share/colcon-core/packages/robot_communication_interfaces)
[0.891s] DEBUG:colcon.colcon_parallel_executor.executor.parallel:closing loop
[0.891s] DEBUG:colcon.colcon_parallel_executor.executor.parallel:loop closed
[0.891s] DEBUG:colcon.colcon_parallel_executor.executor.parallel:run_until_complete finished with '0'
[0.891s] DEBUG:colcon.colcon_core.event_reactor:joining thread
[0.897s] INFO:colcon.colcon_core.plugin_system:Skipping extension 'colcon_notification.desktop_notification.terminal_notifier': Not used on non-Darwin systems
[0.897s] INFO:colcon.colcon_core.plugin_system:Skipping extension 'colcon_notification.desktop_notification.win32': Not used on non-Windows systems
[0.897s] INFO:colcon.colcon_notification.desktop_notification:Sending desktop notification using 'notify2'
[0.903s] DEBUG:colcon.colcon_notification.desktop_notification.notify2:Failed to initialize notify2: org.freedesktop.DBus.Error.ServiceUnknown: The name org.freedesktop.Notifications was not provided by any .service files
[0.903s] DEBUG:colcon.colcon_core.event_reactor:joined thread
[0.904s] INFO:colcon.colcon_core.shell:Creating prefix script '/home/ghost/Desktop/dev_ws/install/local_setup.ps1'
[0.905s] INFO:colcon.colcon_core.shell:Creating prefix util module '/home/ghost/Desktop/dev_ws/install/_local_setup_util_ps1.py'
[0.907s] INFO:colcon.colcon_core.shell:Creating prefix chain script '/home/ghost/Desktop/dev_ws/install/setup.ps1'
[0.908s] INFO:colcon.colcon_core.shell:Creating prefix script '/home/ghost/Desktop/dev_ws/install/local_setup.sh'
[0.909s] INFO:colcon.colcon_core.shell:Creating prefix util module '/home/ghost/Desktop/dev_ws/install/_local_setup_util_sh.py'
[0.909s] INFO:colcon.colcon_core.shell:Creating prefix chain script '/home/ghost/Desktop/dev_ws/install/setup.sh'
[0.911s] INFO:colcon.colcon_core.shell:Creating prefix script '/home/ghost/Desktop/dev_ws/install/local_setup.bash'
[0.912s] INFO:colcon.colcon_core.shell:Creating prefix chain script '/home/ghost/Desktop/dev_ws/install/setup.bash'
[0.913s] INFO:colcon.colcon_core.shell:Creating prefix script '/home/ghost/Desktop/dev_ws/install/local_setup.zsh'
[0.913s] INFO:colcon.colcon_core.shell:Creating prefix chain script '/home/ghost/Desktop/dev_ws/install/setup.zsh'
