[0.000000] (-) TimerEvent: {}
[0.000268] (-) JobUnselected: {'identifier': 'robot_communication_interfaces'}
[0.000338] (controller) JobQueued: {'identifier': 'controller', 'dependencies': OrderedDict()}
[0.000419] (controller) JobStarted: {'identifier': 'controller'}
[0.096631] (-) TimerEvent: {}
[0.197319] (-) TimerEvent: {}
[0.297991] (-) TimerEvent: {}
[0.398537] (-) TimerEvent: {}
[0.432012] (controller) Command: {'cmd': ['/usr/bin/python3', 'setup.py', 'egg_info', '--egg-base', '../../build/controller', 'build', '--build-base', '/home/ghost/Desktop/dev_ws/build/controller/build', 'install', '--prefix', '/home/ghost/Desktop/dev_ws/install/controller', '--record', '/home/ghost/Desktop/dev_ws/build/controller/install.log', '--single-version-externally-managed'], 'cwd': '/home/ghost/Desktop/dev_ws/src/controller', 'env': {'SUDO_GID': '1000', 'MAIL': '/var/mail/root', 'LANGUAGE': 'en_IN:en', 'USER': 'root', 'HOME': '/root', 'COLORTERM': 'truecolor', 'SUDO_UID': '1000', 'LOGNAME': 'root', 'TERM': 'xterm-256color', 'PATH': '/usr/local/sbin:/usr/local/bin:/usr/sbin:/usr/bin:/sbin:/bin:/snap/bin', 'DISPLAY': ':0', 'LANG': 'en_US.UTF-8', 'XAUTHORITY': '/run/user/1000/gdm/Xauthority', 'SUDO_COMMAND': '/usr/bin/colcon build --packages-select controller', 'SHELL': '/bin/bash', 'SUDO_USER': 'ghost', 'LC_ALL': 'en_US.UTF-8', 'PWD': '/home/ghost/Desktop/dev_ws/build/controller', 'COLCON': '1', 'PYTHONPATH': '/home/ghost/Desktop/dev_ws/install/controller/lib/python3.8/site-packages:'}, 'shell': False}
[0.499074] (-) TimerEvent: {}
[0.599641] (-) TimerEvent: {}
[0.700090] (-) TimerEvent: {}
[0.800655] (-) TimerEvent: {}
[0.901548] (-) TimerEvent: {}
[0.942094] (controller) StdoutLine: {'line': b'running egg_info\n'}
[0.943175] (controller) StdoutLine: {'line': b'writing ../../build/controller/controller.egg-info/PKG-INFO\n'}
[0.943971] (controller) StdoutLine: {'line': b'writing dependency_links to ../../build/controller/controller.egg-info/dependency_links.txt\n'}
[0.944641] (controller) StdoutLine: {'line': b'writing entry points to ../../build/controller/controller.egg-info/entry_points.txt\n'}
[0.944991] (controller) StdoutLine: {'line': b'writing requirements to ../../build/controller/controller.egg-info/requires.txt\n'}
[0.945366] (controller) StdoutLine: {'line': b'writing top-level names to ../../build/controller/controller.egg-info/top_level.txt\n'}
[1.001775] (-) TimerEvent: {}
[1.044709] (controller) StdoutLine: {'line': b"reading manifest file '../../build/controller/controller.egg-info/SOURCES.txt'\n"}
[1.047823] (controller) StdoutLine: {'line': b"writing manifest file '../../build/controller/controller.egg-info/SOURCES.txt'\n"}
[1.048452] (controller) StdoutLine: {'line': b'running build\n'}
[1.048696] (controller) StdoutLine: {'line': b'running build_py\n'}
[1.051287] (controller) StdoutLine: {'line': b'copying controller/coordination.py -> /home/ghost/Desktop/dev_ws/build/controller/build/lib/controller\n'}
[1.052503] (controller) StdoutLine: {'line': b'running install\n'}
[1.054499] (controller) StdoutLine: {'line': b'running install_lib\n'}
[1.058144] (controller) StdoutLine: {'line': b'copying /home/ghost/Desktop/dev_ws/build/controller/build/lib/controller/coordination.py -> /home/ghost/Desktop/dev_ws/install/controller/lib/python3.8/site-packages/controller\n'}
[1.060466] (controller) StdoutLine: {'line': b'byte-compiling /home/ghost/Desktop/dev_ws/install/controller/lib/python3.8/site-packages/controller/coordination.py to coordination.cpython-38.pyc\n'}
[1.065948] (controller) StdoutLine: {'line': b'running install_data\n'}
[1.067019] (controller) StdoutLine: {'line': b'running install_egg_info\n'}
[1.071120] (controller) StdoutLine: {'line': b"removing '/home/ghost/Desktop/dev_ws/install/controller/lib/python3.8/site-packages/controller-0.0.1-py3.8.egg-info' (and everything under it)\n"}
[1.071826] (controller) StdoutLine: {'line': b'Copying ../../build/controller/controller.egg-info to /home/ghost/Desktop/dev_ws/install/controller/lib/python3.8/site-packages/controller-0.0.1-py3.8.egg-info\n'}
[1.074414] (controller) StdoutLine: {'line': b'running install_scripts\n'}
[1.102148] (-) TimerEvent: {}
[1.119771] (controller) StdoutLine: {'line': b'Installing controller script to /home/ghost/Desktop/dev_ws/install/controller/lib/controller\n'}
[1.121758] (controller) StdoutLine: {'line': b"writing list of installed files to '/home/ghost/Desktop/dev_ws/build/controller/install.log'\n"}
[1.166350] (controller) CommandEnded: {'returncode': 0}
[1.196509] (controller) JobEnded: {'identifier': 'controller', 'rc': 0}
[1.197543] (-) EventReactorShutdown: {}
