[0.000000] (-) TimerEvent: {}
[0.000624] (-) JobUnselected: {'identifier': 'robot_communication_interfaces'}
[0.000689] (controller) JobQueued: {'identifier': 'controller', 'dependencies': OrderedDict()}
[0.000740] (controller) JobStarted: {'identifier': 'controller'}
[0.097102] (-) TimerEvent: {}
[0.197583] (-) TimerEvent: {}
[0.297974] (-) TimerEvent: {}
[0.399566] (-) TimerEvent: {}
[0.407771] (controller) Command: {'cmd': ['/usr/bin/python3', 'setup.py', 'egg_info', '--egg-base', '../../build/controller', 'build', '--build-base', '/home/ghost/Desktop/dev_ws/build/controller/build', 'install', '--prefix', '/home/ghost/Desktop/dev_ws/install/controller', '--record', '/home/ghost/Desktop/dev_ws/build/controller/install.log', '--single-version-externally-managed'], 'cwd': '/home/ghost/Desktop/dev_ws/src/controller', 'env': {'SUDO_GID': '1000', 'MAIL': '/var/mail/root', 'LANGUAGE': 'en_IN:en', 'USER': 'root', 'HOME': '/root', 'COLORTERM': 'truecolor', 'SUDO_UID': '1000', 'LOGNAME': 'root', 'TERM': 'xterm-256color', 'PATH': '/usr/local/sbin:/usr/local/bin:/usr/sbin:/usr/bin:/sbin:/bin:/snap/bin', 'DISPLAY': ':0', 'LANG': 'en_US.UTF-8', 'XAUTHORITY': '/run/user/1000/gdm/Xauthority', 'SUDO_COMMAND': '/usr/bin/colcon build --packages-select controller', 'SHELL': '/bin/bash', 'SUDO_USER': 'ghost', 'LC_ALL': 'en_US.UTF-8', 'PWD': '/home/ghost/Desktop/dev_ws/build/controller', 'COLCON': '1', 'PYTHONPATH': '/home/ghost/Desktop/dev_ws/install/controller/lib/python3.8/site-packages:'}, 'shell': False}
[0.499761] (-) TimerEvent: {}
[0.600335] (-) TimerEvent: {}
[0.700796] (-) TimerEvent: {}
[0.778166] (controller) StdoutLine: {'line': b'running egg_info\n'}
[0.779057] (controller) StdoutLine: {'line': b'writing ../../build/controller/controller.egg-info/PKG-INFO\n'}
[0.779691] (controller) StdoutLine: {'line': b'writing dependency_links to ../../build/controller/controller.egg-info/dependency_links.txt\n'}
[0.779969] (controller) StdoutLine: {'line': b'writing entry points to ../../build/controller/controller.egg-info/entry_points.txt\n'}
[0.780347] (controller) StdoutLine: {'line': b'writing requirements to ../../build/controller/controller.egg-info/requires.txt\n'}
[0.780647] (controller) StdoutLine: {'line': b'writing top-level names to ../../build/controller/controller.egg-info/top_level.txt\n'}
[0.800927] (-) TimerEvent: {}
[0.854504] (controller) StdoutLine: {'line': b"reading manifest file '../../build/controller/controller.egg-info/SOURCES.txt'\n"}
[0.856564] (controller) StdoutLine: {'line': b"writing manifest file '../../build/controller/controller.egg-info/SOURCES.txt'\n"}
[0.857010] (controller) StdoutLine: {'line': b'running build\n'}
[0.857188] (controller) StdoutLine: {'line': b'running build_py\n'}
[0.859378] (controller) StdoutLine: {'line': b'running install\n'}
[0.860866] (controller) StdoutLine: {'line': b'running install_lib\n'}
[0.867093] (controller) StdoutLine: {'line': b'running install_data\n'}
[0.868162] (controller) StdoutLine: {'line': b'running install_egg_info\n'}
[0.871893] (controller) StdoutLine: {'line': b"removing '/home/ghost/Desktop/dev_ws/install/controller/lib/python3.8/site-packages/controller-0.0.1-py3.8.egg-info' (and everything under it)\n"}
[0.872453] (controller) StdoutLine: {'line': b'Copying ../../build/controller/controller.egg-info to /home/ghost/Desktop/dev_ws/install/controller/lib/python3.8/site-packages/controller-0.0.1-py3.8.egg-info\n'}
[0.873962] (controller) StdoutLine: {'line': b'running install_scripts\n'}
[0.901104] (-) TimerEvent: {}
[0.909338] (controller) StdoutLine: {'line': b'Installing controller script to /home/ghost/Desktop/dev_ws/install/controller/lib/controller\n'}
[0.911345] (controller) StdoutLine: {'line': b"writing list of installed files to '/home/ghost/Desktop/dev_ws/build/controller/install.log'\n"}
[0.945473] (controller) CommandEnded: {'returncode': 0}
[0.970638] (controller) JobEnded: {'identifier': 'controller', 'rc': 0}
[0.972838] (-) EventReactorShutdown: {}
