[0.000000] (-) TimerEvent: {}
[0.000273] (controller) JobQueued: {'identifier': 'controller', 'dependencies': OrderedDict()}
[0.000317] (controller) JobStarted: {'identifier': 'controller'}
[0.087463] (-) TimerEvent: {}
[0.188058] (-) TimerEvent: {}
[0.288416] (-) TimerEvent: {}
[0.324170] (controller) Command: {'cmd': ['/usr/bin/python3', 'setup.py', 'egg_info', '--egg-base', '../../build/controller', 'build', '--build-base', '/home/ghost/Desktop/dev_ws/build/controller/build', 'install', '--prefix', '/home/ghost/Desktop/dev_ws/install/controller', '--record', '/home/ghost/Desktop/dev_ws/build/controller/install.log', '--single-version-externally-managed'], 'cwd': '/home/ghost/Desktop/dev_ws/src/controller', 'env': {'SUDO_GID': '1000', 'MAIL': '/var/mail/root', 'LANGUAGE': 'en_IN:en', 'USER': 'root', 'HOME': '/root', 'COLORTERM': 'truecolor', 'SUDO_UID': '1000', 'LOGNAME': 'root', 'TERM': 'xterm-256color', 'PATH': '/usr/local/sbin:/usr/local/bin:/usr/sbin:/usr/bin:/sbin:/bin:/snap/bin', 'DISPLAY': ':0', 'LANG': 'en_US.UTF-8', 'XAUTHORITY': '/run/user/1000/gdm/Xauthority', 'SUDO_COMMAND': '/usr/bin/colcon build', 'SHELL': '/bin/bash', 'SUDO_USER': 'ghost', 'LC_ALL': 'en_US.UTF-8', 'PWD': '/home/ghost/Desktop/dev_ws/build/controller', 'COLCON': '1', 'PYTHONPATH': '/home/ghost/Desktop/dev_ws/install/controller/lib/python3.8/site-packages:'}, 'shell': False}
[0.389341] (-) TimerEvent: {}
[0.489791] (-) TimerEvent: {}
[0.590344] (-) TimerEvent: {}
[0.691462] (-) TimerEvent: {}
[0.791995] (-) TimerEvent: {}
[0.822857] (controller) StdoutLine: {'line': b'running egg_info\n'}
[0.824118] (controller) StdoutLine: {'line': b'writing ../../build/controller/controller.egg-info/PKG-INFO\n'}
[0.824297] (controller) StdoutLine: {'line': b'writing dependency_links to ../../build/controller/controller.egg-info/dependency_links.txt\n'}
[0.824411] (controller) StdoutLine: {'line': b'writing entry points to ../../build/controller/controller.egg-info/entry_points.txt\n'}
[0.824510] (controller) StdoutLine: {'line': b'writing requirements to ../../build/controller/controller.egg-info/requires.txt\n'}
[0.824610] (controller) StdoutLine: {'line': b'writing top-level names to ../../build/controller/controller.egg-info/top_level.txt\n'}
[0.892395] (-) TimerEvent: {}
[0.900259] (controller) StdoutLine: {'line': b"reading manifest file '../../build/controller/controller.egg-info/SOURCES.txt'\n"}
[0.901871] (controller) StdoutLine: {'line': b"writing manifest file '../../build/controller/controller.egg-info/SOURCES.txt'\n"}
[0.902286] (controller) StdoutLine: {'line': b'running build\n'}
[0.902449] (controller) StdoutLine: {'line': b'running build_py\n'}
[0.903280] (controller) StdoutLine: {'line': b'copying controller/mapper.py -> /home/ghost/Desktop/dev_ws/build/controller/build/lib/controller\n'}
[0.904546] (controller) StdoutLine: {'line': b'running install\n'}
[0.905569] (controller) StdoutLine: {'line': b'running install_lib\n'}
[0.908668] (controller) StdoutLine: {'line': b'copying /home/ghost/Desktop/dev_ws/build/controller/build/lib/controller/mapper.py -> /home/ghost/Desktop/dev_ws/install/controller/lib/python3.8/site-packages/controller\n'}
[0.910181] (controller) StdoutLine: {'line': b'byte-compiling /home/ghost/Desktop/dev_ws/install/controller/lib/python3.8/site-packages/controller/mapper.py to mapper.cpython-38.pyc\n'}
[0.912870] (controller) StdoutLine: {'line': b'running install_data\n'}
[0.913621] (controller) StdoutLine: {'line': b'running install_egg_info\n'}
[0.917206] (controller) StdoutLine: {'line': b"removing '/home/ghost/Desktop/dev_ws/install/controller/lib/python3.8/site-packages/controller-0.0.1-py3.8.egg-info' (and everything under it)\n"}
[0.917720] (controller) StdoutLine: {'line': b'Copying ../../build/controller/controller.egg-info to /home/ghost/Desktop/dev_ws/install/controller/lib/python3.8/site-packages/controller-0.0.1-py3.8.egg-info\n'}
[0.918930] (controller) StdoutLine: {'line': b'running install_scripts\n'}
[0.958695] (controller) StdoutLine: {'line': b'Installing controller script to /home/ghost/Desktop/dev_ws/install/controller/lib/controller\n'}
[0.960599] (controller) StdoutLine: {'line': b"writing list of installed files to '/home/ghost/Desktop/dev_ws/build/controller/install.log'\n"}
[0.992538] (-) TimerEvent: {}
[1.000773] (controller) CommandEnded: {'returncode': 0}
[1.015318] (controller) JobEnded: {'identifier': 'controller', 'rc': 0}
[1.016637] (-) EventReactorShutdown: {}
