[0.194s] Invoking command in '/home/ghost/Desktop/dev_ws/src/controller': PYTHONPATH=/home/ghost/Desktop/dev_ws/install/controller/lib/python3.8/site-packages: /usr/bin/python3 setup.py egg_info --egg-base ../../build/controller build --build-base /home/ghost/Desktop/dev_ws/build/controller/build install --prefix /home/ghost/Desktop/dev_ws/install/controller --record /home/ghost/Desktop/dev_ws/build/controller/install.log --single-version-externally-managed
[0.355s] running egg_info
[0.356s] writing ../../build/controller/controller.egg-info/PKG-INFO
[0.356s] writing dependency_links to ../../build/controller/controller.egg-info/dependency_links.txt
[0.356s] writing entry points to ../../build/controller/controller.egg-info/entry_points.txt
[0.356s] writing requirements to ../../build/controller/controller.egg-info/requires.txt
[0.356s] writing top-level names to ../../build/controller/controller.egg-info/top_level.txt
[0.388s] reading manifest file '../../build/controller/controller.egg-info/SOURCES.txt'
[0.390s] writing manifest file '../../build/controller/controller.egg-info/SOURCES.txt'
[0.390s] running build
[0.391s] running build_py
[0.391s] copying controller/communicator.py -> /home/ghost/Desktop/dev_ws/build/controller/build/lib/controller
[0.391s] running install
[0.392s] running install_lib
[0.392s] copying /home/ghost/Desktop/dev_ws/build/controller/build/lib/controller/communicator.py -> /home/ghost/Desktop/dev_ws/install/controller/lib/python3.8/site-packages/controller
[0.393s] byte-compiling /home/ghost/Desktop/dev_ws/install/controller/lib/python3.8/site-packages/controller/communicator.py to communicator.cpython-38.pyc
[0.394s] running install_data
[0.395s] running install_egg_info
[0.396s] removing '/home/ghost/Desktop/dev_ws/install/controller/lib/python3.8/site-packages/controller-0.0.1-py3.8.egg-info' (and everything under it)
[0.396s] Copying ../../build/controller/controller.egg-info to /home/ghost/Desktop/dev_ws/install/controller/lib/python3.8/site-packages/controller-0.0.1-py3.8.egg-info
[0.397s] running install_scripts
[0.412s] Installing controller script to /home/ghost/Desktop/dev_ws/install/controller/lib/controller
[0.413s] writing list of installed files to '/home/ghost/Desktop/dev_ws/build/controller/install.log'
[0.434s] Invoked command in '/home/ghost/Desktop/dev_ws/src/controller' returned '0': PYTHONPATH=/home/ghost/Desktop/dev_ws/install/controller/lib/python3.8/site-packages: /usr/bin/python3 setup.py egg_info --egg-base ../../build/controller build --build-base /home/ghost/Desktop/dev_ws/build/controller/build install --prefix /home/ghost/Desktop/dev_ws/install/controller --record /home/ghost/Desktop/dev_ws/build/controller/install.log --single-version-externally-managed
