[0.000000] (-) TimerEvent: {}
[0.000164] (controller) JobQueued: {'identifier': 'controller', 'dependencies': OrderedDict()}
[0.000193] (robot_communication_interfaces) JobQueued: {'identifier': 'robot_communication_interfaces', 'dependencies': OrderedDict()}
[0.000214] (controller) JobStarted: {'identifier': 'controller'}
[0.012903] (robot_communication_interfaces) JobStarted: {'identifier': 'robot_communication_interfaces'}
[0.099086] (-) TimerEvent: {}
[0.195204] (robot_communication_interfaces) JobProgress: {'identifier': 'robot_communication_interfaces', 'progress': 'cmake'}
[0.196047] (robot_communication_interfaces) JobProgress: {'identifier': 'robot_communication_interfaces', 'progress': 'build'}
[0.197225] (robot_communication_interfaces) Command: {'cmd': ['/usr/bin/cmake', '--build', '/home/ghost/Desktop/dev_ws/build/robot_communication_interfaces', '--', '-j4', '-l4'], 'cwd': '/home/ghost/Desktop/dev_ws/build/robot_communication_interfaces', 'env': OrderedDict([('SUDO_GID', '1000'), ('MAIL', '/var/mail/root'), ('LANGUAGE', 'en_IN:en'), ('USER', 'root'), ('HOME', '/root'), ('COLORTERM', 'truecolor'), ('SUDO_UID', '1000'), ('LOGNAME', 'root'), ('TERM', 'xterm-256color'), ('PATH', '/usr/local/sbin:/usr/local/bin:/usr/sbin:/usr/bin:/sbin:/bin:/snap/bin'), ('DISPLAY', ':0'), ('LANG', 'en_US.UTF-8'), ('XAUTHORITY', '/run/user/1000/gdm/Xauthority'), ('SUDO_COMMAND', '/usr/bin/colcon build'), ('SHELL', '/bin/bash'), ('SUDO_USER', 'ghost'), ('LC_ALL', 'en_US.UTF-8'), ('PWD', '/home/ghost/Desktop/dev_ws/build/robot_communication_interfaces'), ('COLCON', '1')]), 'shell': False}
[0.200803] (-) TimerEvent: {}
[0.207446] (controller) Command: {'cmd': ['/usr/bin/python3', 'setup.py', 'egg_info', '--egg-base', '../../build/controller', 'build', '--build-base', '/home/ghost/Desktop/dev_ws/build/controller/build', 'install', '--prefix', '/home/ghost/Desktop/dev_ws/install/controller', '--record', '/home/ghost/Desktop/dev_ws/build/controller/install.log', '--single-version-externally-managed'], 'cwd': '/home/ghost/Desktop/dev_ws/src/controller', 'env': {'SUDO_GID': '1000', 'MAIL': '/var/mail/root', 'LANGUAGE': 'en_IN:en', 'USER': 'root', 'HOME': '/root', 'COLORTERM': 'truecolor', 'SUDO_UID': '1000', 'LOGNAME': 'root', 'TERM': 'xterm-256color', 'PATH': '/usr/local/sbin:/usr/local/bin:/usr/sbin:/usr/bin:/sbin:/bin:/snap/bin', 'DISPLAY': ':0', 'LANG': 'en_US.UTF-8', 'XAUTHORITY': '/run/user/1000/gdm/Xauthority', 'SUDO_COMMAND': '/usr/bin/colcon build', 'SHELL': '/bin/bash', 'SUDO_USER': 'ghost', 'LC_ALL': 'en_US.UTF-8', 'PWD': '/home/ghost/Desktop/dev_ws/build/controller', 'COLCON': '1', 'PYTHONPATH': '/home/ghost/Desktop/dev_ws/install/controller/lib/python3.8/site-packages:'}, 'shell': False}
[0.263100] (robot_communication_interfaces) StdoutLine: {'line': b'[ 10%] Built target robot_communication_interfaces__rosidl_generator_c\n'}
[0.264694] (robot_communication_interfaces) StdoutLine: {'line': b'[ 12%] Built target robot_communication_interfaces__cpp\n'}
[0.293688] (robot_communication_interfaces) StdoutLine: {'line': b'[ 23%] Built target robot_communication_interfaces__rosidl_typesupport_introspection_cpp\n'}
[0.300949] (-) TimerEvent: {}
[0.311803] (robot_communication_interfaces) StdoutLine: {'line': b'[ 33%] Built target robot_communication_interfaces__rosidl_typesupport_c\n'}
[0.323527] (robot_communication_interfaces) StdoutLine: {'line': b'[ 43%] Built target robot_communication_interfaces__rosidl_typesupport_introspection_c\n'}
[0.326310] (robot_communication_interfaces) StdoutLine: {'line': b'[ 53%] Built target robot_communication_interfaces__rosidl_typesupport_cpp\n'}
[0.327950] (robot_communication_interfaces) StdoutLine: {'line': b'[ 64%] Built target robot_communication_interfaces__rosidl_typesupport_fastrtps_cpp\n'}
[0.373281] (robot_communication_interfaces) StdoutLine: {'line': b'[ 74%] Built target robot_communication_interfaces__rosidl_typesupport_fastrtps_c\n'}
[0.398534] (robot_communication_interfaces) StdoutLine: {'line': b'[ 74%] Built target robot_communication_interfaces\n'}
[0.401084] (-) TimerEvent: {}
[0.413286] (controller) StdoutLine: {'line': b'running egg_info\n'}
[0.414198] (controller) StdoutLine: {'line': b'writing ../../build/controller/controller.egg-info/PKG-INFO\n'}
[0.414767] (controller) StdoutLine: {'line': b'writing dependency_links to ../../build/controller/controller.egg-info/dependency_links.txt\n'}
[0.415236] (controller) StdoutLine: {'line': b'writing entry points to ../../build/controller/controller.egg-info/entry_points.txt\n'}
[0.415603] (controller) StdoutLine: {'line': b'writing requirements to ../../build/controller/controller.egg-info/requires.txt\n'}
[0.416464] (controller) StdoutLine: {'line': b'writing top-level names to ../../build/controller/controller.egg-info/top_level.txt\n'}
[0.434459] (robot_communication_interfaces) StdoutLine: {'line': b'[ 76%] Built target robot_communication_interfaces__py\n'}
[0.467352] (controller) StdoutLine: {'line': b"reading manifest file '../../build/controller/controller.egg-info/SOURCES.txt'\n"}
[0.468328] (controller) StdoutLine: {'line': b"writing manifest file '../../build/controller/controller.egg-info/SOURCES.txt'\n"}
[0.468828] (controller) StdoutLine: {'line': b'running build\n'}
[0.468970] (controller) StdoutLine: {'line': b'running build_py\n'}
[0.470163] (controller) StdoutLine: {'line': b'copying controller/communicator.py -> /home/ghost/Desktop/dev_ws/build/controller/build/lib/controller\n'}
[0.470689] (controller) StdoutLine: {'line': b'copying controller/main.py -> /home/ghost/Desktop/dev_ws/build/controller/build/lib/controller\n'}
[0.471509] (controller) StdoutLine: {'line': b'running install\n'}
[0.472624] (controller) StdoutLine: {'line': b'running install_lib\n'}
[0.473515] (robot_communication_interfaces) StdoutLine: {'line': b'[ 84%] Built target robot_communication_interfaces__python\n'}
[0.474425] (controller) StdoutLine: {'line': b'copying /home/ghost/Desktop/dev_ws/build/controller/build/lib/controller/communicator.py -> /home/ghost/Desktop/dev_ws/install/controller/lib/python3.8/site-packages/controller\n'}
[0.474899] (controller) StdoutLine: {'line': b'copying /home/ghost/Desktop/dev_ws/build/controller/build/lib/controller/main.py -> /home/ghost/Desktop/dev_ws/install/controller/lib/python3.8/site-packages/controller\n'}
[0.475787] (controller) StdoutLine: {'line': b'byte-compiling /home/ghost/Desktop/dev_ws/install/controller/lib/python3.8/site-packages/controller/communicator.py to communicator.cpython-38.pyc\n'}
[0.477608] (controller) StdoutLine: {'line': b'byte-compiling /home/ghost/Desktop/dev_ws/install/controller/lib/python3.8/site-packages/controller/main.py to main.cpython-38.pyc\n'}
[0.478944] (controller) StdoutLine: {'line': b'running install_data\n'}
[0.479539] (controller) StdoutLine: {'line': b'running install_egg_info\n'}
[0.481465] (controller) StdoutLine: {'line': b"removing '/home/ghost/Desktop/dev_ws/install/controller/lib/python3.8/site-packages/controller-0.0.1-py3.8.egg-info' (and everything under it)\n"}
[0.482036] (controller) StdoutLine: {'line': b'Copying ../../build/controller/controller.egg-info to /home/ghost/Desktop/dev_ws/install/controller/lib/python3.8/site-packages/controller-0.0.1-py3.8.egg-info\n'}
[0.483116] (controller) StdoutLine: {'line': b'running install_scripts\n'}
[0.501346] (-) TimerEvent: {}
[0.506762] (controller) StdoutLine: {'line': b'Installing controller script to /home/ghost/Desktop/dev_ws/install/controller/lib/controller\n'}
[0.508065] (controller) StdoutLine: {'line': b"writing list of installed files to '/home/ghost/Desktop/dev_ws/build/controller/install.log'\n"}
[0.509513] (robot_communication_interfaces) StdoutLine: {'line': b'[ 89%] Built target robot_communication_interfaces__rosidl_typesupport_c__pyext\n'}
[0.514292] (robot_communication_interfaces) StdoutLine: {'line': b'[ 94%] Built target robot_communication_interfaces__rosidl_typesupport_introspection_c__pyext\n'}
[0.522070] (robot_communication_interfaces) StdoutLine: {'line': b'[100%] Built target robot_communication_interfaces__rosidl_typesupport_fastrtps_c__pyext\n'}
[0.536378] (controller) CommandEnded: {'returncode': 0}
[0.555656] (controller) JobEnded: {'identifier': 'controller', 'rc': 0}
[0.557365] (robot_communication_interfaces) CommandEnded: {'returncode': 0}
[0.601487] (-) TimerEvent: {}
[0.640547] (robot_communication_interfaces) JobProgress: {'identifier': 'robot_communication_interfaces', 'progress': 'install'}
[0.654921] (robot_communication_interfaces) Command: {'cmd': ['/usr/bin/cmake', '--install', '/home/ghost/Desktop/dev_ws/build/robot_communication_interfaces'], 'cwd': '/home/ghost/Desktop/dev_ws/build/robot_communication_interfaces', 'env': OrderedDict([('SUDO_GID', '1000'), ('MAIL', '/var/mail/root'), ('LANGUAGE', 'en_IN:en'), ('USER', 'root'), ('HOME', '/root'), ('COLORTERM', 'truecolor'), ('SUDO_UID', '1000'), ('LOGNAME', 'root'), ('TERM', 'xterm-256color'), ('PATH', '/usr/local/sbin:/usr/local/bin:/usr/sbin:/usr/bin:/sbin:/bin:/snap/bin'), ('DISPLAY', ':0'), ('LANG', 'en_US.UTF-8'), ('XAUTHORITY', '/run/user/1000/gdm/Xauthority'), ('SUDO_COMMAND', '/usr/bin/colcon build'), ('SHELL', '/bin/bash'), ('SUDO_USER', 'ghost'), ('LC_ALL', 'en_US.UTF-8'), ('PWD', '/home/ghost/Desktop/dev_ws/build/robot_communication_interfaces'), ('COLCON', '1')]), 'shell': False}
[0.670127] (robot_communication_interfaces) StdoutLine: {'line': b'-- Install configuration: ""\n'}
[0.670700] (robot_communication_interfaces) StdoutLine: {'line': b'-- Up-to-date: /home/ghost/Desktop/dev_ws/install/robot_communication_interfaces/share/ament_index/resource_index/rosidl_interfaces/robot_communication_interfaces\n'}
[0.670832] (robot_communication_interfaces) StdoutLine: {'line': b'-- Up-to-date: /home/ghost/Desktop/dev_ws/install/robot_communication_interfaces/include/robot_communication_interfaces\n'}
[0.670941] (robot_communication_interfaces) StdoutLine: {'line': b'-- Up-to-date: /home/ghost/Desktop/dev_ws/install/robot_communication_interfaces/include/robot_communication_interfaces/srv\n'}
[0.671046] (robot_communication_interfaces) StdoutLine: {'line': b'-- Up-to-date: /home/ghost/Desktop/dev_ws/install/robot_communication_interfaces/include/robot_communication_interfaces/srv/communication_service.h\n'}
[0.671133] (robot_communication_interfaces) StdoutLine: {'line': b'-- Up-to-date: /home/ghost/Desktop/dev_ws/install/robot_communication_interfaces/include/robot_communication_interfaces/srv/detail\n'}
[0.674224] (robot_communication_interfaces) StdoutLine: {'line': b'-- Up-to-date: /home/ghost/Desktop/dev_ws/install/robot_communication_interfaces/include/robot_communication_interfaces/srv/detail/communication_service__struct.h\n'}
[0.674367] (robot_communication_interfaces) StdoutLine: {'line': b'-- Up-to-date: /home/ghost/Desktop/dev_ws/install/robot_communication_interfaces/include/robot_communication_interfaces/srv/detail/communication_service__functions.c\n'}
[0.674467] (robot_communication_interfaces) StdoutLine: {'line': b'-- Up-to-date: /home/ghost/Desktop/dev_ws/install/robot_communication_interfaces/include/robot_communication_interfaces/srv/detail/communication_service__type_support.h\n'}
[0.674551] (robot_communication_interfaces) StdoutLine: {'line': b'-- Up-to-date: /home/ghost/Desktop/dev_ws/install/robot_communication_interfaces/include/robot_communication_interfaces/srv/detail/communication_service__functions.h\n'}
[0.674632] (robot_communication_interfaces) StdoutLine: {'line': b'-- Up-to-date: /home/ghost/Desktop/dev_ws/install/robot_communication_interfaces/include/robot_communication_interfaces/msg\n'}
[0.674714] (robot_communication_interfaces) StdoutLine: {'line': b'-- Up-to-date: /home/ghost/Desktop/dev_ws/install/robot_communication_interfaces/include/robot_communication_interfaces/msg/rosidl_generator_c__visibility_control.h\n'}
[0.674794] (robot_communication_interfaces) StdoutLine: {'line': b'-- Up-to-date: /home/ghost/Desktop/dev_ws/install/robot_communication_interfaces/include/robot_communication_interfaces/msg/communication_message.h\n'}
[0.674874] (robot_communication_interfaces) StdoutLine: {'line': b'-- Up-to-date: /home/ghost/Desktop/dev_ws/install/robot_communication_interfaces/include/robot_communication_interfaces/msg/detail\n'}
[0.675101] (robot_communication_interfaces) StdoutLine: {'line': b'-- Up-to-date: /home/ghost/Desktop/dev_ws/install/robot_communication_interfaces/include/robot_communication_interfaces/msg/detail/communication_message__type_support.h\n'}
[0.675196] (robot_communication_interfaces) StdoutLine: {'line': b'-- Up-to-date: /home/ghost/Desktop/dev_ws/install/robot_communication_interfaces/include/robot_communication_interfaces/msg/detail/communication_message__functions.h\n'}
[0.675292] (robot_communication_interfaces) StdoutLine: {'line': b'-- Up-to-date: /home/ghost/Desktop/dev_ws/install/robot_communication_interfaces/include/robot_communication_interfaces/msg/detail/communication_message__struct.h\n'}
[0.675367] (robot_communication_interfaces) StdoutLine: {'line': b'-- Up-to-date: /home/ghost/Desktop/dev_ws/install/robot_communication_interfaces/include/robot_communication_interfaces/msg/detail/communication_message__functions.c\n'}
[0.675473] (robot_communication_interfaces) StdoutLine: {'line': b'-- Up-to-date: /home/ghost/Desktop/dev_ws/install/robot_communication_interfaces/share/robot_communication_interfaces/environment/library_path.sh\n'}
[0.675558] (robot_communication_interfaces) StdoutLine: {'line': b'-- Up-to-date: /home/ghost/Desktop/dev_ws/install/robot_communication_interfaces/share/robot_communication_interfaces/environment/library_path.dsv\n'}
[0.675639] (robot_communication_interfaces) StdoutLine: {'line': b'-- Up-to-date: /home/ghost/Desktop/dev_ws/install/robot_communication_interfaces/lib/librobot_communication_interfaces__rosidl_generator_c.so\n'}
[0.675791] (robot_communication_interfaces) StdoutLine: {'line': b'-- Up-to-date: /home/ghost/Desktop/dev_ws/install/robot_communication_interfaces/include/robot_communication_interfaces\n'}
[0.675880] (robot_communication_interfaces) StdoutLine: {'line': b'-- Up-to-date: /home/ghost/Desktop/dev_ws/install/robot_communication_interfaces/include/robot_communication_interfaces/srv\n'}
[0.675968] (robot_communication_interfaces) StdoutLine: {'line': b'-- Up-to-date: /home/ghost/Desktop/dev_ws/install/robot_communication_interfaces/include/robot_communication_interfaces/srv/detail\n'}
[0.676051] (robot_communication_interfaces) StdoutLine: {'line': b'-- Up-to-date: /home/ghost/Desktop/dev_ws/install/robot_communication_interfaces/include/robot_communication_interfaces/srv/detail/communication_service__rosidl_typesupport_fastrtps_c.h\n'}
[0.676139] (robot_communication_interfaces) StdoutLine: {'line': b'-- Up-to-date: /home/ghost/Desktop/dev_ws/install/robot_communication_interfaces/include/robot_communication_interfaces/msg\n'}
[0.676265] (robot_communication_interfaces) StdoutLine: {'line': b'-- Up-to-date: /home/ghost/Desktop/dev_ws/install/robot_communication_interfaces/include/robot_communication_interfaces/msg/rosidl_typesupport_fastrtps_c__visibility_control.h\n'}
[0.676356] (robot_communication_interfaces) StdoutLine: {'line': b'-- Up-to-date: /home/ghost/Desktop/dev_ws/install/robot_communication_interfaces/include/robot_communication_interfaces/msg/detail\n'}
[0.676442] (robot_communication_interfaces) StdoutLine: {'line': b'-- Up-to-date: /home/ghost/Desktop/dev_ws/install/robot_communication_interfaces/include/robot_communication_interfaces/msg/detail/communication_message__rosidl_typesupport_fastrtps_c.h\n'}
[0.676553] (robot_communication_interfaces) StdoutLine: {'line': b'-- Up-to-date: /home/ghost/Desktop/dev_ws/install/robot_communication_interfaces/lib/librobot_communication_interfaces__rosidl_typesupport_fastrtps_c.so\n'}
[0.676653] (robot_communication_interfaces) StdoutLine: {'line': b'-- Up-to-date: /home/ghost/Desktop/dev_ws/install/robot_communication_interfaces/include/robot_communication_interfaces\n'}
[0.676802] (robot_communication_interfaces) StdoutLine: {'line': b'-- Up-to-date: /home/ghost/Desktop/dev_ws/install/robot_communication_interfaces/include/robot_communication_interfaces/srv\n'}
[0.676898] (robot_communication_interfaces) StdoutLine: {'line': b'-- Up-to-date: /home/ghost/Desktop/dev_ws/install/robot_communication_interfaces/include/robot_communication_interfaces/srv/detail\n'}
[0.677041] (robot_communication_interfaces) StdoutLine: {'line': b'-- Up-to-date: /home/ghost/Desktop/dev_ws/install/robot_communication_interfaces/include/robot_communication_interfaces/srv/detail/dds_fastrtps\n'}
[0.677267] (robot_communication_interfaces) StdoutLine: {'line': b'-- Up-to-date: /home/ghost/Desktop/dev_ws/install/robot_communication_interfaces/include/robot_communication_interfaces/srv/detail/communication_service__rosidl_typesupport_fastrtps_cpp.hpp\n'}
[0.677360] (robot_communication_interfaces) StdoutLine: {'line': b'-- Up-to-date: /home/ghost/Desktop/dev_ws/install/robot_communication_interfaces/include/robot_communication_interfaces/msg\n'}
[0.677444] (robot_communication_interfaces) StdoutLine: {'line': b'-- Up-to-date: /home/ghost/Desktop/dev_ws/install/robot_communication_interfaces/include/robot_communication_interfaces/msg/detail\n'}
[0.677531] (robot_communication_interfaces) StdoutLine: {'line': b'-- Up-to-date: /home/ghost/Desktop/dev_ws/install/robot_communication_interfaces/include/robot_communication_interfaces/msg/detail/dds_fastrtps\n'}
[0.677615] (robot_communication_interfaces) StdoutLine: {'line': b'-- Up-to-date: /home/ghost/Desktop/dev_ws/install/robot_communication_interfaces/include/robot_communication_interfaces/msg/detail/communication_message__rosidl_typesupport_fastrtps_cpp.hpp\n'}
[0.677741] (robot_communication_interfaces) StdoutLine: {'line': b'-- Up-to-date: /home/ghost/Desktop/dev_ws/install/robot_communication_interfaces/include/robot_communication_interfaces/msg/rosidl_typesupport_fastrtps_cpp__visibility_control.h\n'}
[0.677829] (robot_communication_interfaces) StdoutLine: {'line': b'-- Up-to-date: /home/ghost/Desktop/dev_ws/install/robot_communication_interfaces/lib/librobot_communication_interfaces__rosidl_typesupport_fastrtps_cpp.so\n'}
[0.677918] (robot_communication_interfaces) StdoutLine: {'line': b'-- Up-to-date: /home/ghost/Desktop/dev_ws/install/robot_communication_interfaces/include/robot_communication_interfaces\n'}
[0.678046] (robot_communication_interfaces) StdoutLine: {'line': b'-- Up-to-date: /home/ghost/Desktop/dev_ws/install/robot_communication_interfaces/include/robot_communication_interfaces/srv\n'}
[0.678366] (robot_communication_interfaces) StdoutLine: {'line': b'-- Up-to-date: /home/ghost/Desktop/dev_ws/install/robot_communication_interfaces/include/robot_communication_interfaces/srv/detail\n'}
[0.678446] (robot_communication_interfaces) StdoutLine: {'line': b'-- Up-to-date: /home/ghost/Desktop/dev_ws/install/robot_communication_interfaces/include/robot_communication_interfaces/srv/detail/communication_service__rosidl_typesupport_introspection_c.h\n'}
[0.678565] (robot_communication_interfaces) StdoutLine: {'line': b'-- Up-to-date: /home/ghost/Desktop/dev_ws/install/robot_communication_interfaces/include/robot_communication_interfaces/srv/detail/communication_service__type_support.c\n'}
[0.678640] (robot_communication_interfaces) StdoutLine: {'line': b'-- Up-to-date: /home/ghost/Desktop/dev_ws/install/robot_communication_interfaces/include/robot_communication_interfaces/msg\n'}
[0.678713] (robot_communication_interfaces) StdoutLine: {'line': b'-- Up-to-date: /home/ghost/Desktop/dev_ws/install/robot_communication_interfaces/include/robot_communication_interfaces/msg/detail\n'}
[0.678785] (robot_communication_interfaces) StdoutLine: {'line': b'-- Up-to-date: /home/ghost/Desktop/dev_ws/install/robot_communication_interfaces/include/robot_communication_interfaces/msg/detail/communication_message__rosidl_typesupport_introspection_c.h\n'}
[0.678897] (robot_communication_interfaces) StdoutLine: {'line': b'-- Up-to-date: /home/ghost/Desktop/dev_ws/install/robot_communication_interfaces/include/robot_communication_interfaces/msg/detail/communication_message__type_support.c\n'}
[0.678965] (robot_communication_interfaces) StdoutLine: {'line': b'-- Up-to-date: /home/ghost/Desktop/dev_ws/install/robot_communication_interfaces/include/robot_communication_interfaces/msg/rosidl_typesupport_introspection_c__visibility_control.h\n'}
[0.679050] (robot_communication_interfaces) StdoutLine: {'line': b'-- Up-to-date: /home/ghost/Desktop/dev_ws/install/robot_communication_interfaces/lib/librobot_communication_interfaces__rosidl_typesupport_introspection_c.so\n'}
[0.679208] (robot_communication_interfaces) StdoutLine: {'line': b'-- Up-to-date: /home/ghost/Desktop/dev_ws/install/robot_communication_interfaces/lib/librobot_communication_interfaces__rosidl_typesupport_c.so\n'}
[0.679278] (robot_communication_interfaces) StdoutLine: {'line': b'-- Up-to-date: /home/ghost/Desktop/dev_ws/install/robot_communication_interfaces/include/robot_communication_interfaces\n'}
[0.679348] (robot_communication_interfaces) StdoutLine: {'line': b'-- Up-to-date: /home/ghost/Desktop/dev_ws/install/robot_communication_interfaces/include/robot_communication_interfaces/srv\n'}
[0.679419] (robot_communication_interfaces) StdoutLine: {'line': b'-- Up-to-date: /home/ghost/Desktop/dev_ws/install/robot_communication_interfaces/include/robot_communication_interfaces/srv/communication_service.hpp\n'}
[0.679599] (robot_communication_interfaces) StdoutLine: {'line': b'-- Up-to-date: /home/ghost/Desktop/dev_ws/install/robot_communication_interfaces/include/robot_communication_interfaces/srv/detail\n'}
[0.679747] (robot_communication_interfaces) StdoutLine: {'line': b'-- Up-to-date: /home/ghost/Desktop/dev_ws/install/robot_communication_interfaces/include/robot_communication_interfaces/srv/detail/communication_service__traits.hpp\n'}
[0.679892] (robot_communication_interfaces) StdoutLine: {'line': b'-- Up-to-date: /home/ghost/Desktop/dev_ws/install/robot_communication_interfaces/include/robot_communication_interfaces/srv/detail/communication_service__struct.hpp\n'}
[0.680057] (robot_communication_interfaces) StdoutLine: {'line': b'-- Up-to-date: /home/ghost/Desktop/dev_ws/install/robot_communication_interfaces/include/robot_communication_interfaces/srv/detail/communication_service__builder.hpp\n'}
[0.680152] (robot_communication_interfaces) StdoutLine: {'line': b'-- Up-to-date: /home/ghost/Desktop/dev_ws/install/robot_communication_interfaces/include/robot_communication_interfaces/msg\n'}
[0.680232] (robot_communication_interfaces) StdoutLine: {'line': b'-- Up-to-date: /home/ghost/Desktop/dev_ws/install/robot_communication_interfaces/include/robot_communication_interfaces/msg/detail\n'}
[0.680315] (robot_communication_interfaces) StdoutLine: {'line': b'-- Up-to-date: /home/ghost/Desktop/dev_ws/install/robot_communication_interfaces/include/robot_communication_interfaces/msg/detail/communication_message__builder.hpp\n'}
[0.680394] (robot_communication_interfaces) StdoutLine: {'line': b'-- Up-to-date: /home/ghost/Desktop/dev_ws/install/robot_communication_interfaces/include/robot_communication_interfaces/msg/detail/communication_message__traits.hpp\n'}
[0.680477] (robot_communication_interfaces) StdoutLine: {'line': b'-- Up-to-date: /home/ghost/Desktop/dev_ws/install/robot_communication_interfaces/include/robot_communication_interfaces/msg/detail/communication_message__struct.hpp\n'}
[0.680558] (robot_communication_interfaces) StdoutLine: {'line': b'-- Up-to-date: /home/ghost/Desktop/dev_ws/install/robot_communication_interfaces/include/robot_communication_interfaces/msg/communication_message.hpp\n'}
[0.680636] (robot_communication_interfaces) StdoutLine: {'line': b'-- Up-to-date: /home/ghost/Desktop/dev_ws/install/robot_communication_interfaces/include/robot_communication_interfaces\n'}
[0.680720] (robot_communication_interfaces) StdoutLine: {'line': b'-- Up-to-date: /home/ghost/Desktop/dev_ws/install/robot_communication_interfaces/include/robot_communication_interfaces/srv\n'}
[0.680813] (robot_communication_interfaces) StdoutLine: {'line': b'-- Up-to-date: /home/ghost/Desktop/dev_ws/install/robot_communication_interfaces/include/robot_communication_interfaces/srv/detail\n'}
[0.680899] (robot_communication_interfaces) StdoutLine: {'line': b'-- Up-to-date: /home/ghost/Desktop/dev_ws/install/robot_communication_interfaces/include/robot_communication_interfaces/srv/detail/communication_service__rosidl_typesupport_introspection_cpp.hpp\n'}
[0.681026] (robot_communication_interfaces) StdoutLine: {'line': b'-- Up-to-date: /home/ghost/Desktop/dev_ws/install/robot_communication_interfaces/include/robot_communication_interfaces/srv/detail/communication_service__type_support.cpp\n'}
[0.681188] (robot_communication_interfaces) StdoutLine: {'line': b'-- Up-to-date: /home/ghost/Desktop/dev_ws/install/robot_communication_interfaces/include/robot_communication_interfaces/msg\n'}
[0.681259] (robot_communication_interfaces) StdoutLine: {'line': b'-- Up-to-date: /home/ghost/Desktop/dev_ws/install/robot_communication_interfaces/include/robot_communication_interfaces/msg/detail\n'}
[0.681350] (robot_communication_interfaces) StdoutLine: {'line': b'-- Up-to-date: /home/ghost/Desktop/dev_ws/install/robot_communication_interfaces/include/robot_communication_interfaces/msg/detail/communication_message__rosidl_typesupport_introspection_cpp.hpp\n'}
[0.681419] (robot_communication_interfaces) StdoutLine: {'line': b'-- Up-to-date: /home/ghost/Desktop/dev_ws/install/robot_communication_interfaces/include/robot_communication_interfaces/msg/detail/communication_message__type_support.cpp\n'}
[0.681489] (robot_communication_interfaces) StdoutLine: {'line': b'-- Up-to-date: /home/ghost/Desktop/dev_ws/install/robot_communication_interfaces/lib/librobot_communication_interfaces__rosidl_typesupport_introspection_cpp.so\n'}
[0.681567] (robot_communication_interfaces) StdoutLine: {'line': b'-- Up-to-date: /home/ghost/Desktop/dev_ws/install/robot_communication_interfaces/lib/librobot_communication_interfaces__rosidl_typesupport_cpp.so\n'}
[0.681636] (robot_communication_interfaces) StdoutLine: {'line': b'-- Up-to-date: /home/ghost/Desktop/dev_ws/install/robot_communication_interfaces/share/robot_communication_interfaces/environment/pythonpath.sh\n'}
[0.681705] (robot_communication_interfaces) StdoutLine: {'line': b'-- Up-to-date: /home/ghost/Desktop/dev_ws/install/robot_communication_interfaces/share/robot_communication_interfaces/environment/pythonpath.dsv\n'}
[0.681776] (robot_communication_interfaces) StdoutLine: {'line': b'-- Up-to-date: /home/ghost/Desktop/dev_ws/install/robot_communication_interfaces/lib/python3.8/site-packages/robot_communication_interfaces/__init__.py\n'}
[0.701639] (-) TimerEvent: {}
[0.721751] (robot_communication_interfaces) StdoutLine: {'line': b'-- Up-to-date: /home/ghost/Desktop/dev_ws/install/robot_communication_interfaces/lib/python3.8/site-packages/robot_communication_interfaces/msg\n'}
[0.722178] (robot_communication_interfaces) StdoutLine: {'line': b'-- Up-to-date: /home/ghost/Desktop/dev_ws/install/robot_communication_interfaces/lib/python3.8/site-packages/robot_communication_interfaces/msg/__init__.py\n'}
[0.722328] (robot_communication_interfaces) StdoutLine: {'line': b'-- Up-to-date: /home/ghost/Desktop/dev_ws/install/robot_communication_interfaces/lib/python3.8/site-packages/robot_communication_interfaces/msg/_communication_message_s.c\n'}
[0.722411] (robot_communication_interfaces) StdoutLine: {'line': b'-- Up-to-date: /home/ghost/Desktop/dev_ws/install/robot_communication_interfaces/lib/python3.8/site-packages/robot_communication_interfaces/msg/_communication_message.py\n'}
[0.722485] (robot_communication_interfaces) StdoutLine: {'line': b'-- Up-to-date: /home/ghost/Desktop/dev_ws/install/robot_communication_interfaces/lib/python3.8/site-packages/robot_communication_interfaces/srv\n'}
[0.722559] (robot_communication_interfaces) StdoutLine: {'line': b'-- Up-to-date: /home/ghost/Desktop/dev_ws/install/robot_communication_interfaces/lib/python3.8/site-packages/robot_communication_interfaces/srv/__init__.py\n'}
[0.722630] (robot_communication_interfaces) StdoutLine: {'line': b'-- Up-to-date: /home/ghost/Desktop/dev_ws/install/robot_communication_interfaces/lib/python3.8/site-packages/robot_communication_interfaces/srv/_communication_service.py\n'}
[0.722730] (robot_communication_interfaces) StdoutLine: {'line': b'-- Up-to-date: /home/ghost/Desktop/dev_ws/install/robot_communication_interfaces/lib/python3.8/site-packages/robot_communication_interfaces/srv/_communication_service_s.c\n'}
[0.724023] (robot_communication_interfaces) StdoutLine: {'line': b'-- Up-to-date: /home/ghost/Desktop/dev_ws/install/robot_communication_interfaces/lib/python3.8/site-packages/robot_communication_interfaces/robot_communication_interfaces_s__rosidl_typesupport_fastrtps_c.cpython-38-x86_64-linux-gnu.so\n'}
[0.724155] (robot_communication_interfaces) StdoutLine: {'line': b'-- Up-to-date: /home/ghost/Desktop/dev_ws/install/robot_communication_interfaces/lib/python3.8/site-packages/robot_communication_interfaces/robot_communication_interfaces_s__rosidl_typesupport_introspection_c.cpython-38-x86_64-linux-gnu.so\n'}
[0.725054] (robot_communication_interfaces) StdoutLine: {'line': b'-- Up-to-date: /home/ghost/Desktop/dev_ws/install/robot_communication_interfaces/lib/python3.8/site-packages/robot_communication_interfaces/robot_communication_interfaces_s__rosidl_typesupport_c.cpython-38-x86_64-linux-gnu.so\n'}
[0.725875] (robot_communication_interfaces) StdoutLine: {'line': b'-- Up-to-date: /home/ghost/Desktop/dev_ws/install/robot_communication_interfaces/lib/librobot_communication_interfaces__python.so\n'}
[0.726096] (robot_communication_interfaces) StdoutLine: {'line': b'-- Up-to-date: /home/ghost/Desktop/dev_ws/install/robot_communication_interfaces/share/robot_communication_interfaces/msg/CommunicationMessage.idl\n'}
[0.726363] (robot_communication_interfaces) StdoutLine: {'line': b'-- Up-to-date: /home/ghost/Desktop/dev_ws/install/robot_communication_interfaces/share/robot_communication_interfaces/srv/CommunicationService.idl\n'}
[0.726515] (robot_communication_interfaces) StdoutLine: {'line': b'-- Up-to-date: /home/ghost/Desktop/dev_ws/install/robot_communication_interfaces/share/robot_communication_interfaces/msg/CommunicationMessage.msg\n'}
[0.726690] (robot_communication_interfaces) StdoutLine: {'line': b'-- Up-to-date: /home/ghost/Desktop/dev_ws/install/robot_communication_interfaces/share/robot_communication_interfaces/srv/CommunicationService.srv\n'}
[0.726816] (robot_communication_interfaces) StdoutLine: {'line': b'-- Up-to-date: /home/ghost/Desktop/dev_ws/install/robot_communication_interfaces/share/robot_communication_interfaces/srv/CommunicationService_Request.msg\n'}
[0.727001] (robot_communication_interfaces) StdoutLine: {'line': b'-- Up-to-date: /home/ghost/Desktop/dev_ws/install/robot_communication_interfaces/share/robot_communication_interfaces/srv/CommunicationService_Response.msg\n'}
[0.727098] (robot_communication_interfaces) StdoutLine: {'line': b'-- Up-to-date: /home/ghost/Desktop/dev_ws/install/robot_communication_interfaces/share/ament_index/resource_index/package_run_dependencies/robot_communication_interfaces\n'}
[0.727360] (robot_communication_interfaces) StdoutLine: {'line': b'-- Up-to-date: /home/ghost/Desktop/dev_ws/install/robot_communication_interfaces/share/ament_index/resource_index/parent_prefix_path/robot_communication_interfaces\n'}
[0.727510] (robot_communication_interfaces) StdoutLine: {'line': b'-- Up-to-date: /home/ghost/Desktop/dev_ws/install/robot_communication_interfaces/share/robot_communication_interfaces/environment/ament_prefix_path.sh\n'}
[0.727702] (robot_communication_interfaces) StdoutLine: {'line': b'-- Up-to-date: /home/ghost/Desktop/dev_ws/install/robot_communication_interfaces/share/robot_communication_interfaces/environment/ament_prefix_path.dsv\n'}
[0.727860] (robot_communication_interfaces) StdoutLine: {'line': b'-- Up-to-date: /home/ghost/Desktop/dev_ws/install/robot_communication_interfaces/share/robot_communication_interfaces/environment/path.sh\n'}
[0.728173] (robot_communication_interfaces) StdoutLine: {'line': b'-- Up-to-date: /home/ghost/Desktop/dev_ws/install/robot_communication_interfaces/share/robot_communication_interfaces/environment/path.dsv\n'}
[0.728312] (robot_communication_interfaces) StdoutLine: {'line': b'-- Up-to-date: /home/ghost/Desktop/dev_ws/install/robot_communication_interfaces/share/robot_communication_interfaces/local_setup.bash\n'}
[0.728408] (robot_communication_interfaces) StdoutLine: {'line': b'-- Up-to-date: /home/ghost/Desktop/dev_ws/install/robot_communication_interfaces/share/robot_communication_interfaces/local_setup.sh\n'}
[0.728652] (robot_communication_interfaces) StdoutLine: {'line': b'-- Up-to-date: /home/ghost/Desktop/dev_ws/install/robot_communication_interfaces/share/robot_communication_interfaces/local_setup.zsh\n'}
[0.728836] (robot_communication_interfaces) StdoutLine: {'line': b'-- Up-to-date: /home/ghost/Desktop/dev_ws/install/robot_communication_interfaces/share/robot_communication_interfaces/local_setup.dsv\n'}
[0.729069] (robot_communication_interfaces) StdoutLine: {'line': b'-- Installing: /home/ghost/Desktop/dev_ws/install/robot_communication_interfaces/share/robot_communication_interfaces/package.dsv\n'}
[0.729159] (robot_communication_interfaces) StdoutLine: {'line': b'-- Up-to-date: /home/ghost/Desktop/dev_ws/install/robot_communication_interfaces/share/ament_index/resource_index/packages/robot_communication_interfaces\n'}
[0.729394] (robot_communication_interfaces) StdoutLine: {'line': b'-- Up-to-date: /home/ghost/Desktop/dev_ws/install/robot_communication_interfaces/share/robot_communication_interfaces/cmake/robot_communication_interfaces__rosidl_generator_cExport.cmake\n'}
[0.729603] (robot_communication_interfaces) StdoutLine: {'line': b'-- Up-to-date: /home/ghost/Desktop/dev_ws/install/robot_communication_interfaces/share/robot_communication_interfaces/cmake/robot_communication_interfaces__rosidl_generator_cExport-noconfig.cmake\n'}
[0.729863] (robot_communication_interfaces) StdoutLine: {'line': b'-- Up-to-date: /home/ghost/Desktop/dev_ws/install/robot_communication_interfaces/share/robot_communication_interfaces/cmake/robot_communication_interfaces__rosidl_typesupport_introspection_cExport.cmake\n'}
[0.730109] (robot_communication_interfaces) StdoutLine: {'line': b'-- Up-to-date: /home/ghost/Desktop/dev_ws/install/robot_communication_interfaces/share/robot_communication_interfaces/cmake/robot_communication_interfaces__rosidl_typesupport_introspection_cExport-noconfig.cmake\n'}
[0.730295] (robot_communication_interfaces) StdoutLine: {'line': b'-- Up-to-date: /home/ghost/Desktop/dev_ws/install/robot_communication_interfaces/share/robot_communication_interfaces/cmake/robot_communication_interfaces__rosidl_typesupport_cExport.cmake\n'}
[0.730539] (robot_communication_interfaces) StdoutLine: {'line': b'-- Up-to-date: /home/ghost/Desktop/dev_ws/install/robot_communication_interfaces/share/robot_communication_interfaces/cmake/robot_communication_interfaces__rosidl_typesupport_cExport-noconfig.cmake\n'}
[0.730771] (robot_communication_interfaces) StdoutLine: {'line': b'-- Up-to-date: /home/ghost/Desktop/dev_ws/install/robot_communication_interfaces/share/robot_communication_interfaces/cmake/robot_communication_interfaces__rosidl_generator_cppExport.cmake\n'}
[0.731188] (robot_communication_interfaces) StdoutLine: {'line': b'-- Up-to-date: /home/ghost/Desktop/dev_ws/install/robot_communication_interfaces/share/robot_communication_interfaces/cmake/robot_communication_interfaces__rosidl_typesupport_introspection_cppExport.cmake\n'}
[0.731417] (robot_communication_interfaces) StdoutLine: {'line': b'-- Up-to-date: /home/ghost/Desktop/dev_ws/install/robot_communication_interfaces/share/robot_communication_interfaces/cmake/robot_communication_interfaces__rosidl_typesupport_introspection_cppExport-noconfig.cmake\n'}
[0.731721] (robot_communication_interfaces) StdoutLine: {'line': b'-- Up-to-date: /home/ghost/Desktop/dev_ws/install/robot_communication_interfaces/share/robot_communication_interfaces/cmake/robot_communication_interfaces__rosidl_typesupport_cppExport.cmake\n'}
[0.731956] (robot_communication_interfaces) StdoutLine: {'line': b'-- Up-to-date: /home/ghost/Desktop/dev_ws/install/robot_communication_interfaces/share/robot_communication_interfaces/cmake/robot_communication_interfaces__rosidl_typesupport_cppExport-noconfig.cmake\n'}
[0.732074] (robot_communication_interfaces) StdoutLine: {'line': b'-- Up-to-date: /home/ghost/Desktop/dev_ws/install/robot_communication_interfaces/share/robot_communication_interfaces/cmake/rosidl_cmake-extras.cmake\n'}
[0.732380] (robot_communication_interfaces) StdoutLine: {'line': b'-- Up-to-date: /home/ghost/Desktop/dev_ws/install/robot_communication_interfaces/share/robot_communication_interfaces/cmake/ament_cmake_export_dependencies-extras.cmake\n'}
[0.732521] (robot_communication_interfaces) StdoutLine: {'line': b'-- Up-to-date: /home/ghost/Desktop/dev_ws/install/robot_communication_interfaces/share/robot_communication_interfaces/cmake/ament_cmake_export_libraries-extras.cmake\n'}
[0.732616] (robot_communication_interfaces) StdoutLine: {'line': b'-- Up-to-date: /home/ghost/Desktop/dev_ws/install/robot_communication_interfaces/share/robot_communication_interfaces/cmake/ament_cmake_export_targets-extras.cmake\n'}
[0.732910] (robot_communication_interfaces) StdoutLine: {'line': b'-- Up-to-date: /home/ghost/Desktop/dev_ws/install/robot_communication_interfaces/share/robot_communication_interfaces/cmake/ament_cmake_export_include_directories-extras.cmake\n'}
[0.733082] (robot_communication_interfaces) StdoutLine: {'line': b'-- Up-to-date: /home/ghost/Desktop/dev_ws/install/robot_communication_interfaces/share/robot_communication_interfaces/cmake/rosidl_cmake_export_typesupport_libraries-extras.cmake\n'}
[0.733408] (robot_communication_interfaces) StdoutLine: {'line': b'-- Up-to-date: /home/ghost/Desktop/dev_ws/install/robot_communication_interfaces/share/robot_communication_interfaces/cmake/rosidl_cmake_export_typesupport_targets-extras.cmake\n'}
[0.733670] (robot_communication_interfaces) StdoutLine: {'line': b'-- Up-to-date: /home/ghost/Desktop/dev_ws/install/robot_communication_interfaces/share/robot_communication_interfaces/cmake/robot_communication_interfacesConfig.cmake\n'}
[0.733765] (robot_communication_interfaces) StdoutLine: {'line': b'-- Up-to-date: /home/ghost/Desktop/dev_ws/install/robot_communication_interfaces/share/robot_communication_interfaces/cmake/robot_communication_interfacesConfig-version.cmake\n'}
[0.733872] (robot_communication_interfaces) StdoutLine: {'line': b'-- Up-to-date: /home/ghost/Desktop/dev_ws/install/robot_communication_interfaces/share/robot_communication_interfaces/package.xml\n'}
[0.739312] (robot_communication_interfaces) CommandEnded: {'returncode': 0}
[0.801778] (-) TimerEvent: {}
[0.878014] (robot_communication_interfaces) JobEnded: {'identifier': 'robot_communication_interfaces', 'rc': 0}
[0.879425] (-) EventReactorShutdown: {}
