[0.243s] Invoking command in '/home/ghost/Desktop/dev_ws/src/controller': PYTHONPATH=/home/ghost/Desktop/dev_ws/install/controller/lib/python3.8/site-packages: /usr/bin/python3 setup.py egg_info --egg-base ../../build/controller build --build-base /home/ghost/Desktop/dev_ws/build/controller/build install --prefix /home/ghost/Desktop/dev_ws/install/controller --record /home/ghost/Desktop/dev_ws/build/controller/install.log --single-version-externally-managed
[0.423s] running egg_info
[0.423s] writing ../../build/controller/controller.egg-info/PKG-INFO
[0.423s] writing dependency_links to ../../build/controller/controller.egg-info/dependency_links.txt
[0.423s] writing entry points to ../../build/controller/controller.egg-info/entry_points.txt
[0.424s] writing requirements to ../../build/controller/controller.egg-info/requires.txt
[0.424s] writing top-level names to ../../build/controller/controller.egg-info/top_level.txt
[0.460s] reading manifest file '../../build/controller/controller.egg-info/SOURCES.txt'
[0.461s] writing manifest file '../../build/controller/controller.egg-info/SOURCES.txt'
[0.462s] running build
[0.462s] running build_py
[0.462s] copying controller/coco.py -> /home/ghost/Desktop/dev_ws/build/controller/build/lib/controller
[0.464s] running install
[0.465s] running install_lib
[0.466s] copying /home/ghost/Desktop/dev_ws/build/controller/build/lib/controller/coco.py -> /home/ghost/Desktop/dev_ws/install/controller/lib/python3.8/site-packages/controller
[0.468s] byte-compiling /home/ghost/Desktop/dev_ws/install/controller/lib/python3.8/site-packages/controller/coco.py to coco.cpython-38.pyc
[0.472s] running install_data
[0.473s] running install_egg_info
[0.475s] removing '/home/ghost/Desktop/dev_ws/install/controller/lib/python3.8/site-packages/controller-0.0.1-py3.8.egg-info' (and everything under it)
[0.475s] Copying ../../build/controller/controller.egg-info to /home/ghost/Desktop/dev_ws/install/controller/lib/python3.8/site-packages/controller-0.0.1-py3.8.egg-info
[0.476s] running install_scripts
[0.494s] Installing controller script to /home/ghost/Desktop/dev_ws/install/controller/lib/controller
[0.495s] writing list of installed files to '/home/ghost/Desktop/dev_ws/build/controller/install.log'
[0.524s] Invoked command in '/home/ghost/Desktop/dev_ws/src/controller' returned '0': PYTHONPATH=/home/ghost/Desktop/dev_ws/install/controller/lib/python3.8/site-packages: /usr/bin/python3 setup.py egg_info --egg-base ../../build/controller build --build-base /home/ghost/Desktop/dev_ws/build/controller/build install --prefix /home/ghost/Desktop/dev_ws/install/controller --record /home/ghost/Desktop/dev_ws/build/controller/install.log --single-version-externally-managed
