[0.276s] Invoking command in '/home/ghost/Desktop/dev_ws/src/controller': PYTHONPATH=/home/ghost/Desktop/dev_ws/install/controller/lib/python3.8/site-packages: /usr/bin/python3 setup.py egg_info --egg-base ../../build/controller build --build-base /home/ghost/Desktop/dev_ws/build/controller/build install --prefix /home/ghost/Desktop/dev_ws/install/controller --record /home/ghost/Desktop/dev_ws/build/controller/install.log --single-version-externally-managed
[0.589s] running egg_info
[0.590s] writing ../../build/controller/controller.egg-info/PKG-INFO
[0.591s] writing dependency_links to ../../build/controller/controller.egg-info/dependency_links.txt
[0.591s] writing entry points to ../../build/controller/controller.egg-info/entry_points.txt
[0.591s] writing requirements to ../../build/controller/controller.egg-info/requires.txt
[0.592s] writing top-level names to ../../build/controller/controller.egg-info/top_level.txt
[0.679s] reading manifest file '../../build/controller/controller.egg-info/SOURCES.txt'
[0.681s] writing manifest file '../../build/controller/controller.egg-info/SOURCES.txt'
[0.682s] running build
[0.682s] running build_py
[0.685s] copying controller/main.py -> /home/ghost/Desktop/dev_ws/build/controller/build/lib/controller
[0.685s] copying controller/mover.py -> /home/ghost/Desktop/dev_ws/build/controller/build/lib/controller
[0.685s] running install
[0.690s] running install_lib
[0.690s] copying /home/ghost/Desktop/dev_ws/build/controller/build/lib/controller/main.py -> /home/ghost/Desktop/dev_ws/install/controller/lib/python3.8/site-packages/controller
[0.690s] copying /home/ghost/Desktop/dev_ws/build/controller/build/lib/controller/mover.py -> /home/ghost/Desktop/dev_ws/install/controller/lib/python3.8/site-packages/controller
[0.691s] byte-compiling /home/ghost/Desktop/dev_ws/install/controller/lib/python3.8/site-packages/controller/main.py to main.cpython-38.pyc
[0.694s] byte-compiling /home/ghost/Desktop/dev_ws/install/controller/lib/python3.8/site-packages/controller/mover.py to mover.cpython-38.pyc
[0.696s] running install_data
[0.697s] running install_egg_info
[0.701s] removing '/home/ghost/Desktop/dev_ws/install/controller/lib/python3.8/site-packages/controller-0.0.1-py3.8.egg-info' (and everything under it)
[0.701s] Copying ../../build/controller/controller.egg-info to /home/ghost/Desktop/dev_ws/install/controller/lib/python3.8/site-packages/controller-0.0.1-py3.8.egg-info
[0.702s] running install_scripts
[0.739s] Installing controller script to /home/ghost/Desktop/dev_ws/install/controller/lib/controller
[0.741s] writing list of installed files to '/home/ghost/Desktop/dev_ws/build/controller/install.log'
[0.776s] Invoked command in '/home/ghost/Desktop/dev_ws/src/controller' returned '0': PYTHONPATH=/home/ghost/Desktop/dev_ws/install/controller/lib/python3.8/site-packages: /usr/bin/python3 setup.py egg_info --egg-base ../../build/controller build --build-base /home/ghost/Desktop/dev_ws/build/controller/build install --prefix /home/ghost/Desktop/dev_ws/install/controller --record /home/ghost/Desktop/dev_ws/build/controller/install.log --single-version-externally-managed
