[0.000000] (-) TimerEvent: {}
[0.000254] (-) JobUnselected: {'identifier': 'robot_communication_interfaces'}
[0.000308] (controller) JobQueued: {'identifier': 'controller', 'dependencies': OrderedDict()}
[0.000352] (controller) JobStarted: {'identifier': 'controller'}
[0.098255] (-) TimerEvent: {}
[0.199127] (-) TimerEvent: {}
[0.299615] (-) TimerEvent: {}
[0.400261] (-) TimerEvent: {}
[0.434288] (controller) Command: {'cmd': ['/usr/bin/python3', 'setup.py', 'egg_info', '--egg-base', '../../build/controller', 'build', '--build-base', '/home/ghost/Desktop/dev_ws/build/controller/build', 'install', '--prefix', '/home/ghost/Desktop/dev_ws/install/controller', '--record', '/home/ghost/Desktop/dev_ws/build/controller/install.log', '--single-version-externally-managed'], 'cwd': '/home/ghost/Desktop/dev_ws/src/controller', 'env': {'SUDO_GID': '1000', 'MAIL': '/var/mail/root', 'LANGUAGE': 'en_IN:en', 'USER': 'root', 'HOME': '/root', 'COLORTERM': 'truecolor', 'SUDO_UID': '1000', 'LOGNAME': 'root', 'TERM': 'xterm-256color', 'PATH': '/usr/local/sbin:/usr/local/bin:/usr/sbin:/usr/bin:/sbin:/bin:/snap/bin', 'DISPLAY': ':0', 'LANG': 'en_US.UTF-8', 'XAUTHORITY': '/run/user/1000/gdm/Xauthority', 'SUDO_COMMAND': '/usr/bin/colcon build --packages-select controller', 'SHELL': '/bin/bash', 'SUDO_USER': 'ghost', 'LC_ALL': 'en_US.UTF-8', 'PWD': '/home/ghost/Desktop/dev_ws/build/controller', 'COLCON': '1', 'PYTHONPATH': '/home/ghost/Desktop/dev_ws/install/controller/lib/python3.8/site-packages:'}, 'shell': False}
[0.502813] (-) TimerEvent: {}
[0.603708] (-) TimerEvent: {}
[0.704653] (-) TimerEvent: {}
[0.805591] (-) TimerEvent: {}
[0.906784] (-) TimerEvent: {}
[1.008096] (-) TimerEvent: {}
[1.109207] (-) TimerEvent: {}
[1.210340] (-) TimerEvent: {}
[1.312016] (-) TimerEvent: {}
[1.357054] (controller) StdoutLine: {'line': b'running egg_info\n'}
[1.361979] (controller) StdoutLine: {'line': b'writing ../../build/controller/controller.egg-info/PKG-INFO\n'}
[1.363968] (controller) StdoutLine: {'line': b'writing dependency_links to ../../build/controller/controller.egg-info/dependency_links.txt\n'}
[1.365766] (controller) StdoutLine: {'line': b'writing entry points to ../../build/controller/controller.egg-info/entry_points.txt\n'}
[1.367969] (controller) StdoutLine: {'line': b'writing requirements to ../../build/controller/controller.egg-info/requires.txt\n'}
[1.368476] (controller) StdoutLine: {'line': b'writing top-level names to ../../build/controller/controller.egg-info/top_level.txt\n'}
[1.412241] (-) TimerEvent: {}
[1.513208] (-) TimerEvent: {}
[1.614319] (-) TimerEvent: {}
[1.623710] (controller) StdoutLine: {'line': b"reading manifest file '../../build/controller/controller.egg-info/SOURCES.txt'\n"}
[1.629960] (controller) StdoutLine: {'line': b"writing manifest file '../../build/controller/controller.egg-info/SOURCES.txt'\n"}
[1.631615] (controller) StdoutLine: {'line': b'running build\n'}
[1.632010] (controller) StdoutLine: {'line': b'running build_py\n'}
[1.633678] (controller) StdoutLine: {'line': b'copying controller/global_communicator.py -> /home/ghost/Desktop/dev_ws/build/controller/build/lib/controller\n'}
[1.639438] (controller) StdoutLine: {'line': b'running install\n'}
[1.644154] (controller) StdoutLine: {'line': b'running install_lib\n'}
[1.649760] (controller) StdoutLine: {'line': b'copying /home/ghost/Desktop/dev_ws/build/controller/build/lib/controller/global_communicator.py -> /home/ghost/Desktop/dev_ws/install/controller/lib/python3.8/site-packages/controller\n'}
[1.655637] (controller) StdoutLine: {'line': b'byte-compiling /home/ghost/Desktop/dev_ws/install/controller/lib/python3.8/site-packages/controller/global_communicator.py to global_communicator.cpython-38.pyc\n'}
[1.666922] (controller) StdoutLine: {'line': b'running install_data\n'}
[1.668959] (controller) StdoutLine: {'line': b'running install_egg_info\n'}
[1.676633] (controller) StdoutLine: {'line': b"removing '/home/ghost/Desktop/dev_ws/install/controller/lib/python3.8/site-packages/controller-0.0.1-py3.8.egg-info' (and everything under it)\n"}
[1.677943] (controller) StdoutLine: {'line': b'Copying ../../build/controller/controller.egg-info to /home/ghost/Desktop/dev_ws/install/controller/lib/python3.8/site-packages/controller-0.0.1-py3.8.egg-info\n'}
[1.682146] (controller) StdoutLine: {'line': b'running install_scripts\n'}
[1.714675] (-) TimerEvent: {}
[1.781404] (controller) StdoutLine: {'line': b'Installing controller script to /home/ghost/Desktop/dev_ws/install/controller/lib/controller\n'}
[1.785373] (controller) StdoutLine: {'line': b"writing list of installed files to '/home/ghost/Desktop/dev_ws/build/controller/install.log'\n"}
[1.814987] (-) TimerEvent: {}
[1.891660] (controller) CommandEnded: {'returncode': 0}
[1.915374] (-) TimerEvent: {}
[1.965131] (controller) JobEnded: {'identifier': 'controller', 'rc': 0}
[1.970082] (-) EventReactorShutdown: {}
