[0.246s] Invoking command in '/home/ghost/Desktop/dev_ws/src/controller': PYTHONPATH=/home/ghost/Desktop/dev_ws/install/controller/lib/python3.8/site-packages: /usr/bin/python3 setup.py egg_info --egg-base ../../build/controller build --build-base /home/ghost/Desktop/dev_ws/build/controller/build install --prefix /home/ghost/Desktop/dev_ws/install/controller --record /home/ghost/Desktop/dev_ws/build/controller/install.log --single-version-externally-managed
[0.510s] running egg_info
[0.510s] writing ../../build/controller/controller.egg-info/PKG-INFO
[0.511s] writing dependency_links to ../../build/controller/controller.egg-info/dependency_links.txt
[0.511s] writing entry points to ../../build/controller/controller.egg-info/entry_points.txt
[0.511s] writing requirements to ../../build/controller/controller.egg-info/requires.txt
[0.511s] writing top-level names to ../../build/controller/controller.egg-info/top_level.txt
[0.555s] reading manifest file '../../build/controller/controller.egg-info/SOURCES.txt'
[0.557s] writing manifest file '../../build/controller/controller.egg-info/SOURCES.txt'
[0.557s] running build
[0.557s] running build_py
[0.559s] running install
[0.560s] running install_lib
[0.562s] running install_data
[0.563s] running install_egg_info
[0.565s] removing '/home/ghost/Desktop/dev_ws/install/controller/lib/python3.8/site-packages/controller-0.0.1-py3.8.egg-info' (and everything under it)
[0.565s] Copying ../../build/controller/controller.egg-info to /home/ghost/Desktop/dev_ws/install/controller/lib/python3.8/site-packages/controller-0.0.1-py3.8.egg-info
[0.566s] running install_scripts
[0.586s] Installing controller script to /home/ghost/Desktop/dev_ws/install/controller/lib/controller
[0.587s] writing list of installed files to '/home/ghost/Desktop/dev_ws/build/controller/install.log'
