[0.000000] (-) TimerEvent: {}
[0.002804] (controller) JobQueued: {'identifier': 'controller', 'dependencies': OrderedDict()}
[0.002855] (robot_communication_interfaces) JobQueued: {'identifier': 'robot_communication_interfaces', 'dependencies': OrderedDict()}
[0.002878] (controller) JobStarted: {'identifier': 'controller'}
[0.016703] (robot_communication_interfaces) JobStarted: {'identifier': 'robot_communication_interfaces'}
[0.099886] (-) TimerEvent: {}
[0.179276] (robot_communication_interfaces) JobProgress: {'identifier': 'robot_communication_interfaces', 'progress': 'cmake'}
[0.181077] (robot_communication_interfaces) JobProgress: {'identifier': 'robot_communication_interfaces', 'progress': 'build'}
[0.181127] (robot_communication_interfaces) Command: {'cmd': ['/usr/bin/cmake', '--build', '/home/ghost/Desktop/dev_ws/build/robot_communication_interfaces', '--', '-j4', '-l4'], 'cwd': '/home/ghost/Desktop/dev_ws/build/robot_communication_interfaces', 'env': OrderedDict([('SUDO_GID', '1000'), ('MAIL', '/var/mail/root'), ('LANGUAGE', 'en_IN:en'), ('USER', 'root'), ('HOME', '/root'), ('COLORTERM', 'truecolor'), ('SUDO_UID', '1000'), ('LOGNAME', 'root'), ('TERM', 'xterm-256color'), ('PATH', '/usr/local/sbin:/usr/local/bin:/usr/sbin:/usr/bin:/sbin:/bin:/snap/bin'), ('DISPLAY', ':0'), ('LANG', 'en_US.UTF-8'), ('XAUTHORITY', '/run/user/1000/gdm/Xauthority'), ('SUDO_COMMAND', '/usr/bin/colcon build'), ('SHELL', '/bin/bash'), ('SUDO_USER', 'ghost'), ('LC_ALL', 'en_US.UTF-8'), ('PWD', '/home/ghost/Desktop/dev_ws/build/robot_communication_interfaces'), ('COLCON', '1')]), 'shell': False}
[0.189287] (controller) Command: {'cmd': ['/usr/bin/python3', 'setup.py', 'egg_info', '--egg-base', '../../build/controller', 'build', '--build-base', '/home/ghost/Desktop/dev_ws/build/controller/build', 'install', '--prefix', '/home/ghost/Desktop/dev_ws/install/controller', '--record', '/home/ghost/Desktop/dev_ws/build/controller/install.log', '--single-version-externally-managed'], 'cwd': '/home/ghost/Desktop/dev_ws/src/controller', 'env': {'SUDO_GID': '1000', 'MAIL': '/var/mail/root', 'LANGUAGE': 'en_IN:en', 'USER': 'root', 'HOME': '/root', 'COLORTERM': 'truecolor', 'SUDO_UID': '1000', 'LOGNAME': 'root', 'TERM': 'xterm-256color', 'PATH': '/usr/local/sbin:/usr/local/bin:/usr/sbin:/usr/bin:/sbin:/bin:/snap/bin', 'DISPLAY': ':0', 'LANG': 'en_US.UTF-8', 'XAUTHORITY': '/run/user/1000/gdm/Xauthority', 'SUDO_COMMAND': '/usr/bin/colcon build', 'SHELL': '/bin/bash', 'SUDO_USER': 'ghost', 'LC_ALL': 'en_US.UTF-8', 'PWD': '/home/ghost/Desktop/dev_ws/build/controller', 'COLCON': '1', 'PYTHONPATH': '/home/ghost/Desktop/dev_ws/install/controller/lib/python3.8/site-packages:'}, 'shell': False}
[0.199981] (-) TimerEvent: {}
[0.242036] (robot_communication_interfaces) StdoutLine: {'line': b'[  2%] Built target robot_communication_interfaces__cpp\n'}
[0.245052] (robot_communication_interfaces) StdoutLine: {'line': b'[ 12%] Built target robot_communication_interfaces__rosidl_generator_c\n'}
[0.266635] (robot_communication_interfaces) StdoutLine: {'line': b'[ 23%] Built target robot_communication_interfaces__rosidl_typesupport_cpp\n'}
[0.273195] (robot_communication_interfaces) StdoutLine: {'line': b'[ 33%] Built target robot_communication_interfaces__rosidl_typesupport_introspection_c\n'}
[0.279198] (robot_communication_interfaces) StdoutLine: {'line': b'[ 43%] Built target robot_communication_interfaces__rosidl_typesupport_introspection_cpp\n'}
[0.280899] (robot_communication_interfaces) StdoutLine: {'line': b'[ 53%] Built target robot_communication_interfaces__rosidl_typesupport_fastrtps_cpp\n'}
[0.300097] (-) TimerEvent: {}
[0.301197] (robot_communication_interfaces) StdoutLine: {'line': b'[ 64%] Built target robot_communication_interfaces__rosidl_typesupport_c\n'}
[0.315171] (robot_communication_interfaces) StdoutLine: {'line': b'[ 74%] Built target robot_communication_interfaces__rosidl_typesupport_fastrtps_c\n'}
[0.339960] (robot_communication_interfaces) StdoutLine: {'line': b'[ 74%] Built target robot_communication_interfaces\n'}
[0.358980] (controller) StdoutLine: {'line': b'running egg_info\n'}
[0.359687] (controller) StdoutLine: {'line': b'writing ../../build/controller/controller.egg-info/PKG-INFO\n'}
[0.360099] (controller) StdoutLine: {'line': b'writing dependency_links to ../../build/controller/controller.egg-info/dependency_links.txt\n'}
[0.360478] (controller) StdoutLine: {'line': b'writing entry points to ../../build/controller/controller.egg-info/entry_points.txt\n'}
[0.360748] (controller) StdoutLine: {'line': b'writing requirements to ../../build/controller/controller.egg-info/requires.txt\n'}
[0.360985] (controller) StdoutLine: {'line': b'writing top-level names to ../../build/controller/controller.egg-info/top_level.txt\n'}
[0.365358] (robot_communication_interfaces) StdoutLine: {'line': b'[ 76%] Built target robot_communication_interfaces__py\n'}
[0.393449] (robot_communication_interfaces) StdoutLine: {'line': b'[ 84%] Built target robot_communication_interfaces__python\n'}
[0.394534] (controller) StdoutLine: {'line': b"reading manifest file '../../build/controller/controller.egg-info/SOURCES.txt'\n"}
[0.395984] (controller) StdoutLine: {'line': b"writing manifest file '../../build/controller/controller.egg-info/SOURCES.txt'\n"}
[0.396515] (controller) StdoutLine: {'line': b'running build\n'}
[0.396672] (controller) StdoutLine: {'line': b'running build_py\n'}
[0.397608] (controller) StdoutLine: {'line': b'copying controller/communicator.py -> /home/ghost/Desktop/dev_ws/build/controller/build/lib/controller\n'}
[0.398427] (controller) StdoutLine: {'line': b'running install\n'}
[0.399521] (controller) StdoutLine: {'line': b'running install_lib\n'}
[0.400203] (-) TimerEvent: {}
[0.401218] (controller) StdoutLine: {'line': b'copying /home/ghost/Desktop/dev_ws/build/controller/build/lib/controller/communicator.py -> /home/ghost/Desktop/dev_ws/install/controller/lib/python3.8/site-packages/controller\n'}
[0.404536] (controller) StdoutLine: {'line': b'byte-compiling /home/ghost/Desktop/dev_ws/install/controller/lib/python3.8/site-packages/controller/communicator.py to communicator.cpython-38.pyc\n'}
[0.404697] (controller) StdoutLine: {'line': b'running install_data\n'}
[0.404778] (controller) StdoutLine: {'line': b'running install_egg_info\n'}
[0.406140] (controller) StdoutLine: {'line': b"removing '/home/ghost/Desktop/dev_ws/install/controller/lib/python3.8/site-packages/controller-0.0.1-py3.8.egg-info' (and everything under it)\n"}
[0.406675] (controller) StdoutLine: {'line': b'Copying ../../build/controller/controller.egg-info to /home/ghost/Desktop/dev_ws/install/controller/lib/python3.8/site-packages/controller-0.0.1-py3.8.egg-info\n'}
[0.408069] (controller) StdoutLine: {'line': b'running install_scripts\n'}
[0.424736] (controller) StdoutLine: {'line': b'Installing controller script to /home/ghost/Desktop/dev_ws/install/controller/lib/controller\n'}
[0.425617] (controller) StdoutLine: {'line': b"writing list of installed files to '/home/ghost/Desktop/dev_ws/build/controller/install.log'\n"}
[0.427118] (robot_communication_interfaces) StdoutLine: {'line': b'[ 89%] Built target robot_communication_interfaces__rosidl_typesupport_fastrtps_c__pyext\n'}
[0.429045] (robot_communication_interfaces) StdoutLine: {'line': b'[ 94%] Built target robot_communication_interfaces__rosidl_typesupport_introspection_c__pyext\n'}
[0.432012] (robot_communication_interfaces) StdoutLine: {'line': b'[100%] Built target robot_communication_interfaces__rosidl_typesupport_c__pyext\n'}
[0.443809] (robot_communication_interfaces) CommandEnded: {'returncode': 0}
[0.448655] (controller) CommandEnded: {'returncode': 0}
[0.459791] (controller) JobEnded: {'identifier': 'controller', 'rc': 0}
[0.500561] (-) TimerEvent: {}
[0.509764] (robot_communication_interfaces) JobProgress: {'identifier': 'robot_communication_interfaces', 'progress': 'install'}
[0.521605] (robot_communication_interfaces) Command: {'cmd': ['/usr/bin/cmake', '--install', '/home/ghost/Desktop/dev_ws/build/robot_communication_interfaces'], 'cwd': '/home/ghost/Desktop/dev_ws/build/robot_communication_interfaces', 'env': OrderedDict([('SUDO_GID', '1000'), ('MAIL', '/var/mail/root'), ('LANGUAGE', 'en_IN:en'), ('USER', 'root'), ('HOME', '/root'), ('COLORTERM', 'truecolor'), ('SUDO_UID', '1000'), ('LOGNAME', 'root'), ('TERM', 'xterm-256color'), ('PATH', '/usr/local/sbin:/usr/local/bin:/usr/sbin:/usr/bin:/sbin:/bin:/snap/bin'), ('DISPLAY', ':0'), ('LANG', 'en_US.UTF-8'), ('XAUTHORITY', '/run/user/1000/gdm/Xauthority'), ('SUDO_COMMAND', '/usr/bin/colcon build'), ('SHELL', '/bin/bash'), ('SUDO_USER', 'ghost'), ('LC_ALL', 'en_US.UTF-8'), ('PWD', '/home/ghost/Desktop/dev_ws/build/robot_communication_interfaces'), ('COLCON', '1')]), 'shell': False}
[0.531255] (robot_communication_interfaces) StdoutLine: {'line': b'-- Install configuration: ""\n'}
[0.531470] (robot_communication_interfaces) StdoutLine: {'line': b'-- Up-to-date: /home/ghost/Desktop/dev_ws/install/robot_communication_interfaces/share/ament_index/resource_index/rosidl_interfaces/robot_communication_interfaces\n'}
[0.531608] (robot_communication_interfaces) StdoutLine: {'line': b'-- Up-to-date: /home/ghost/Desktop/dev_ws/install/robot_communication_interfaces/include/robot_communication_interfaces\n'}
[0.531680] (robot_communication_interfaces) StdoutLine: {'line': b'-- Up-to-date: /home/ghost/Desktop/dev_ws/install/robot_communication_interfaces/include/robot_communication_interfaces/srv\n'}
[0.531761] (robot_communication_interfaces) StdoutLine: {'line': b'-- Up-to-date: /home/ghost/Desktop/dev_ws/install/robot_communication_interfaces/include/robot_communication_interfaces/srv/communication_service.h\n'}
[0.531809] (robot_communication_interfaces) StdoutLine: {'line': b'-- Up-to-date: /home/ghost/Desktop/dev_ws/install/robot_communication_interfaces/include/robot_communication_interfaces/srv/detail\n'}
[0.531856] (robot_communication_interfaces) StdoutLine: {'line': b'-- Up-to-date: /home/ghost/Desktop/dev_ws/install/robot_communication_interfaces/include/robot_communication_interfaces/srv/detail/communication_service__struct.h\n'}
[0.532005] (robot_communication_interfaces) StdoutLine: {'line': b'-- Up-to-date: /home/ghost/Desktop/dev_ws/install/robot_communication_interfaces/include/robot_communication_interfaces/srv/detail/communication_service__functions.c\n'}
[0.532082] (robot_communication_interfaces) StdoutLine: {'line': b'-- Up-to-date: /home/ghost/Desktop/dev_ws/install/robot_communication_interfaces/include/robot_communication_interfaces/srv/detail/communication_service__type_support.h\n'}
[0.532131] (robot_communication_interfaces) StdoutLine: {'line': b'-- Up-to-date: /home/ghost/Desktop/dev_ws/install/robot_communication_interfaces/include/robot_communication_interfaces/srv/detail/communication_service__functions.h\n'}
[0.532175] (robot_communication_interfaces) StdoutLine: {'line': b'-- Up-to-date: /home/ghost/Desktop/dev_ws/install/robot_communication_interfaces/include/robot_communication_interfaces/msg\n'}
[0.532219] (robot_communication_interfaces) StdoutLine: {'line': b'-- Up-to-date: /home/ghost/Desktop/dev_ws/install/robot_communication_interfaces/include/robot_communication_interfaces/msg/rosidl_generator_c__visibility_control.h\n'}
[0.532264] (robot_communication_interfaces) StdoutLine: {'line': b'-- Up-to-date: /home/ghost/Desktop/dev_ws/install/robot_communication_interfaces/include/robot_communication_interfaces/msg/communication_message.h\n'}
[0.532312] (robot_communication_interfaces) StdoutLine: {'line': b'-- Up-to-date: /home/ghost/Desktop/dev_ws/install/robot_communication_interfaces/include/robot_communication_interfaces/msg/detail\n'}
[0.532360] (robot_communication_interfaces) StdoutLine: {'line': b'-- Up-to-date: /home/ghost/Desktop/dev_ws/install/robot_communication_interfaces/include/robot_communication_interfaces/msg/detail/communication_message__type_support.h\n'}
[0.532405] (robot_communication_interfaces) StdoutLine: {'line': b'-- Up-to-date: /home/ghost/Desktop/dev_ws/install/robot_communication_interfaces/include/robot_communication_interfaces/msg/detail/communication_message__functions.h\n'}
[0.532682] (robot_communication_interfaces) StdoutLine: {'line': b'-- Up-to-date: /home/ghost/Desktop/dev_ws/install/robot_communication_interfaces/include/robot_communication_interfaces/msg/detail/communication_message__struct.h\n'}
[0.532759] (robot_communication_interfaces) StdoutLine: {'line': b'-- Up-to-date: /home/ghost/Desktop/dev_ws/install/robot_communication_interfaces/include/robot_communication_interfaces/msg/detail/communication_message__functions.c\n'}
[0.534433] (robot_communication_interfaces) StdoutLine: {'line': b'-- Up-to-date: /home/ghost/Desktop/dev_ws/install/robot_communication_interfaces/share/robot_communication_interfaces/environment/library_path.sh\n'}
[0.534604] (robot_communication_interfaces) StdoutLine: {'line': b'-- Up-to-date: /home/ghost/Desktop/dev_ws/install/robot_communication_interfaces/share/robot_communication_interfaces/environment/library_path.dsv\n'}
[0.534778] (robot_communication_interfaces) StdoutLine: {'line': b'-- Up-to-date: /home/ghost/Desktop/dev_ws/install/robot_communication_interfaces/lib/librobot_communication_interfaces__rosidl_generator_c.so\n'}
[0.535864] (robot_communication_interfaces) StdoutLine: {'line': b'-- Up-to-date: /home/ghost/Desktop/dev_ws/install/robot_communication_interfaces/include/robot_communication_interfaces\n'}
[0.535978] (robot_communication_interfaces) StdoutLine: {'line': b'-- Up-to-date: /home/ghost/Desktop/dev_ws/install/robot_communication_interfaces/include/robot_communication_interfaces/srv\n'}
[0.536062] (robot_communication_interfaces) StdoutLine: {'line': b'-- Up-to-date: /home/ghost/Desktop/dev_ws/install/robot_communication_interfaces/include/robot_communication_interfaces/srv/detail\n'}
[0.536136] (robot_communication_interfaces) StdoutLine: {'line': b'-- Up-to-date: /home/ghost/Desktop/dev_ws/install/robot_communication_interfaces/include/robot_communication_interfaces/srv/detail/communication_service__rosidl_typesupport_fastrtps_c.h\n'}
[0.536222] (robot_communication_interfaces) StdoutLine: {'line': b'-- Up-to-date: /home/ghost/Desktop/dev_ws/install/robot_communication_interfaces/include/robot_communication_interfaces/msg\n'}
[0.536296] (robot_communication_interfaces) StdoutLine: {'line': b'-- Up-to-date: /home/ghost/Desktop/dev_ws/install/robot_communication_interfaces/include/robot_communication_interfaces/msg/rosidl_typesupport_fastrtps_c__visibility_control.h\n'}
[0.536483] (robot_communication_interfaces) StdoutLine: {'line': b'-- Up-to-date: /home/ghost/Desktop/dev_ws/install/robot_communication_interfaces/include/robot_communication_interfaces/msg/detail\n'}
[0.536545] (robot_communication_interfaces) StdoutLine: {'line': b'-- Up-to-date: /home/ghost/Desktop/dev_ws/install/robot_communication_interfaces/include/robot_communication_interfaces/msg/detail/communication_message__rosidl_typesupport_fastrtps_c.h\n'}
[0.537331] (robot_communication_interfaces) StdoutLine: {'line': b'-- Up-to-date: /home/ghost/Desktop/dev_ws/install/robot_communication_interfaces/lib/librobot_communication_interfaces__rosidl_typesupport_fastrtps_c.so\n'}
[0.537620] (robot_communication_interfaces) StdoutLine: {'line': b'-- Up-to-date: /home/ghost/Desktop/dev_ws/install/robot_communication_interfaces/include/robot_communication_interfaces\n'}
[0.537727] (robot_communication_interfaces) StdoutLine: {'line': b'-- Up-to-date: /home/ghost/Desktop/dev_ws/install/robot_communication_interfaces/include/robot_communication_interfaces/srv\n'}
[0.537803] (robot_communication_interfaces) StdoutLine: {'line': b'-- Up-to-date: /home/ghost/Desktop/dev_ws/install/robot_communication_interfaces/include/robot_communication_interfaces/srv/detail\n'}
[0.537876] (robot_communication_interfaces) StdoutLine: {'line': b'-- Up-to-date: /home/ghost/Desktop/dev_ws/install/robot_communication_interfaces/include/robot_communication_interfaces/srv/detail/dds_fastrtps\n'}
[0.537979] (robot_communication_interfaces) StdoutLine: {'line': b'-- Up-to-date: /home/ghost/Desktop/dev_ws/install/robot_communication_interfaces/include/robot_communication_interfaces/srv/detail/communication_service__rosidl_typesupport_fastrtps_cpp.hpp\n'}
[0.538112] (robot_communication_interfaces) StdoutLine: {'line': b'-- Up-to-date: /home/ghost/Desktop/dev_ws/install/robot_communication_interfaces/include/robot_communication_interfaces/msg\n'}
[0.538278] (robot_communication_interfaces) StdoutLine: {'line': b'-- Up-to-date: /home/ghost/Desktop/dev_ws/install/robot_communication_interfaces/include/robot_communication_interfaces/msg/detail\n'}
[0.538446] (robot_communication_interfaces) StdoutLine: {'line': b'-- Up-to-date: /home/ghost/Desktop/dev_ws/install/robot_communication_interfaces/include/robot_communication_interfaces/msg/detail/dds_fastrtps\n'}
[0.538723] (robot_communication_interfaces) StdoutLine: {'line': b'-- Up-to-date: /home/ghost/Desktop/dev_ws/install/robot_communication_interfaces/include/robot_communication_interfaces/msg/detail/communication_message__rosidl_typesupport_fastrtps_cpp.hpp\n'}
[0.538881] (robot_communication_interfaces) StdoutLine: {'line': b'-- Up-to-date: /home/ghost/Desktop/dev_ws/install/robot_communication_interfaces/include/robot_communication_interfaces/msg/rosidl_typesupport_fastrtps_cpp__visibility_control.h\n'}
[0.538970] (robot_communication_interfaces) StdoutLine: {'line': b'-- Up-to-date: /home/ghost/Desktop/dev_ws/install/robot_communication_interfaces/lib/librobot_communication_interfaces__rosidl_typesupport_fastrtps_cpp.so\n'}
[0.539056] (robot_communication_interfaces) StdoutLine: {'line': b'-- Up-to-date: /home/ghost/Desktop/dev_ws/install/robot_communication_interfaces/include/robot_communication_interfaces\n'}
[0.539151] (robot_communication_interfaces) StdoutLine: {'line': b'-- Up-to-date: /home/ghost/Desktop/dev_ws/install/robot_communication_interfaces/include/robot_communication_interfaces/srv\n'}
[0.539237] (robot_communication_interfaces) StdoutLine: {'line': b'-- Up-to-date: /home/ghost/Desktop/dev_ws/install/robot_communication_interfaces/include/robot_communication_interfaces/srv/detail\n'}
[0.539340] (robot_communication_interfaces) StdoutLine: {'line': b'-- Up-to-date: /home/ghost/Desktop/dev_ws/install/robot_communication_interfaces/include/robot_communication_interfaces/srv/detail/communication_service__rosidl_typesupport_introspection_c.h\n'}
[0.539414] (robot_communication_interfaces) StdoutLine: {'line': b'-- Up-to-date: /home/ghost/Desktop/dev_ws/install/robot_communication_interfaces/include/robot_communication_interfaces/srv/detail/communication_service__type_support.c\n'}
[0.541867] (robot_communication_interfaces) StdoutLine: {'line': b'-- Up-to-date: /home/ghost/Desktop/dev_ws/install/robot_communication_interfaces/include/robot_communication_interfaces/msg\n'}
[0.542064] (robot_communication_interfaces) StdoutLine: {'line': b'-- Up-to-date: /home/ghost/Desktop/dev_ws/install/robot_communication_interfaces/include/robot_communication_interfaces/msg/detail\n'}
[0.542303] (robot_communication_interfaces) StdoutLine: {'line': b'-- Up-to-date: /home/ghost/Desktop/dev_ws/install/robot_communication_interfaces/include/robot_communication_interfaces/msg/detail/communication_message__rosidl_typesupport_introspection_c.h\n'}
[0.542452] (robot_communication_interfaces) StdoutLine: {'line': b'-- Up-to-date: /home/ghost/Desktop/dev_ws/install/robot_communication_interfaces/include/robot_communication_interfaces/msg/detail/communication_message__type_support.c\n'}
[0.542593] (robot_communication_interfaces) StdoutLine: {'line': b'-- Up-to-date: /home/ghost/Desktop/dev_ws/install/robot_communication_interfaces/include/robot_communication_interfaces/msg/rosidl_typesupport_introspection_c__visibility_control.h\n'}
[0.542661] (robot_communication_interfaces) StdoutLine: {'line': b'-- Up-to-date: /home/ghost/Desktop/dev_ws/install/robot_communication_interfaces/lib/librobot_communication_interfaces__rosidl_typesupport_introspection_c.so\n'}
[0.542738] (robot_communication_interfaces) StdoutLine: {'line': b'-- Up-to-date: /home/ghost/Desktop/dev_ws/install/robot_communication_interfaces/lib/librobot_communication_interfaces__rosidl_typesupport_c.so\n'}
[0.542800] (robot_communication_interfaces) StdoutLine: {'line': b'-- Up-to-date: /home/ghost/Desktop/dev_ws/install/robot_communication_interfaces/include/robot_communication_interfaces\n'}
[0.542858] (robot_communication_interfaces) StdoutLine: {'line': b'-- Up-to-date: /home/ghost/Desktop/dev_ws/install/robot_communication_interfaces/include/robot_communication_interfaces/srv\n'}
[0.542905] (robot_communication_interfaces) StdoutLine: {'line': b'-- Up-to-date: /home/ghost/Desktop/dev_ws/install/robot_communication_interfaces/include/robot_communication_interfaces/srv/communication_service.hpp\n'}
[0.542976] (robot_communication_interfaces) StdoutLine: {'line': b'-- Up-to-date: /home/ghost/Desktop/dev_ws/install/robot_communication_interfaces/include/robot_communication_interfaces/srv/detail\n'}
[0.543046] (robot_communication_interfaces) StdoutLine: {'line': b'-- Up-to-date: /home/ghost/Desktop/dev_ws/install/robot_communication_interfaces/include/robot_communication_interfaces/srv/detail/communication_service__traits.hpp\n'}
[0.543143] (robot_communication_interfaces) StdoutLine: {'line': b'-- Up-to-date: /home/ghost/Desktop/dev_ws/install/robot_communication_interfaces/include/robot_communication_interfaces/srv/detail/communication_service__struct.hpp\n'}
[0.543260] (robot_communication_interfaces) StdoutLine: {'line': b'-- Up-to-date: /home/ghost/Desktop/dev_ws/install/robot_communication_interfaces/include/robot_communication_interfaces/srv/detail/communication_service__builder.hpp\n'}
[0.543456] (robot_communication_interfaces) StdoutLine: {'line': b'-- Up-to-date: /home/ghost/Desktop/dev_ws/install/robot_communication_interfaces/include/robot_communication_interfaces/msg\n'}
[0.543569] (robot_communication_interfaces) StdoutLine: {'line': b'-- Up-to-date: /home/ghost/Desktop/dev_ws/install/robot_communication_interfaces/include/robot_communication_interfaces/msg/detail\n'}
[0.543638] (robot_communication_interfaces) StdoutLine: {'line': b'-- Up-to-date: /home/ghost/Desktop/dev_ws/install/robot_communication_interfaces/include/robot_communication_interfaces/msg/detail/communication_message__builder.hpp\n'}
[0.543714] (robot_communication_interfaces) StdoutLine: {'line': b'-- Up-to-date: /home/ghost/Desktop/dev_ws/install/robot_communication_interfaces/include/robot_communication_interfaces/msg/detail/communication_message__traits.hpp\n'}
[0.543783] (robot_communication_interfaces) StdoutLine: {'line': b'-- Up-to-date: /home/ghost/Desktop/dev_ws/install/robot_communication_interfaces/include/robot_communication_interfaces/msg/detail/communication_message__struct.hpp\n'}
[0.543863] (robot_communication_interfaces) StdoutLine: {'line': b'-- Up-to-date: /home/ghost/Desktop/dev_ws/install/robot_communication_interfaces/include/robot_communication_interfaces/msg/communication_message.hpp\n'}
[0.543933] (robot_communication_interfaces) StdoutLine: {'line': b'-- Up-to-date: /home/ghost/Desktop/dev_ws/install/robot_communication_interfaces/include/robot_communication_interfaces\n'}
[0.543993] (robot_communication_interfaces) StdoutLine: {'line': b'-- Up-to-date: /home/ghost/Desktop/dev_ws/install/robot_communication_interfaces/include/robot_communication_interfaces/srv\n'}
[0.544050] (robot_communication_interfaces) StdoutLine: {'line': b'-- Up-to-date: /home/ghost/Desktop/dev_ws/install/robot_communication_interfaces/include/robot_communication_interfaces/srv/detail\n'}
[0.544125] (robot_communication_interfaces) StdoutLine: {'line': b'-- Up-to-date: /home/ghost/Desktop/dev_ws/install/robot_communication_interfaces/include/robot_communication_interfaces/srv/detail/communication_service__rosidl_typesupport_introspection_cpp.hpp\n'}
[0.544200] (robot_communication_interfaces) StdoutLine: {'line': b'-- Up-to-date: /home/ghost/Desktop/dev_ws/install/robot_communication_interfaces/include/robot_communication_interfaces/srv/detail/communication_service__type_support.cpp\n'}
[0.544247] (robot_communication_interfaces) StdoutLine: {'line': b'-- Up-to-date: /home/ghost/Desktop/dev_ws/install/robot_communication_interfaces/include/robot_communication_interfaces/msg\n'}
[0.544312] (robot_communication_interfaces) StdoutLine: {'line': b'-- Up-to-date: /home/ghost/Desktop/dev_ws/install/robot_communication_interfaces/include/robot_communication_interfaces/msg/detail\n'}
[0.544367] (robot_communication_interfaces) StdoutLine: {'line': b'-- Up-to-date: /home/ghost/Desktop/dev_ws/install/robot_communication_interfaces/include/robot_communication_interfaces/msg/detail/communication_message__rosidl_typesupport_introspection_cpp.hpp\n'}
[0.544445] (robot_communication_interfaces) StdoutLine: {'line': b'-- Up-to-date: /home/ghost/Desktop/dev_ws/install/robot_communication_interfaces/include/robot_communication_interfaces/msg/detail/communication_message__type_support.cpp\n'}
[0.544494] (robot_communication_interfaces) StdoutLine: {'line': b'-- Up-to-date: /home/ghost/Desktop/dev_ws/install/robot_communication_interfaces/lib/librobot_communication_interfaces__rosidl_typesupport_introspection_cpp.so\n'}
[0.544549] (robot_communication_interfaces) StdoutLine: {'line': b'-- Up-to-date: /home/ghost/Desktop/dev_ws/install/robot_communication_interfaces/lib/librobot_communication_interfaces__rosidl_typesupport_cpp.so\n'}
[0.544594] (robot_communication_interfaces) StdoutLine: {'line': b'-- Up-to-date: /home/ghost/Desktop/dev_ws/install/robot_communication_interfaces/share/robot_communication_interfaces/environment/pythonpath.sh\n'}
[0.544640] (robot_communication_interfaces) StdoutLine: {'line': b'-- Up-to-date: /home/ghost/Desktop/dev_ws/install/robot_communication_interfaces/share/robot_communication_interfaces/environment/pythonpath.dsv\n'}
[0.544684] (robot_communication_interfaces) StdoutLine: {'line': b'-- Up-to-date: /home/ghost/Desktop/dev_ws/install/robot_communication_interfaces/lib/python3.8/site-packages/robot_communication_interfaces/__init__.py\n'}
[0.569460] (robot_communication_interfaces) StdoutLine: {'line': b'-- Up-to-date: /home/ghost/Desktop/dev_ws/install/robot_communication_interfaces/lib/python3.8/site-packages/robot_communication_interfaces/msg\n'}
[0.569661] (robot_communication_interfaces) StdoutLine: {'line': b'-- Up-to-date: /home/ghost/Desktop/dev_ws/install/robot_communication_interfaces/lib/python3.8/site-packages/robot_communication_interfaces/msg/__init__.py\n'}
[0.569737] (robot_communication_interfaces) StdoutLine: {'line': b'-- Up-to-date: /home/ghost/Desktop/dev_ws/install/robot_communication_interfaces/lib/python3.8/site-packages/robot_communication_interfaces/msg/_communication_message_s.c\n'}
[0.569847] (robot_communication_interfaces) StdoutLine: {'line': b'-- Up-to-date: /home/ghost/Desktop/dev_ws/install/robot_communication_interfaces/lib/python3.8/site-packages/robot_communication_interfaces/msg/_communication_message.py\n'}
[0.569899] (robot_communication_interfaces) StdoutLine: {'line': b'-- Up-to-date: /home/ghost/Desktop/dev_ws/install/robot_communication_interfaces/lib/python3.8/site-packages/robot_communication_interfaces/srv\n'}
[0.569947] (robot_communication_interfaces) StdoutLine: {'line': b'-- Up-to-date: /home/ghost/Desktop/dev_ws/install/robot_communication_interfaces/lib/python3.8/site-packages/robot_communication_interfaces/srv/__init__.py\n'}
[0.569994] (robot_communication_interfaces) StdoutLine: {'line': b'-- Up-to-date: /home/ghost/Desktop/dev_ws/install/robot_communication_interfaces/lib/python3.8/site-packages/robot_communication_interfaces/srv/_communication_service.py\n'}
[0.570046] (robot_communication_interfaces) StdoutLine: {'line': b'-- Up-to-date: /home/ghost/Desktop/dev_ws/install/robot_communication_interfaces/lib/python3.8/site-packages/robot_communication_interfaces/srv/_communication_service_s.c\n'}
[0.570106] (robot_communication_interfaces) StdoutLine: {'line': b'-- Up-to-date: /home/ghost/Desktop/dev_ws/install/robot_communication_interfaces/lib/python3.8/site-packages/robot_communication_interfaces/robot_communication_interfaces_s__rosidl_typesupport_fastrtps_c.cpython-38-x86_64-linux-gnu.so\n'}
[0.570686] (robot_communication_interfaces) StdoutLine: {'line': b'-- Up-to-date: /home/ghost/Desktop/dev_ws/install/robot_communication_interfaces/lib/python3.8/site-packages/robot_communication_interfaces/robot_communication_interfaces_s__rosidl_typesupport_introspection_c.cpython-38-x86_64-linux-gnu.so\n'}
[0.571303] (robot_communication_interfaces) StdoutLine: {'line': b'-- Up-to-date: /home/ghost/Desktop/dev_ws/install/robot_communication_interfaces/lib/python3.8/site-packages/robot_communication_interfaces/robot_communication_interfaces_s__rosidl_typesupport_c.cpython-38-x86_64-linux-gnu.so\n'}
[0.571700] (robot_communication_interfaces) StdoutLine: {'line': b'-- Up-to-date: /home/ghost/Desktop/dev_ws/install/robot_communication_interfaces/lib/librobot_communication_interfaces__python.so\n'}
[0.571898] (robot_communication_interfaces) StdoutLine: {'line': b'-- Up-to-date: /home/ghost/Desktop/dev_ws/install/robot_communication_interfaces/share/robot_communication_interfaces/msg/CommunicationMessage.idl\n'}
[0.572182] (robot_communication_interfaces) StdoutLine: {'line': b'-- Up-to-date: /home/ghost/Desktop/dev_ws/install/robot_communication_interfaces/share/robot_communication_interfaces/srv/CommunicationService.idl\n'}
[0.572330] (robot_communication_interfaces) StdoutLine: {'line': b'-- Up-to-date: /home/ghost/Desktop/dev_ws/install/robot_communication_interfaces/share/robot_communication_interfaces/msg/CommunicationMessage.msg\n'}
[0.572473] (robot_communication_interfaces) StdoutLine: {'line': b'-- Up-to-date: /home/ghost/Desktop/dev_ws/install/robot_communication_interfaces/share/robot_communication_interfaces/srv/CommunicationService.srv\n'}
[0.572614] (robot_communication_interfaces) StdoutLine: {'line': b'-- Up-to-date: /home/ghost/Desktop/dev_ws/install/robot_communication_interfaces/share/robot_communication_interfaces/srv/CommunicationService_Request.msg\n'}
[0.572678] (robot_communication_interfaces) StdoutLine: {'line': b'-- Up-to-date: /home/ghost/Desktop/dev_ws/install/robot_communication_interfaces/share/robot_communication_interfaces/srv/CommunicationService_Response.msg\n'}
[0.572725] (robot_communication_interfaces) StdoutLine: {'line': b'-- Up-to-date: /home/ghost/Desktop/dev_ws/install/robot_communication_interfaces/share/ament_index/resource_index/package_run_dependencies/robot_communication_interfaces\n'}
[0.572798] (robot_communication_interfaces) StdoutLine: {'line': b'-- Up-to-date: /home/ghost/Desktop/dev_ws/install/robot_communication_interfaces/share/ament_index/resource_index/parent_prefix_path/robot_communication_interfaces\n'}
[0.572866] (robot_communication_interfaces) StdoutLine: {'line': b'-- Up-to-date: /home/ghost/Desktop/dev_ws/install/robot_communication_interfaces/share/robot_communication_interfaces/environment/ament_prefix_path.sh\n'}
[0.572957] (robot_communication_interfaces) StdoutLine: {'line': b'-- Up-to-date: /home/ghost/Desktop/dev_ws/install/robot_communication_interfaces/share/robot_communication_interfaces/environment/ament_prefix_path.dsv\n'}
[0.573084] (robot_communication_interfaces) StdoutLine: {'line': b'-- Up-to-date: /home/ghost/Desktop/dev_ws/install/robot_communication_interfaces/share/robot_communication_interfaces/environment/path.sh\n'}
[0.573137] (robot_communication_interfaces) StdoutLine: {'line': b'-- Up-to-date: /home/ghost/Desktop/dev_ws/install/robot_communication_interfaces/share/robot_communication_interfaces/environment/path.dsv\n'}
[0.573186] (robot_communication_interfaces) StdoutLine: {'line': b'-- Up-to-date: /home/ghost/Desktop/dev_ws/install/robot_communication_interfaces/share/robot_communication_interfaces/local_setup.bash\n'}
[0.573303] (robot_communication_interfaces) StdoutLine: {'line': b'-- Up-to-date: /home/ghost/Desktop/dev_ws/install/robot_communication_interfaces/share/robot_communication_interfaces/local_setup.sh\n'}
[0.573352] (robot_communication_interfaces) StdoutLine: {'line': b'-- Up-to-date: /home/ghost/Desktop/dev_ws/install/robot_communication_interfaces/share/robot_communication_interfaces/local_setup.zsh\n'}
[0.573394] (robot_communication_interfaces) StdoutLine: {'line': b'-- Up-to-date: /home/ghost/Desktop/dev_ws/install/robot_communication_interfaces/share/robot_communication_interfaces/local_setup.dsv\n'}
[0.573498] (robot_communication_interfaces) StdoutLine: {'line': b'-- Installing: /home/ghost/Desktop/dev_ws/install/robot_communication_interfaces/share/robot_communication_interfaces/package.dsv\n'}
[0.573542] (robot_communication_interfaces) StdoutLine: {'line': b'-- Up-to-date: /home/ghost/Desktop/dev_ws/install/robot_communication_interfaces/share/ament_index/resource_index/packages/robot_communication_interfaces\n'}
[0.573582] (robot_communication_interfaces) StdoutLine: {'line': b'-- Up-to-date: /home/ghost/Desktop/dev_ws/install/robot_communication_interfaces/share/robot_communication_interfaces/cmake/robot_communication_interfaces__rosidl_generator_cExport.cmake\n'}
[0.573658] (robot_communication_interfaces) StdoutLine: {'line': b'-- Up-to-date: /home/ghost/Desktop/dev_ws/install/robot_communication_interfaces/share/robot_communication_interfaces/cmake/robot_communication_interfaces__rosidl_generator_cExport-noconfig.cmake\n'}
[0.573702] (robot_communication_interfaces) StdoutLine: {'line': b'-- Up-to-date: /home/ghost/Desktop/dev_ws/install/robot_communication_interfaces/share/robot_communication_interfaces/cmake/robot_communication_interfaces__rosidl_typesupport_introspection_cExport.cmake\n'}
[0.573744] (robot_communication_interfaces) StdoutLine: {'line': b'-- Up-to-date: /home/ghost/Desktop/dev_ws/install/robot_communication_interfaces/share/robot_communication_interfaces/cmake/robot_communication_interfaces__rosidl_typesupport_introspection_cExport-noconfig.cmake\n'}
[0.573815] (robot_communication_interfaces) StdoutLine: {'line': b'-- Up-to-date: /home/ghost/Desktop/dev_ws/install/robot_communication_interfaces/share/robot_communication_interfaces/cmake/robot_communication_interfaces__rosidl_typesupport_cExport.cmake\n'}
[0.573940] (robot_communication_interfaces) StdoutLine: {'line': b'-- Up-to-date: /home/ghost/Desktop/dev_ws/install/robot_communication_interfaces/share/robot_communication_interfaces/cmake/robot_communication_interfaces__rosidl_typesupport_cExport-noconfig.cmake\n'}
[0.573993] (robot_communication_interfaces) StdoutLine: {'line': b'-- Up-to-date: /home/ghost/Desktop/dev_ws/install/robot_communication_interfaces/share/robot_communication_interfaces/cmake/robot_communication_interfaces__rosidl_generator_cppExport.cmake\n'}
[0.574121] (robot_communication_interfaces) StdoutLine: {'line': b'-- Up-to-date: /home/ghost/Desktop/dev_ws/install/robot_communication_interfaces/share/robot_communication_interfaces/cmake/robot_communication_interfaces__rosidl_typesupport_introspection_cppExport.cmake\n'}
[0.574256] (robot_communication_interfaces) StdoutLine: {'line': b'-- Up-to-date: /home/ghost/Desktop/dev_ws/install/robot_communication_interfaces/share/robot_communication_interfaces/cmake/robot_communication_interfaces__rosidl_typesupport_introspection_cppExport-noconfig.cmake\n'}
[0.574387] (robot_communication_interfaces) StdoutLine: {'line': b'-- Up-to-date: /home/ghost/Desktop/dev_ws/install/robot_communication_interfaces/share/robot_communication_interfaces/cmake/robot_communication_interfaces__rosidl_typesupport_cppExport.cmake\n'}
[0.574541] (robot_communication_interfaces) StdoutLine: {'line': b'-- Up-to-date: /home/ghost/Desktop/dev_ws/install/robot_communication_interfaces/share/robot_communication_interfaces/cmake/robot_communication_interfaces__rosidl_typesupport_cppExport-noconfig.cmake\n'}
[0.574634] (robot_communication_interfaces) StdoutLine: {'line': b'-- Up-to-date: /home/ghost/Desktop/dev_ws/install/robot_communication_interfaces/share/robot_communication_interfaces/cmake/rosidl_cmake-extras.cmake\n'}
[0.574680] (robot_communication_interfaces) StdoutLine: {'line': b'-- Up-to-date: /home/ghost/Desktop/dev_ws/install/robot_communication_interfaces/share/robot_communication_interfaces/cmake/ament_cmake_export_dependencies-extras.cmake\n'}
[0.574724] (robot_communication_interfaces) StdoutLine: {'line': b'-- Up-to-date: /home/ghost/Desktop/dev_ws/install/robot_communication_interfaces/share/robot_communication_interfaces/cmake/ament_cmake_export_libraries-extras.cmake\n'}
[0.574775] (robot_communication_interfaces) StdoutLine: {'line': b'-- Up-to-date: /home/ghost/Desktop/dev_ws/install/robot_communication_interfaces/share/robot_communication_interfaces/cmake/ament_cmake_export_targets-extras.cmake\n'}
[0.574824] (robot_communication_interfaces) StdoutLine: {'line': b'-- Up-to-date: /home/ghost/Desktop/dev_ws/install/robot_communication_interfaces/share/robot_communication_interfaces/cmake/ament_cmake_export_include_directories-extras.cmake\n'}
[0.574882] (robot_communication_interfaces) StdoutLine: {'line': b'-- Up-to-date: /home/ghost/Desktop/dev_ws/install/robot_communication_interfaces/share/robot_communication_interfaces/cmake/rosidl_cmake_export_typesupport_libraries-extras.cmake\n'}
[0.574931] (robot_communication_interfaces) StdoutLine: {'line': b'-- Up-to-date: /home/ghost/Desktop/dev_ws/install/robot_communication_interfaces/share/robot_communication_interfaces/cmake/rosidl_cmake_export_typesupport_targets-extras.cmake\n'}
[0.574971] (robot_communication_interfaces) StdoutLine: {'line': b'-- Up-to-date: /home/ghost/Desktop/dev_ws/install/robot_communication_interfaces/share/robot_communication_interfaces/cmake/robot_communication_interfacesConfig.cmake\n'}
[0.575013] (robot_communication_interfaces) StdoutLine: {'line': b'-- Up-to-date: /home/ghost/Desktop/dev_ws/install/robot_communication_interfaces/share/robot_communication_interfaces/cmake/robot_communication_interfacesConfig-version.cmake\n'}
[0.575054] (robot_communication_interfaces) StdoutLine: {'line': b'-- Up-to-date: /home/ghost/Desktop/dev_ws/install/robot_communication_interfaces/share/robot_communication_interfaces/package.xml\n'}
[0.578434] (robot_communication_interfaces) CommandEnded: {'returncode': 0}
[0.600671] (-) TimerEvent: {}
[0.660691] (robot_communication_interfaces) JobEnded: {'identifier': 'robot_communication_interfaces', 'rc': 0}
[0.661916] (-) EventReactorShutdown: {}
