[0.000000] (-) TimerEvent: {}
[0.001980] (controller) JobQueued: {'identifier': 'controller', 'dependencies': OrderedDict()}
[0.002062] (controller) JobStarted: {'identifier': 'controller'}
[0.097914] (-) TimerEvent: {}
[0.198726] (-) TimerEvent: {}
[0.299288] (-) TimerEvent: {}
[0.399822] (-) TimerEvent: {}
[0.414938] (controller) Command: {'cmd': ['/usr/bin/python3', 'setup.py', 'egg_info', '--egg-base', '../../build/controller', 'build', '--build-base', '/home/ghost/Desktop/dev_ws/build/controller/build', 'install', '--prefix', '/home/ghost/Desktop/dev_ws/install/controller', '--record', '/home/ghost/Desktop/dev_ws/build/controller/install.log', '--single-version-externally-managed'], 'cwd': '/home/ghost/Desktop/dev_ws/src/controller', 'env': {'SUDO_GID': '1000', 'MAIL': '/var/mail/root', 'LANGUAGE': 'en_IN:en', 'USER': 'root', 'HOME': '/root', 'COLORTERM': 'truecolor', 'SUDO_UID': '1000', 'LOGNAME': 'root', 'TERM': 'xterm-256color', 'PATH': '/usr/local/sbin:/usr/local/bin:/usr/sbin:/usr/bin:/sbin:/bin:/snap/bin', 'DISPLAY': ':0', 'LANG': 'en_US.UTF-8', 'XAUTHORITY': '/run/user/1000/gdm/Xauthority', 'SUDO_COMMAND': '/usr/bin/colcon build', 'SHELL': '/bin/bash', 'SUDO_USER': 'ghost', 'LC_ALL': 'en_US.UTF-8', 'PWD': '/home/ghost/Desktop/dev_ws/build/controller', 'COLCON': '1', 'PYTHONPATH': '/home/ghost/Desktop/dev_ws/install/controller/lib/python3.8/site-packages:'}, 'shell': False}
[0.500474] (-) TimerEvent: {}
[0.601030] (-) TimerEvent: {}
[0.701464] (-) TimerEvent: {}
[0.741836] (controller) StdoutLine: {'line': b'running egg_info\n'}
[0.742668] (controller) StdoutLine: {'line': b'writing ../../build/controller/controller.egg-info/PKG-INFO\n'}
[0.743016] (controller) StdoutLine: {'line': b'writing dependency_links to ../../build/controller/controller.egg-info/dependency_links.txt\n'}
[0.743362] (controller) StdoutLine: {'line': b'writing entry points to ../../build/controller/controller.egg-info/entry_points.txt\n'}
[0.743601] (controller) StdoutLine: {'line': b'writing requirements to ../../build/controller/controller.egg-info/requires.txt\n'}
[0.743783] (controller) StdoutLine: {'line': b'writing top-level names to ../../build/controller/controller.egg-info/top_level.txt\n'}
[0.801520] (-) TimerEvent: {}
[0.807205] (controller) StdoutLine: {'line': b"reading manifest file '../../build/controller/controller.egg-info/SOURCES.txt'\n"}
[0.809102] (controller) StdoutLine: {'line': b"writing manifest file '../../build/controller/controller.egg-info/SOURCES.txt'\n"}
[0.809437] (controller) StdoutLine: {'line': b'running build\n'}
[0.809569] (controller) StdoutLine: {'line': b'running build_py\n'}
[0.811357] (controller) StdoutLine: {'line': b'running install\n'}
[0.812769] (controller) StdoutLine: {'line': b'running install_lib\n'}
[0.816321] (controller) StdoutLine: {'line': b'running install_data\n'}
[0.817086] (controller) StdoutLine: {'line': b'running install_egg_info\n'}
[0.819955] (controller) StdoutLine: {'line': b"removing '/home/ghost/Desktop/dev_ws/install/controller/lib/python3.8/site-packages/controller-0.0.1-py3.8.egg-info' (and everything under it)\n"}
[0.820551] (controller) StdoutLine: {'line': b'Copying ../../build/controller/controller.egg-info to /home/ghost/Desktop/dev_ws/install/controller/lib/python3.8/site-packages/controller-0.0.1-py3.8.egg-info\n'}
[0.822114] (controller) StdoutLine: {'line': b'running install_scripts\n'}
[0.848059] (controller) StdoutLine: {'line': b'Installing controller script to /home/ghost/Desktop/dev_ws/install/controller/lib/controller\n'}
[0.849190] (controller) StdoutLine: {'line': b"writing list of installed files to '/home/ghost/Desktop/dev_ws/build/controller/install.log'\n"}
[0.882398] (controller) CommandEnded: {'returncode': 0}
[0.902629] (-) TimerEvent: {}
[0.905282] (controller) JobEnded: {'identifier': 'controller', 'rc': 0}
[0.907414] (-) EventReactorShutdown: {}
