[0.000000] (-) TimerEvent: {}
[0.000757] (-) JobUnselected: {'identifier': 'robot_communication_interfaces'}
[0.001114] (controller) JobQueued: {'identifier': 'controller', 'dependencies': OrderedDict()}
[0.001252] (controller) JobStarted: {'identifier': 'controller'}
[0.097958] (-) TimerEvent: {}
[0.199888] (-) TimerEvent: {}
[0.300801] (-) TimerEvent: {}
[0.401914] (-) TimerEvent: {}
[0.502701] (-) TimerEvent: {}
[0.603532] (-) TimerEvent: {}
[0.704192] (-) TimerEvent: {}
[0.805023] (-) TimerEvent: {}
[0.905765] (-) TimerEvent: {}
[0.933105] (controller) Command: {'cmd': ['/usr/bin/python3', 'setup.py', 'egg_info', '--egg-base', '../../build/controller', 'build', '--build-base', '/home/ghost/Desktop/dev_ws/build/controller/build', 'install', '--prefix', '/home/ghost/Desktop/dev_ws/install/controller', '--record', '/home/ghost/Desktop/dev_ws/build/controller/install.log', '--single-version-externally-managed'], 'cwd': '/home/ghost/Desktop/dev_ws/src/controller', 'env': {'SUDO_GID': '1000', 'MAIL': '/var/mail/root', 'LANGUAGE': 'en_IN:en', 'USER': 'root', 'HOME': '/root', 'COLORTERM': 'truecolor', 'SUDO_UID': '1000', 'LOGNAME': 'root', 'TERM': 'xterm-256color', 'PATH': '/usr/local/sbin:/usr/local/bin:/usr/sbin:/usr/bin:/sbin:/bin:/snap/bin', 'DISPLAY': ':0', 'LANG': 'en_US.UTF-8', 'XAUTHORITY': '/run/user/1000/gdm/Xauthority', 'SUDO_COMMAND': '/usr/bin/colcon build --packages-select controller', 'SHELL': '/bin/bash', 'SUDO_USER': 'ghost', 'LC_ALL': 'en_US.UTF-8', 'PWD': '/home/ghost/Desktop/dev_ws/build/controller', 'COLCON': '1', 'PYTHONPATH': '/home/ghost/Desktop/dev_ws/install/controller/lib/python3.8/site-packages:'}, 'shell': False}
[1.006586] (-) TimerEvent: {}
[1.107593] (-) TimerEvent: {}
[1.208209] (-) TimerEvent: {}
[1.309043] (-) TimerEvent: {}
[1.410224] (-) TimerEvent: {}
[1.511110] (-) TimerEvent: {}
[1.611832] (-) TimerEvent: {}
[1.630699] (controller) StdoutLine: {'line': b'running egg_info\n'}
[1.633348] (controller) StdoutLine: {'line': b'writing ../../build/controller/controller.egg-info/PKG-INFO\n'}
[1.634749] (controller) StdoutLine: {'line': b'writing dependency_links to ../../build/controller/controller.egg-info/dependency_links.txt\n'}
[1.636013] (controller) StdoutLine: {'line': b'writing entry points to ../../build/controller/controller.egg-info/entry_points.txt\n'}
[1.637420] (controller) StdoutLine: {'line': b'writing requirements to ../../build/controller/controller.egg-info/requires.txt\n'}
[1.638516] (controller) StdoutLine: {'line': b'writing top-level names to ../../build/controller/controller.egg-info/top_level.txt\n'}
[1.711940] (-) TimerEvent: {}
[1.721724] (controller) StdoutLine: {'line': b"reading manifest file '../../build/controller/controller.egg-info/SOURCES.txt'\n"}
[1.723161] (controller) StdoutLine: {'line': b"writing manifest file '../../build/controller/controller.egg-info/SOURCES.txt'\n"}
[1.723474] (controller) StdoutLine: {'line': b'running build\n'}
[1.723616] (controller) StdoutLine: {'line': b'running build_py\n'}
[1.725252] (controller) StdoutLine: {'line': b'running install\n'}
[1.726267] (controller) StdoutLine: {'line': b'running install_lib\n'}
[1.728784] (controller) StdoutLine: {'line': b'running install_data\n'}
[1.730027] (controller) StdoutLine: {'line': b'running install_egg_info\n'}
[1.732103] (controller) StdoutLine: {'line': b"removing '/home/ghost/Desktop/dev_ws/install/controller/lib/python3.8/site-packages/controller-0.0.1-py3.8.egg-info' (and everything under it)\n"}
[1.732651] (controller) StdoutLine: {'line': b'Copying ../../build/controller/controller.egg-info to /home/ghost/Desktop/dev_ws/install/controller/lib/python3.8/site-packages/controller-0.0.1-py3.8.egg-info\n'}
[1.733896] (controller) StdoutLine: {'line': b'running install_scripts\n'}
[1.776850] (controller) StdoutLine: {'line': b'Installing controller script to /home/ghost/Desktop/dev_ws/install/controller/lib/controller\n'}
[1.782563] (controller) StdoutLine: {'line': b"writing list of installed files to '/home/ghost/Desktop/dev_ws/build/controller/install.log'\n"}
[1.812345] (-) TimerEvent: {}
[1.849948] (controller) CommandEnded: {'returncode': 0}
[1.893612] (controller) JobEnded: {'identifier': 'controller', 'rc': 0}
[1.896045] (-) EventReactorShutdown: {}
