[2.156s] DEBUG:colcon:Command line arguments: ['/usr/bin/colcon', 'build', '--packages-select', 'controller']
[2.156s] DEBUG:colcon:Parsed command line arguments: Namespace(ament_cmake_args=None, base_paths=['.'], build_base='build', catkin_cmake_args=None, catkin_skip_building_tests=False, cmake_args=None, cmake_clean_cache=False, cmake_clean_first=False, cmake_force_configure=False, cmake_target=None, cmake_target_skip_unavailable=False, continue_on_error=False, event_handlers=None, executor='parallel', ignore_user_meta=False, install_base='install', log_base=None, log_level=None, main=<bound method BuildVerb.main of <colcon_core.verb.build.BuildVerb object at 0x7f0f56d96a00>>, merge_install=False, metas=['./colcon.meta'], packages_above=None, packages_above_and_dependencies=None, packages_above_depth=None, packages_end=None, packages_ignore=None, packages_ignore_regex=None, packages_select=['controller'], packages_select_build_failed=False, packages_select_by_dep=None, packages_select_regex=None, packages_select_test_failures=False, packages_skip=None, packages_skip_build_finished=False, packages_skip_by_dep=None, packages_skip_regex=None, packages_skip_test_passed=False, packages_skip_up_to=None, packages_start=None, packages_up_to=None, packages_up_to_regex=None, parallel_workers=4, paths=None, symlink_install=False, test_result_base=None, verb_extension=<colcon_core.verb.build.BuildVerb object at 0x7f0f56d96a00>, verb_name='build', verb_parser=<colcon_defaults.argument_parser.defaults.DefaultArgumentsDecorator object at 0x7f0f56d96f70>)
[2.188s] Level 1:colcon.colcon_core.package_discovery:discover_packages(colcon_meta) check parameters
[2.189s] Level 1:colcon.colcon_core.package_discovery:discover_packages(recursive) check parameters
[2.189s] Level 1:colcon.colcon_core.package_discovery:discover_packages(ignore) check parameters
[2.189s] Level 1:colcon.colcon_core.package_discovery:discover_packages(path) check parameters
[2.189s] Level 1:colcon.colcon_core.package_discovery:discover_packages(colcon_meta) discover
[2.190s] Level 1:colcon.colcon_core.package_discovery:discover_packages(recursive) discover
[2.190s] INFO:colcon.colcon_core.package_discovery:Crawling recursively for packages in '/home/ghost/Desktop/dev_ws'
[2.191s] Level 1:colcon.colcon_core.package_identification:_identify(.) by extensions ['ignore', 'ignore_ament_install']
[2.192s] Level 1:colcon.colcon_core.package_identification:_identify(.) by extension 'ignore'
[2.192s] Level 1:colcon.colcon_core.package_identification:_identify(.) by extension 'ignore_ament_install'
[2.193s] Level 1:colcon.colcon_core.package_identification:_identify(.) by extensions ['colcon_pkg']
[2.193s] Level 1:colcon.colcon_core.package_identification:_identify(.) by extension 'colcon_pkg'
[2.193s] Level 1:colcon.colcon_core.package_identification:_identify(.) by extensions ['colcon_meta']
[2.193s] Level 1:colcon.colcon_core.package_identification:_identify(.) by extension 'colcon_meta'
[2.194s] Level 1:colcon.colcon_core.package_identification:_identify(.) by extensions ['ros']
[2.194s] Level 1:colcon.colcon_core.package_identification:_identify(.) by extension 'ros'
[2.277s] Level 1:colcon.colcon_core.package_identification:_identify(.) by extensions ['cmake', 'python']
[2.277s] Level 1:colcon.colcon_core.package_identification:_identify(.) by extension 'cmake'
[2.278s] Level 1:colcon.colcon_core.package_identification:_identify(.) by extension 'python'
[2.278s] Level 1:colcon.colcon_core.package_identification:_identify(.) by extensions ['python_setup_py']
[2.278s] Level 1:colcon.colcon_core.package_identification:_identify(.) by extension 'python_setup_py'
[2.279s] Level 1:colcon.colcon_core.package_identification:_identify(build) by extensions ['ignore', 'ignore_ament_install']
[2.280s] Level 1:colcon.colcon_core.package_identification:_identify(build) by extension 'ignore'
[2.280s] Level 1:colcon.colcon_core.package_identification:_identify(build) ignored
[2.280s] Level 1:colcon.colcon_core.package_identification:_identify(install) by extensions ['ignore', 'ignore_ament_install']
[2.281s] Level 1:colcon.colcon_core.package_identification:_identify(install) by extension 'ignore'
[2.281s] Level 1:colcon.colcon_core.package_identification:_identify(install) ignored
[2.287s] Level 1:colcon.colcon_core.package_identification:_identify(log) by extensions ['ignore', 'ignore_ament_install']
[2.288s] Level 1:colcon.colcon_core.package_identification:_identify(log) by extension 'ignore'
[2.288s] Level 1:colcon.colcon_core.package_identification:_identify(log) ignored
[2.289s] Level 1:colcon.colcon_core.package_identification:_identify(src) by extensions ['ignore', 'ignore_ament_install']
[2.289s] Level 1:colcon.colcon_core.package_identification:_identify(src) by extension 'ignore'
[2.290s] Level 1:colcon.colcon_core.package_identification:_identify(src) by extension 'ignore_ament_install'
[2.290s] Level 1:colcon.colcon_core.package_identification:_identify(src) by extensions ['colcon_pkg']
[2.290s] Level 1:colcon.colcon_core.package_identification:_identify(src) by extension 'colcon_pkg'
[2.291s] Level 1:colcon.colcon_core.package_identification:_identify(src) by extensions ['colcon_meta']
[2.291s] Level 1:colcon.colcon_core.package_identification:_identify(src) by extension 'colcon_meta'
[2.291s] Level 1:colcon.colcon_core.package_identification:_identify(src) by extensions ['ros']
[2.292s] Level 1:colcon.colcon_core.package_identification:_identify(src) by extension 'ros'
[2.292s] Level 1:colcon.colcon_core.package_identification:_identify(src) by extensions ['cmake', 'python']
[2.292s] Level 1:colcon.colcon_core.package_identification:_identify(src) by extension 'cmake'
[2.293s] Level 1:colcon.colcon_core.package_identification:_identify(src) by extension 'python'
[2.293s] Level 1:colcon.colcon_core.package_identification:_identify(src) by extensions ['python_setup_py']
[2.293s] Level 1:colcon.colcon_core.package_identification:_identify(src) by extension 'python_setup_py'
[2.294s] Level 1:colcon.colcon_core.package_identification:_identify(src/controller) by extensions ['ignore', 'ignore_ament_install']
[2.295s] Level 1:colcon.colcon_core.package_identification:_identify(src/controller) by extension 'ignore'
[2.295s] Level 1:colcon.colcon_core.package_identification:_identify(src/controller) by extension 'ignore_ament_install'
[2.296s] Level 1:colcon.colcon_core.package_identification:_identify(src/controller) by extensions ['colcon_pkg']
[2.297s] Level 1:colcon.colcon_core.package_identification:_identify(src/controller) by extension 'colcon_pkg'
[2.297s] Level 1:colcon.colcon_core.package_identification:_identify(src/controller) by extensions ['colcon_meta']
[2.298s] Level 1:colcon.colcon_core.package_identification:_identify(src/controller) by extension 'colcon_meta'
[2.298s] Level 1:colcon.colcon_core.package_identification:_identify(src/controller) by extensions ['ros']
[2.298s] Level 1:colcon.colcon_core.package_identification:_identify(src/controller) by extension 'ros'
[2.312s] DEBUG:colcon.colcon_core.package_identification:Package 'src/controller' with type 'ros.ament_python' and name 'controller'
[2.313s] Level 1:colcon.colcon_core.package_identification:_identify(src/robot_communication_interfaces) by extensions ['ignore', 'ignore_ament_install']
[2.313s] Level 1:colcon.colcon_core.package_identification:_identify(src/robot_communication_interfaces) by extension 'ignore'
[2.314s] Level 1:colcon.colcon_core.package_identification:_identify(src/robot_communication_interfaces) by extension 'ignore_ament_install'
[2.314s] Level 1:colcon.colcon_core.package_identification:_identify(src/robot_communication_interfaces) by extensions ['colcon_pkg']
[2.314s] Level 1:colcon.colcon_core.package_identification:_identify(src/robot_communication_interfaces) by extension 'colcon_pkg'
[2.314s] Level 1:colcon.colcon_core.package_identification:_identify(src/robot_communication_interfaces) by extensions ['colcon_meta']
[2.314s] Level 1:colcon.colcon_core.package_identification:_identify(src/robot_communication_interfaces) by extension 'colcon_meta'
[2.315s] Level 1:colcon.colcon_core.package_identification:_identify(src/robot_communication_interfaces) by extensions ['ros']
[2.315s] Level 1:colcon.colcon_core.package_identification:_identify(src/robot_communication_interfaces) by extension 'ros'
[2.319s] DEBUG:colcon.colcon_core.package_identification:Package 'src/robot_communication_interfaces' with type 'ros.ament_cmake' and name 'robot_communication_interfaces'
[2.320s] Level 1:colcon.colcon_core.package_discovery:discover_packages(recursive) using defaults
[2.320s] Level 1:colcon.colcon_core.package_discovery:discover_packages(ignore) discover
[2.320s] Level 1:colcon.colcon_core.package_discovery:discover_packages(ignore) using defaults
[2.320s] Level 1:colcon.colcon_core.package_discovery:discover_packages(path) discover
[2.320s] Level 1:colcon.colcon_core.package_discovery:discover_packages(path) using defaults
[2.434s] INFO:colcon.colcon_core.package_selection:Skipping not selected package 'robot_communication_interfaces' in 'src/robot_communication_interfaces'
[2.448s] Level 5:colcon.colcon_core.verb:set package 'controller' build argument 'cmake_args' from command line to 'None'
[2.449s] Level 5:colcon.colcon_core.verb:set package 'controller' build argument 'cmake_target' from command line to 'None'
[2.449s] Level 5:colcon.colcon_core.verb:set package 'controller' build argument 'cmake_target_skip_unavailable' from command line to 'False'
[2.449s] Level 5:colcon.colcon_core.verb:set package 'controller' build argument 'cmake_clean_cache' from command line to 'False'
[2.449s] Level 5:colcon.colcon_core.verb:set package 'controller' build argument 'cmake_clean_first' from command line to 'False'
[2.449s] Level 5:colcon.colcon_core.verb:set package 'controller' build argument 'cmake_force_configure' from command line to 'False'
[2.449s] Level 5:colcon.colcon_core.verb:set package 'controller' build argument 'ament_cmake_args' from command line to 'None'
[2.450s] Level 5:colcon.colcon_core.verb:set package 'controller' build argument 'catkin_cmake_args' from command line to 'None'
[2.450s] Level 5:colcon.colcon_core.verb:set package 'controller' build argument 'catkin_skip_building_tests' from command line to 'False'
[2.450s] DEBUG:colcon.colcon_core.verb:Building package 'controller' with the following arguments: {'ament_cmake_args': None, 'build_base': '/home/ghost/Desktop/dev_ws/build/controller', 'catkin_cmake_args': None, 'catkin_skip_building_tests': False, 'cmake_args': None, 'cmake_clean_cache': False, 'cmake_clean_first': False, 'cmake_force_configure': False, 'cmake_target': None, 'cmake_target_skip_unavailable': False, 'install_base': '/home/ghost/Desktop/dev_ws/install/controller', 'merge_install': False, 'path': '/home/ghost/Desktop/dev_ws/src/controller', 'symlink_install': False, 'test_result_base': None}
[2.452s] INFO:colcon.colcon_core.executor:Executing jobs using 'parallel' executor
[2.461s] DEBUG:colcon.colcon_parallel_executor.executor.parallel:run_until_complete
[2.463s] INFO:colcon.colcon_ros.task.ament_python.build:Building ROS package in '/home/ghost/Desktop/dev_ws/src/controller' with build type 'ament_python'
[2.464s] Level 1:colcon.colcon_core.shell:create_environment_hook('controller', 'ament_prefix_path')
[2.485s] INFO:colcon.colcon_core.plugin_system:Skipping extension 'colcon_core.shell.bat': Not used on non-Windows systems
[2.486s] INFO:colcon.colcon_core.shell:Creating environment hook '/home/ghost/Desktop/dev_ws/install/controller/share/controller/hook/ament_prefix_path.ps1'
[2.490s] INFO:colcon.colcon_core.shell:Creating environment descriptor '/home/ghost/Desktop/dev_ws/install/controller/share/controller/hook/ament_prefix_path.dsv'
[2.493s] INFO:colcon.colcon_core.shell:Creating environment hook '/home/ghost/Desktop/dev_ws/install/controller/share/controller/hook/ament_prefix_path.sh'
[2.498s] INFO:colcon.colcon_core.shell:Skip shell extension 'powershell' for command environment: Not usable outside of PowerShell
[2.499s] DEBUG:colcon.colcon_core.shell:Skip shell extension 'dsv' for command environment
[3.381s] INFO:colcon.colcon_core.task.python.build:Building Python package in '/home/ghost/Desktop/dev_ws/src/controller'
[3.384s] INFO:colcon.colcon_core.shell:Skip shell extension 'powershell' for command environment: Not usable outside of PowerShell
[3.384s] DEBUG:colcon.colcon_core.shell:Skip shell extension 'dsv' for command environment
[3.405s] DEBUG:colcon.colcon_core.event_handler.log_command:Invoking command in '/home/ghost/Desktop/dev_ws/src/controller': PYTHONPATH=/home/ghost/Desktop/dev_ws/install/controller/lib/python3.8/site-packages: /usr/bin/python3 setup.py egg_info --egg-base ../../build/controller build --build-base /home/ghost/Desktop/dev_ws/build/controller/build install --prefix /home/ghost/Desktop/dev_ws/install/controller --record /home/ghost/Desktop/dev_ws/build/controller/install.log --single-version-externally-managed
[4.321s] DEBUG:colcon.colcon_core.event_handler.log_command:Invoked command in '/home/ghost/Desktop/dev_ws/src/controller' returned '0': PYTHONPATH=/home/ghost/Desktop/dev_ws/install/controller/lib/python3.8/site-packages: /usr/bin/python3 setup.py egg_info --egg-base ../../build/controller build --build-base /home/ghost/Desktop/dev_ws/build/controller/build install --prefix /home/ghost/Desktop/dev_ws/install/controller --record /home/ghost/Desktop/dev_ws/build/controller/install.log --single-version-externally-managed
[4.332s] Level 1:colcon.colcon_core.environment:checking '/home/ghost/Desktop/dev_ws/install/controller' for CMake module files
[4.333s] Level 1:colcon.colcon_core.environment:checking '/home/ghost/Desktop/dev_ws/install/controller' for CMake config files
[4.338s] Level 1:colcon.colcon_core.environment:checking '/home/ghost/Desktop/dev_ws/install/controller/lib'
[4.339s] Level 1:colcon.colcon_core.environment:checking '/home/ghost/Desktop/dev_ws/install/controller/bin'
[4.339s] Level 1:colcon.colcon_core.environment:checking '/home/ghost/Desktop/dev_ws/install/controller/lib/pkgconfig/controller.pc'
[4.340s] Level 1:colcon.colcon_core.environment:checking '/home/ghost/Desktop/dev_ws/install/controller/lib/python3.8/site-packages'
[4.340s] Level 1:colcon.colcon_core.shell:create_environment_hook('controller', 'pythonpath')
[4.341s] INFO:colcon.colcon_core.shell:Creating environment hook '/home/ghost/Desktop/dev_ws/install/controller/share/controller/hook/pythonpath.ps1'
[4.344s] INFO:colcon.colcon_core.shell:Creating environment descriptor '/home/ghost/Desktop/dev_ws/install/controller/share/controller/hook/pythonpath.dsv'
[4.345s] INFO:colcon.colcon_core.shell:Creating environment hook '/home/ghost/Desktop/dev_ws/install/controller/share/controller/hook/pythonpath.sh'
[4.346s] Level 1:colcon.colcon_core.environment:create_environment_scripts_only(controller)
[4.348s] INFO:colcon.colcon_core.shell:Creating package script '/home/ghost/Desktop/dev_ws/install/controller/share/controller/package.ps1'
[4.353s] INFO:colcon.colcon_core.shell:Creating package descriptor '/home/ghost/Desktop/dev_ws/install/controller/share/controller/package.dsv'
[4.355s] INFO:colcon.colcon_core.shell:Creating package script '/home/ghost/Desktop/dev_ws/install/controller/share/controller/package.sh'
[4.358s] INFO:colcon.colcon_core.shell:Creating package script '/home/ghost/Desktop/dev_ws/install/controller/share/controller/package.bash'
[4.360s] INFO:colcon.colcon_core.shell:Creating package script '/home/ghost/Desktop/dev_ws/install/controller/share/controller/package.zsh'
[4.362s] Level 1:colcon.colcon_core.environment:create_file_with_runtime_dependencies(/home/ghost/Desktop/dev_ws/install/controller/share/colcon-core/packages/controller)
[4.363s] DEBUG:colcon.colcon_parallel_executor.executor.parallel:closing loop
[4.364s] DEBUG:colcon.colcon_parallel_executor.executor.parallel:loop closed
[4.365s] DEBUG:colcon.colcon_parallel_executor.executor.parallel:run_until_complete finished with '0'
[4.365s] DEBUG:colcon.colcon_core.event_reactor:joining thread
[4.383s] INFO:colcon.colcon_core.plugin_system:Skipping extension 'colcon_notification.desktop_notification.terminal_notifier': Not used on non-Darwin systems
[4.384s] INFO:colcon.colcon_core.plugin_system:Skipping extension 'colcon_notification.desktop_notification.win32': Not used on non-Windows systems
[4.384s] INFO:colcon.colcon_notification.desktop_notification:Sending desktop notification using 'notify2'
[4.423s] DEBUG:colcon.colcon_notification.desktop_notification.notify2:Failed to initialize notify2: org.freedesktop.DBus.Error.ServiceUnknown: The name org.freedesktop.Notifications was not provided by any .service files
[4.424s] DEBUG:colcon.colcon_core.event_reactor:joined thread
[4.428s] INFO:colcon.colcon_core.shell:Creating prefix script '/home/ghost/Desktop/dev_ws/install/local_setup.ps1'
[4.432s] INFO:colcon.colcon_core.shell:Creating prefix util module '/home/ghost/Desktop/dev_ws/install/_local_setup_util_ps1.py'
[4.437s] INFO:colcon.colcon_core.shell:Creating prefix chain script '/home/ghost/Desktop/dev_ws/install/setup.ps1'
[4.447s] INFO:colcon.colcon_core.shell:Creating prefix script '/home/ghost/Desktop/dev_ws/install/local_setup.sh'
[4.449s] INFO:colcon.colcon_core.shell:Creating prefix util module '/home/ghost/Desktop/dev_ws/install/_local_setup_util_sh.py'
[4.450s] INFO:colcon.colcon_core.shell:Creating prefix chain script '/home/ghost/Desktop/dev_ws/install/setup.sh'
[4.459s] INFO:colcon.colcon_core.shell:Creating prefix script '/home/ghost/Desktop/dev_ws/install/local_setup.bash'
[4.461s] INFO:colcon.colcon_core.shell:Creating prefix chain script '/home/ghost/Desktop/dev_ws/install/setup.bash'
[4.471s] INFO:colcon.colcon_core.shell:Creating prefix script '/home/ghost/Desktop/dev_ws/install/local_setup.zsh'
[4.473s] INFO:colcon.colcon_core.shell:Creating prefix chain script '/home/ghost/Desktop/dev_ws/install/setup.zsh'
