[0.000000] (-) TimerEvent: {}
[0.000212] (controller) JobQueued: {'identifier': 'controller', 'dependencies': OrderedDict()}
[0.000257] (controller) JobStarted: {'identifier': 'controller'}
[0.098054] (-) TimerEvent: {}
[0.198577] (-) TimerEvent: {}
[0.299349] (controller) Command: {'cmd': ['/usr/bin/python3', 'setup.py', 'egg_info', '--egg-base', '../../build/controller', 'build', '--build-base', '/home/ghost/Desktop/dev_ws/build/controller/build', 'install', '--prefix', '/home/ghost/Desktop/dev_ws/install/controller', '--record', '/home/ghost/Desktop/dev_ws/build/controller/install.log', '--single-version-externally-managed'], 'cwd': '/home/ghost/Desktop/dev_ws/src/controller', 'env': {'SUDO_GID': '1000', 'MAIL': '/var/mail/root', 'LANGUAGE': 'en_IN:en', 'USER': 'root', 'HOME': '/root', 'COLORTERM': 'truecolor', 'SUDO_UID': '1000', 'LOGNAME': 'root', 'TERM': 'xterm-256color', 'PATH': '/usr/local/sbin:/usr/local/bin:/usr/sbin:/usr/bin:/sbin:/bin:/snap/bin', 'DISPLAY': ':0', 'LANG': 'en_US.UTF-8', 'XAUTHORITY': '/run/user/1000/gdm/Xauthority', 'SUDO_COMMAND': '/usr/bin/colcon build', 'SHELL': '/bin/bash', 'SUDO_USER': 'ghost', 'LC_ALL': 'en_US.UTF-8', 'PWD': '/home/ghost/Desktop/dev_ws/build/controller', 'COLCON': '1', 'PYTHONPATH': '/home/ghost/Desktop/dev_ws/install/controller/lib/python3.8/site-packages:'}, 'shell': False}
[0.303979] (-) TimerEvent: {}
[0.404318] (-) TimerEvent: {}
[0.504675] (-) TimerEvent: {}
[0.576319] (controller) StdoutLine: {'line': b'running egg_info\n'}
[0.576778] (controller) StdoutLine: {'line': b'writing ../../build/controller/controller.egg-info/PKG-INFO\n'}
[0.577035] (controller) StdoutLine: {'line': b'writing dependency_links to ../../build/controller/controller.egg-info/dependency_links.txt\n'}
[0.577321] (controller) StdoutLine: {'line': b'writing entry points to ../../build/controller/controller.egg-info/entry_points.txt\n'}
[0.577566] (controller) StdoutLine: {'line': b'writing requirements to ../../build/controller/controller.egg-info/requires.txt\n'}
[0.577763] (controller) StdoutLine: {'line': b'writing top-level names to ../../build/controller/controller.egg-info/top_level.txt\n'}
[0.604852] (-) TimerEvent: {}
[0.625084] (controller) StdoutLine: {'line': b"reading manifest file '../../build/controller/controller.egg-info/SOURCES.txt'\n"}
[0.626230] (controller) StdoutLine: {'line': b"writing manifest file '../../build/controller/controller.egg-info/SOURCES.txt'\n"}
[0.626550] (controller) StdoutLine: {'line': b'running build\n'}
[0.626679] (controller) StdoutLine: {'line': b'running build_py\n'}
[0.627125] (controller) StdoutLine: {'line': b'copying controller/planner.py -> /home/ghost/Desktop/dev_ws/build/controller/build/lib/controller\n'}
[0.627709] (controller) StdoutLine: {'line': b'running install\n'}
[0.628627] (controller) StdoutLine: {'line': b'running install_lib\n'}
[0.630087] (controller) StdoutLine: {'line': b'copying /home/ghost/Desktop/dev_ws/build/controller/build/lib/controller/planner.py -> /home/ghost/Desktop/dev_ws/install/controller/lib/python3.8/site-packages/controller\n'}
[0.631005] (controller) StdoutLine: {'line': b'byte-compiling /home/ghost/Desktop/dev_ws/install/controller/lib/python3.8/site-packages/controller/planner.py to planner.cpython-38.pyc\n'}
[0.634871] (controller) StdoutLine: {'line': b'running install_data\n'}
[0.635660] (controller) StdoutLine: {'line': b'running install_egg_info\n'}
[0.637976] (controller) StdoutLine: {'line': b"removing '/home/ghost/Desktop/dev_ws/install/controller/lib/python3.8/site-packages/controller-0.0.1-py3.8.egg-info' (and everything under it)\n"}
[0.639696] (controller) StdoutLine: {'line': b'Copying ../../build/controller/controller.egg-info to /home/ghost/Desktop/dev_ws/install/controller/lib/python3.8/site-packages/controller-0.0.1-py3.8.egg-info\n'}
[0.639889] (controller) StdoutLine: {'line': b'running install_scripts\n'}
[0.663995] (controller) StdoutLine: {'line': b'Installing controller script to /home/ghost/Desktop/dev_ws/install/controller/lib/controller\n'}
[0.664632] (controller) StdoutLine: {'line': b"writing list of installed files to '/home/ghost/Desktop/dev_ws/build/controller/install.log'\n"}
[0.689655] (controller) CommandEnded: {'returncode': 0}
[0.706074] (-) TimerEvent: {}
[0.708911] (controller) JobEnded: {'identifier': 'controller', 'rc': 0}
[0.710586] (-) EventReactorShutdown: {}
