[0.000000] (-) TimerEvent: {}
[0.000772] (-) JobUnselected: {'identifier': 'robot_communication_interfaces'}
[0.000831] (controller) JobQueued: {'identifier': 'controller', 'dependencies': OrderedDict()}
[0.000872] (controller) JobStarted: {'identifier': 'controller'}
[0.098913] (-) TimerEvent: {}
[0.199528] (-) TimerEvent: {}
[0.299953] (-) TimerEvent: {}
[0.400426] (-) TimerEvent: {}
[0.430232] (controller) Command: {'cmd': ['/usr/bin/python3', 'setup.py', 'egg_info', '--egg-base', '../../build/controller', 'build', '--build-base', '/home/ghost/Desktop/dev_ws/build/controller/build', 'install', '--prefix', '/home/ghost/Desktop/dev_ws/install/controller', '--record', '/home/ghost/Desktop/dev_ws/build/controller/install.log', '--single-version-externally-managed'], 'cwd': '/home/ghost/Desktop/dev_ws/src/controller', 'env': {'SUDO_GID': '1000', 'MAIL': '/var/mail/root', 'LANGUAGE': 'en_IN:en', 'USER': 'root', 'HOME': '/root', 'COLORTERM': 'truecolor', 'SUDO_UID': '1000', 'LOGNAME': 'root', 'TERM': 'xterm-256color', 'PATH': '/usr/local/sbin:/usr/local/bin:/usr/sbin:/usr/bin:/sbin:/bin:/snap/bin', 'DISPLAY': ':0', 'LANG': 'en_US.UTF-8', 'XAUTHORITY': '/run/user/1000/gdm/Xauthority', 'SUDO_COMMAND': '/usr/bin/colcon build --packages-select controller', 'SHELL': '/bin/bash', 'SUDO_USER': 'ghost', 'LC_ALL': 'en_US.UTF-8', 'PWD': '/home/ghost/Desktop/dev_ws/build/controller', 'COLCON': '1', 'PYTHONPATH': '/home/ghost/Desktop/dev_ws/install/controller/lib/python3.8/site-packages:'}, 'shell': False}
[0.500718] (-) TimerEvent: {}
[0.601364] (-) TimerEvent: {}
[0.701772] (-) TimerEvent: {}
[0.711848] (controller) StdoutLine: {'line': b'running egg_info\n'}
[0.712793] (controller) StdoutLine: {'line': b'writing ../../build/controller/controller.egg-info/PKG-INFO\n'}
[0.713503] (controller) StdoutLine: {'line': b'writing dependency_links to ../../build/controller/controller.egg-info/dependency_links.txt\n'}
[0.713856] (controller) StdoutLine: {'line': b'writing entry points to ../../build/controller/controller.egg-info/entry_points.txt\n'}
[0.714028] (controller) StdoutLine: {'line': b'writing requirements to ../../build/controller/controller.egg-info/requires.txt\n'}
[0.714503] (controller) StdoutLine: {'line': b'writing top-level names to ../../build/controller/controller.egg-info/top_level.txt\n'}
[0.772237] (controller) StdoutLine: {'line': b"reading manifest file '../../build/controller/controller.egg-info/SOURCES.txt'\n"}
[0.773713] (controller) StdoutLine: {'line': b"writing manifest file '../../build/controller/controller.egg-info/SOURCES.txt'\n"}
[0.777754] (controller) StdoutLine: {'line': b'running build\n'}
[0.777968] (controller) StdoutLine: {'line': b'running build_py\n'}
[0.778093] (controller) StdoutLine: {'line': b'copying controller/communicator.py -> /home/ghost/Desktop/dev_ws/build/controller/build/lib/controller\n'}
[0.778177] (controller) StdoutLine: {'line': b'running install\n'}
[0.778261] (controller) StdoutLine: {'line': b'running install_lib\n'}
[0.778490] (controller) StdoutLine: {'line': b'copying /home/ghost/Desktop/dev_ws/build/controller/build/lib/controller/communicator.py -> /home/ghost/Desktop/dev_ws/install/controller/lib/python3.8/site-packages/controller\n'}
[0.779796] (controller) StdoutLine: {'line': b'byte-compiling /home/ghost/Desktop/dev_ws/install/controller/lib/python3.8/site-packages/controller/communicator.py to communicator.cpython-38.pyc\n'}
[0.782032] (controller) StdoutLine: {'line': b'running install_data\n'}
[0.782833] (controller) StdoutLine: {'line': b'running install_egg_info\n'}
[0.785482] (controller) StdoutLine: {'line': b"removing '/home/ghost/Desktop/dev_ws/install/controller/lib/python3.8/site-packages/controller-0.0.1-py3.8.egg-info' (and everything under it)\n"}
[0.785824] (controller) StdoutLine: {'line': b'Copying ../../build/controller/controller.egg-info to /home/ghost/Desktop/dev_ws/install/controller/lib/python3.8/site-packages/controller-0.0.1-py3.8.egg-info\n'}
[0.787298] (controller) StdoutLine: {'line': b'running install_scripts\n'}
[0.801955] (-) TimerEvent: {}
[0.820853] (controller) StdoutLine: {'line': b'Installing controller script to /home/ghost/Desktop/dev_ws/install/controller/lib/controller\n'}
[0.821918] (controller) StdoutLine: {'line': b"writing list of installed files to '/home/ghost/Desktop/dev_ws/build/controller/install.log'\n"}
[0.858804] (controller) CommandEnded: {'returncode': 0}
[0.876594] (controller) JobEnded: {'identifier': 'controller', 'rc': 0}
[0.877235] (-) EventReactorShutdown: {}
