[0.000000] (-) TimerEvent: {}
[0.000235] (controller) JobQueued: {'identifier': 'controller', 'dependencies': OrderedDict()}
[0.000284] (controller) JobStarted: {'identifier': 'controller'}
[0.082871] (-) TimerEvent: {}
[0.183427] (-) TimerEvent: {}
[0.283958] (-) TimerEvent: {}
[0.384353] (-) TimerEvent: {}
[0.427800] (controller) Command: {'cmd': ['/usr/bin/python3', 'setup.py', 'egg_info', '--egg-base', '../../build/controller', 'build', '--build-base', '/home/ghost/Desktop/dev_ws/build/controller/build', 'install', '--prefix', '/home/ghost/Desktop/dev_ws/install/controller', '--record', '/home/ghost/Desktop/dev_ws/build/controller/install.log', '--single-version-externally-managed'], 'cwd': '/home/ghost/Desktop/dev_ws/src/controller', 'env': {'SUDO_GID': '1000', 'MAIL': '/var/mail/root', 'LANGUAGE': 'en_IN:en', 'USER': 'root', 'HOME': '/root', 'COLORTERM': 'truecolor', 'SUDO_UID': '1000', 'LOGNAME': 'root', 'TERM': 'xterm-256color', 'PATH': '/usr/local/sbin:/usr/local/bin:/usr/sbin:/usr/bin:/sbin:/bin:/snap/bin', 'DISPLAY': ':0', 'LANG': 'en_US.UTF-8', 'XAUTHORITY': '/run/user/1000/gdm/Xauthority', 'SUDO_COMMAND': '/usr/bin/colcon build', 'SHELL': '/bin/bash', 'SUDO_USER': 'ghost', 'LC_ALL': 'en_US.UTF-8', 'PWD': '/home/ghost/Desktop/dev_ws/build/controller', 'COLCON': '1', 'PYTHONPATH': '/home/ghost/Desktop/dev_ws/install/controller/lib/python3.8/site-packages:'}, 'shell': False}
[0.484675] (-) TimerEvent: {}
[0.585252] (-) TimerEvent: {}
[0.685908] (-) TimerEvent: {}
[0.786282] (-) TimerEvent: {}
[0.840039] (controller) StdoutLine: {'line': b'running egg_info\n'}
[0.841021] (controller) StdoutLine: {'line': b'writing ../../build/controller/controller.egg-info/PKG-INFO\n'}
[0.843623] (controller) StdoutLine: {'line': b'writing dependency_links to ../../build/controller/controller.egg-info/dependency_links.txt\n'}
[0.843859] (controller) StdoutLine: {'line': b'writing entry points to ../../build/controller/controller.egg-info/entry_points.txt\n'}
[0.843957] (controller) StdoutLine: {'line': b'writing requirements to ../../build/controller/controller.egg-info/requires.txt\n'}
[0.844044] (controller) StdoutLine: {'line': b'writing top-level names to ../../build/controller/controller.egg-info/top_level.txt\n'}
[0.886444] (-) TimerEvent: {}
[0.910192] (controller) StdoutLine: {'line': b"reading manifest file '../../build/controller/controller.egg-info/SOURCES.txt'\n"}
[0.912538] (controller) StdoutLine: {'line': b"writing manifest file '../../build/controller/controller.egg-info/SOURCES.txt'\n"}
[0.913054] (controller) StdoutLine: {'line': b'running build\n'}
[0.913326] (controller) StdoutLine: {'line': b'running build_py\n'}
[0.915009] (controller) StdoutLine: {'line': b'running install\n'}
[0.916302] (controller) StdoutLine: {'line': b'running install_lib\n'}
[0.919927] (controller) StdoutLine: {'line': b'running install_data\n'}
[0.920418] (controller) StdoutLine: {'line': b'running install_egg_info\n'}
[0.922904] (controller) StdoutLine: {'line': b"removing '/home/ghost/Desktop/dev_ws/install/controller/lib/python3.8/site-packages/controller-0.0.1-py3.8.egg-info' (and everything under it)\n"}
[0.923414] (controller) StdoutLine: {'line': b'Copying ../../build/controller/controller.egg-info to /home/ghost/Desktop/dev_ws/install/controller/lib/python3.8/site-packages/controller-0.0.1-py3.8.egg-info\n'}
[0.924705] (controller) StdoutLine: {'line': b'running install_scripts\n'}
[0.956168] (controller) StdoutLine: {'line': b'Installing controller script to /home/ghost/Desktop/dev_ws/install/controller/lib/controller\n'}
[0.957370] (controller) StdoutLine: {'line': b"writing list of installed files to '/home/ghost/Desktop/dev_ws/build/controller/install.log'\n"}
[0.986579] (-) TimerEvent: {}
[0.999592] (controller) CommandEnded: {'returncode': 0}
[1.019705] (controller) JobEnded: {'identifier': 'controller', 'rc': 0}
[1.024033] (-) EventReactorShutdown: {}
