[0.206s] Invoking command in '/home/ghost/Desktop/dev_ws/build/robot_communication_interfaces': CMAKE_PREFIX_PATH=${CMAKE_PREFIX_PATH}:/home/ghost/Desktop/dev_ws/install/controller:/opt/ros/foxy /usr/bin/cmake --build /home/ghost/Desktop/dev_ws/build/robot_communication_interfaces -- -j4 -l4
[0.239s] -- Found ament_cmake: 0.9.9 (/opt/ros/foxy/share/ament_cmake/cmake)
[0.262s] -- Found PythonInterp: /usr/bin/python3 (found suitable version "3.8.10", minimum required is "3") 
[0.262s] -- Using PYTHON_EXECUTABLE: /usr/bin/python3
[0.422s] -- Found rosidl_default_generators: 1.0.1 (/opt/ros/foxy/share/rosidl_default_generators/cmake)
[0.425s] -- Using all available rosidl_typesupport_c: rosidl_typesupport_fastrtps_c;rosidl_typesupport_introspection_c
[0.429s] -- Found rosidl_adapter: 1.2.1 (/opt/ros/foxy/share/rosidl_adapter/cmake)
[0.577s] -- Using all available rosidl_typesupport_cpp: rosidl_typesupport_fastrtps_cpp;rosidl_typesupport_introspection_cpp
[0.631s] -- Found PythonInterp: /usr/bin/python3 (found version "3.8.10") 
[0.757s] -- Found ament_cmake_ros: 0.9.2 (/opt/ros/foxy/share/ament_cmake_ros/cmake)
[0.869s] -- Using all available rosidl_typesupport_c: rosidl_typesupport_fastrtps_c;rosidl_typesupport_introspection_c
[0.878s] -- Using all available rosidl_typesupport_cpp: rosidl_typesupport_fastrtps_cpp;rosidl_typesupport_introspection_cpp
[0.904s] -- Found PythonInterp: /usr/bin/python3 (found suitable version "3.8.10", minimum required is "3.5") 
[0.905s] -- Found python_cmake_module: 0.8.1 (/opt/ros/foxy/share/python_cmake_module/cmake)
[0.930s] -- Using PYTHON_EXECUTABLE: /usr/bin/python3
[0.930s] -- Using PYTHON_INCLUDE_DIRS: /usr/include/python3.8
[0.930s] -- Using PYTHON_LIBRARIES: /usr/lib/x86_64-linux-gnu/libpython3.8.so
[0.945s] -- Found ament_lint_auto: 0.9.6 (/opt/ros/foxy/share/ament_lint_auto/cmake)
[0.955s] -- Added test 'copyright' to check source files copyright and LICENSE
[0.957s] -- Added test 'lint_cmake' to check CMake code style
[0.959s] -- Added test 'xmllint' to check XML markup files
[0.962s] -- Configuring done
[0.996s] -- Generating done
[1.001s] -- Build files have been written to: /home/ghost/Desktop/dev_ws/build/robot_communication_interfaces
[1.032s] [  2%] [34m[1mGenerating C code for ROS interfaces[0m
[1.045s] [  5%] [34m[1mGenerating C++ code for ROS interfaces[0m
[1.447s] [35m[1mScanning dependencies of target robot_communication_interfaces__rosidl_generator_c[0m
[1.467s] [  7%] [32mBuilding C object CMakeFiles/robot_communication_interfaces__rosidl_generator_c.dir/rosidl_generator_c/robot_communication_interfaces/msg/detail/communication_message__functions.c.o[0m
[1.514s] [ 10%] [32mBuilding C object CMakeFiles/robot_communication_interfaces__rosidl_generator_c.dir/rosidl_generator_c/robot_communication_interfaces/srv/detail/communication_service__functions.c.o[0m
[1.521s] [ 10%] Built target robot_communication_interfaces__cpp
[1.547s] [ 15%] [34m[1mGenerating C++ type support for eProsima Fast-RTPS[0m
[1.547s] [ 15%] [34m[1mGenerating C++ introspection for ROS interfaces[0m
[1.583s] [ 17%] [34m[1mGenerating C++ type support dispatch for ROS interfaces[0m
[1.610s] [ 20%] [32m[1mLinking C shared library librobot_communication_interfaces__rosidl_generator_c.so[0m
[1.784s] [ 20%] Built target robot_communication_interfaces__rosidl_generator_c
[1.841s] [ 23%] [34m[1mGenerating C introspection for ROS interfaces[0m
[2.324s] [35m[1mScanning dependencies of target robot_communication_interfaces__rosidl_typesupport_cpp[0m
[2.357s] [ 25%] [32mBuilding CXX object CMakeFiles/robot_communication_interfaces__rosidl_typesupport_cpp.dir/rosidl_typesupport_cpp/robot_communication_interfaces/msg/communication_message__type_support.cpp.o[0m
[2.376s] [35m[1mScanning dependencies of target robot_communication_interfaces__rosidl_typesupport_introspection_cpp[0m
[2.451s] [35m[1mScanning dependencies of target robot_communication_interfaces__rosidl_typesupport_fastrtps_cpp[0m
[2.455s] [ 28%] [32mBuilding CXX object CMakeFiles/robot_communication_interfaces__rosidl_typesupport_introspection_cpp.dir/rosidl_typesupport_introspection_cpp/robot_communication_interfaces/msg/detail/communication_message__type_support.cpp.o[0m
[2.530s] [ 30%] [32mBuilding CXX object CMakeFiles/robot_communication_interfaces__rosidl_typesupport_fastrtps_cpp.dir/rosidl_typesupport_fastrtps_cpp/robot_communication_interfaces/msg/detail/dds_fastrtps/communication_message__type_support.cpp.o[0m
[2.889s] [35m[1mScanning dependencies of target robot_communication_interfaces__rosidl_typesupport_introspection_c[0m
[2.948s] [ 33%] [32mBuilding C object CMakeFiles/robot_communication_interfaces__rosidl_typesupport_introspection_c.dir/rosidl_typesupport_introspection_c/robot_communication_interfaces/msg/detail/communication_message__type_support.c.o[0m
[3.129s] [ 35%] [32mBuilding C object CMakeFiles/robot_communication_interfaces__rosidl_typesupport_introspection_c.dir/rosidl_typesupport_introspection_c/robot_communication_interfaces/srv/detail/communication_service__type_support.c.o[0m
[3.223s] [ 38%] [32m[1mLinking C shared library librobot_communication_interfaces__rosidl_typesupport_introspection_c.so[0m
[3.299s] [ 41%] [32mBuilding CXX object CMakeFiles/robot_communication_interfaces__rosidl_typesupport_cpp.dir/rosidl_typesupport_cpp/robot_communication_interfaces/srv/communication_service__type_support.cpp.o[0m
[3.312s] [ 41%] Built target robot_communication_interfaces__rosidl_typesupport_introspection_c
[3.357s] [ 43%] [34m[1mGenerating C type support dispatch for ROS interfaces[0m
[3.382s] [ 46%] [32mBuilding CXX object CMakeFiles/robot_communication_interfaces__rosidl_typesupport_introspection_cpp.dir/rosidl_typesupport_introspection_cpp/robot_communication_interfaces/srv/detail/communication_service__type_support.cpp.o[0m
[3.634s] [ 48%] [32mBuilding CXX object CMakeFiles/robot_communication_interfaces__rosidl_typesupport_fastrtps_cpp.dir/rosidl_typesupport_fastrtps_cpp/robot_communication_interfaces/srv/detail/dds_fastrtps/communication_service__type_support.cpp.o[0m
[3.916s] [35m[1mScanning dependencies of target robot_communication_interfaces__rosidl_typesupport_c[0m
[3.947s] [ 51%] [32mBuilding CXX object CMakeFiles/robot_communication_interfaces__rosidl_typesupport_c.dir/rosidl_typesupport_c/robot_communication_interfaces/msg/communication_message__type_support.cpp.o[0m
[4.041s] [ 53%] [32mBuilding CXX object CMakeFiles/robot_communication_interfaces__rosidl_typesupport_c.dir/rosidl_typesupport_c/robot_communication_interfaces/srv/communication_service__type_support.cpp.o[0m
[4.121s] [ 56%] [32m[1mLinking CXX shared library librobot_communication_interfaces__rosidl_typesupport_introspection_cpp.so[0m
[4.122s] [ 58%] [32m[1mLinking CXX shared library librobot_communication_interfaces__rosidl_typesupport_c.so[0m
[4.211s] [ 61%] [32m[1mLinking CXX shared library librobot_communication_interfaces__rosidl_typesupport_cpp.so[0m
[4.262s] [ 61%] Built target robot_communication_interfaces__rosidl_typesupport_c
[4.277s] [ 61%] Built target robot_communication_interfaces__rosidl_typesupport_introspection_cpp
[4.322s] [ 61%] Built target robot_communication_interfaces__rosidl_typesupport_cpp
[4.526s] [ 64%] [32m[1mLinking CXX shared library librobot_communication_interfaces__rosidl_typesupport_fastrtps_cpp.so[0m
[4.649s] [ 64%] Built target robot_communication_interfaces__rosidl_typesupport_fastrtps_cpp
[4.665s] [ 66%] [34m[1mGenerating C type support for eProsima Fast-RTPS[0m
[5.010s] [35m[1mScanning dependencies of target robot_communication_interfaces__rosidl_typesupport_fastrtps_c[0m
[5.031s] [ 69%] [32mBuilding CXX object CMakeFiles/robot_communication_interfaces__rosidl_typesupport_fastrtps_c.dir/rosidl_typesupport_fastrtps_c/robot_communication_interfaces/srv/detail/communication_service__type_support_c.cpp.o[0m
[5.033s] [ 71%] [32mBuilding CXX object CMakeFiles/robot_communication_interfaces__rosidl_typesupport_fastrtps_c.dir/rosidl_typesupport_fastrtps_c/robot_communication_interfaces/msg/detail/communication_message__type_support_c.cpp.o[0m
[5.490s] [ 74%] [32m[1mLinking CXX shared library librobot_communication_interfaces__rosidl_typesupport_fastrtps_c.so[0m
[5.613s] [ 74%] Built target robot_communication_interfaces__rosidl_typesupport_fastrtps_c
[5.641s] [ 74%] Built target robot_communication_interfaces
[5.671s] [ 76%] [34m[1mGenerating Python code for ROS interfaces[0m
[6.315s] [ 76%] Built target robot_communication_interfaces__py
[6.331s] [35m[1mScanning dependencies of target robot_communication_interfaces__python[0m
[6.355s] [ 79%] [32mBuilding C object CMakeFiles/robot_communication_interfaces__python.dir/rosidl_generator_py/robot_communication_interfaces/msg/_communication_message_s.c.o[0m
[6.359s] [ 82%] [32mBuilding C object CMakeFiles/robot_communication_interfaces__python.dir/rosidl_generator_py/robot_communication_interfaces/srv/_communication_service_s.c.o[0m
[6.484s] [ 84%] [32m[1mLinking C shared library rosidl_generator_py/robot_communication_interfaces/librobot_communication_interfaces__python.so[0m
[6.536s] [ 84%] Built target robot_communication_interfaces__python
[6.553s] [35m[1mScanning dependencies of target robot_communication_interfaces__rosidl_typesupport_introspection_c__pyext[0m
[6.554s] [35m[1mScanning dependencies of target robot_communication_interfaces__rosidl_typesupport_fastrtps_c__pyext[0m
[6.556s] [35m[1mScanning dependencies of target robot_communication_interfaces__rosidl_typesupport_c__pyext[0m
[6.574s] [ 87%] [32mBuilding C object CMakeFiles/robot_communication_interfaces__rosidl_typesupport_introspection_c__pyext.dir/rosidl_generator_py/robot_communication_interfaces/_robot_communication_interfaces_s.ep.rosidl_typesupport_introspection_c.c.o[0m
[6.581s] [ 89%] [32mBuilding C object CMakeFiles/robot_communication_interfaces__rosidl_typesupport_c__pyext.dir/rosidl_generator_py/robot_communication_interfaces/_robot_communication_interfaces_s.ep.rosidl_typesupport_c.c.o[0m
[6.587s] [ 92%] [32mBuilding C object CMakeFiles/robot_communication_interfaces__rosidl_typesupport_fastrtps_c__pyext.dir/rosidl_generator_py/robot_communication_interfaces/_robot_communication_interfaces_s.ep.rosidl_typesupport_fastrtps_c.c.o[0m
[6.698s] [ 94%] [32m[1mLinking C shared library rosidl_generator_py/robot_communication_interfaces/robot_communication_interfaces_s__rosidl_typesupport_c.cpython-38-x86_64-linux-gnu.so[0m
[6.701s] [ 97%] [32m[1mLinking C shared library rosidl_generator_py/robot_communication_interfaces/robot_communication_interfaces_s__rosidl_typesupport_introspection_c.cpython-38-x86_64-linux-gnu.so[0m
[6.703s] [100%] [32m[1mLinking CXX shared library rosidl_generator_py/robot_communication_interfaces/robot_communication_interfaces_s__rosidl_typesupport_fastrtps_c.cpython-38-x86_64-linux-gnu.so[0m
[6.749s] [100%] Built target robot_communication_interfaces__rosidl_typesupport_c__pyext
[6.753s] [100%] Built target robot_communication_interfaces__rosidl_typesupport_introspection_c__pyext
[6.812s] [100%] Built target robot_communication_interfaces__rosidl_typesupport_fastrtps_c__pyext
[6.828s] Invoked command in '/home/ghost/Desktop/dev_ws/build/robot_communication_interfaces' returned '0': CMAKE_PREFIX_PATH=${CMAKE_PREFIX_PATH}:/home/ghost/Desktop/dev_ws/install/controller:/opt/ros/foxy /usr/bin/cmake --build /home/ghost/Desktop/dev_ws/build/robot_communication_interfaces -- -j4 -l4
[6.955s] Invoking command in '/home/ghost/Desktop/dev_ws/build/robot_communication_interfaces': CMAKE_PREFIX_PATH=${CMAKE_PREFIX_PATH}:/home/ghost/Desktop/dev_ws/install/controller:/opt/ros/foxy /usr/bin/cmake --install /home/ghost/Desktop/dev_ws/build/robot_communication_interfaces
[6.967s] -- Install configuration: ""
[6.967s] -- Up-to-date: /home/ghost/Desktop/dev_ws/install/robot_communication_interfaces/share/ament_index/resource_index/rosidl_interfaces/robot_communication_interfaces
[6.967s] -- Up-to-date: /home/ghost/Desktop/dev_ws/install/robot_communication_interfaces/include/robot_communication_interfaces
[6.967s] -- Up-to-date: /home/ghost/Desktop/dev_ws/install/robot_communication_interfaces/include/robot_communication_interfaces/srv
[6.967s] -- Installing: /home/ghost/Desktop/dev_ws/install/robot_communication_interfaces/include/robot_communication_interfaces/srv/communication_service.h
[6.968s] -- Up-to-date: /home/ghost/Desktop/dev_ws/install/robot_communication_interfaces/include/robot_communication_interfaces/srv/detail
[6.968s] -- Installing: /home/ghost/Desktop/dev_ws/install/robot_communication_interfaces/include/robot_communication_interfaces/srv/detail/communication_service__struct.h
[6.968s] -- Installing: /home/ghost/Desktop/dev_ws/install/robot_communication_interfaces/include/robot_communication_interfaces/srv/detail/communication_service__functions.c
[6.968s] -- Installing: /home/ghost/Desktop/dev_ws/install/robot_communication_interfaces/include/robot_communication_interfaces/srv/detail/communication_service__type_support.h
[6.968s] -- Installing: /home/ghost/Desktop/dev_ws/install/robot_communication_interfaces/include/robot_communication_interfaces/srv/detail/communication_service__functions.h
[6.969s] -- Up-to-date: /home/ghost/Desktop/dev_ws/install/robot_communication_interfaces/include/robot_communication_interfaces/msg
[6.969s] -- Up-to-date: /home/ghost/Desktop/dev_ws/install/robot_communication_interfaces/include/robot_communication_interfaces/msg/rosidl_generator_c__visibility_control.h
[6.969s] -- Installing: /home/ghost/Desktop/dev_ws/install/robot_communication_interfaces/include/robot_communication_interfaces/msg/communication_message.h
[6.970s] -- Up-to-date: /home/ghost/Desktop/dev_ws/install/robot_communication_interfaces/include/robot_communication_interfaces/msg/detail
[6.970s] -- Installing: /home/ghost/Desktop/dev_ws/install/robot_communication_interfaces/include/robot_communication_interfaces/msg/detail/communication_message__type_support.h
[6.970s] -- Installing: /home/ghost/Desktop/dev_ws/install/robot_communication_interfaces/include/robot_communication_interfaces/msg/detail/communication_message__functions.h
[6.970s] -- Installing: /home/ghost/Desktop/dev_ws/install/robot_communication_interfaces/include/robot_communication_interfaces/msg/detail/communication_message__struct.h
[6.970s] -- Installing: /home/ghost/Desktop/dev_ws/install/robot_communication_interfaces/include/robot_communication_interfaces/msg/detail/communication_message__functions.c
[6.971s] -- Up-to-date: /home/ghost/Desktop/dev_ws/install/robot_communication_interfaces/share/robot_communication_interfaces/environment/library_path.sh
[6.971s] -- Installing: /home/ghost/Desktop/dev_ws/install/robot_communication_interfaces/share/robot_communication_interfaces/environment/library_path.dsv
[6.972s] -- Installing: /home/ghost/Desktop/dev_ws/install/robot_communication_interfaces/lib/librobot_communication_interfaces__rosidl_generator_c.so
[6.972s] -- Set runtime path of "/home/ghost/Desktop/dev_ws/install/robot_communication_interfaces/lib/librobot_communication_interfaces__rosidl_generator_c.so" to ""
[6.972s] -- Up-to-date: /home/ghost/Desktop/dev_ws/install/robot_communication_interfaces/include/robot_communication_interfaces
[6.972s] -- Up-to-date: /home/ghost/Desktop/dev_ws/install/robot_communication_interfaces/include/robot_communication_interfaces/srv
[6.973s] -- Up-to-date: /home/ghost/Desktop/dev_ws/install/robot_communication_interfaces/include/robot_communication_interfaces/srv/detail
[6.973s] -- Installing: /home/ghost/Desktop/dev_ws/install/robot_communication_interfaces/include/robot_communication_interfaces/srv/detail/communication_service__rosidl_typesupport_fastrtps_c.h
[6.973s] -- Up-to-date: /home/ghost/Desktop/dev_ws/install/robot_communication_interfaces/include/robot_communication_interfaces/msg
[6.973s] -- Up-to-date: /home/ghost/Desktop/dev_ws/install/robot_communication_interfaces/include/robot_communication_interfaces/msg/rosidl_typesupport_fastrtps_c__visibility_control.h
[6.973s] -- Up-to-date: /home/ghost/Desktop/dev_ws/install/robot_communication_interfaces/include/robot_communication_interfaces/msg/detail
[6.973s] -- Installing: /home/ghost/Desktop/dev_ws/install/robot_communication_interfaces/include/robot_communication_interfaces/msg/detail/communication_message__rosidl_typesupport_fastrtps_c.h
[6.974s] -- Installing: /home/ghost/Desktop/dev_ws/install/robot_communication_interfaces/lib/librobot_communication_interfaces__rosidl_typesupport_fastrtps_c.so
[6.975s] -- Set runtime path of "/home/ghost/Desktop/dev_ws/install/robot_communication_interfaces/lib/librobot_communication_interfaces__rosidl_typesupport_fastrtps_c.so" to ""
[6.975s] -- Up-to-date: /home/ghost/Desktop/dev_ws/install/robot_communication_interfaces/include/robot_communication_interfaces
[6.975s] -- Up-to-date: /home/ghost/Desktop/dev_ws/install/robot_communication_interfaces/include/robot_communication_interfaces/srv
[6.975s] -- Up-to-date: /home/ghost/Desktop/dev_ws/install/robot_communication_interfaces/include/robot_communication_interfaces/srv/detail
[6.975s] -- Up-to-date: /home/ghost/Desktop/dev_ws/install/robot_communication_interfaces/include/robot_communication_interfaces/srv/detail/dds_fastrtps
[6.975s] -- Installing: /home/ghost/Desktop/dev_ws/install/robot_communication_interfaces/include/robot_communication_interfaces/srv/detail/communication_service__rosidl_typesupport_fastrtps_cpp.hpp
[6.975s] -- Up-to-date: /home/ghost/Desktop/dev_ws/install/robot_communication_interfaces/include/robot_communication_interfaces/msg
[6.975s] -- Up-to-date: /home/ghost/Desktop/dev_ws/install/robot_communication_interfaces/include/robot_communication_interfaces/msg/detail
[6.975s] -- Up-to-date: /home/ghost/Desktop/dev_ws/install/robot_communication_interfaces/include/robot_communication_interfaces/msg/detail/dds_fastrtps
[6.976s] -- Installing: /home/ghost/Desktop/dev_ws/install/robot_communication_interfaces/include/robot_communication_interfaces/msg/detail/communication_message__rosidl_typesupport_fastrtps_cpp.hpp
[6.976s] -- Up-to-date: /home/ghost/Desktop/dev_ws/install/robot_communication_interfaces/include/robot_communication_interfaces/msg/rosidl_typesupport_fastrtps_cpp__visibility_control.h
[6.976s] -- Installing: /home/ghost/Desktop/dev_ws/install/robot_communication_interfaces/lib/librobot_communication_interfaces__rosidl_typesupport_fastrtps_cpp.so
[6.977s] -- Set runtime path of "/home/ghost/Desktop/dev_ws/install/robot_communication_interfaces/lib/librobot_communication_interfaces__rosidl_typesupport_fastrtps_cpp.so" to ""
[6.978s] -- Up-to-date: /home/ghost/Desktop/dev_ws/install/robot_communication_interfaces/include/robot_communication_interfaces
[6.978s] -- Up-to-date: /home/ghost/Desktop/dev_ws/install/robot_communication_interfaces/include/robot_communication_interfaces/srv
[6.978s] -- Up-to-date: /home/ghost/Desktop/dev_ws/install/robot_communication_interfaces/include/robot_communication_interfaces/srv/detail
[6.978s] -- Installing: /home/ghost/Desktop/dev_ws/install/robot_communication_interfaces/include/robot_communication_interfaces/srv/detail/communication_service__rosidl_typesupport_introspection_c.h
[6.978s] -- Installing: /home/ghost/Desktop/dev_ws/install/robot_communication_interfaces/include/robot_communication_interfaces/srv/detail/communication_service__type_support.c
[6.978s] -- Up-to-date: /home/ghost/Desktop/dev_ws/install/robot_communication_interfaces/include/robot_communication_interfaces/msg
[6.978s] -- Up-to-date: /home/ghost/Desktop/dev_ws/install/robot_communication_interfaces/include/robot_communication_interfaces/msg/detail
[6.979s] -- Installing: /home/ghost/Desktop/dev_ws/install/robot_communication_interfaces/include/robot_communication_interfaces/msg/detail/communication_message__rosidl_typesupport_introspection_c.h
[6.979s] -- Installing: /home/ghost/Desktop/dev_ws/install/robot_communication_interfaces/include/robot_communication_interfaces/msg/detail/communication_message__type_support.c
[6.979s] -- Up-to-date: /home/ghost/Desktop/dev_ws/install/robot_communication_interfaces/include/robot_communication_interfaces/msg/rosidl_typesupport_introspection_c__visibility_control.h
[6.979s] -- Installing: /home/ghost/Desktop/dev_ws/install/robot_communication_interfaces/lib/librobot_communication_interfaces__rosidl_typesupport_introspection_c.so
[6.980s] -- Set runtime path of "/home/ghost/Desktop/dev_ws/install/robot_communication_interfaces/lib/librobot_communication_interfaces__rosidl_typesupport_introspection_c.so" to ""
[6.980s] -- Installing: /home/ghost/Desktop/dev_ws/install/robot_communication_interfaces/lib/librobot_communication_interfaces__rosidl_typesupport_c.so
[6.981s] -- Set runtime path of "/home/ghost/Desktop/dev_ws/install/robot_communication_interfaces/lib/librobot_communication_interfaces__rosidl_typesupport_c.so" to ""
[6.981s] -- Up-to-date: /home/ghost/Desktop/dev_ws/install/robot_communication_interfaces/include/robot_communication_interfaces
[6.981s] -- Up-to-date: /home/ghost/Desktop/dev_ws/install/robot_communication_interfaces/include/robot_communication_interfaces/srv
[6.981s] -- Installing: /home/ghost/Desktop/dev_ws/install/robot_communication_interfaces/include/robot_communication_interfaces/srv/communication_service.hpp
[6.981s] -- Up-to-date: /home/ghost/Desktop/dev_ws/install/robot_communication_interfaces/include/robot_communication_interfaces/srv/detail
[6.982s] -- Installing: /home/ghost/Desktop/dev_ws/install/robot_communication_interfaces/include/robot_communication_interfaces/srv/detail/communication_service__traits.hpp
[6.982s] -- Installing: /home/ghost/Desktop/dev_ws/install/robot_communication_interfaces/include/robot_communication_interfaces/srv/detail/communication_service__struct.hpp
[6.982s] -- Installing: /home/ghost/Desktop/dev_ws/install/robot_communication_interfaces/include/robot_communication_interfaces/srv/detail/communication_service__builder.hpp
[6.982s] -- Up-to-date: /home/ghost/Desktop/dev_ws/install/robot_communication_interfaces/include/robot_communication_interfaces/msg
[6.982s] -- Up-to-date: /home/ghost/Desktop/dev_ws/install/robot_communication_interfaces/include/robot_communication_interfaces/msg/detail
[6.982s] -- Installing: /home/ghost/Desktop/dev_ws/install/robot_communication_interfaces/include/robot_communication_interfaces/msg/detail/communication_message__builder.hpp
[6.983s] -- Installing: /home/ghost/Desktop/dev_ws/install/robot_communication_interfaces/include/robot_communication_interfaces/msg/detail/communication_message__traits.hpp
[6.983s] -- Installing: /home/ghost/Desktop/dev_ws/install/robot_communication_interfaces/include/robot_communication_interfaces/msg/detail/communication_message__struct.hpp
[6.983s] -- Installing: /home/ghost/Desktop/dev_ws/install/robot_communication_interfaces/include/robot_communication_interfaces/msg/communication_message.hpp
[6.983s] -- Up-to-date: /home/ghost/Desktop/dev_ws/install/robot_communication_interfaces/include/robot_communication_interfaces
[6.983s] -- Up-to-date: /home/ghost/Desktop/dev_ws/install/robot_communication_interfaces/include/robot_communication_interfaces/srv
[6.983s] -- Up-to-date: /home/ghost/Desktop/dev_ws/install/robot_communication_interfaces/include/robot_communication_interfaces/srv/detail
[6.984s] -- Installing: /home/ghost/Desktop/dev_ws/install/robot_communication_interfaces/include/robot_communication_interfaces/srv/detail/communication_service__rosidl_typesupport_introspection_cpp.hpp
[6.984s] -- Installing: /home/ghost/Desktop/dev_ws/install/robot_communication_interfaces/include/robot_communication_interfaces/srv/detail/communication_service__type_support.cpp
[6.984s] -- Up-to-date: /home/ghost/Desktop/dev_ws/install/robot_communication_interfaces/include/robot_communication_interfaces/msg
[6.984s] -- Up-to-date: /home/ghost/Desktop/dev_ws/install/robot_communication_interfaces/include/robot_communication_interfaces/msg/detail
[6.984s] -- Installing: /home/ghost/Desktop/dev_ws/install/robot_communication_interfaces/include/robot_communication_interfaces/msg/detail/communication_message__rosidl_typesupport_introspection_cpp.hpp
[6.984s] -- Installing: /home/ghost/Desktop/dev_ws/install/robot_communication_interfaces/include/robot_communication_interfaces/msg/detail/communication_message__type_support.cpp
[6.985s] -- Installing: /home/ghost/Desktop/dev_ws/install/robot_communication_interfaces/lib/librobot_communication_interfaces__rosidl_typesupport_introspection_cpp.so
[6.987s] -- Set runtime path of "/home/ghost/Desktop/dev_ws/install/robot_communication_interfaces/lib/librobot_communication_interfaces__rosidl_typesupport_introspection_cpp.so" to ""
[6.987s] -- Installing: /home/ghost/Desktop/dev_ws/install/robot_communication_interfaces/lib/librobot_communication_interfaces__rosidl_typesupport_cpp.so
[6.988s] -- Set runtime path of "/home/ghost/Desktop/dev_ws/install/robot_communication_interfaces/lib/librobot_communication_interfaces__rosidl_typesupport_cpp.so" to ""
[6.988s] -- Up-to-date: /home/ghost/Desktop/dev_ws/install/robot_communication_interfaces/share/robot_communication_interfaces/environment/pythonpath.sh
[6.988s] -- Installing: /home/ghost/Desktop/dev_ws/install/robot_communication_interfaces/share/robot_communication_interfaces/environment/pythonpath.dsv
[6.988s] -- Installing: /home/ghost/Desktop/dev_ws/install/robot_communication_interfaces/lib/python3.8/site-packages/robot_communication_interfaces/__init__.py
[7.028s] Compiling '/home/ghost/Desktop/dev_ws/install/robot_communication_interfaces/lib/python3.8/site-packages/robot_communication_interfaces/__init__.py'...
[7.033s] -- Up-to-date: /home/ghost/Desktop/dev_ws/install/robot_communication_interfaces/lib/python3.8/site-packages/robot_communication_interfaces/msg
[7.033s] -- Installing: /home/ghost/Desktop/dev_ws/install/robot_communication_interfaces/lib/python3.8/site-packages/robot_communication_interfaces/msg/__init__.py
[7.033s] -- Installing: /home/ghost/Desktop/dev_ws/install/robot_communication_interfaces/lib/python3.8/site-packages/robot_communication_interfaces/msg/_communication_message_s.c
[7.034s] -- Installing: /home/ghost/Desktop/dev_ws/install/robot_communication_interfaces/lib/python3.8/site-packages/robot_communication_interfaces/msg/_communication_message.py
[7.034s] -- Up-to-date: /home/ghost/Desktop/dev_ws/install/robot_communication_interfaces/lib/python3.8/site-packages/robot_communication_interfaces/srv
[7.034s] -- Installing: /home/ghost/Desktop/dev_ws/install/robot_communication_interfaces/lib/python3.8/site-packages/robot_communication_interfaces/srv/__init__.py
[7.034s] -- Installing: /home/ghost/Desktop/dev_ws/install/robot_communication_interfaces/lib/python3.8/site-packages/robot_communication_interfaces/srv/_communication_service.py
[7.034s] -- Installing: /home/ghost/Desktop/dev_ws/install/robot_communication_interfaces/lib/python3.8/site-packages/robot_communication_interfaces/srv/_communication_service_s.c
[7.035s] -- Installing: /home/ghost/Desktop/dev_ws/install/robot_communication_interfaces/lib/python3.8/site-packages/robot_communication_interfaces/robot_communication_interfaces_s__rosidl_typesupport_fastrtps_c.cpython-38-x86_64-linux-gnu.so
[7.036s] -- Set runtime path of "/home/ghost/Desktop/dev_ws/install/robot_communication_interfaces/lib/python3.8/site-packages/robot_communication_interfaces/robot_communication_interfaces_s__rosidl_typesupport_fastrtps_c.cpython-38-x86_64-linux-gnu.so" to ""
[7.037s] -- Installing: /home/ghost/Desktop/dev_ws/install/robot_communication_interfaces/lib/python3.8/site-packages/robot_communication_interfaces/robot_communication_interfaces_s__rosidl_typesupport_introspection_c.cpython-38-x86_64-linux-gnu.so
[7.038s] -- Set runtime path of "/home/ghost/Desktop/dev_ws/install/robot_communication_interfaces/lib/python3.8/site-packages/robot_communication_interfaces/robot_communication_interfaces_s__rosidl_typesupport_introspection_c.cpython-38-x86_64-linux-gnu.so" to ""
[7.039s] -- Installing: /home/ghost/Desktop/dev_ws/install/robot_communication_interfaces/lib/python3.8/site-packages/robot_communication_interfaces/robot_communication_interfaces_s__rosidl_typesupport_c.cpython-38-x86_64-linux-gnu.so
[7.040s] -- Set runtime path of "/home/ghost/Desktop/dev_ws/install/robot_communication_interfaces/lib/python3.8/site-packages/robot_communication_interfaces/robot_communication_interfaces_s__rosidl_typesupport_c.cpython-38-x86_64-linux-gnu.so" to ""
[7.040s] -- Installing: /home/ghost/Desktop/dev_ws/install/robot_communication_interfaces/lib/librobot_communication_interfaces__python.so
[7.041s] -- Set runtime path of "/home/ghost/Desktop/dev_ws/install/robot_communication_interfaces/lib/librobot_communication_interfaces__python.so" to ""
[7.041s] -- Installing: /home/ghost/Desktop/dev_ws/install/robot_communication_interfaces/share/robot_communication_interfaces/msg/CommunicationMessage.idl
[7.041s] -- Up-to-date: /home/ghost/Desktop/dev_ws/install/robot_communication_interfaces/share/robot_communication_interfaces/srv/CommunicationService.idl
[7.042s] -- Installing: /home/ghost/Desktop/dev_ws/install/robot_communication_interfaces/share/robot_communication_interfaces/msg/CommunicationMessage.msg
[7.042s] -- Up-to-date: /home/ghost/Desktop/dev_ws/install/robot_communication_interfaces/share/robot_communication_interfaces/srv/CommunicationService.srv
[7.042s] -- Up-to-date: /home/ghost/Desktop/dev_ws/install/robot_communication_interfaces/share/robot_communication_interfaces/srv/CommunicationService_Request.msg
[7.042s] -- Up-to-date: /home/ghost/Desktop/dev_ws/install/robot_communication_interfaces/share/robot_communication_interfaces/srv/CommunicationService_Response.msg
[7.043s] -- Up-to-date: /home/ghost/Desktop/dev_ws/install/robot_communication_interfaces/share/ament_index/resource_index/package_run_dependencies/robot_communication_interfaces
[7.043s] -- Up-to-date: /home/ghost/Desktop/dev_ws/install/robot_communication_interfaces/share/ament_index/resource_index/parent_prefix_path/robot_communication_interfaces
[7.043s] -- Up-to-date: /home/ghost/Desktop/dev_ws/install/robot_communication_interfaces/share/robot_communication_interfaces/environment/ament_prefix_path.sh
[7.043s] -- Installing: /home/ghost/Desktop/dev_ws/install/robot_communication_interfaces/share/robot_communication_interfaces/environment/ament_prefix_path.dsv
[7.043s] -- Up-to-date: /home/ghost/Desktop/dev_ws/install/robot_communication_interfaces/share/robot_communication_interfaces/environment/path.sh
[7.043s] -- Installing: /home/ghost/Desktop/dev_ws/install/robot_communication_interfaces/share/robot_communication_interfaces/environment/path.dsv
[7.044s] -- Up-to-date: /home/ghost/Desktop/dev_ws/install/robot_communication_interfaces/share/robot_communication_interfaces/local_setup.bash
[7.044s] -- Up-to-date: /home/ghost/Desktop/dev_ws/install/robot_communication_interfaces/share/robot_communication_interfaces/local_setup.sh
[7.044s] -- Up-to-date: /home/ghost/Desktop/dev_ws/install/robot_communication_interfaces/share/robot_communication_interfaces/local_setup.zsh
[7.044s] -- Installing: /home/ghost/Desktop/dev_ws/install/robot_communication_interfaces/share/robot_communication_interfaces/local_setup.dsv
[7.044s] -- Installing: /home/ghost/Desktop/dev_ws/install/robot_communication_interfaces/share/robot_communication_interfaces/package.dsv
[7.045s] -- Up-to-date: /home/ghost/Desktop/dev_ws/install/robot_communication_interfaces/share/ament_index/resource_index/packages/robot_communication_interfaces
[7.045s] -- Up-to-date: /home/ghost/Desktop/dev_ws/install/robot_communication_interfaces/share/robot_communication_interfaces/cmake/robot_communication_interfaces__rosidl_generator_cExport.cmake
[7.045s] -- Installing: /home/ghost/Desktop/dev_ws/install/robot_communication_interfaces/share/robot_communication_interfaces/cmake/robot_communication_interfaces__rosidl_generator_cExport-noconfig.cmake
[7.046s] -- Up-to-date: /home/ghost/Desktop/dev_ws/install/robot_communication_interfaces/share/robot_communication_interfaces/cmake/robot_communication_interfaces__rosidl_typesupport_introspection_cExport.cmake
[7.046s] -- Installing: /home/ghost/Desktop/dev_ws/install/robot_communication_interfaces/share/robot_communication_interfaces/cmake/robot_communication_interfaces__rosidl_typesupport_introspection_cExport-noconfig.cmake
[7.046s] -- Up-to-date: /home/ghost/Desktop/dev_ws/install/robot_communication_interfaces/share/robot_communication_interfaces/cmake/robot_communication_interfaces__rosidl_typesupport_cExport.cmake
[7.046s] -- Installing: /home/ghost/Desktop/dev_ws/install/robot_communication_interfaces/share/robot_communication_interfaces/cmake/robot_communication_interfaces__rosidl_typesupport_cExport-noconfig.cmake
[7.047s] -- Up-to-date: /home/ghost/Desktop/dev_ws/install/robot_communication_interfaces/share/robot_communication_interfaces/cmake/robot_communication_interfaces__rosidl_generator_cppExport.cmake
[7.047s] -- Up-to-date: /home/ghost/Desktop/dev_ws/install/robot_communication_interfaces/share/robot_communication_interfaces/cmake/robot_communication_interfaces__rosidl_typesupport_introspection_cppExport.cmake
[7.047s] -- Installing: /home/ghost/Desktop/dev_ws/install/robot_communication_interfaces/share/robot_communication_interfaces/cmake/robot_communication_interfaces__rosidl_typesupport_introspection_cppExport-noconfig.cmake
[7.049s] -- Up-to-date: /home/ghost/Desktop/dev_ws/install/robot_communication_interfaces/share/robot_communication_interfaces/cmake/robot_communication_interfaces__rosidl_typesupport_cppExport.cmake
[7.049s] -- Installing: /home/ghost/Desktop/dev_ws/install/robot_communication_interfaces/share/robot_communication_interfaces/cmake/robot_communication_interfaces__rosidl_typesupport_cppExport-noconfig.cmake
[7.049s] -- Up-to-date: /home/ghost/Desktop/dev_ws/install/robot_communication_interfaces/share/robot_communication_interfaces/cmake/rosidl_cmake-extras.cmake
[7.049s] -- Up-to-date: /home/ghost/Desktop/dev_ws/install/robot_communication_interfaces/share/robot_communication_interfaces/cmake/ament_cmake_export_dependencies-extras.cmake
[7.050s] -- Up-to-date: /home/ghost/Desktop/dev_ws/install/robot_communication_interfaces/share/robot_communication_interfaces/cmake/ament_cmake_export_libraries-extras.cmake
[7.050s] -- Up-to-date: /home/ghost/Desktop/dev_ws/install/robot_communication_interfaces/share/robot_communication_interfaces/cmake/ament_cmake_export_targets-extras.cmake
[7.050s] -- Up-to-date: /home/ghost/Desktop/dev_ws/install/robot_communication_interfaces/share/robot_communication_interfaces/cmake/ament_cmake_export_include_directories-extras.cmake
[7.050s] -- Up-to-date: /home/ghost/Desktop/dev_ws/install/robot_communication_interfaces/share/robot_communication_interfaces/cmake/rosidl_cmake_export_typesupport_libraries-extras.cmake
[7.050s] -- Up-to-date: /home/ghost/Desktop/dev_ws/install/robot_communication_interfaces/share/robot_communication_interfaces/cmake/rosidl_cmake_export_typesupport_targets-extras.cmake
[7.050s] -- Up-to-date: /home/ghost/Desktop/dev_ws/install/robot_communication_interfaces/share/robot_communication_interfaces/cmake/robot_communication_interfacesConfig.cmake
[7.051s] -- Up-to-date: /home/ghost/Desktop/dev_ws/install/robot_communication_interfaces/share/robot_communication_interfaces/cmake/robot_communication_interfacesConfig-version.cmake
[7.051s] -- Up-to-date: /home/ghost/Desktop/dev_ws/install/robot_communication_interfaces/share/robot_communication_interfaces/package.xml
[7.055s] Invoked command in '/home/ghost/Desktop/dev_ws/build/robot_communication_interfaces' returned '0': CMAKE_PREFIX_PATH=${CMAKE_PREFIX_PATH}:/home/ghost/Desktop/dev_ws/install/controller:/opt/ros/foxy /usr/bin/cmake --install /home/ghost/Desktop/dev_ws/build/robot_communication_interfaces
