[0.329s] Invoking command in '/home/ghost/Desktop/dev_ws/src/controller': PYTHONPATH=/home/ghost/Desktop/dev_ws/install/controller/lib/python3.8/site-packages: /usr/bin/python3 setup.py egg_info --egg-base ../../build/controller build --build-base /home/ghost/Desktop/dev_ws/build/controller/build install --prefix /home/ghost/Desktop/dev_ws/install/controller --record /home/ghost/Desktop/dev_ws/build/controller/install.log --single-version-externally-managed
[0.735s] running egg_info
[0.737s] writing ../../build/controller/controller.egg-info/PKG-INFO
[0.737s] writing dependency_links to ../../build/controller/controller.egg-info/dependency_links.txt
[0.738s] writing entry points to ../../build/controller/controller.egg-info/entry_points.txt
[0.739s] writing requirements to ../../build/controller/controller.egg-info/requires.txt
[0.740s] writing top-level names to ../../build/controller/controller.egg-info/top_level.txt
[0.804s] reading manifest file '../../build/controller/controller.egg-info/SOURCES.txt'
[0.806s] writing manifest file '../../build/controller/controller.egg-info/SOURCES.txt'
[0.807s] running build
[0.807s] running build_py
[0.808s] copying controller/planner.py -> /home/ghost/Desktop/dev_ws/build/controller/build/lib/controller
[0.810s] running install
[0.811s] running install_lib
[0.813s] copying /home/ghost/Desktop/dev_ws/build/controller/build/lib/controller/planner.py -> /home/ghost/Desktop/dev_ws/install/controller/lib/python3.8/site-packages/controller
[0.815s] byte-compiling /home/ghost/Desktop/dev_ws/install/controller/lib/python3.8/site-packages/controller/planner.py to planner.cpython-38.pyc
[0.821s] running install_data
[0.823s] running install_egg_info
[0.825s] removing '/home/ghost/Desktop/dev_ws/install/controller/lib/python3.8/site-packages/controller-0.0.1-py3.8.egg-info' (and everything under it)
[0.826s] Copying ../../build/controller/controller.egg-info to /home/ghost/Desktop/dev_ws/install/controller/lib/python3.8/site-packages/controller-0.0.1-py3.8.egg-info
[0.828s] running install_scripts
[0.860s] Installing controller script to /home/ghost/Desktop/dev_ws/install/controller/lib/controller
[0.862s] writing list of installed files to '/home/ghost/Desktop/dev_ws/build/controller/install.log'
[0.896s] Invoked command in '/home/ghost/Desktop/dev_ws/src/controller' returned '0': PYTHONPATH=/home/ghost/Desktop/dev_ws/install/controller/lib/python3.8/site-packages: /usr/bin/python3 setup.py egg_info --egg-base ../../build/controller build --build-base /home/ghost/Desktop/dev_ws/build/controller/build install --prefix /home/ghost/Desktop/dev_ws/install/controller --record /home/ghost/Desktop/dev_ws/build/controller/install.log --single-version-externally-managed
