[0.359s] Invoking command in '/home/ghost/Desktop/dev_ws/src/controller': PYTHONPATH=/home/ghost/Desktop/dev_ws/install/controller/lib/python3.8/site-packages: /usr/bin/python3 setup.py egg_info --egg-base ../../build/controller build --build-base /home/ghost/Desktop/dev_ws/build/controller/build install --prefix /home/ghost/Desktop/dev_ws/install/controller --record /home/ghost/Desktop/dev_ws/build/controller/install.log --single-version-externally-managed
[0.745s] running egg_info
[0.747s] writing ../../build/controller/controller.egg-info/PKG-INFO
[0.748s] writing dependency_links to ../../build/controller/controller.egg-info/dependency_links.txt
[0.749s] writing entry points to ../../build/controller/controller.egg-info/entry_points.txt
[0.749s] writing requirements to ../../build/controller/controller.egg-info/requires.txt
[0.749s] writing top-level names to ../../build/controller/controller.egg-info/top_level.txt
[0.815s] reading manifest file '../../build/controller/controller.egg-info/SOURCES.txt'
[0.818s] writing manifest file '../../build/controller/controller.egg-info/SOURCES.txt'
[0.818s] running build
[0.818s] running build_py
[0.819s] copying controller/visualizer.py -> /home/ghost/Desktop/dev_ws/build/controller/build/lib/controller
[0.821s] running install
[0.823s] running install_lib
[0.825s] copying /home/ghost/Desktop/dev_ws/build/controller/build/lib/controller/visualizer.py -> /home/ghost/Desktop/dev_ws/install/controller/lib/python3.8/site-packages/controller
[0.827s] byte-compiling /home/ghost/Desktop/dev_ws/install/controller/lib/python3.8/site-packages/controller/visualizer.py to visualizer.cpython-38.pyc
[0.831s] running install_data
[0.832s] running install_egg_info
[0.835s] removing '/home/ghost/Desktop/dev_ws/install/controller/lib/python3.8/site-packages/controller-0.0.1-py3.8.egg-info' (and everything under it)
[0.836s] Copying ../../build/controller/controller.egg-info to /home/ghost/Desktop/dev_ws/install/controller/lib/python3.8/site-packages/controller-0.0.1-py3.8.egg-info
[0.838s] running install_scripts
[0.866s] Installing controller script to /home/ghost/Desktop/dev_ws/install/controller/lib/controller
[0.868s] writing list of installed files to '/home/ghost/Desktop/dev_ws/build/controller/install.log'
[0.912s] Invoked command in '/home/ghost/Desktop/dev_ws/src/controller' returned '0': PYTHONPATH=/home/ghost/Desktop/dev_ws/install/controller/lib/python3.8/site-packages: /usr/bin/python3 setup.py egg_info --egg-base ../../build/controller build --build-base /home/ghost/Desktop/dev_ws/build/controller/build install --prefix /home/ghost/Desktop/dev_ws/install/controller --record /home/ghost/Desktop/dev_ws/build/controller/install.log --single-version-externally-managed
