[0.420s] Invoking command in '/home/ghost/Desktop/dev_ws/src/controller': PYTHONPATH=/home/ghost/Desktop/dev_ws/install/controller/lib/python3.8/site-packages: /usr/bin/python3 setup.py egg_info --egg-base ../../build/controller build --build-base /home/ghost/Desktop/dev_ws/build/controller/build install --prefix /home/ghost/Desktop/dev_ws/install/controller --record /home/ghost/Desktop/dev_ws/build/controller/install.log --single-version-externally-managed
[0.793s] running egg_info
[0.794s] writing ../../build/controller/controller.egg-info/PKG-INFO
[0.794s] writing dependency_links to ../../build/controller/controller.egg-info/dependency_links.txt
[0.795s] writing entry points to ../../build/controller/controller.egg-info/entry_points.txt
[0.795s] writing requirements to ../../build/controller/controller.egg-info/requires.txt
[0.795s] writing top-level names to ../../build/controller/controller.egg-info/top_level.txt
[0.872s] reading manifest file '../../build/controller/controller.egg-info/SOURCES.txt'
[0.874s] writing manifest file '../../build/controller/controller.egg-info/SOURCES.txt'
[0.874s] running build
[0.874s] running build_py
[0.875s] copying controller/main.py -> /home/ghost/Desktop/dev_ws/build/controller/build/lib/controller
[0.876s] running install
[0.877s] running install_lib
[0.879s] copying /home/ghost/Desktop/dev_ws/build/controller/build/lib/controller/main.py -> /home/ghost/Desktop/dev_ws/install/controller/lib/python3.8/site-packages/controller
[0.880s] byte-compiling /home/ghost/Desktop/dev_ws/install/controller/lib/python3.8/site-packages/controller/main.py to main.cpython-38.pyc
[0.885s] running install_data
[0.886s] running install_egg_info
[0.890s] removing '/home/ghost/Desktop/dev_ws/install/controller/lib/python3.8/site-packages/controller-0.0.1-py3.8.egg-info' (and everything under it)
[0.891s] Copying ../../build/controller/controller.egg-info to /home/ghost/Desktop/dev_ws/install/controller/lib/python3.8/site-packages/controller-0.0.1-py3.8.egg-info
[0.893s] running install_scripts
[0.924s] Installing controller script to /home/ghost/Desktop/dev_ws/install/controller/lib/controller
[0.925s] writing list of installed files to '/home/ghost/Desktop/dev_ws/build/controller/install.log'
[0.963s] Invoked command in '/home/ghost/Desktop/dev_ws/src/controller' returned '0': PYTHONPATH=/home/ghost/Desktop/dev_ws/install/controller/lib/python3.8/site-packages: /usr/bin/python3 setup.py egg_info --egg-base ../../build/controller build --build-base /home/ghost/Desktop/dev_ws/build/controller/build install --prefix /home/ghost/Desktop/dev_ws/install/controller --record /home/ghost/Desktop/dev_ws/build/controller/install.log --single-version-externally-managed
