[0.000000] (-) TimerEvent: {}
[0.001558] (controller) JobQueued: {'identifier': 'controller', 'dependencies': OrderedDict()}
[0.001626] (controller) JobStarted: {'identifier': 'controller'}
[0.099475] (-) TimerEvent: {}
[0.200236] (-) TimerEvent: {}
[0.300854] (-) TimerEvent: {}
[0.401417] (-) TimerEvent: {}
[0.501862] (-) TimerEvent: {}
[0.562510] (controller) Command: {'cmd': ['/usr/bin/python3', 'setup.py', 'egg_info', '--egg-base', '../../build/controller', 'build', '--build-base', '/home/ghost/Desktop/dev_ws/build/controller/build', 'install', '--prefix', '/home/ghost/Desktop/dev_ws/install/controller', '--record', '/home/ghost/Desktop/dev_ws/build/controller/install.log', '--single-version-externally-managed'], 'cwd': '/home/ghost/Desktop/dev_ws/src/controller', 'env': {'SUDO_GID': '1000', 'MAIL': '/var/mail/root', 'LANGUAGE': 'en_IN:en', 'USER': 'root', 'HOME': '/root', 'COLORTERM': 'truecolor', 'SUDO_UID': '1000', 'LOGNAME': 'root', 'TERM': 'xterm-256color', 'PATH': '/usr/local/sbin:/usr/local/bin:/usr/sbin:/usr/bin:/sbin:/bin:/snap/bin', 'DISPLAY': ':0', 'LANG': 'en_US.UTF-8', 'XAUTHORITY': '/run/user/1000/gdm/Xauthority', 'SUDO_COMMAND': '/usr/bin/colcon build', 'SHELL': '/bin/bash', 'SUDO_USER': 'ghost', 'LC_ALL': 'en_US.UTF-8', 'PWD': '/home/ghost/Desktop/dev_ws/build/controller', 'COLCON': '1', 'PYTHONPATH': '/home/ghost/Desktop/dev_ws/install/controller/lib/python3.8/site-packages:'}, 'shell': False}
[0.602433] (-) TimerEvent: {}
[0.703004] (-) TimerEvent: {}
[0.803353] (-) TimerEvent: {}
[0.903861] (-) TimerEvent: {}
[0.954185] (controller) StdoutLine: {'line': b'running egg_info\n'}
[0.954964] (controller) StdoutLine: {'line': b'writing ../../build/controller/controller.egg-info/PKG-INFO\n'}
[0.955445] (controller) StdoutLine: {'line': b'writing dependency_links to ../../build/controller/controller.egg-info/dependency_links.txt\n'}
[0.955733] (controller) StdoutLine: {'line': b'writing entry points to ../../build/controller/controller.egg-info/entry_points.txt\n'}
[0.956001] (controller) StdoutLine: {'line': b'writing requirements to ../../build/controller/controller.egg-info/requires.txt\n'}
[0.956299] (controller) StdoutLine: {'line': b'writing top-level names to ../../build/controller/controller.egg-info/top_level.txt\n'}
[1.003916] (-) TimerEvent: {}
[1.032317] (controller) StdoutLine: {'line': b"reading manifest file '../../build/controller/controller.egg-info/SOURCES.txt'\n"}
[1.032575] (controller) StdoutLine: {'line': b"writing manifest file '../../build/controller/controller.egg-info/SOURCES.txt'\n"}
[1.032682] (controller) StdoutLine: {'line': b'running build\n'}
[1.032820] (controller) StdoutLine: {'line': b'running build_py\n'}
[1.032976] (controller) StdoutLine: {'line': b'copying controller/main.py -> /home/ghost/Desktop/dev_ws/build/controller/build/lib/controller\n'}
[1.033253] (controller) StdoutLine: {'line': b'running install\n'}
[1.034318] (controller) StdoutLine: {'line': b'running install_lib\n'}
[1.036334] (controller) StdoutLine: {'line': b'copying /home/ghost/Desktop/dev_ws/build/controller/build/lib/controller/main.py -> /home/ghost/Desktop/dev_ws/install/controller/lib/python3.8/site-packages/controller\n'}
[1.037707] (controller) StdoutLine: {'line': b'byte-compiling /home/ghost/Desktop/dev_ws/install/controller/lib/python3.8/site-packages/controller/main.py to main.cpython-38.pyc\n'}
[1.040950] (controller) StdoutLine: {'line': b'running install_data\n'}
[1.041577] (controller) StdoutLine: {'line': b'running install_egg_info\n'}
[1.044514] (controller) StdoutLine: {'line': b"removing '/home/ghost/Desktop/dev_ws/install/controller/lib/python3.8/site-packages/controller-0.0.1-py3.8.egg-info' (and everything under it)\n"}
[1.044710] (controller) StdoutLine: {'line': b'Copying ../../build/controller/controller.egg-info to /home/ghost/Desktop/dev_ws/install/controller/lib/python3.8/site-packages/controller-0.0.1-py3.8.egg-info\n'}
[1.045921] (controller) StdoutLine: {'line': b'running install_scripts\n'}
[1.074872] (controller) StdoutLine: {'line': b'Installing controller script to /home/ghost/Desktop/dev_ws/install/controller/lib/controller\n'}
[1.076093] (controller) StdoutLine: {'line': b"writing list of installed files to '/home/ghost/Desktop/dev_ws/build/controller/install.log'\n"}
[1.104075] (-) TimerEvent: {}
[1.121604] (controller) CommandEnded: {'returncode': 0}
[1.140167] (controller) JobEnded: {'identifier': 'controller', 'rc': 0}
[1.142061] (-) EventReactorShutdown: {}
