[0.385s] Invoking command in '/home/ghost/Desktop/dev_ws/src/controller': PYTHONPATH=/home/ghost/Desktop/dev_ws/install/controller/lib/python3.8/site-packages: /usr/bin/python3 setup.py egg_info --egg-base ../../build/controller build --build-base /home/ghost/Desktop/dev_ws/build/controller/build install --prefix /home/ghost/Desktop/dev_ws/install/controller --record /home/ghost/Desktop/dev_ws/build/controller/install.log --single-version-externally-managed
[0.916s] running egg_info
[0.917s] writing ../../build/controller/controller.egg-info/PKG-INFO
[0.918s] writing dependency_links to ../../build/controller/controller.egg-info/dependency_links.txt
[0.919s] writing entry points to ../../build/controller/controller.egg-info/entry_points.txt
[0.919s] writing requirements to ../../build/controller/controller.egg-info/requires.txt
[0.920s] writing top-level names to ../../build/controller/controller.egg-info/top_level.txt
[1.027s] reading manifest file '../../build/controller/controller.egg-info/SOURCES.txt'
[1.031s] writing manifest file '../../build/controller/controller.egg-info/SOURCES.txt'
[1.031s] running build
[1.031s] running build_py
[1.032s] copying controller/coco.py -> /home/ghost/Desktop/dev_ws/build/controller/build/lib/controller
[1.035s] running install
[1.037s] running install_lib
[1.040s] copying /home/ghost/Desktop/dev_ws/build/controller/build/lib/controller/coco.py -> /home/ghost/Desktop/dev_ws/install/controller/lib/python3.8/site-packages/controller
[1.043s] byte-compiling /home/ghost/Desktop/dev_ws/install/controller/lib/python3.8/site-packages/controller/coco.py to coco.cpython-38.pyc
[1.050s] running install_data
[1.051s] running install_egg_info
[1.055s] removing '/home/ghost/Desktop/dev_ws/install/controller/lib/python3.8/site-packages/controller-0.0.1-py3.8.egg-info' (and everything under it)
[1.055s] Copying ../../build/controller/controller.egg-info to /home/ghost/Desktop/dev_ws/install/controller/lib/python3.8/site-packages/controller-0.0.1-py3.8.egg-info
[1.058s] running install_scripts
[1.104s] Installing controller script to /home/ghost/Desktop/dev_ws/install/controller/lib/controller
[1.107s] writing list of installed files to '/home/ghost/Desktop/dev_ws/build/controller/install.log'
[1.182s] Invoked command in '/home/ghost/Desktop/dev_ws/src/controller' returned '0': PYTHONPATH=/home/ghost/Desktop/dev_ws/install/controller/lib/python3.8/site-packages: /usr/bin/python3 setup.py egg_info --egg-base ../../build/controller build --build-base /home/ghost/Desktop/dev_ws/build/controller/build install --prefix /home/ghost/Desktop/dev_ws/install/controller --record /home/ghost/Desktop/dev_ws/build/controller/install.log --single-version-externally-managed
