[0.000000] (-) TimerEvent: {}
[0.000318] (-) JobUnselected: {'identifier': 'robot_communication_interfaces'}
[0.000418] (controller) JobQueued: {'identifier': 'controller', 'dependencies': OrderedDict()}
[0.000477] (controller) JobStarted: {'identifier': 'controller'}
[0.095487] (-) TimerEvent: {}
[0.196115] (-) TimerEvent: {}
[0.296582] (-) TimerEvent: {}
[0.397641] (-) TimerEvent: {}
[0.463944] (controller) Command: {'cmd': ['/usr/bin/python3', 'setup.py', 'egg_info', '--egg-base', '../../build/controller', 'build', '--build-base', '/home/ghost/Desktop/dev_ws/build/controller/build', 'install', '--prefix', '/home/ghost/Desktop/dev_ws/install/controller', '--record', '/home/ghost/Desktop/dev_ws/build/controller/install.log', '--single-version-externally-managed'], 'cwd': '/home/ghost/Desktop/dev_ws/src/controller', 'env': {'SUDO_GID': '1000', 'MAIL': '/var/mail/root', 'LANGUAGE': 'en_IN:en', 'USER': 'root', 'HOME': '/root', 'COLORTERM': 'truecolor', 'SUDO_UID': '1000', 'LOGNAME': 'root', 'TERM': 'xterm-256color', 'PATH': '/usr/local/sbin:/usr/local/bin:/usr/sbin:/usr/bin:/sbin:/bin:/snap/bin', 'DISPLAY': ':0', 'LANG': 'en_US.UTF-8', 'XAUTHORITY': '/run/user/1000/gdm/Xauthority', 'SUDO_COMMAND': '/usr/bin/colcon build --packages-select controller', 'SHELL': '/bin/bash', 'SUDO_USER': 'ghost', 'LC_ALL': 'en_US.UTF-8', 'PWD': '/home/ghost/Desktop/dev_ws/build/controller', 'COLCON': '1', 'PYTHONPATH': '/home/ghost/Desktop/dev_ws/install/controller/lib/python3.8/site-packages:'}, 'shell': False}
[0.498129] (-) TimerEvent: {}
[0.598926] (-) TimerEvent: {}
[0.699568] (-) TimerEvent: {}
[0.800224] (-) TimerEvent: {}
[0.901892] (-) TimerEvent: {}
[1.002478] (-) TimerEvent: {}
[1.103568] (-) TimerEvent: {}
[1.177047] (controller) StdoutLine: {'line': b'running egg_info\n'}
[1.178653] (controller) StdoutLine: {'line': b'writing ../../build/controller/controller.egg-info/PKG-INFO\n'}
[1.179925] (controller) StdoutLine: {'line': b'writing dependency_links to ../../build/controller/controller.egg-info/dependency_links.txt\n'}
[1.180583] (controller) StdoutLine: {'line': b'writing entry points to ../../build/controller/controller.egg-info/entry_points.txt\n'}
[1.181167] (controller) StdoutLine: {'line': b'writing requirements to ../../build/controller/controller.egg-info/requires.txt\n'}
[1.181808] (controller) StdoutLine: {'line': b'writing top-level names to ../../build/controller/controller.egg-info/top_level.txt\n'}
[1.203824] (-) TimerEvent: {}
[1.304511] (-) TimerEvent: {}
[1.325702] (controller) StdoutLine: {'line': b"reading manifest file '../../build/controller/controller.egg-info/SOURCES.txt'\n"}
[1.330134] (controller) StdoutLine: {'line': b"writing manifest file '../../build/controller/controller.egg-info/SOURCES.txt'\n"}
[1.330953] (controller) StdoutLine: {'line': b'running build\n'}
[1.331349] (controller) StdoutLine: {'line': b'running build_py\n'}
[1.334396] (controller) StdoutLine: {'line': b'copying controller/coordination.py -> /home/ghost/Desktop/dev_ws/build/controller/build/lib/controller\n'}
[1.336332] (controller) StdoutLine: {'line': b'running install\n'}
[1.339245] (controller) StdoutLine: {'line': b'running install_lib\n'}
[1.344748] (controller) StdoutLine: {'line': b'copying /home/ghost/Desktop/dev_ws/build/controller/build/lib/controller/coordination.py -> /home/ghost/Desktop/dev_ws/install/controller/lib/python3.8/site-packages/controller\n'}
[1.347872] (controller) StdoutLine: {'line': b'byte-compiling /home/ghost/Desktop/dev_ws/install/controller/lib/python3.8/site-packages/controller/coordination.py to coordination.cpython-38.pyc\n'}
[1.355379] (controller) StdoutLine: {'line': b'running install_data\n'}
[1.357446] (controller) StdoutLine: {'line': b'running install_egg_info\n'}
[1.363939] (controller) StdoutLine: {'line': b"removing '/home/ghost/Desktop/dev_ws/install/controller/lib/python3.8/site-packages/controller-0.0.1-py3.8.egg-info' (and everything under it)\n"}
[1.364811] (controller) StdoutLine: {'line': b'Copying ../../build/controller/controller.egg-info to /home/ghost/Desktop/dev_ws/install/controller/lib/python3.8/site-packages/controller-0.0.1-py3.8.egg-info\n'}
[1.367551] (controller) StdoutLine: {'line': b'running install_scripts\n'}
[1.404793] (-) TimerEvent: {}
[1.433132] (controller) StdoutLine: {'line': b'Installing controller script to /home/ghost/Desktop/dev_ws/install/controller/lib/controller\n'}
[1.436288] (controller) StdoutLine: {'line': b"writing list of installed files to '/home/ghost/Desktop/dev_ws/build/controller/install.log'\n"}
[1.500545] (controller) CommandEnded: {'returncode': 0}
[1.505260] (-) TimerEvent: {}
[1.562598] (controller) JobEnded: {'identifier': 'controller', 'rc': 0}
[1.566609] (-) EventReactorShutdown: {}
