[0.188s] Invoking command in '/home/ghost/Desktop/dev_ws/build/robot_communication_interfaces': CMAKE_PREFIX_PATH=/home/ghost/Desktop/dev_ws/install/controller:/opt/ros/foxy /usr/bin/cmake /home/ghost/Desktop/dev_ws/src/robot_communication_interfaces -DCMAKE_INSTALL_PREFIX=/home/ghost/Desktop/dev_ws/install/robot_communication_interfaces
[0.214s] -- Found ament_cmake: 0.9.9 (/opt/ros/foxy/share/ament_cmake/cmake)
[0.244s] -- Found PythonInterp: /usr/bin/python3 (found suitable version "3.8.10", minimum required is "3") 
[0.244s] -- Using PYTHON_EXECUTABLE: /usr/bin/python3
[0.446s] -- Found rosidl_default_generators: 1.0.1 (/opt/ros/foxy/share/rosidl_default_generators/cmake)
[0.453s] -- Using all available rosidl_typesupport_c: rosidl_typesupport_fastrtps_c;rosidl_typesupport_introspection_c
[0.468s] -- Found rosidl_adapter: 1.2.1 (/opt/ros/foxy/share/rosidl_adapter/cmake)
[0.600s] -- Found OpenSSL: /usr/lib/x86_64-linux-gnu/libcrypto.so (found version "1.1.1f")  
[0.630s] -- Found FastRTPS: /opt/ros/foxy/include  
[0.739s] -- Using all available rosidl_typesupport_cpp: rosidl_typesupport_fastrtps_cpp;rosidl_typesupport_introspection_cpp
[0.790s] -- Found PythonInterp: /usr/bin/python3 (found version "3.8.10") 
[0.952s] CMake Error at /opt/ros/foxy/share/rosidl_adapter/cmake/rosidl_adapt_interfaces.cmake:60 (message):
[0.952s]   execute_process(/usr/bin/python3 -m rosidl_adapter --package-name
[0.952s]   robot_communication_interfaces --arguments-file
[0.952s]   /home/ghost/Desktop/dev_ws/build/robot_communication_interfaces/rosidl_adapter__arguments__robot_communication_interfaces.json
[0.952s]   --output-dir
[0.952s]   /home/ghost/Desktop/dev_ws/build/robot_communication_interfaces/rosidl_adapter/robot_communication_interfaces
[0.952s]   --output-file
[0.952s]   /home/ghost/Desktop/dev_ws/build/robot_communication_interfaces/rosidl_adapter/robot_communication_interfaces.idls)
[0.952s]   returned error code 1:
[0.952s] 
[0.952s]   Traceback (most recent call last):
[0.952s] 
[0.952s]     File "/usr/lib/python3.8/runpy.py", line 194, in _run_module_as_main
[0.952s]       return _run_code(code, main_globals, None,
[0.952s]     File "/usr/lib/python3.8/runpy.py", line 87, in _run_code
[0.952s]       exec(code, run_globals)
[0.952s]     File "/opt/ros/foxy/lib/python3.8/site-packages/rosidl_adapter/__main__.py", line 19, in <module>
[0.952s]       sys.exit(main())
[0.952s]     File "/opt/ros/foxy/lib/python3.8/site-packages/rosidl_adapter/main.py", line 53, in main
[0.953s]       abs_idl_file = convert_to_idl(
[0.953s]     File "/opt/ros/foxy/lib/python3.8/site-packages/rosidl_adapter/__init__.py", line 19, in convert_to_idl
[0.953s]       return convert_msg_to_idl(
[0.953s]     File "/opt/ros/foxy/lib/python3.8/site-packages/rosidl_adapter/msg/__init__.py", line 28, in convert_msg_to_idl
[0.953s]       msg = parse_message_string(package_name, input_file.stem, content)
[0.953s]     File "/opt/ros/foxy/lib/python3.8/site-packages/rosidl_adapter/parser.py", line 531, in parse_message_string
[0.953s]       constants.append(Constant(type_string, name, value))
[0.953s]     File "/opt/ros/foxy/lib/python3.8/site-packages/rosidl_adapter/parser.py", line 319, in __init__
[0.953s]       raise NameError(
[0.953s] 
[0.953s]   NameError: 'clock[<' is an invalid constant name.  It should have the
[0.953s]   pattern '^[A-Z]([A-Z0-9_]?[A-Z0-9]+)*$'
[0.954s] 
[0.954s] Call Stack (most recent call first):
[0.954s]   /opt/ros/foxy/share/rosidl_cmake/cmake/rosidl_generate_interfaces.cmake:130 (rosidl_adapt_interfaces)
[0.954s]   CMakeLists.txt:24 (rosidl_generate_interfaces)
[0.954s] 
[0.954s] 
[0.954s] -- Configuring incomplete, errors occurred!
[0.954s] See also "/home/ghost/Desktop/dev_ws/build/robot_communication_interfaces/CMakeFiles/CMakeOutput.log".
[0.961s] Invoked command in '/home/ghost/Desktop/dev_ws/build/robot_communication_interfaces' returned '1': CMAKE_PREFIX_PATH=/home/ghost/Desktop/dev_ws/install/controller:/opt/ros/foxy /usr/bin/cmake /home/ghost/Desktop/dev_ws/src/robot_communication_interfaces -DCMAKE_INSTALL_PREFIX=/home/ghost/Desktop/dev_ws/install/robot_communication_interfaces
