[0.227s] Invoking command in '/home/ghost/Desktop/dev_ws/src/controller': PYTHONPATH=/home/ghost/Desktop/dev_ws/install/controller/lib/python3.8/site-packages: /usr/bin/python3 setup.py egg_info --egg-base ../../build/controller build --build-base /home/ghost/Desktop/dev_ws/build/controller/build install --prefix /home/ghost/Desktop/dev_ws/install/controller --record /home/ghost/Desktop/dev_ws/build/controller/install.log --single-version-externally-managed
[0.434s] running egg_info
[0.435s] writing ../../build/controller/controller.egg-info/PKG-INFO
[0.435s] writing dependency_links to ../../build/controller/controller.egg-info/dependency_links.txt
[0.436s] writing entry points to ../../build/controller/controller.egg-info/entry_points.txt
[0.436s] writing requirements to ../../build/controller/controller.egg-info/requires.txt
[0.436s] writing top-level names to ../../build/controller/controller.egg-info/top_level.txt
[0.480s] reading manifest file '../../build/controller/controller.egg-info/SOURCES.txt'
[0.481s] writing manifest file '../../build/controller/controller.egg-info/SOURCES.txt'
[0.481s] running build
[0.481s] running build_py
[0.483s] copying controller/coordination.py -> /home/ghost/Desktop/dev_ws/build/controller/build/lib/controller
[0.483s] running install
[0.484s] running install_lib
[0.485s] copying /home/ghost/Desktop/dev_ws/build/controller/build/lib/controller/coordination.py -> /home/ghost/Desktop/dev_ws/install/controller/lib/python3.8/site-packages/controller
[0.486s] byte-compiling /home/ghost/Desktop/dev_ws/install/controller/lib/python3.8/site-packages/controller/coordination.py to coordination.cpython-38.pyc
[0.488s] running install_data
[0.488s] running install_egg_info
[0.490s] removing '/home/ghost/Desktop/dev_ws/install/controller/lib/python3.8/site-packages/controller-0.0.1-py3.8.egg-info' (and everything under it)
[0.491s] Copying ../../build/controller/controller.egg-info to /home/ghost/Desktop/dev_ws/install/controller/lib/python3.8/site-packages/controller-0.0.1-py3.8.egg-info
[0.492s] running install_scripts
[0.516s] Installing controller script to /home/ghost/Desktop/dev_ws/install/controller/lib/controller
[0.517s] writing list of installed files to '/home/ghost/Desktop/dev_ws/build/controller/install.log'
[0.540s] Invoked command in '/home/ghost/Desktop/dev_ws/src/controller' returned '0': PYTHONPATH=/home/ghost/Desktop/dev_ws/install/controller/lib/python3.8/site-packages: /usr/bin/python3 setup.py egg_info --egg-base ../../build/controller build --build-base /home/ghost/Desktop/dev_ws/build/controller/build install --prefix /home/ghost/Desktop/dev_ws/install/controller --record /home/ghost/Desktop/dev_ws/build/controller/install.log --single-version-externally-managed
