/home/ghost/Desktop/dev_ws/install/controller/lib/python3.8/site-packages/controller/auxiliary.py
/home/ghost/Desktop/dev_ws/install/controller/lib/python3.8/site-packages/controller/controller.py
/home/ghost/Desktop/dev_ws/install/controller/lib/python3.8/site-packages/controller/__init__.py
/home/ghost/Desktop/dev_ws/install/controller/lib/python3.8/site-packages/controller/wrappers.py
/home/ghost/Desktop/dev_ws/install/controller/lib/python3.8/site-packages/controller/sensor.py
/home/ghost/Desktop/dev_ws/install/controller/lib/python3.8/site-packages/controller/visualizer.py
/home/ghost/Desktop/dev_ws/install/controller/lib/python3.8/site-packages/controller/stores.py
/home/ghost/Desktop/dev_ws/install/controller/lib/python3.8/site-packages/controller/robot.py
/home/ghost/Desktop/dev_ws/install/controller/lib/python3.8/site-packages/controller/main_old.py
/home/ghost/Desktop/dev_ws/install/controller/lib/python3.8/site-packages/controller/mapper.py
/home/ghost/Desktop/dev_ws/install/controller/lib/python3.8/site-packages/controller/planner.py
/home/ghost/Desktop/dev_ws/install/controller/lib/python3.8/site-packages/controller/main.py
/home/ghost/Desktop/dev_ws/install/controller/lib/python3.8/site-packages/controller/mover.py
/home/ghost/Desktop/dev_ws/install/controller/lib/python3.8/site-packages/controller/estimator.py
/home/ghost/Desktop/dev_ws/install/controller/lib/python3.8/site-packages/controller/structures.py
/home/ghost/Desktop/dev_ws/install/controller/lib/python3.8/site-packages/controller/critical_controller.py
/home/ghost/Desktop/dev_ws/install/controller/lib/python3.8/site-packages/controller/__pycache__/auxiliary.cpython-38.pyc
/home/ghost/Desktop/dev_ws/install/controller/lib/python3.8/site-packages/controller/__pycache__/controller.cpython-38.pyc
/home/ghost/Desktop/dev_ws/install/controller/lib/python3.8/site-packages/controller/__pycache__/__init__.cpython-38.pyc
/home/ghost/Desktop/dev_ws/install/controller/lib/python3.8/site-packages/controller/__pycache__/wrappers.cpython-38.pyc
/home/ghost/Desktop/dev_ws/install/controller/lib/python3.8/site-packages/controller/__pycache__/sensor.cpython-38.pyc
/home/ghost/Desktop/dev_ws/install/controller/lib/python3.8/site-packages/controller/__pycache__/visualizer.cpython-38.pyc
/home/ghost/Desktop/dev_ws/install/controller/lib/python3.8/site-packages/controller/__pycache__/stores.cpython-38.pyc
/home/ghost/Desktop/dev_ws/install/controller/lib/python3.8/site-packages/controller/__pycache__/robot.cpython-38.pyc
/home/ghost/Desktop/dev_ws/install/controller/lib/python3.8/site-packages/controller/__pycache__/main_old.cpython-38.pyc
/home/ghost/Desktop/dev_ws/install/controller/lib/python3.8/site-packages/controller/__pycache__/mapper.cpython-38.pyc
/home/ghost/Desktop/dev_ws/install/controller/lib/python3.8/site-packages/controller/__pycache__/planner.cpython-38.pyc
/home/ghost/Desktop/dev_ws/install/controller/lib/python3.8/site-packages/controller/__pycache__/main.cpython-38.pyc
/home/ghost/Desktop/dev_ws/install/controller/lib/python3.8/site-packages/controller/__pycache__/mover.cpython-38.pyc
/home/ghost/Desktop/dev_ws/install/controller/lib/python3.8/site-packages/controller/__pycache__/estimator.cpython-38.pyc
/home/ghost/Desktop/dev_ws/install/controller/lib/python3.8/site-packages/controller/__pycache__/structures.cpython-38.pyc
/home/ghost/Desktop/dev_ws/install/controller/lib/python3.8/site-packages/controller/__pycache__/critical_controller.cpython-38.pyc
/home/ghost/Desktop/dev_ws/install/controller/share/ament_index/resource_index/packages/controller
/home/ghost/Desktop/dev_ws/install/controller/share/controller/package.xml
/home/ghost/Desktop/dev_ws/install/controller/lib/python3.8/site-packages/controller-0.0.1-py3.8.egg-info/requires.txt
/home/ghost/Desktop/dev_ws/install/controller/lib/python3.8/site-packages/controller-0.0.1-py3.8.egg-info/entry_points.txt
/home/ghost/Desktop/dev_ws/install/controller/lib/python3.8/site-packages/controller-0.0.1-py3.8.egg-info/PKG-INFO
/home/ghost/Desktop/dev_ws/install/controller/lib/python3.8/site-packages/controller-0.0.1-py3.8.egg-info/top_level.txt
/home/ghost/Desktop/dev_ws/install/controller/lib/python3.8/site-packages/controller-0.0.1-py3.8.egg-info/zip-safe
/home/ghost/Desktop/dev_ws/install/controller/lib/python3.8/site-packages/controller-0.0.1-py3.8.egg-info/SOURCES.txt
/home/ghost/Desktop/dev_ws/install/controller/lib/python3.8/site-packages/controller-0.0.1-py3.8.egg-info/dependency_links.txt
/home/ghost/Desktop/dev_ws/install/controller/lib/controller/controller
