[0.000000] (-) TimerEvent: {}
[0.002623] (-) JobUnselected: {'identifier': 'robot_communication_interfaces'}
[0.002805] (controller) JobQueued: {'identifier': 'controller', 'dependencies': OrderedDict()}
[0.003019] (controller) JobStarted: {'identifier': 'controller'}
[0.096869] (-) TimerEvent: {}
[0.197728] (-) TimerEvent: {}
[0.298595] (-) TimerEvent: {}
[0.399872] (-) TimerEvent: {}
[0.500617] (-) TimerEvent: {}
[0.601265] (-) TimerEvent: {}
[0.702017] (-) TimerEvent: {}
[0.778189] (controller) Command: {'cmd': ['/usr/bin/python3', 'setup.py', 'egg_info', '--egg-base', '../../build/controller', 'build', '--build-base', '/home/ghost/Desktop/dev_ws/build/controller/build', 'install', '--prefix', '/home/ghost/Desktop/dev_ws/install/controller', '--record', '/home/ghost/Desktop/dev_ws/build/controller/install.log', '--single-version-externally-managed'], 'cwd': '/home/ghost/Desktop/dev_ws/src/controller', 'env': {'SUDO_GID': '1000', 'MAIL': '/var/mail/root', 'LANGUAGE': 'en_IN:en', 'USER': 'root', 'HOME': '/root', 'COLORTERM': 'truecolor', 'SUDO_UID': '1000', 'LOGNAME': 'root', 'TERM': 'xterm-256color', 'PATH': '/usr/local/sbin:/usr/local/bin:/usr/sbin:/usr/bin:/sbin:/bin:/snap/bin', 'DISPLAY': ':0', 'LANG': 'en_US.UTF-8', 'XAUTHORITY': '/run/user/1000/gdm/Xauthority', 'SUDO_COMMAND': '/usr/bin/colcon build --packages-select controller', 'SHELL': '/bin/bash', 'SUDO_USER': 'ghost', 'LC_ALL': 'en_US.UTF-8', 'PWD': '/home/ghost/Desktop/dev_ws/build/controller', 'COLCON': '1', 'PYTHONPATH': '/home/ghost/Desktop/dev_ws/install/controller/lib/python3.8/site-packages:'}, 'shell': False}
[0.807873] (-) TimerEvent: {}
[0.908784] (-) TimerEvent: {}
[1.009572] (-) TimerEvent: {}
[1.110398] (-) TimerEvent: {}
[1.211284] (-) TimerEvent: {}
[1.313420] (-) TimerEvent: {}
[1.414750] (-) TimerEvent: {}
[1.516340] (-) TimerEvent: {}
[1.617490] (-) TimerEvent: {}
[1.718530] (-) TimerEvent: {}
[1.770016] (controller) StdoutLine: {'line': b'running egg_info\n'}
[1.772826] (controller) StdoutLine: {'line': b'writing ../../build/controller/controller.egg-info/PKG-INFO\n'}
[1.774475] (controller) StdoutLine: {'line': b'writing dependency_links to ../../build/controller/controller.egg-info/dependency_links.txt\n'}
[1.778291] (controller) StdoutLine: {'line': b'writing entry points to ../../build/controller/controller.egg-info/entry_points.txt\n'}
[1.781779] (controller) StdoutLine: {'line': b'writing requirements to ../../build/controller/controller.egg-info/requires.txt\n'}
[1.784482] (controller) StdoutLine: {'line': b'writing top-level names to ../../build/controller/controller.egg-info/top_level.txt\n'}
[1.818948] (-) TimerEvent: {}
[1.920300] (-) TimerEvent: {}
[2.021387] (-) TimerEvent: {}
[2.122430] (-) TimerEvent: {}
[2.133378] (controller) StdoutLine: {'line': b"reading manifest file '../../build/controller/controller.egg-info/SOURCES.txt'\n"}
[2.143871] (controller) StdoutLine: {'line': b"writing manifest file '../../build/controller/controller.egg-info/SOURCES.txt'\n"}
[2.145714] (controller) StdoutLine: {'line': b'running build\n'}
[2.148049] (controller) StdoutLine: {'line': b'running build_py\n'}
[2.153212] (controller) StdoutLine: {'line': b'copying controller/coco.py -> /home/ghost/Desktop/dev_ws/build/controller/build/lib/controller\n'}
[2.160896] (controller) StdoutLine: {'line': b'running install\n'}
[2.166767] (controller) StdoutLine: {'line': b'running install_lib\n'}
[2.174589] (controller) StdoutLine: {'line': b'copying /home/ghost/Desktop/dev_ws/build/controller/build/lib/controller/coco.py -> /home/ghost/Desktop/dev_ws/install/controller/lib/python3.8/site-packages/controller\n'}
[2.182166] (controller) StdoutLine: {'line': b'byte-compiling /home/ghost/Desktop/dev_ws/install/controller/lib/python3.8/site-packages/controller/coco.py to coco.cpython-38.pyc\n'}
[2.206761] (controller) StdoutLine: {'line': b'running install_data\n'}
[2.214369] (controller) StdoutLine: {'line': b'running install_egg_info\n'}
[2.222809] (controller) StdoutLine: {'line': b"removing '/home/ghost/Desktop/dev_ws/install/controller/lib/python3.8/site-packages/controller-0.0.1-py3.8.egg-info' (and everything under it)\n"}
[2.224380] (-) TimerEvent: {}
[2.226321] (controller) StdoutLine: {'line': b'Copying ../../build/controller/controller.egg-info to /home/ghost/Desktop/dev_ws/install/controller/lib/python3.8/site-packages/controller-0.0.1-py3.8.egg-info\n'}
[2.235116] (controller) StdoutLine: {'line': b'running install_scripts\n'}
[2.325082] (-) TimerEvent: {}
[2.407080] (controller) StdoutLine: {'line': b'Installing controller script to /home/ghost/Desktop/dev_ws/install/controller/lib/controller\n'}
[2.412065] (controller) StdoutLine: {'line': b"writing list of installed files to '/home/ghost/Desktop/dev_ws/build/controller/install.log'\n"}
[2.425544] (-) TimerEvent: {}
[2.526778] (-) TimerEvent: {}
[2.547405] (controller) CommandEnded: {'returncode': 0}
[2.634779] (-) TimerEvent: {}
[2.669849] (controller) JobEnded: {'identifier': 'controller', 'rc': 0}
[2.688351] (-) EventReactorShutdown: {}
