[1.793s] Invoking command in '/home/ghost/Desktop/dev_ws/src/controller': PYTHONPATH=/home/ghost/Desktop/dev_ws/install/controller/lib/python3.8/site-packages: /usr/bin/python3 setup.py egg_info --egg-base ../../build/controller build --build-base /home/ghost/Desktop/dev_ws/build/controller/build install --prefix /home/ghost/Desktop/dev_ws/install/controller --record /home/ghost/Desktop/dev_ws/build/controller/install.log --single-version-externally-managed
[3.078s] running egg_info
[3.081s] writing ../../build/controller/controller.egg-info/PKG-INFO
[3.083s] writing dependency_links to ../../build/controller/controller.egg-info/dependency_links.txt
[3.084s] writing entry points to ../../build/controller/controller.egg-info/entry_points.txt
[3.087s] writing requirements to ../../build/controller/controller.egg-info/requires.txt
[3.089s] writing top-level names to ../../build/controller/controller.egg-info/top_level.txt
[3.324s] reading manifest file '../../build/controller/controller.egg-info/SOURCES.txt'
[3.332s] writing manifest file '../../build/controller/controller.egg-info/SOURCES.txt'
[3.333s] running build
[3.334s] running build_py
[3.341s] copying controller/coordination.py -> /home/ghost/Desktop/dev_ws/build/controller/build/lib/controller
[3.345s] running install
[3.350s] running install_lib
[3.360s] copying /home/ghost/Desktop/dev_ws/build/controller/build/lib/controller/coordination.py -> /home/ghost/Desktop/dev_ws/install/controller/lib/python3.8/site-packages/controller
[3.365s] byte-compiling /home/ghost/Desktop/dev_ws/install/controller/lib/python3.8/site-packages/controller/coordination.py to coordination.cpython-38.pyc
[3.378s] running install_data
[3.381s] running install_egg_info
[3.389s] removing '/home/ghost/Desktop/dev_ws/install/controller/lib/python3.8/site-packages/controller-0.0.1-py3.8.egg-info' (and everything under it)
[3.391s] Copying ../../build/controller/controller.egg-info to /home/ghost/Desktop/dev_ws/install/controller/lib/python3.8/site-packages/controller-0.0.1-py3.8.egg-info
[3.396s] running install_scripts
[3.503s] Installing controller script to /home/ghost/Desktop/dev_ws/install/controller/lib/controller
[3.508s] writing list of installed files to '/home/ghost/Desktop/dev_ws/build/controller/install.log'
[3.628s] Invoked command in '/home/ghost/Desktop/dev_ws/src/controller' returned '0': PYTHONPATH=/home/ghost/Desktop/dev_ws/install/controller/lib/python3.8/site-packages: /usr/bin/python3 setup.py egg_info --egg-base ../../build/controller build --build-base /home/ghost/Desktop/dev_ws/build/controller/build install --prefix /home/ghost/Desktop/dev_ws/install/controller --record /home/ghost/Desktop/dev_ws/build/controller/install.log --single-version-externally-managed
