[0.000000] (-) TimerEvent: {}
[0.001091] (-) JobUnselected: {'identifier': 'robot_communication_interfaces'}
[0.001146] (controller) JobQueued: {'identifier': 'controller', 'dependencies': OrderedDict()}
[0.001186] (controller) JobStarted: {'identifier': 'controller'}
[0.098482] (-) TimerEvent: {}
[0.199157] (-) TimerEvent: {}
[0.299749] (-) TimerEvent: {}
[0.400710] (-) TimerEvent: {}
[0.410258] (controller) Command: {'cmd': ['/usr/bin/python3', 'setup.py', 'egg_info', '--egg-base', '../../build/controller', 'build', '--build-base', '/home/ghost/Desktop/dev_ws/build/controller/build', 'install', '--prefix', '/home/ghost/Desktop/dev_ws/install/controller', '--record', '/home/ghost/Desktop/dev_ws/build/controller/install.log', '--single-version-externally-managed'], 'cwd': '/home/ghost/Desktop/dev_ws/src/controller', 'env': {'SUDO_GID': '1000', 'MAIL': '/var/mail/root', 'LANGUAGE': 'en_IN:en', 'USER': 'root', 'HOME': '/root', 'COLORTERM': 'truecolor', 'SUDO_UID': '1000', 'LOGNAME': 'root', 'TERM': 'xterm-256color', 'PATH': '/usr/local/sbin:/usr/local/bin:/usr/sbin:/usr/bin:/sbin:/bin:/snap/bin', 'DISPLAY': ':0', 'LANG': 'en_US.UTF-8', 'XAUTHORITY': '/run/user/1000/gdm/Xauthority', 'SUDO_COMMAND': '/usr/bin/colcon build --packages-select controller', 'SHELL': '/bin/bash', 'SUDO_USER': 'ghost', 'LC_ALL': 'en_US.UTF-8', 'PWD': '/home/ghost/Desktop/dev_ws/build/controller', 'COLCON': '1', 'PYTHONPATH': '/home/ghost/Desktop/dev_ws/install/controller/lib/python3.8/site-packages:'}, 'shell': False}
[0.500765] (-) TimerEvent: {}
[0.601287] (-) TimerEvent: {}
[0.701908] (-) TimerEvent: {}
[0.802792] (-) TimerEvent: {}
[0.903546] (-) TimerEvent: {}
[0.973645] (controller) StdoutLine: {'line': b'running egg_info\n'}
[0.975300] (controller) StdoutLine: {'line': b'writing ../../build/controller/controller.egg-info/PKG-INFO\n'}
[0.976247] (controller) StdoutLine: {'line': b'writing dependency_links to ../../build/controller/controller.egg-info/dependency_links.txt\n'}
[0.977089] (controller) StdoutLine: {'line': b'writing entry points to ../../build/controller/controller.egg-info/entry_points.txt\n'}
[0.977643] (controller) StdoutLine: {'line': b'writing requirements to ../../build/controller/controller.egg-info/requires.txt\n'}
[0.978121] (controller) StdoutLine: {'line': b'writing top-level names to ../../build/controller/controller.egg-info/top_level.txt\n'}
[1.003866] (-) TimerEvent: {}
[1.102765] (controller) StdoutLine: {'line': b"reading manifest file '../../build/controller/controller.egg-info/SOURCES.txt'\n"}
[1.104019] (-) TimerEvent: {}
[1.106163] (controller) StdoutLine: {'line': b"writing manifest file '../../build/controller/controller.egg-info/SOURCES.txt'\n"}
[1.106913] (controller) StdoutLine: {'line': b'running build\n'}
[1.107171] (controller) StdoutLine: {'line': b'running build_py\n'}
[1.108492] (controller) StdoutLine: {'line': b'copying controller/coco.py -> /home/ghost/Desktop/dev_ws/build/controller/build/lib/controller\n'}
[1.112614] (controller) StdoutLine: {'line': b'running install\n'}
[1.115113] (controller) StdoutLine: {'line': b'running install_lib\n'}
[1.119528] (controller) StdoutLine: {'line': b'copying /home/ghost/Desktop/dev_ws/build/controller/build/lib/controller/coco.py -> /home/ghost/Desktop/dev_ws/install/controller/lib/python3.8/site-packages/controller\n'}
[1.122957] (controller) StdoutLine: {'line': b'byte-compiling /home/ghost/Desktop/dev_ws/install/controller/lib/python3.8/site-packages/controller/coco.py to coco.cpython-38.pyc\n'}
[1.131814] (controller) StdoutLine: {'line': b'running install_data\n'}
[1.141244] (controller) StdoutLine: {'line': b'running install_egg_info\n'}
[1.141630] (controller) StdoutLine: {'line': b"removing '/home/ghost/Desktop/dev_ws/install/controller/lib/python3.8/site-packages/controller-0.0.1-py3.8.egg-info' (and everything under it)\n"}
[1.141891] (controller) StdoutLine: {'line': b'Copying ../../build/controller/controller.egg-info to /home/ghost/Desktop/dev_ws/install/controller/lib/python3.8/site-packages/controller-0.0.1-py3.8.egg-info\n'}
[1.144166] (controller) StdoutLine: {'line': b'running install_scripts\n'}
[1.204091] (controller) StdoutLine: {'line': b'Installing controller script to /home/ghost/Desktop/dev_ws/install/controller/lib/controller\n'}
[1.204549] (-) TimerEvent: {}
[1.206972] (controller) StdoutLine: {'line': b"writing list of installed files to '/home/ghost/Desktop/dev_ws/build/controller/install.log'\n"}
[1.265933] (controller) CommandEnded: {'returncode': 0}
[1.304847] (-) TimerEvent: {}
[1.316402] (controller) JobEnded: {'identifier': 'controller', 'rc': 0}
[1.320060] (-) EventReactorShutdown: {}
