[0.198s] Invoking command in '/home/ghost/Desktop/dev_ws/src/controller': PYTHONPATH=/home/ghost/Desktop/dev_ws/install/controller/lib/python3.8/site-packages: /usr/bin/python3 setup.py egg_info --egg-base ../../build/controller build --build-base /home/ghost/Desktop/dev_ws/build/controller/build install --prefix /home/ghost/Desktop/dev_ws/install/controller --record /home/ghost/Desktop/dev_ws/build/controller/install.log --single-version-externally-managed
[0.381s] running egg_info
[0.381s] writing ../../build/controller/controller.egg-info/PKG-INFO
[0.382s] writing dependency_links to ../../build/controller/controller.egg-info/dependency_links.txt
[0.382s] writing entry points to ../../build/controller/controller.egg-info/entry_points.txt
[0.383s] writing requirements to ../../build/controller/controller.egg-info/requires.txt
[0.383s] writing top-level names to ../../build/controller/controller.egg-info/top_level.txt
[0.419s] reading manifest file '../../build/controller/controller.egg-info/SOURCES.txt'
[0.420s] writing manifest file '../../build/controller/controller.egg-info/SOURCES.txt'
[0.420s] running build
[0.421s] running build_py
[0.421s] copying controller/robot.py -> /home/ghost/Desktop/dev_ws/build/controller/build/lib/controller
[0.421s] running install
[0.422s] running install_lib
[0.423s] copying /home/ghost/Desktop/dev_ws/build/controller/build/lib/controller/robot.py -> /home/ghost/Desktop/dev_ws/install/controller/lib/python3.8/site-packages/controller
[0.424s] byte-compiling /home/ghost/Desktop/dev_ws/install/controller/lib/python3.8/site-packages/controller/robot.py to robot.cpython-38.pyc
[0.426s] running install_data
[0.427s] running install_egg_info
[0.428s] removing '/home/ghost/Desktop/dev_ws/install/controller/lib/python3.8/site-packages/controller-0.0.1-py3.8.egg-info' (and everything under it)
[0.428s] Copying ../../build/controller/controller.egg-info to /home/ghost/Desktop/dev_ws/install/controller/lib/python3.8/site-packages/controller-0.0.1-py3.8.egg-info
[0.429s] running install_scripts
[0.446s] Installing controller script to /home/ghost/Desktop/dev_ws/install/controller/lib/controller
[0.447s] writing list of installed files to '/home/ghost/Desktop/dev_ws/build/controller/install.log'
[0.468s] Invoked command in '/home/ghost/Desktop/dev_ws/src/controller' returned '0': PYTHONPATH=/home/ghost/Desktop/dev_ws/install/controller/lib/python3.8/site-packages: /usr/bin/python3 setup.py egg_info --egg-base ../../build/controller build --build-base /home/ghost/Desktop/dev_ws/build/controller/build install --prefix /home/ghost/Desktop/dev_ws/install/controller --record /home/ghost/Desktop/dev_ws/build/controller/install.log --single-version-externally-managed
