[0.014s] Invoking command in '/home/ghost/Desktop/dev_ws/build/robot_communication_interfaces': CMAKE_PREFIX_PATH=${CMAKE_PREFIX_PATH}:/home/ghost/Desktop/dev_ws/install/controller:/opt/ros/foxy /usr/bin/cmake --build /home/ghost/Desktop/dev_ws/build/robot_communication_interfaces -- -j4 -l4
[0.101s] -- Found ament_cmake: 0.9.9 (/opt/ros/foxy/share/ament_cmake/cmake)
[0.124s] -- Found PythonInterp: /usr/bin/python3 (found suitable version "3.8.10", minimum required is "3") 
[0.124s] -- Using PYTHON_EXECUTABLE: /usr/bin/python3
[0.274s] -- Found rosidl_default_generators: 1.0.1 (/opt/ros/foxy/share/rosidl_default_generators/cmake)
[0.279s] -- Using all available rosidl_typesupport_c: rosidl_typesupport_fastrtps_c;rosidl_typesupport_introspection_c
[0.284s] -- Found rosidl_adapter: 1.2.1 (/opt/ros/foxy/share/rosidl_adapter/cmake)
[0.450s] -- Using all available rosidl_typesupport_cpp: rosidl_typesupport_fastrtps_cpp;rosidl_typesupport_introspection_cpp
[0.491s] -- Found PythonInterp: /usr/bin/python3 (found version "3.8.10") 
[0.598s] -- Found ament_cmake_ros: 0.9.2 (/opt/ros/foxy/share/ament_cmake_ros/cmake)
[0.702s] -- Using all available rosidl_typesupport_c: rosidl_typesupport_fastrtps_c;rosidl_typesupport_introspection_c
[0.712s] -- Using all available rosidl_typesupport_cpp: rosidl_typesupport_fastrtps_cpp;rosidl_typesupport_introspection_cpp
[0.730s] -- Found PythonInterp: /usr/bin/python3 (found suitable version "3.8.10", minimum required is "3.5") 
[0.731s] -- Found python_cmake_module: 0.8.1 (/opt/ros/foxy/share/python_cmake_module/cmake)
[0.753s] -- Using PYTHON_EXECUTABLE: /usr/bin/python3
[0.753s] -- Using PYTHON_INCLUDE_DIRS: /usr/include/python3.8
[0.753s] -- Using PYTHON_LIBRARIES: /usr/lib/x86_64-linux-gnu/libpython3.8.so
[0.766s] -- Found ament_lint_auto: 0.9.6 (/opt/ros/foxy/share/ament_lint_auto/cmake)
[0.790s] -- Added test 'copyright' to check source files copyright and LICENSE
[0.791s] -- Added test 'lint_cmake' to check CMake code style
[0.793s] -- Added test 'xmllint' to check XML markup files
[0.798s] -- Configuring done
[0.841s] -- Generating done
[0.844s] -- Build files have been written to: /home/ghost/Desktop/dev_ws/build/robot_communication_interfaces
[0.865s] [  2%] [34m[1mGenerating C code for ROS interfaces[0m
[0.874s] [  5%] [34m[1mGenerating C++ code for ROS interfaces[0m
[1.116s] [  5%] Built target robot_communication_interfaces__cpp
[1.117s] [35m[1mScanning dependencies of target robot_communication_interfaces__rosidl_generator_c[0m
[1.126s] [  7%] [34m[1mGenerating C++ introspection for ROS interfaces[0m
[1.127s] [ 10%] [34m[1mGenerating C++ type support dispatch for ROS interfaces[0m
[1.128s] [ 12%] [34m[1mGenerating C++ type support for eProsima Fast-RTPS[0m
[1.130s] [ 15%] [32mBuilding C object CMakeFiles/robot_communication_interfaces__rosidl_generator_c.dir/rosidl_generator_c/robot_communication_interfaces/msg/detail/communication_message__functions.c.o[0m
[1.270s] [ 17%] [32mBuilding C object CMakeFiles/robot_communication_interfaces__rosidl_generator_c.dir/rosidl_generator_c/robot_communication_interfaces/srv/detail/communication_service__functions.c.o[0m
[1.310s] [ 20%] [32m[1mLinking C shared library librobot_communication_interfaces__rosidl_generator_c.so[0m
[1.347s] [35m[1mScanning dependencies of target robot_communication_interfaces__rosidl_typesupport_cpp[0m
[1.356s] [ 20%] Built target robot_communication_interfaces__rosidl_generator_c
[1.362s] [ 23%] [32mBuilding CXX object CMakeFiles/robot_communication_interfaces__rosidl_typesupport_cpp.dir/rosidl_typesupport_cpp/robot_communication_interfaces/msg/communication_message__type_support.cpp.o[0m
[1.363s] [ 25%] [32mBuilding CXX object CMakeFiles/robot_communication_interfaces__rosidl_typesupport_cpp.dir/rosidl_typesupport_cpp/robot_communication_interfaces/srv/communication_service__type_support.cpp.o[0m
[1.388s] [35m[1mScanning dependencies of target robot_communication_interfaces__rosidl_typesupport_introspection_cpp[0m
[1.395s] [35m[1mScanning dependencies of target robot_communication_interfaces__rosidl_typesupport_fastrtps_cpp[0m
[1.402s] [ 28%] [32mBuilding CXX object CMakeFiles/robot_communication_interfaces__rosidl_typesupport_introspection_cpp.dir/rosidl_typesupport_introspection_cpp/robot_communication_interfaces/msg/detail/communication_message__type_support.cpp.o[0m
[1.409s] [ 30%] [32mBuilding CXX object CMakeFiles/robot_communication_interfaces__rosidl_typesupport_fastrtps_cpp.dir/rosidl_typesupport_fastrtps_cpp/robot_communication_interfaces/msg/detail/dds_fastrtps/communication_message__type_support.cpp.o[0m
[1.670s] [ 33%] [32mBuilding CXX object CMakeFiles/robot_communication_interfaces__rosidl_typesupport_introspection_cpp.dir/rosidl_typesupport_introspection_cpp/robot_communication_interfaces/srv/detail/communication_service__type_support.cpp.o[0m
[1.673s] [ 35%] [32m[1mLinking CXX shared library librobot_communication_interfaces__rosidl_typesupport_cpp.so[0m
[1.711s] [ 35%] Built target robot_communication_interfaces__rosidl_typesupport_cpp
[1.721s] [ 38%] [34m[1mGenerating C introspection for ROS interfaces[0m
[1.756s] [ 41%] [34m[1mGenerating C type support dispatch for ROS interfaces[0m
[1.863s] [ 43%] [32mBuilding CXX object CMakeFiles/robot_communication_interfaces__rosidl_typesupport_fastrtps_cpp.dir/rosidl_typesupport_fastrtps_cpp/robot_communication_interfaces/srv/detail/dds_fastrtps/communication_service__type_support.cpp.o[0m
[1.934s] [ 46%] [32m[1mLinking CXX shared library librobot_communication_interfaces__rosidl_typesupport_introspection_cpp.so[0m
[1.954s] [35m[1mScanning dependencies of target robot_communication_interfaces__rosidl_typesupport_c[0m
[1.960s] [35m[1mScanning dependencies of target robot_communication_interfaces__rosidl_typesupport_introspection_c[0m
[1.965s] [ 48%] [32mBuilding CXX object CMakeFiles/robot_communication_interfaces__rosidl_typesupport_c.dir/rosidl_typesupport_c/robot_communication_interfaces/msg/communication_message__type_support.cpp.o[0m
[1.972s] [ 51%] [32mBuilding C object CMakeFiles/robot_communication_interfaces__rosidl_typesupport_introspection_c.dir/rosidl_typesupport_introspection_c/robot_communication_interfaces/msg/detail/communication_message__type_support.c.o[0m
[1.994s] [ 53%] [32mBuilding CXX object CMakeFiles/robot_communication_interfaces__rosidl_typesupport_c.dir/rosidl_typesupport_c/robot_communication_interfaces/srv/communication_service__type_support.cpp.o[0m
[1.995s] [ 53%] Built target robot_communication_interfaces__rosidl_typesupport_introspection_cpp
[2.001s] [ 56%] [32mBuilding C object CMakeFiles/robot_communication_interfaces__rosidl_typesupport_introspection_c.dir/rosidl_typesupport_introspection_c/robot_communication_interfaces/srv/detail/communication_service__type_support.c.o[0m
[2.021s] [ 58%] [32m[1mLinking CXX shared library librobot_communication_interfaces__rosidl_typesupport_c.so[0m
[2.028s] [ 61%] [32m[1mLinking C shared library librobot_communication_interfaces__rosidl_typesupport_introspection_c.so[0m
[2.054s] [ 61%] Built target robot_communication_interfaces__rosidl_typesupport_introspection_c
[2.055s] [ 61%] Built target robot_communication_interfaces__rosidl_typesupport_c
[2.173s] [ 64%] [32m[1mLinking CXX shared library librobot_communication_interfaces__rosidl_typesupport_fastrtps_cpp.so[0m
[2.237s] [ 64%] Built target robot_communication_interfaces__rosidl_typesupport_fastrtps_cpp
[2.247s] [ 66%] [34m[1mGenerating C type support for eProsima Fast-RTPS[0m
[2.450s] [35m[1mScanning dependencies of target robot_communication_interfaces__rosidl_typesupport_fastrtps_c[0m
[2.463s] [ 69%] [32mBuilding CXX object CMakeFiles/robot_communication_interfaces__rosidl_typesupport_fastrtps_c.dir/rosidl_typesupport_fastrtps_c/robot_communication_interfaces/msg/detail/communication_message__type_support_c.cpp.o[0m
[2.463s] [ 71%] [32mBuilding CXX object CMakeFiles/robot_communication_interfaces__rosidl_typesupport_fastrtps_c.dir/rosidl_typesupport_fastrtps_c/robot_communication_interfaces/srv/detail/communication_service__type_support_c.cpp.o[0m
[2.741s] [ 74%] [32m[1mLinking CXX shared library librobot_communication_interfaces__rosidl_typesupport_fastrtps_c.so[0m
[2.801s] [ 74%] Built target robot_communication_interfaces__rosidl_typesupport_fastrtps_c
[2.818s] [ 74%] Built target robot_communication_interfaces
[2.836s] [ 76%] [34m[1mGenerating Python code for ROS interfaces[0m
[3.299s] [ 76%] Built target robot_communication_interfaces__py
[3.314s] [35m[1mScanning dependencies of target robot_communication_interfaces__python[0m
[3.329s] [ 82%] [32mBuilding C object CMakeFiles/robot_communication_interfaces__python.dir/rosidl_generator_py/robot_communication_interfaces/msg/_communication_message_s.c.o[0m
[3.329s] [ 82%] [32mBuilding C object CMakeFiles/robot_communication_interfaces__python.dir/rosidl_generator_py/robot_communication_interfaces/srv/_communication_service_s.c.o[0m
[3.469s] [ 84%] [32m[1mLinking C shared library rosidl_generator_py/robot_communication_interfaces/librobot_communication_interfaces__python.so[0m
[3.499s] [ 84%] Built target robot_communication_interfaces__python
[3.511s] [35m[1mScanning dependencies of target robot_communication_interfaces__rosidl_typesupport_c__pyext[0m
[3.512s] [35m[1mScanning dependencies of target robot_communication_interfaces__rosidl_typesupport_fastrtps_c__pyext[0m
[3.512s] [35m[1mScanning dependencies of target robot_communication_interfaces__rosidl_typesupport_introspection_c__pyext[0m
[3.526s] [ 87%] [32mBuilding C object CMakeFiles/robot_communication_interfaces__rosidl_typesupport_c__pyext.dir/rosidl_generator_py/robot_communication_interfaces/_robot_communication_interfaces_s.ep.rosidl_typesupport_c.c.o[0m
[3.529s] [ 89%] [32mBuilding C object CMakeFiles/robot_communication_interfaces__rosidl_typesupport_introspection_c__pyext.dir/rosidl_generator_py/robot_communication_interfaces/_robot_communication_interfaces_s.ep.rosidl_typesupport_introspection_c.c.o[0m
[3.529s] [ 92%] [32mBuilding C object CMakeFiles/robot_communication_interfaces__rosidl_typesupport_fastrtps_c__pyext.dir/rosidl_generator_py/robot_communication_interfaces/_robot_communication_interfaces_s.ep.rosidl_typesupport_fastrtps_c.c.o[0m
[3.592s] [ 94%] [32m[1mLinking C shared library rosidl_generator_py/robot_communication_interfaces/robot_communication_interfaces_s__rosidl_typesupport_c.cpython-38-x86_64-linux-gnu.so[0m
[3.594s] [ 97%] [32m[1mLinking C shared library rosidl_generator_py/robot_communication_interfaces/robot_communication_interfaces_s__rosidl_typesupport_introspection_c.cpython-38-x86_64-linux-gnu.so[0m
[3.600s] [100%] [32m[1mLinking CXX shared library rosidl_generator_py/robot_communication_interfaces/robot_communication_interfaces_s__rosidl_typesupport_fastrtps_c.cpython-38-x86_64-linux-gnu.so[0m
[3.621s] [100%] Built target robot_communication_interfaces__rosidl_typesupport_c__pyext
[3.623s] [100%] Built target robot_communication_interfaces__rosidl_typesupport_introspection_c__pyext
[3.649s] [100%] Built target robot_communication_interfaces__rosidl_typesupport_fastrtps_c__pyext
[3.660s] Invoked command in '/home/ghost/Desktop/dev_ws/build/robot_communication_interfaces' returned '0': CMAKE_PREFIX_PATH=${CMAKE_PREFIX_PATH}:/home/ghost/Desktop/dev_ws/install/controller:/opt/ros/foxy /usr/bin/cmake --build /home/ghost/Desktop/dev_ws/build/robot_communication_interfaces -- -j4 -l4
[3.730s] Invoking command in '/home/ghost/Desktop/dev_ws/build/robot_communication_interfaces': CMAKE_PREFIX_PATH=${CMAKE_PREFIX_PATH}:/home/ghost/Desktop/dev_ws/install/controller:/opt/ros/foxy /usr/bin/cmake --install /home/ghost/Desktop/dev_ws/build/robot_communication_interfaces
[3.737s] -- Install configuration: ""
[3.738s] -- Up-to-date: /home/ghost/Desktop/dev_ws/install/robot_communication_interfaces/share/ament_index/resource_index/rosidl_interfaces/robot_communication_interfaces
[3.738s] -- Up-to-date: /home/ghost/Desktop/dev_ws/install/robot_communication_interfaces/include/robot_communication_interfaces
[3.738s] -- Up-to-date: /home/ghost/Desktop/dev_ws/install/robot_communication_interfaces/include/robot_communication_interfaces/srv
[3.738s] -- Installing: /home/ghost/Desktop/dev_ws/install/robot_communication_interfaces/include/robot_communication_interfaces/srv/communication_service.h
[3.738s] -- Up-to-date: /home/ghost/Desktop/dev_ws/install/robot_communication_interfaces/include/robot_communication_interfaces/srv/detail
[3.738s] -- Installing: /home/ghost/Desktop/dev_ws/install/robot_communication_interfaces/include/robot_communication_interfaces/srv/detail/communication_service__struct.h
[3.738s] -- Installing: /home/ghost/Desktop/dev_ws/install/robot_communication_interfaces/include/robot_communication_interfaces/srv/detail/communication_service__functions.c
[3.738s] -- Installing: /home/ghost/Desktop/dev_ws/install/robot_communication_interfaces/include/robot_communication_interfaces/srv/detail/communication_service__type_support.h
[3.739s] -- Installing: /home/ghost/Desktop/dev_ws/install/robot_communication_interfaces/include/robot_communication_interfaces/srv/detail/communication_service__functions.h
[3.739s] -- Up-to-date: /home/ghost/Desktop/dev_ws/install/robot_communication_interfaces/include/robot_communication_interfaces/msg
[3.739s] -- Up-to-date: /home/ghost/Desktop/dev_ws/install/robot_communication_interfaces/include/robot_communication_interfaces/msg/rosidl_generator_c__visibility_control.h
[3.739s] -- Installing: /home/ghost/Desktop/dev_ws/install/robot_communication_interfaces/include/robot_communication_interfaces/msg/communication_message.h
[3.739s] -- Up-to-date: /home/ghost/Desktop/dev_ws/install/robot_communication_interfaces/include/robot_communication_interfaces/msg/detail
[3.739s] -- Installing: /home/ghost/Desktop/dev_ws/install/robot_communication_interfaces/include/robot_communication_interfaces/msg/detail/communication_message__type_support.h
[3.739s] -- Installing: /home/ghost/Desktop/dev_ws/install/robot_communication_interfaces/include/robot_communication_interfaces/msg/detail/communication_message__functions.h
[3.739s] -- Installing: /home/ghost/Desktop/dev_ws/install/robot_communication_interfaces/include/robot_communication_interfaces/msg/detail/communication_message__struct.h
[3.739s] -- Installing: /home/ghost/Desktop/dev_ws/install/robot_communication_interfaces/include/robot_communication_interfaces/msg/detail/communication_message__functions.c
[3.739s] -- Up-to-date: /home/ghost/Desktop/dev_ws/install/robot_communication_interfaces/share/robot_communication_interfaces/environment/library_path.sh
[3.739s] -- Installing: /home/ghost/Desktop/dev_ws/install/robot_communication_interfaces/share/robot_communication_interfaces/environment/library_path.dsv
[3.740s] -- Installing: /home/ghost/Desktop/dev_ws/install/robot_communication_interfaces/lib/librobot_communication_interfaces__rosidl_generator_c.so
[3.740s] -- Set runtime path of "/home/ghost/Desktop/dev_ws/install/robot_communication_interfaces/lib/librobot_communication_interfaces__rosidl_generator_c.so" to ""
[3.740s] -- Up-to-date: /home/ghost/Desktop/dev_ws/install/robot_communication_interfaces/include/robot_communication_interfaces
[3.740s] -- Up-to-date: /home/ghost/Desktop/dev_ws/install/robot_communication_interfaces/include/robot_communication_interfaces/srv
[3.740s] -- Up-to-date: /home/ghost/Desktop/dev_ws/install/robot_communication_interfaces/include/robot_communication_interfaces/srv/detail
[3.740s] -- Installing: /home/ghost/Desktop/dev_ws/install/robot_communication_interfaces/include/robot_communication_interfaces/srv/detail/communication_service__rosidl_typesupport_fastrtps_c.h
[3.740s] -- Up-to-date: /home/ghost/Desktop/dev_ws/install/robot_communication_interfaces/include/robot_communication_interfaces/msg
[3.740s] -- Up-to-date: /home/ghost/Desktop/dev_ws/install/robot_communication_interfaces/include/robot_communication_interfaces/msg/rosidl_typesupport_fastrtps_c__visibility_control.h
[3.740s] -- Up-to-date: /home/ghost/Desktop/dev_ws/install/robot_communication_interfaces/include/robot_communication_interfaces/msg/detail
[3.740s] -- Installing: /home/ghost/Desktop/dev_ws/install/robot_communication_interfaces/include/robot_communication_interfaces/msg/detail/communication_message__rosidl_typesupport_fastrtps_c.h
[3.740s] -- Installing: /home/ghost/Desktop/dev_ws/install/robot_communication_interfaces/lib/librobot_communication_interfaces__rosidl_typesupport_fastrtps_c.so
[3.741s] -- Set runtime path of "/home/ghost/Desktop/dev_ws/install/robot_communication_interfaces/lib/librobot_communication_interfaces__rosidl_typesupport_fastrtps_c.so" to ""
[3.741s] -- Up-to-date: /home/ghost/Desktop/dev_ws/install/robot_communication_interfaces/include/robot_communication_interfaces
[3.741s] -- Up-to-date: /home/ghost/Desktop/dev_ws/install/robot_communication_interfaces/include/robot_communication_interfaces/srv
[3.741s] -- Up-to-date: /home/ghost/Desktop/dev_ws/install/robot_communication_interfaces/include/robot_communication_interfaces/srv/detail
[3.741s] -- Up-to-date: /home/ghost/Desktop/dev_ws/install/robot_communication_interfaces/include/robot_communication_interfaces/srv/detail/dds_fastrtps
[3.741s] -- Installing: /home/ghost/Desktop/dev_ws/install/robot_communication_interfaces/include/robot_communication_interfaces/srv/detail/communication_service__rosidl_typesupport_fastrtps_cpp.hpp
[3.741s] -- Up-to-date: /home/ghost/Desktop/dev_ws/install/robot_communication_interfaces/include/robot_communication_interfaces/msg
[3.741s] -- Up-to-date: /home/ghost/Desktop/dev_ws/install/robot_communication_interfaces/include/robot_communication_interfaces/msg/detail
[3.741s] -- Up-to-date: /home/ghost/Desktop/dev_ws/install/robot_communication_interfaces/include/robot_communication_interfaces/msg/detail/dds_fastrtps
[3.741s] -- Installing: /home/ghost/Desktop/dev_ws/install/robot_communication_interfaces/include/robot_communication_interfaces/msg/detail/communication_message__rosidl_typesupport_fastrtps_cpp.hpp
[3.741s] -- Up-to-date: /home/ghost/Desktop/dev_ws/install/robot_communication_interfaces/include/robot_communication_interfaces/msg/rosidl_typesupport_fastrtps_cpp__visibility_control.h
[3.743s] -- Installing: /home/ghost/Desktop/dev_ws/install/robot_communication_interfaces/lib/librobot_communication_interfaces__rosidl_typesupport_fastrtps_cpp.so
[3.744s] -- Set runtime path of "/home/ghost/Desktop/dev_ws/install/robot_communication_interfaces/lib/librobot_communication_interfaces__rosidl_typesupport_fastrtps_cpp.so" to ""
[3.744s] -- Up-to-date: /home/ghost/Desktop/dev_ws/install/robot_communication_interfaces/include/robot_communication_interfaces
[3.745s] -- Up-to-date: /home/ghost/Desktop/dev_ws/install/robot_communication_interfaces/include/robot_communication_interfaces/srv
[3.745s] -- Up-to-date: /home/ghost/Desktop/dev_ws/install/robot_communication_interfaces/include/robot_communication_interfaces/srv/detail
[3.745s] -- Installing: /home/ghost/Desktop/dev_ws/install/robot_communication_interfaces/include/robot_communication_interfaces/srv/detail/communication_service__rosidl_typesupport_introspection_c.h
[3.745s] -- Installing: /home/ghost/Desktop/dev_ws/install/robot_communication_interfaces/include/robot_communication_interfaces/srv/detail/communication_service__type_support.c
[3.745s] -- Up-to-date: /home/ghost/Desktop/dev_ws/install/robot_communication_interfaces/include/robot_communication_interfaces/msg
[3.745s] -- Up-to-date: /home/ghost/Desktop/dev_ws/install/robot_communication_interfaces/include/robot_communication_interfaces/msg/detail
[3.745s] -- Installing: /home/ghost/Desktop/dev_ws/install/robot_communication_interfaces/include/robot_communication_interfaces/msg/detail/communication_message__rosidl_typesupport_introspection_c.h
[3.745s] -- Installing: /home/ghost/Desktop/dev_ws/install/robot_communication_interfaces/include/robot_communication_interfaces/msg/detail/communication_message__type_support.c
[3.745s] -- Up-to-date: /home/ghost/Desktop/dev_ws/install/robot_communication_interfaces/include/robot_communication_interfaces/msg/rosidl_typesupport_introspection_c__visibility_control.h
[3.746s] -- Installing: /home/ghost/Desktop/dev_ws/install/robot_communication_interfaces/lib/librobot_communication_interfaces__rosidl_typesupport_introspection_c.so
[3.746s] -- Set runtime path of "/home/ghost/Desktop/dev_ws/install/robot_communication_interfaces/lib/librobot_communication_interfaces__rosidl_typesupport_introspection_c.so" to ""
[3.747s] -- Installing: /home/ghost/Desktop/dev_ws/install/robot_communication_interfaces/lib/librobot_communication_interfaces__rosidl_typesupport_c.so
[3.747s] -- Set runtime path of "/home/ghost/Desktop/dev_ws/install/robot_communication_interfaces/lib/librobot_communication_interfaces__rosidl_typesupport_c.so" to ""
[3.747s] -- Up-to-date: /home/ghost/Desktop/dev_ws/install/robot_communication_interfaces/include/robot_communication_interfaces
[3.747s] -- Up-to-date: /home/ghost/Desktop/dev_ws/install/robot_communication_interfaces/include/robot_communication_interfaces/srv
[3.747s] -- Installing: /home/ghost/Desktop/dev_ws/install/robot_communication_interfaces/include/robot_communication_interfaces/srv/communication_service.hpp
[3.747s] -- Up-to-date: /home/ghost/Desktop/dev_ws/install/robot_communication_interfaces/include/robot_communication_interfaces/srv/detail
[3.747s] -- Installing: /home/ghost/Desktop/dev_ws/install/robot_communication_interfaces/include/robot_communication_interfaces/srv/detail/communication_service__traits.hpp
[3.748s] -- Installing: /home/ghost/Desktop/dev_ws/install/robot_communication_interfaces/include/robot_communication_interfaces/srv/detail/communication_service__struct.hpp
[3.748s] -- Installing: /home/ghost/Desktop/dev_ws/install/robot_communication_interfaces/include/robot_communication_interfaces/srv/detail/communication_service__builder.hpp
[3.748s] -- Up-to-date: /home/ghost/Desktop/dev_ws/install/robot_communication_interfaces/include/robot_communication_interfaces/msg
[3.748s] -- Up-to-date: /home/ghost/Desktop/dev_ws/install/robot_communication_interfaces/include/robot_communication_interfaces/msg/detail
[3.748s] -- Installing: /home/ghost/Desktop/dev_ws/install/robot_communication_interfaces/include/robot_communication_interfaces/msg/detail/communication_message__builder.hpp
[3.748s] -- Installing: /home/ghost/Desktop/dev_ws/install/robot_communication_interfaces/include/robot_communication_interfaces/msg/detail/communication_message__traits.hpp
[3.748s] -- Installing: /home/ghost/Desktop/dev_ws/install/robot_communication_interfaces/include/robot_communication_interfaces/msg/detail/communication_message__struct.hpp
[3.748s] -- Installing: /home/ghost/Desktop/dev_ws/install/robot_communication_interfaces/include/robot_communication_interfaces/msg/communication_message.hpp
[3.749s] -- Up-to-date: /home/ghost/Desktop/dev_ws/install/robot_communication_interfaces/include/robot_communication_interfaces
[3.749s] -- Up-to-date: /home/ghost/Desktop/dev_ws/install/robot_communication_interfaces/include/robot_communication_interfaces/srv
[3.749s] -- Up-to-date: /home/ghost/Desktop/dev_ws/install/robot_communication_interfaces/include/robot_communication_interfaces/srv/detail
[3.749s] -- Installing: /home/ghost/Desktop/dev_ws/install/robot_communication_interfaces/include/robot_communication_interfaces/srv/detail/communication_service__rosidl_typesupport_introspection_cpp.hpp
[3.749s] -- Installing: /home/ghost/Desktop/dev_ws/install/robot_communication_interfaces/include/robot_communication_interfaces/srv/detail/communication_service__type_support.cpp
[3.749s] -- Up-to-date: /home/ghost/Desktop/dev_ws/install/robot_communication_interfaces/include/robot_communication_interfaces/msg
[3.749s] -- Up-to-date: /home/ghost/Desktop/dev_ws/install/robot_communication_interfaces/include/robot_communication_interfaces/msg/detail
[3.749s] -- Installing: /home/ghost/Desktop/dev_ws/install/robot_communication_interfaces/include/robot_communication_interfaces/msg/detail/communication_message__rosidl_typesupport_introspection_cpp.hpp
[3.749s] -- Installing: /home/ghost/Desktop/dev_ws/install/robot_communication_interfaces/include/robot_communication_interfaces/msg/detail/communication_message__type_support.cpp
[3.752s] -- Installing: /home/ghost/Desktop/dev_ws/install/robot_communication_interfaces/lib/librobot_communication_interfaces__rosidl_typesupport_introspection_cpp.so
[3.752s] -- Set runtime path of "/home/ghost/Desktop/dev_ws/install/robot_communication_interfaces/lib/librobot_communication_interfaces__rosidl_typesupport_introspection_cpp.so" to ""
[3.754s] -- Installing: /home/ghost/Desktop/dev_ws/install/robot_communication_interfaces/lib/librobot_communication_interfaces__rosidl_typesupport_cpp.so
[3.754s] -- Set runtime path of "/home/ghost/Desktop/dev_ws/install/robot_communication_interfaces/lib/librobot_communication_interfaces__rosidl_typesupport_cpp.so" to ""
[3.754s] -- Up-to-date: /home/ghost/Desktop/dev_ws/install/robot_communication_interfaces/share/robot_communication_interfaces/environment/pythonpath.sh
[3.754s] -- Installing: /home/ghost/Desktop/dev_ws/install/robot_communication_interfaces/share/robot_communication_interfaces/environment/pythonpath.dsv
[3.754s] -- Installing: /home/ghost/Desktop/dev_ws/install/robot_communication_interfaces/lib/python3.8/site-packages/robot_communication_interfaces/__init__.py
[3.777s] Compiling '/home/ghost/Desktop/dev_ws/install/robot_communication_interfaces/lib/python3.8/site-packages/robot_communication_interfaces/__init__.py'...
[3.780s] -- Up-to-date: /home/ghost/Desktop/dev_ws/install/robot_communication_interfaces/lib/python3.8/site-packages/robot_communication_interfaces/msg
[3.781s] -- Installing: /home/ghost/Desktop/dev_ws/install/robot_communication_interfaces/lib/python3.8/site-packages/robot_communication_interfaces/msg/__init__.py
[3.781s] -- Installing: /home/ghost/Desktop/dev_ws/install/robot_communication_interfaces/lib/python3.8/site-packages/robot_communication_interfaces/msg/_communication_message_s.c
[3.781s] -- Installing: /home/ghost/Desktop/dev_ws/install/robot_communication_interfaces/lib/python3.8/site-packages/robot_communication_interfaces/msg/_communication_message.py
[3.781s] -- Up-to-date: /home/ghost/Desktop/dev_ws/install/robot_communication_interfaces/lib/python3.8/site-packages/robot_communication_interfaces/srv
[3.781s] -- Installing: /home/ghost/Desktop/dev_ws/install/robot_communication_interfaces/lib/python3.8/site-packages/robot_communication_interfaces/srv/__init__.py
[3.781s] -- Installing: /home/ghost/Desktop/dev_ws/install/robot_communication_interfaces/lib/python3.8/site-packages/robot_communication_interfaces/srv/_communication_service.py
[3.781s] -- Installing: /home/ghost/Desktop/dev_ws/install/robot_communication_interfaces/lib/python3.8/site-packages/robot_communication_interfaces/srv/_communication_service_s.c
[3.784s] -- Installing: /home/ghost/Desktop/dev_ws/install/robot_communication_interfaces/lib/python3.8/site-packages/robot_communication_interfaces/robot_communication_interfaces_s__rosidl_typesupport_fastrtps_c.cpython-38-x86_64-linux-gnu.so
[3.784s] -- Set runtime path of "/home/ghost/Desktop/dev_ws/install/robot_communication_interfaces/lib/python3.8/site-packages/robot_communication_interfaces/robot_communication_interfaces_s__rosidl_typesupport_fastrtps_c.cpython-38-x86_64-linux-gnu.so" to ""
[3.786s] -- Installing: /home/ghost/Desktop/dev_ws/install/robot_communication_interfaces/lib/python3.8/site-packages/robot_communication_interfaces/robot_communication_interfaces_s__rosidl_typesupport_introspection_c.cpython-38-x86_64-linux-gnu.so
[3.787s] -- Set runtime path of "/home/ghost/Desktop/dev_ws/install/robot_communication_interfaces/lib/python3.8/site-packages/robot_communication_interfaces/robot_communication_interfaces_s__rosidl_typesupport_introspection_c.cpython-38-x86_64-linux-gnu.so" to ""
[3.787s] -- Installing: /home/ghost/Desktop/dev_ws/install/robot_communication_interfaces/lib/python3.8/site-packages/robot_communication_interfaces/robot_communication_interfaces_s__rosidl_typesupport_c.cpython-38-x86_64-linux-gnu.so
[3.788s] -- Set runtime path of "/home/ghost/Desktop/dev_ws/install/robot_communication_interfaces/lib/python3.8/site-packages/robot_communication_interfaces/robot_communication_interfaces_s__rosidl_typesupport_c.cpython-38-x86_64-linux-gnu.so" to ""
[3.788s] -- Installing: /home/ghost/Desktop/dev_ws/install/robot_communication_interfaces/lib/librobot_communication_interfaces__python.so
[3.788s] -- Set runtime path of "/home/ghost/Desktop/dev_ws/install/robot_communication_interfaces/lib/librobot_communication_interfaces__python.so" to ""
[3.788s] -- Installing: /home/ghost/Desktop/dev_ws/install/robot_communication_interfaces/share/robot_communication_interfaces/msg/CommunicationMessage.idl
[3.789s] -- Up-to-date: /home/ghost/Desktop/dev_ws/install/robot_communication_interfaces/share/robot_communication_interfaces/srv/CommunicationService.idl
[3.789s] -- Installing: /home/ghost/Desktop/dev_ws/install/robot_communication_interfaces/share/robot_communication_interfaces/msg/CommunicationMessage.msg
[3.789s] -- Up-to-date: /home/ghost/Desktop/dev_ws/install/robot_communication_interfaces/share/robot_communication_interfaces/srv/CommunicationService.srv
[3.789s] -- Up-to-date: /home/ghost/Desktop/dev_ws/install/robot_communication_interfaces/share/robot_communication_interfaces/srv/CommunicationService_Request.msg
[3.789s] -- Up-to-date: /home/ghost/Desktop/dev_ws/install/robot_communication_interfaces/share/robot_communication_interfaces/srv/CommunicationService_Response.msg
[3.789s] -- Up-to-date: /home/ghost/Desktop/dev_ws/install/robot_communication_interfaces/share/ament_index/resource_index/package_run_dependencies/robot_communication_interfaces
[3.789s] -- Up-to-date: /home/ghost/Desktop/dev_ws/install/robot_communication_interfaces/share/ament_index/resource_index/parent_prefix_path/robot_communication_interfaces
[3.789s] -- Up-to-date: /home/ghost/Desktop/dev_ws/install/robot_communication_interfaces/share/robot_communication_interfaces/environment/ament_prefix_path.sh
[3.789s] -- Installing: /home/ghost/Desktop/dev_ws/install/robot_communication_interfaces/share/robot_communication_interfaces/environment/ament_prefix_path.dsv
[3.789s] -- Up-to-date: /home/ghost/Desktop/dev_ws/install/robot_communication_interfaces/share/robot_communication_interfaces/environment/path.sh
[3.789s] -- Installing: /home/ghost/Desktop/dev_ws/install/robot_communication_interfaces/share/robot_communication_interfaces/environment/path.dsv
[3.790s] -- Up-to-date: /home/ghost/Desktop/dev_ws/install/robot_communication_interfaces/share/robot_communication_interfaces/local_setup.bash
[3.790s] -- Up-to-date: /home/ghost/Desktop/dev_ws/install/robot_communication_interfaces/share/robot_communication_interfaces/local_setup.sh
[3.790s] -- Up-to-date: /home/ghost/Desktop/dev_ws/install/robot_communication_interfaces/share/robot_communication_interfaces/local_setup.zsh
[3.790s] -- Installing: /home/ghost/Desktop/dev_ws/install/robot_communication_interfaces/share/robot_communication_interfaces/local_setup.dsv
[3.790s] -- Installing: /home/ghost/Desktop/dev_ws/install/robot_communication_interfaces/share/robot_communication_interfaces/package.dsv
[3.790s] -- Up-to-date: /home/ghost/Desktop/dev_ws/install/robot_communication_interfaces/share/ament_index/resource_index/packages/robot_communication_interfaces
[3.790s] -- Up-to-date: /home/ghost/Desktop/dev_ws/install/robot_communication_interfaces/share/robot_communication_interfaces/cmake/robot_communication_interfaces__rosidl_generator_cExport.cmake
[3.790s] -- Installing: /home/ghost/Desktop/dev_ws/install/robot_communication_interfaces/share/robot_communication_interfaces/cmake/robot_communication_interfaces__rosidl_generator_cExport-noconfig.cmake
[3.791s] -- Up-to-date: /home/ghost/Desktop/dev_ws/install/robot_communication_interfaces/share/robot_communication_interfaces/cmake/robot_communication_interfaces__rosidl_typesupport_introspection_cExport.cmake
[3.791s] -- Installing: /home/ghost/Desktop/dev_ws/install/robot_communication_interfaces/share/robot_communication_interfaces/cmake/robot_communication_interfaces__rosidl_typesupport_introspection_cExport-noconfig.cmake
[3.792s] -- Up-to-date: /home/ghost/Desktop/dev_ws/install/robot_communication_interfaces/share/robot_communication_interfaces/cmake/robot_communication_interfaces__rosidl_typesupport_cExport.cmake
[3.792s] -- Installing: /home/ghost/Desktop/dev_ws/install/robot_communication_interfaces/share/robot_communication_interfaces/cmake/robot_communication_interfaces__rosidl_typesupport_cExport-noconfig.cmake
[3.792s] -- Up-to-date: /home/ghost/Desktop/dev_ws/install/robot_communication_interfaces/share/robot_communication_interfaces/cmake/robot_communication_interfaces__rosidl_generator_cppExport.cmake
[3.793s] -- Up-to-date: /home/ghost/Desktop/dev_ws/install/robot_communication_interfaces/share/robot_communication_interfaces/cmake/robot_communication_interfaces__rosidl_typesupport_introspection_cppExport.cmake
[3.793s] -- Installing: /home/ghost/Desktop/dev_ws/install/robot_communication_interfaces/share/robot_communication_interfaces/cmake/robot_communication_interfaces__rosidl_typesupport_introspection_cppExport-noconfig.cmake
[3.793s] -- Up-to-date: /home/ghost/Desktop/dev_ws/install/robot_communication_interfaces/share/robot_communication_interfaces/cmake/robot_communication_interfaces__rosidl_typesupport_cppExport.cmake
[3.793s] -- Installing: /home/ghost/Desktop/dev_ws/install/robot_communication_interfaces/share/robot_communication_interfaces/cmake/robot_communication_interfaces__rosidl_typesupport_cppExport-noconfig.cmake
[3.793s] -- Up-to-date: /home/ghost/Desktop/dev_ws/install/robot_communication_interfaces/share/robot_communication_interfaces/cmake/rosidl_cmake-extras.cmake
[3.793s] -- Up-to-date: /home/ghost/Desktop/dev_ws/install/robot_communication_interfaces/share/robot_communication_interfaces/cmake/ament_cmake_export_dependencies-extras.cmake
[3.793s] -- Up-to-date: /home/ghost/Desktop/dev_ws/install/robot_communication_interfaces/share/robot_communication_interfaces/cmake/ament_cmake_export_libraries-extras.cmake
[3.794s] -- Up-to-date: /home/ghost/Desktop/dev_ws/install/robot_communication_interfaces/share/robot_communication_interfaces/cmake/ament_cmake_export_targets-extras.cmake
[3.794s] -- Up-to-date: /home/ghost/Desktop/dev_ws/install/robot_communication_interfaces/share/robot_communication_interfaces/cmake/ament_cmake_export_include_directories-extras.cmake
[3.794s] -- Up-to-date: /home/ghost/Desktop/dev_ws/install/robot_communication_interfaces/share/robot_communication_interfaces/cmake/rosidl_cmake_export_typesupport_libraries-extras.cmake
[3.794s] -- Up-to-date: /home/ghost/Desktop/dev_ws/install/robot_communication_interfaces/share/robot_communication_interfaces/cmake/rosidl_cmake_export_typesupport_targets-extras.cmake
[3.794s] -- Up-to-date: /home/ghost/Desktop/dev_ws/install/robot_communication_interfaces/share/robot_communication_interfaces/cmake/robot_communication_interfacesConfig.cmake
[3.794s] -- Up-to-date: /home/ghost/Desktop/dev_ws/install/robot_communication_interfaces/share/robot_communication_interfaces/cmake/robot_communication_interfacesConfig-version.cmake
[3.794s] -- Up-to-date: /home/ghost/Desktop/dev_ws/install/robot_communication_interfaces/share/robot_communication_interfaces/package.xml
[3.796s] Invoked command in '/home/ghost/Desktop/dev_ws/build/robot_communication_interfaces' returned '0': CMAKE_PREFIX_PATH=${CMAKE_PREFIX_PATH}:/home/ghost/Desktop/dev_ws/install/controller:/opt/ros/foxy /usr/bin/cmake --install /home/ghost/Desktop/dev_ws/build/robot_communication_interfaces
