[0.000000] (-) TimerEvent: {}
[0.000712] (controller) JobQueued: {'identifier': 'controller', 'dependencies': OrderedDict()}
[0.000778] (controller) JobStarted: {'identifier': 'controller'}
[0.096255] (-) TimerEvent: {}
[0.196870] (-) TimerEvent: {}
[0.297244] (-) TimerEvent: {}
[0.319117] (controller) Command: {'cmd': ['/usr/bin/python3', 'setup.py', 'egg_info', '--egg-base', '../../build/controller', 'build', '--build-base', '/home/ghost/Desktop/dev_ws/build/controller/build', 'install', '--prefix', '/home/ghost/Desktop/dev_ws/install/controller', '--record', '/home/ghost/Desktop/dev_ws/build/controller/install.log', '--single-version-externally-managed'], 'cwd': '/home/ghost/Desktop/dev_ws/src/controller', 'env': {'SUDO_GID': '1000', 'MAIL': '/var/mail/root', 'LANGUAGE': 'en_IN:en', 'USER': 'root', 'HOME': '/root', 'COLORTERM': 'truecolor', 'SUDO_UID': '1000', 'LOGNAME': 'root', 'TERM': 'xterm-256color', 'PATH': '/usr/local/sbin:/usr/local/bin:/usr/sbin:/usr/bin:/sbin:/bin:/snap/bin', 'DISPLAY': ':0', 'LANG': 'en_US.UTF-8', 'XAUTHORITY': '/run/user/1000/gdm/Xauthority', 'SUDO_COMMAND': '/usr/bin/colcon build', 'SHELL': '/bin/bash', 'SUDO_USER': 'ghost', 'LC_ALL': 'en_US.UTF-8', 'PWD': '/home/ghost/Desktop/dev_ws/build/controller', 'COLCON': '1', 'PYTHONPATH': '/home/ghost/Desktop/dev_ws/install/controller/lib/python3.8/site-packages:'}, 'shell': False}
[0.397658] (-) TimerEvent: {}
[0.498435] (-) TimerEvent: {}
[0.599000] (-) TimerEvent: {}
[0.601360] (controller) StdoutLine: {'line': b'running egg_info\n'}
[0.603054] (controller) StdoutLine: {'line': b'writing ../../build/controller/controller.egg-info/PKG-INFO\n'}
[0.604269] (controller) StdoutLine: {'line': b'writing dependency_links to ../../build/controller/controller.egg-info/dependency_links.txt\n'}
[0.605072] (controller) StdoutLine: {'line': b'writing entry points to ../../build/controller/controller.egg-info/entry_points.txt\n'}
[0.605869] (controller) StdoutLine: {'line': b'writing requirements to ../../build/controller/controller.egg-info/requires.txt\n'}
[0.606329] (controller) StdoutLine: {'line': b'writing top-level names to ../../build/controller/controller.egg-info/top_level.txt\n'}
[0.663937] (controller) StdoutLine: {'line': b"reading manifest file '../../build/controller/controller.egg-info/SOURCES.txt'\n"}
[0.665781] (controller) StdoutLine: {'line': b"writing manifest file '../../build/controller/controller.egg-info/SOURCES.txt'\n"}
[0.666350] (controller) StdoutLine: {'line': b'running build\n'}
[0.666735] (controller) StdoutLine: {'line': b'running build_py\n'}
[0.667910] (controller) StdoutLine: {'line': b'copying controller/structures.py -> /home/ghost/Desktop/dev_ws/build/controller/build/lib/controller\n'}
[0.668785] (controller) StdoutLine: {'line': b'running install\n'}
[0.670244] (controller) StdoutLine: {'line': b'running install_lib\n'}
[0.672249] (controller) StdoutLine: {'line': b'copying /home/ghost/Desktop/dev_ws/build/controller/build/lib/controller/structures.py -> /home/ghost/Desktop/dev_ws/install/controller/lib/python3.8/site-packages/controller\n'}
[0.673539] (controller) StdoutLine: {'line': b'byte-compiling /home/ghost/Desktop/dev_ws/install/controller/lib/python3.8/site-packages/controller/structures.py to structures.cpython-38.pyc\n'}
[0.680857] (controller) StdoutLine: {'line': b'running install_data\n'}
[0.681079] (controller) StdoutLine: {'line': b'running install_egg_info\n'}
[0.683070] (controller) StdoutLine: {'line': b"removing '/home/ghost/Desktop/dev_ws/install/controller/lib/python3.8/site-packages/controller-0.0.1-py3.8.egg-info' (and everything under it)\n"}
[0.683942] (controller) StdoutLine: {'line': b'Copying ../../build/controller/controller.egg-info to /home/ghost/Desktop/dev_ws/install/controller/lib/python3.8/site-packages/controller-0.0.1-py3.8.egg-info\n'}
[0.685389] (controller) StdoutLine: {'line': b'running install_scripts\n'}
[0.699160] (-) TimerEvent: {}
[0.715019] (controller) StdoutLine: {'line': b'Installing controller script to /home/ghost/Desktop/dev_ws/install/controller/lib/controller\n'}
[0.716724] (controller) StdoutLine: {'line': b"writing list of installed files to '/home/ghost/Desktop/dev_ws/build/controller/install.log'\n"}
[0.746734] (controller) CommandEnded: {'returncode': 0}
[0.763334] (controller) JobEnded: {'identifier': 'controller', 'rc': 0}
[0.765847] (-) EventReactorShutdown: {}
