[0.166s] Invoking command in '/home/ghost/Desktop/dev_ws/src/controller': PYTHONPATH=/home/ghost/Desktop/dev_ws/install/controller/lib/python3.8/site-packages: /usr/bin/python3 setup.py egg_info --egg-base ../../build/controller build --build-base /home/ghost/Desktop/dev_ws/build/controller/build install --prefix /home/ghost/Desktop/dev_ws/install/controller --record /home/ghost/Desktop/dev_ws/build/controller/install.log --single-version-externally-managed
[0.345s] running egg_info
[0.346s] writing ../../build/controller/controller.egg-info/PKG-INFO
[0.346s] writing dependency_links to ../../build/controller/controller.egg-info/dependency_links.txt
[0.346s] writing entry points to ../../build/controller/controller.egg-info/entry_points.txt
[0.347s] writing requirements to ../../build/controller/controller.egg-info/requires.txt
[0.347s] writing top-level names to ../../build/controller/controller.egg-info/top_level.txt
[0.391s] reading manifest file '../../build/controller/controller.egg-info/SOURCES.txt'
[0.393s] writing manifest file '../../build/controller/controller.egg-info/SOURCES.txt'
[0.393s] running build
[0.393s] running build_py
[0.396s] running install
[0.397s] running install_lib
[0.400s] running install_data
[0.400s] running install_egg_info
[0.402s] removing '/home/ghost/Desktop/dev_ws/install/controller/lib/python3.8/site-packages/controller-0.0.1-py3.8.egg-info' (and everything under it)
[0.402s] Copying ../../build/controller/controller.egg-info to /home/ghost/Desktop/dev_ws/install/controller/lib/python3.8/site-packages/controller-0.0.1-py3.8.egg-info
[0.403s] running install_scripts
[0.428s] Installing controller script to /home/ghost/Desktop/dev_ws/install/controller/lib/controller
[0.429s] writing list of installed files to '/home/ghost/Desktop/dev_ws/build/controller/install.log'
[0.457s] Invoked command in '/home/ghost/Desktop/dev_ws/src/controller' returned '0': PYTHONPATH=/home/ghost/Desktop/dev_ws/install/controller/lib/python3.8/site-packages: /usr/bin/python3 setup.py egg_info --egg-base ../../build/controller build --build-base /home/ghost/Desktop/dev_ws/build/controller/build install --prefix /home/ghost/Desktop/dev_ws/install/controller --record /home/ghost/Desktop/dev_ws/build/controller/install.log --single-version-externally-managed
