[0.342s] Invoking command in '/home/ghost/Desktop/dev_ws/src/controller': PYTHONPATH=/home/ghost/Desktop/dev_ws/install/controller/lib/python3.8/site-packages: /usr/bin/python3 setup.py egg_info --egg-base ../../build/controller build --build-base /home/ghost/Desktop/dev_ws/build/controller/build install --prefix /home/ghost/Desktop/dev_ws/install/controller --record /home/ghost/Desktop/dev_ws/build/controller/install.log --single-version-externally-managed
[0.655s] running egg_info
[0.655s] writing ../../build/controller/controller.egg-info/PKG-INFO
[0.656s] writing dependency_links to ../../build/controller/controller.egg-info/dependency_links.txt
[0.656s] writing entry points to ../../build/controller/controller.egg-info/entry_points.txt
[0.656s] writing requirements to ../../build/controller/controller.egg-info/requires.txt
[0.656s] writing top-level names to ../../build/controller/controller.egg-info/top_level.txt
[0.718s] reading manifest file '../../build/controller/controller.egg-info/SOURCES.txt'
[0.720s] writing manifest file '../../build/controller/controller.egg-info/SOURCES.txt'
[0.720s] running build
[0.720s] running build_py
[0.720s] copying controller/main.py -> /home/ghost/Desktop/dev_ws/build/controller/build/lib/controller
[0.721s] running install
[0.722s] running install_lib
[0.725s] copying /home/ghost/Desktop/dev_ws/build/controller/build/lib/controller/main.py -> /home/ghost/Desktop/dev_ws/install/controller/lib/python3.8/site-packages/controller
[0.725s] byte-compiling /home/ghost/Desktop/dev_ws/install/controller/lib/python3.8/site-packages/controller/main.py to main.cpython-38.pyc
[0.729s] running install_data
[0.730s] running install_egg_info
[0.732s] removing '/home/ghost/Desktop/dev_ws/install/controller/lib/python3.8/site-packages/controller-0.0.1-py3.8.egg-info' (and everything under it)
[0.733s] Copying ../../build/controller/controller.egg-info to /home/ghost/Desktop/dev_ws/install/controller/lib/python3.8/site-packages/controller-0.0.1-py3.8.egg-info
[0.734s] running install_scripts
[0.762s] Installing controller script to /home/ghost/Desktop/dev_ws/install/controller/lib/controller
[0.763s] writing list of installed files to '/home/ghost/Desktop/dev_ws/build/controller/install.log'
[0.790s] Invoked command in '/home/ghost/Desktop/dev_ws/src/controller' returned '0': PYTHONPATH=/home/ghost/Desktop/dev_ws/install/controller/lib/python3.8/site-packages: /usr/bin/python3 setup.py egg_info --egg-base ../../build/controller build --build-base /home/ghost/Desktop/dev_ws/build/controller/build install --prefix /home/ghost/Desktop/dev_ws/install/controller --record /home/ghost/Desktop/dev_ws/build/controller/install.log --single-version-externally-managed
