[0.251s] Invoking command in '/home/ghost/Desktop/dev_ws/src/controller': PYTHONPATH=/home/ghost/Desktop/dev_ws/install/controller/lib/python3.8/site-packages: /usr/bin/python3 setup.py egg_info --egg-base ../../build/controller build --build-base /home/ghost/Desktop/dev_ws/build/controller/build install --prefix /home/ghost/Desktop/dev_ws/install/controller --record /home/ghost/Desktop/dev_ws/build/controller/install.log --single-version-externally-managed
[0.581s] running egg_info
[0.582s] writing ../../build/controller/controller.egg-info/PKG-INFO
[0.583s] writing dependency_links to ../../build/controller/controller.egg-info/dependency_links.txt
[0.584s] writing entry points to ../../build/controller/controller.egg-info/entry_points.txt
[0.584s] writing requirements to ../../build/controller/controller.egg-info/requires.txt
[0.584s] writing top-level names to ../../build/controller/controller.egg-info/top_level.txt
[0.692s] reading manifest file '../../build/controller/controller.egg-info/SOURCES.txt'
[0.696s] writing manifest file '../../build/controller/controller.egg-info/SOURCES.txt'
[0.696s] running build
[0.696s] running build_py
[0.699s] copying controller/coordination.py -> /home/ghost/Desktop/dev_ws/build/controller/build/lib/controller
[0.700s] running install
[0.703s] running install_lib
[0.707s] copying /home/ghost/Desktop/dev_ws/build/controller/build/lib/controller/coordination.py -> /home/ghost/Desktop/dev_ws/install/controller/lib/python3.8/site-packages/controller
[0.709s] byte-compiling /home/ghost/Desktop/dev_ws/install/controller/lib/python3.8/site-packages/controller/coordination.py to coordination.cpython-38.pyc
[0.714s] running install_data
[0.715s] running install_egg_info
[0.719s] removing '/home/ghost/Desktop/dev_ws/install/controller/lib/python3.8/site-packages/controller-0.0.1-py3.8.egg-info' (and everything under it)
[0.720s] Copying ../../build/controller/controller.egg-info to /home/ghost/Desktop/dev_ws/install/controller/lib/python3.8/site-packages/controller-0.0.1-py3.8.egg-info
[0.722s] running install_scripts
[0.774s] Installing controller script to /home/ghost/Desktop/dev_ws/install/controller/lib/controller
[0.778s] writing list of installed files to '/home/ghost/Desktop/dev_ws/build/controller/install.log'
[0.831s] Invoked command in '/home/ghost/Desktop/dev_ws/src/controller' returned '0': PYTHONPATH=/home/ghost/Desktop/dev_ws/install/controller/lib/python3.8/site-packages: /usr/bin/python3 setup.py egg_info --egg-base ../../build/controller build --build-base /home/ghost/Desktop/dev_ws/build/controller/build install --prefix /home/ghost/Desktop/dev_ws/install/controller --record /home/ghost/Desktop/dev_ws/build/controller/install.log --single-version-externally-managed
