[0.000000] (-) TimerEvent: {}
[0.000446] (-) JobUnselected: {'identifier': 'robot_communication_interfaces'}
[0.000616] (controller) JobQueued: {'identifier': 'controller', 'dependencies': OrderedDict()}
[0.000699] (controller) JobStarted: {'identifier': 'controller'}
[0.098279] (-) TimerEvent: {}
[0.200159] (-) TimerEvent: {}
[0.300836] (-) TimerEvent: {}
[0.404663] (-) TimerEvent: {}
[0.505527] (-) TimerEvent: {}
[0.606405] (-) TimerEvent: {}
[0.707246] (-) TimerEvent: {}
[0.731513] (controller) Command: {'cmd': ['/usr/bin/python3', 'setup.py', 'egg_info', '--egg-base', '../../build/controller', 'build', '--build-base', '/home/ghost/Desktop/dev_ws/build/controller/build', 'install', '--prefix', '/home/ghost/Desktop/dev_ws/install/controller', '--record', '/home/ghost/Desktop/dev_ws/build/controller/install.log', '--single-version-externally-managed'], 'cwd': '/home/ghost/Desktop/dev_ws/src/controller', 'env': {'SUDO_GID': '1000', 'MAIL': '/var/mail/root', 'LANGUAGE': 'en_IN:en', 'USER': 'root', 'HOME': '/root', 'COLORTERM': 'truecolor', 'SUDO_UID': '1000', 'LOGNAME': 'root', 'TERM': 'xterm-256color', 'PATH': '/usr/local/sbin:/usr/local/bin:/usr/sbin:/usr/bin:/sbin:/bin:/snap/bin', 'DISPLAY': ':0', 'LANG': 'en_US.UTF-8', 'XAUTHORITY': '/run/user/1000/gdm/Xauthority', 'SUDO_COMMAND': '/usr/bin/colcon build --packages-select controller', 'SHELL': '/bin/bash', 'SUDO_USER': 'ghost', 'LC_ALL': 'en_US.UTF-8', 'PWD': '/home/ghost/Desktop/dev_ws/build/controller', 'COLCON': '1', 'PYTHONPATH': '/home/ghost/Desktop/dev_ws/install/controller/lib/python3.8/site-packages:'}, 'shell': False}
[0.808812] (-) TimerEvent: {}
[0.909908] (-) TimerEvent: {}
[1.011014] (-) TimerEvent: {}
[1.112218] (-) TimerEvent: {}
[1.213729] (-) TimerEvent: {}
[1.314735] (-) TimerEvent: {}
[1.415992] (-) TimerEvent: {}
[1.517839] (-) TimerEvent: {}
[1.619431] (-) TimerEvent: {}
[1.720759] (-) TimerEvent: {}
[1.754818] (controller) StdoutLine: {'line': b'running egg_info\n'}
[1.758384] (controller) StdoutLine: {'line': b'writing ../../build/controller/controller.egg-info/PKG-INFO\n'}
[1.760831] (controller) StdoutLine: {'line': b'writing dependency_links to ../../build/controller/controller.egg-info/dependency_links.txt\n'}
[1.762099] (controller) StdoutLine: {'line': b'writing entry points to ../../build/controller/controller.egg-info/entry_points.txt\n'}
[1.763172] (controller) StdoutLine: {'line': b'writing requirements to ../../build/controller/controller.egg-info/requires.txt\n'}
[1.764824] (controller) StdoutLine: {'line': b'writing top-level names to ../../build/controller/controller.egg-info/top_level.txt\n'}
[1.821038] (-) TimerEvent: {}
[1.922472] (-) TimerEvent: {}
[2.024046] (-) TimerEvent: {}
[2.033371] (controller) StdoutLine: {'line': b"reading manifest file '../../build/controller/controller.egg-info/SOURCES.txt'\n"}
[2.042708] (controller) StdoutLine: {'line': b"writing manifest file '../../build/controller/controller.egg-info/SOURCES.txt'\n"}
[2.043629] (controller) StdoutLine: {'line': b'running build\n'}
[2.044439] (controller) StdoutLine: {'line': b'running build_py\n'}
[2.045489] (controller) StdoutLine: {'line': b'copying controller/communication.py -> /home/ghost/Desktop/dev_ws/build/controller/build/lib/controller\n'}
[2.052218] (controller) StdoutLine: {'line': b'running install\n'}
[2.057256] (controller) StdoutLine: {'line': b'running install_lib\n'}
[2.061794] (controller) StdoutLine: {'line': b'copying /home/ghost/Desktop/dev_ws/build/controller/build/lib/controller/communication.py -> /home/ghost/Desktop/dev_ws/install/controller/lib/python3.8/site-packages/controller\n'}
[2.069502] (controller) StdoutLine: {'line': b'byte-compiling /home/ghost/Desktop/dev_ws/install/controller/lib/python3.8/site-packages/controller/communication.py to communication.cpython-38.pyc\n'}
[2.081616] (controller) StdoutLine: {'line': b'running install_data\n'}
[2.084046] (controller) StdoutLine: {'line': b'running install_egg_info\n'}
[2.092194] (controller) StdoutLine: {'line': b"removing '/home/ghost/Desktop/dev_ws/install/controller/lib/python3.8/site-packages/controller-0.0.1-py3.8.egg-info' (and everything under it)\n"}
[2.093762] (controller) StdoutLine: {'line': b'Copying ../../build/controller/controller.egg-info to /home/ghost/Desktop/dev_ws/install/controller/lib/python3.8/site-packages/controller-0.0.1-py3.8.egg-info\n'}
[2.098101] (controller) StdoutLine: {'line': b'running install_scripts\n'}
[2.125278] (-) TimerEvent: {}
[2.208257] (controller) StdoutLine: {'line': b'Installing controller script to /home/ghost/Desktop/dev_ws/install/controller/lib/controller\n'}
[2.213451] (controller) StdoutLine: {'line': b"writing list of installed files to '/home/ghost/Desktop/dev_ws/build/controller/install.log'\n"}
[2.225440] (-) TimerEvent: {}
[2.326174] (-) TimerEvent: {}
[2.332725] (controller) CommandEnded: {'returncode': 0}
[2.419406] (controller) JobEnded: {'identifier': 'controller', 'rc': 0}
[2.424741] (-) EventReactorShutdown: {}
