[0.318s] Invoking command in '/home/ghost/Desktop/dev_ws/src/controller': PYTHONPATH=/home/ghost/Desktop/dev_ws/install/controller/lib/python3.8/site-packages: /usr/bin/python3 setup.py egg_info --egg-base ../../build/controller build --build-base /home/ghost/Desktop/dev_ws/build/controller/build install --prefix /home/ghost/Desktop/dev_ws/install/controller --record /home/ghost/Desktop/dev_ws/build/controller/install.log --single-version-externally-managed
[0.595s] running egg_info
[0.595s] writing ../../build/controller/controller.egg-info/PKG-INFO
[0.597s] writing dependency_links to ../../build/controller/controller.egg-info/dependency_links.txt
[0.597s] writing entry points to ../../build/controller/controller.egg-info/entry_points.txt
[0.597s] writing requirements to ../../build/controller/controller.egg-info/requires.txt
[0.597s] writing top-level names to ../../build/controller/controller.egg-info/top_level.txt
[0.658s] reading manifest file '../../build/controller/controller.egg-info/SOURCES.txt'
[0.660s] writing manifest file '../../build/controller/controller.egg-info/SOURCES.txt'
[0.660s] running build
[0.660s] running build_py
[0.663s] copying controller/estimator.py -> /home/ghost/Desktop/dev_ws/build/controller/build/lib/controller
[0.663s] running install
[0.665s] running install_lib
[0.666s] copying /home/ghost/Desktop/dev_ws/build/controller/build/lib/controller/estimator.py -> /home/ghost/Desktop/dev_ws/install/controller/lib/python3.8/site-packages/controller
[0.668s] byte-compiling /home/ghost/Desktop/dev_ws/install/controller/lib/python3.8/site-packages/controller/estimator.py to estimator.cpython-38.pyc
[0.671s] running install_data
[0.672s] running install_egg_info
[0.675s] removing '/home/ghost/Desktop/dev_ws/install/controller/lib/python3.8/site-packages/controller-0.0.1-py3.8.egg-info' (and everything under it)
[0.676s] Copying ../../build/controller/controller.egg-info to /home/ghost/Desktop/dev_ws/install/controller/lib/python3.8/site-packages/controller-0.0.1-py3.8.egg-info
[0.678s] running install_scripts
[0.706s] Installing controller script to /home/ghost/Desktop/dev_ws/install/controller/lib/controller
[0.707s] writing list of installed files to '/home/ghost/Desktop/dev_ws/build/controller/install.log'
[0.742s] Invoked command in '/home/ghost/Desktop/dev_ws/src/controller' returned '0': PYTHONPATH=/home/ghost/Desktop/dev_ws/install/controller/lib/python3.8/site-packages: /usr/bin/python3 setup.py egg_info --egg-base ../../build/controller build --build-base /home/ghost/Desktop/dev_ws/build/controller/build install --prefix /home/ghost/Desktop/dev_ws/install/controller --record /home/ghost/Desktop/dev_ws/build/controller/install.log --single-version-externally-managed
