[0.224s] Invoking command in '/home/ghost/Desktop/dev_ws/src/controller': PYTHONPATH=/home/ghost/Desktop/dev_ws/install/controller/lib/python3.8/site-packages: /usr/bin/python3 setup.py egg_info --egg-base ../../build/controller build --build-base /home/ghost/Desktop/dev_ws/build/controller/build install --prefix /home/ghost/Desktop/dev_ws/install/controller --record /home/ghost/Desktop/dev_ws/build/controller/install.log --single-version-externally-managed
[0.435s] running egg_info
[0.437s] writing ../../build/controller/controller.egg-info/PKG-INFO
[0.437s] writing dependency_links to ../../build/controller/controller.egg-info/dependency_links.txt
[0.437s] writing entry points to ../../build/controller/controller.egg-info/entry_points.txt
[0.438s] writing requirements to ../../build/controller/controller.egg-info/requires.txt
[0.438s] writing top-level names to ../../build/controller/controller.egg-info/top_level.txt
[0.484s] reading manifest file '../../build/controller/controller.egg-info/SOURCES.txt'
[0.486s] writing manifest file '../../build/controller/controller.egg-info/SOURCES.txt'
[0.486s] running build
[0.486s] running build_py
[0.487s] copying controller/coco.py -> /home/ghost/Desktop/dev_ws/build/controller/build/lib/controller
[0.488s] running install
[0.490s] running install_lib
[0.491s] copying /home/ghost/Desktop/dev_ws/build/controller/build/lib/controller/coco.py -> /home/ghost/Desktop/dev_ws/install/controller/lib/python3.8/site-packages/controller
[0.493s] byte-compiling /home/ghost/Desktop/dev_ws/install/controller/lib/python3.8/site-packages/controller/coco.py to coco.cpython-38.pyc
[0.494s]   File "/home/ghost/Desktop/dev_ws/install/controller/lib/python3.8/site-packages/controller/coco.py", line 53
[0.494s]     def
[0.494s]        ^
[0.494s] SyntaxError: invalid syntax
[0.495s] 
[0.495s] running install_data
[0.496s] running install_egg_info
[0.498s] removing '/home/ghost/Desktop/dev_ws/install/controller/lib/python3.8/site-packages/controller-0.0.1-py3.8.egg-info' (and everything under it)
[0.499s] Copying ../../build/controller/controller.egg-info to /home/ghost/Desktop/dev_ws/install/controller/lib/python3.8/site-packages/controller-0.0.1-py3.8.egg-info
[0.501s] running install_scripts
[0.521s] Installing controller script to /home/ghost/Desktop/dev_ws/install/controller/lib/controller
[0.522s] writing list of installed files to '/home/ghost/Desktop/dev_ws/build/controller/install.log'
[0.543s] Invoked command in '/home/ghost/Desktop/dev_ws/src/controller' returned '0': PYTHONPATH=/home/ghost/Desktop/dev_ws/install/controller/lib/python3.8/site-packages: /usr/bin/python3 setup.py egg_info --egg-base ../../build/controller build --build-base /home/ghost/Desktop/dev_ws/build/controller/build install --prefix /home/ghost/Desktop/dev_ws/install/controller --record /home/ghost/Desktop/dev_ws/build/controller/install.log --single-version-externally-managed
