[1.054s] Invoking command in '/home/ghost/Desktop/dev_ws/src/controller': PYTHONPATH=/home/ghost/Desktop/dev_ws/install/controller/lib/python3.8/site-packages: /usr/bin/python3 setup.py egg_info --egg-base ../../build/controller build --build-base /home/ghost/Desktop/dev_ws/build/controller/build install --prefix /home/ghost/Desktop/dev_ws/install/controller --record /home/ghost/Desktop/dev_ws/build/controller/install.log --single-version-externally-managed
[2.319s] running egg_info
[2.324s] writing ../../build/controller/controller.egg-info/PKG-INFO
[2.326s] writing dependency_links to ../../build/controller/controller.egg-info/dependency_links.txt
[2.328s] writing entry points to ../../build/controller/controller.egg-info/entry_points.txt
[2.330s] writing requirements to ../../build/controller/controller.egg-info/requires.txt
[2.334s] writing top-level names to ../../build/controller/controller.egg-info/top_level.txt
[2.553s] reading manifest file '../../build/controller/controller.egg-info/SOURCES.txt'
[2.562s] writing manifest file '../../build/controller/controller.egg-info/SOURCES.txt'
[2.563s] running build
[2.563s] running build_py
[2.567s] copying controller/global_communicator.py -> /home/ghost/Desktop/dev_ws/build/controller/build/lib/controller
[2.575s] running install
[2.578s] running install_lib
[2.584s] copying /home/ghost/Desktop/dev_ws/build/controller/build/lib/controller/global_communicator.py -> /home/ghost/Desktop/dev_ws/install/controller/lib/python3.8/site-packages/controller
[2.590s] byte-compiling /home/ghost/Desktop/dev_ws/install/controller/lib/python3.8/site-packages/controller/global_communicator.py to global_communicator.cpython-38.pyc
[2.603s] running install_data
[2.604s] running install_egg_info
[2.612s] removing '/home/ghost/Desktop/dev_ws/install/controller/lib/python3.8/site-packages/controller-0.0.1-py3.8.egg-info' (and everything under it)
[2.614s] Copying ../../build/controller/controller.egg-info to /home/ghost/Desktop/dev_ws/install/controller/lib/python3.8/site-packages/controller-0.0.1-py3.8.egg-info
[2.620s] running install_scripts
[2.721s] Installing controller script to /home/ghost/Desktop/dev_ws/install/controller/lib/controller
[2.724s] writing list of installed files to '/home/ghost/Desktop/dev_ws/build/controller/install.log'
[2.830s] Invoked command in '/home/ghost/Desktop/dev_ws/src/controller' returned '0': PYTHONPATH=/home/ghost/Desktop/dev_ws/install/controller/lib/python3.8/site-packages: /usr/bin/python3 setup.py egg_info --egg-base ../../build/controller build --build-base /home/ghost/Desktop/dev_ws/build/controller/build install --prefix /home/ghost/Desktop/dev_ws/install/controller --record /home/ghost/Desktop/dev_ws/build/controller/install.log --single-version-externally-managed
