[0.298s] Invoking command in '/home/ghost/Desktop/dev_ws/src/controller': PYTHONPATH=/home/ghost/Desktop/dev_ws/install/controller/lib/python3.8/site-packages: /usr/bin/python3 setup.py egg_info --egg-base ../../build/controller build --build-base /home/ghost/Desktop/dev_ws/build/controller/build install --prefix /home/ghost/Desktop/dev_ws/install/controller --record /home/ghost/Desktop/dev_ws/build/controller/install.log --single-version-externally-managed
[0.572s] running egg_info
[0.572s] writing ../../build/controller/controller.egg-info/PKG-INFO
[0.572s] writing dependency_links to ../../build/controller/controller.egg-info/dependency_links.txt
[0.573s] writing entry points to ../../build/controller/controller.egg-info/entry_points.txt
[0.573s] writing requirements to ../../build/controller/controller.egg-info/requires.txt
[0.573s] writing top-level names to ../../build/controller/controller.egg-info/top_level.txt
[0.633s] reading manifest file '../../build/controller/controller.egg-info/SOURCES.txt'
[0.635s] writing manifest file '../../build/controller/controller.egg-info/SOURCES.txt'
[0.635s] running build
[0.635s] running build_py
[0.636s] running install
[0.637s] running install_lib
[0.639s] running install_data
[0.640s] running install_egg_info
[0.643s] removing '/home/ghost/Desktop/dev_ws/install/controller/lib/python3.8/site-packages/controller-0.0.1-py3.8.egg-info' (and everything under it)
[0.643s] Copying ../../build/controller/controller.egg-info to /home/ghost/Desktop/dev_ws/install/controller/lib/python3.8/site-packages/controller-0.0.1-py3.8.egg-info
[0.645s] running install_scripts
[0.675s] Installing controller script to /home/ghost/Desktop/dev_ws/install/controller/lib/controller
[0.676s] writing list of installed files to '/home/ghost/Desktop/dev_ws/build/controller/install.log'
[0.705s] Invoked command in '/home/ghost/Desktop/dev_ws/src/controller' returned '0': PYTHONPATH=/home/ghost/Desktop/dev_ws/install/controller/lib/python3.8/site-packages: /usr/bin/python3 setup.py egg_info --egg-base ../../build/controller build --build-base /home/ghost/Desktop/dev_ws/build/controller/build install --prefix /home/ghost/Desktop/dev_ws/install/controller --record /home/ghost/Desktop/dev_ws/build/controller/install.log --single-version-externally-managed
