[0.329s] Invoking command in '/home/ghost/Desktop/dev_ws/src/controller': PYTHONPATH=/home/ghost/Desktop/dev_ws/install/controller/lib/python3.8/site-packages: /usr/bin/python3 setup.py egg_info --egg-base ../../build/controller build --build-base /home/ghost/Desktop/dev_ws/build/controller/build install --prefix /home/ghost/Desktop/dev_ws/install/controller --record /home/ghost/Desktop/dev_ws/build/controller/install.log --single-version-externally-managed
[0.601s] running egg_info
[0.602s] writing ../../build/controller/controller.egg-info/PKG-INFO
[0.603s] writing dependency_links to ../../build/controller/controller.egg-info/dependency_links.txt
[0.603s] writing entry points to ../../build/controller/controller.egg-info/entry_points.txt
[0.604s] writing requirements to ../../build/controller/controller.egg-info/requires.txt
[0.604s] writing top-level names to ../../build/controller/controller.egg-info/top_level.txt
[0.652s] reading manifest file '../../build/controller/controller.egg-info/SOURCES.txt'
[0.653s] writing manifest file '../../build/controller/controller.egg-info/SOURCES.txt'
[0.653s] running build
[0.654s] running build_py
[0.654s] copying controller/planner.py -> /home/ghost/Desktop/dev_ws/build/controller/build/lib/controller
[0.655s] running install
[0.656s] running install_lib
[0.658s] copying /home/ghost/Desktop/dev_ws/build/controller/build/lib/controller/planner.py -> /home/ghost/Desktop/dev_ws/install/controller/lib/python3.8/site-packages/controller
[0.659s] byte-compiling /home/ghost/Desktop/dev_ws/install/controller/lib/python3.8/site-packages/controller/planner.py to planner.cpython-38.pyc
[0.664s] running install_data
[0.666s] running install_egg_info
[0.669s] removing '/home/ghost/Desktop/dev_ws/install/controller/lib/python3.8/site-packages/controller-0.0.1-py3.8.egg-info' (and everything under it)
[0.670s] Copying ../../build/controller/controller.egg-info to /home/ghost/Desktop/dev_ws/install/controller/lib/python3.8/site-packages/controller-0.0.1-py3.8.egg-info
[0.671s] running install_scripts
[0.695s] Installing controller script to /home/ghost/Desktop/dev_ws/install/controller/lib/controller
[0.696s] writing list of installed files to '/home/ghost/Desktop/dev_ws/build/controller/install.log'
[0.723s] Invoked command in '/home/ghost/Desktop/dev_ws/src/controller' returned '0': PYTHONPATH=/home/ghost/Desktop/dev_ws/install/controller/lib/python3.8/site-packages: /usr/bin/python3 setup.py egg_info --egg-base ../../build/controller build --build-base /home/ghost/Desktop/dev_ws/build/controller/build install --prefix /home/ghost/Desktop/dev_ws/install/controller --record /home/ghost/Desktop/dev_ws/build/controller/install.log --single-version-externally-managed
