[0.000000] (-) TimerEvent: {}
[0.001416] (controller) JobQueued: {'identifier': 'controller', 'dependencies': OrderedDict()}
[0.001485] (controller) JobStarted: {'identifier': 'controller'}
[0.098437] (-) TimerEvent: {}
[0.199093] (-) TimerEvent: {}
[0.299526] (-) TimerEvent: {}
[0.369593] (controller) Command: {'cmd': ['/usr/bin/python3', 'setup.py', 'egg_info', '--egg-base', '../../build/controller', 'build', '--build-base', '/home/ghost/Desktop/dev_ws/build/controller/build', 'install', '--prefix', '/home/ghost/Desktop/dev_ws/install/controller', '--record', '/home/ghost/Desktop/dev_ws/build/controller/install.log', '--single-version-externally-managed'], 'cwd': '/home/ghost/Desktop/dev_ws/src/controller', 'env': {'SUDO_GID': '1000', 'MAIL': '/var/mail/root', 'LANGUAGE': 'en_IN:en', 'USER': 'root', 'HOME': '/root', 'COLORTERM': 'truecolor', 'SUDO_UID': '1000', 'LOGNAME': 'root', 'TERM': 'xterm-256color', 'PATH': '/usr/local/sbin:/usr/local/bin:/usr/sbin:/usr/bin:/sbin:/bin:/snap/bin', 'DISPLAY': ':0', 'LANG': 'en_US.UTF-8', 'XAUTHORITY': '/run/user/1000/gdm/Xauthority', 'SUDO_COMMAND': '/usr/bin/colcon build', 'SHELL': '/bin/bash', 'SUDO_USER': 'ghost', 'LC_ALL': 'en_US.UTF-8', 'PWD': '/home/ghost/Desktop/dev_ws/build/controller', 'COLCON': '1', 'PYTHONPATH': '/home/ghost/Desktop/dev_ws/install/controller/lib/python3.8/site-packages:'}, 'shell': False}
[0.399718] (-) TimerEvent: {}
[0.500307] (-) TimerEvent: {}
[0.600663] (-) TimerEvent: {}
[0.701011] (-) TimerEvent: {}
[0.711390] (controller) StdoutLine: {'line': b'running egg_info\n'}
[0.712769] (controller) StdoutLine: {'line': b'writing ../../build/controller/controller.egg-info/PKG-INFO\n'}
[0.713426] (controller) StdoutLine: {'line': b'writing dependency_links to ../../build/controller/controller.egg-info/dependency_links.txt\n'}
[0.713966] (controller) StdoutLine: {'line': b'writing entry points to ../../build/controller/controller.egg-info/entry_points.txt\n'}
[0.714516] (controller) StdoutLine: {'line': b'writing requirements to ../../build/controller/controller.egg-info/requires.txt\n'}
[0.715239] (controller) StdoutLine: {'line': b'writing top-level names to ../../build/controller/controller.egg-info/top_level.txt\n'}
[0.771058] (controller) StdoutLine: {'line': b"reading manifest file '../../build/controller/controller.egg-info/SOURCES.txt'\n"}
[0.773151] (controller) StdoutLine: {'line': b"writing manifest file '../../build/controller/controller.egg-info/SOURCES.txt'\n"}
[0.773551] (controller) StdoutLine: {'line': b'running build\n'}
[0.773795] (controller) StdoutLine: {'line': b'running build_py\n'}
[0.774835] (controller) StdoutLine: {'line': b'copying controller/structures.py -> /home/ghost/Desktop/dev_ws/build/controller/build/lib/controller\n'}
[0.775670] (controller) StdoutLine: {'line': b'running install\n'}
[0.779588] (controller) StdoutLine: {'line': b'running install_lib\n'}
[0.779764] (controller) StdoutLine: {'line': b'copying /home/ghost/Desktop/dev_ws/build/controller/build/lib/controller/structures.py -> /home/ghost/Desktop/dev_ws/install/controller/lib/python3.8/site-packages/controller\n'}
[0.779855] (controller) StdoutLine: {'line': b'byte-compiling /home/ghost/Desktop/dev_ws/install/controller/lib/python3.8/site-packages/controller/structures.py to structures.cpython-38.pyc\n'}
[0.785258] (controller) StdoutLine: {'line': b'running install_data\n'}
[0.786274] (controller) StdoutLine: {'line': b'running install_egg_info\n'}
[0.789016] (controller) StdoutLine: {'line': b"removing '/home/ghost/Desktop/dev_ws/install/controller/lib/python3.8/site-packages/controller-0.0.1-py3.8.egg-info' (and everything under it)\n"}
[0.789812] (controller) StdoutLine: {'line': b'Copying ../../build/controller/controller.egg-info to /home/ghost/Desktop/dev_ws/install/controller/lib/python3.8/site-packages/controller-0.0.1-py3.8.egg-info\n'}
[0.792144] (controller) StdoutLine: {'line': b'running install_scripts\n'}
[0.801171] (-) TimerEvent: {}
[0.819213] (controller) StdoutLine: {'line': b'Installing controller script to /home/ghost/Desktop/dev_ws/install/controller/lib/controller\n'}
[0.819476] (controller) StdoutLine: {'line': b"writing list of installed files to '/home/ghost/Desktop/dev_ws/build/controller/install.log'\n"}
[0.857961] (controller) CommandEnded: {'returncode': 0}
[0.877748] (controller) JobEnded: {'identifier': 'controller', 'rc': 0}
[0.879093] (-) EventReactorShutdown: {}
