running egg_info
creating ../../build/controller/controller.egg-info
writing ../../build/controller/controller.egg-info/PKG-INFO
writing dependency_links to ../../build/controller/controller.egg-info/dependency_links.txt
writing entry points to ../../build/controller/controller.egg-info/entry_points.txt
writing requirements to ../../build/controller/controller.egg-info/requires.txt
writing top-level names to ../../build/controller/controller.egg-info/top_level.txt
writing manifest file '../../build/controller/controller.egg-info/SOURCES.txt'
reading manifest file '../../build/controller/controller.egg-info/SOURCES.txt'
writing manifest file '../../build/controller/controller.egg-info/SOURCES.txt'
running build
running build_py
creating /home/ghost/Desktop/dev_ws/build/controller/build
creating /home/ghost/Desktop/dev_ws/build/controller/build/lib
creating /home/ghost/Desktop/dev_ws/build/controller/build/lib/controller
copying controller/auxiliary.py -> /home/ghost/Desktop/dev_ws/build/controller/build/lib/controller
copying controller/controller.py -> /home/ghost/Desktop/dev_ws/build/controller/build/lib/controller
copying controller/__init__.py -> /home/ghost/Desktop/dev_ws/build/controller/build/lib/controller
copying controller/wrappers.py -> /home/ghost/Desktop/dev_ws/build/controller/build/lib/controller
copying controller/sensor.py -> /home/ghost/Desktop/dev_ws/build/controller/build/lib/controller
copying controller/visualizer.py -> /home/ghost/Desktop/dev_ws/build/controller/build/lib/controller
copying controller/stores.py -> /home/ghost/Desktop/dev_ws/build/controller/build/lib/controller
copying controller/mapper.py -> /home/ghost/Desktop/dev_ws/build/controller/build/lib/controller
copying controller/planner.py -> /home/ghost/Desktop/dev_ws/build/controller/build/lib/controller
copying controller/main.py -> /home/ghost/Desktop/dev_ws/build/controller/build/lib/controller
copying controller/mover.py -> /home/ghost/Desktop/dev_ws/build/controller/build/lib/controller
copying controller/estimator.py -> /home/ghost/Desktop/dev_ws/build/controller/build/lib/controller
copying controller/structures.py -> /home/ghost/Desktop/dev_ws/build/controller/build/lib/controller
copying controller/critical_controller.py -> /home/ghost/Desktop/dev_ws/build/controller/build/lib/controller
running install
running install_lib
creating /home/ghost/Desktop/dev_ws/install/controller/lib/python3.8/site-packages/controller
copying /home/ghost/Desktop/dev_ws/build/controller/build/lib/controller/auxiliary.py -> /home/ghost/Desktop/dev_ws/install/controller/lib/python3.8/site-packages/controller
copying /home/ghost/Desktop/dev_ws/build/controller/build/lib/controller/controller.py -> /home/ghost/Desktop/dev_ws/install/controller/lib/python3.8/site-packages/controller
copying /home/ghost/Desktop/dev_ws/build/controller/build/lib/controller/__init__.py -> /home/ghost/Desktop/dev_ws/install/controller/lib/python3.8/site-packages/controller
copying /home/ghost/Desktop/dev_ws/build/controller/build/lib/controller/wrappers.py -> /home/ghost/Desktop/dev_ws/install/controller/lib/python3.8/site-packages/controller
copying /home/ghost/Desktop/dev_ws/build/controller/build/lib/controller/sensor.py -> /home/ghost/Desktop/dev_ws/install/controller/lib/python3.8/site-packages/controller
copying /home/ghost/Desktop/dev_ws/build/controller/build/lib/controller/visualizer.py -> /home/ghost/Desktop/dev_ws/install/controller/lib/python3.8/site-packages/controller
copying /home/ghost/Desktop/dev_ws/build/controller/build/lib/controller/stores.py -> /home/ghost/Desktop/dev_ws/install/controller/lib/python3.8/site-packages/controller
copying /home/ghost/Desktop/dev_ws/build/controller/build/lib/controller/mapper.py -> /home/ghost/Desktop/dev_ws/install/controller/lib/python3.8/site-packages/controller
copying /home/ghost/Desktop/dev_ws/build/controller/build/lib/controller/planner.py -> /home/ghost/Desktop/dev_ws/install/controller/lib/python3.8/site-packages/controller
copying /home/ghost/Desktop/dev_ws/build/controller/build/lib/controller/main.py -> /home/ghost/Desktop/dev_ws/install/controller/lib/python3.8/site-packages/controller
copying /home/ghost/Desktop/dev_ws/build/controller/build/lib/controller/mover.py -> /home/ghost/Desktop/dev_ws/install/controller/lib/python3.8/site-packages/controller
copying /home/ghost/Desktop/dev_ws/build/controller/build/lib/controller/estimator.py -> /home/ghost/Desktop/dev_ws/install/controller/lib/python3.8/site-packages/controller
copying /home/ghost/Desktop/dev_ws/build/controller/build/lib/controller/structures.py -> /home/ghost/Desktop/dev_ws/install/controller/lib/python3.8/site-packages/controller
copying /home/ghost/Desktop/dev_ws/build/controller/build/lib/controller/critical_controller.py -> /home/ghost/Desktop/dev_ws/install/controller/lib/python3.8/site-packages/controller
byte-compiling /home/ghost/Desktop/dev_ws/install/controller/lib/python3.8/site-packages/controller/auxiliary.py to auxiliary.cpython-38.pyc
byte-compiling /home/ghost/Desktop/dev_ws/install/controller/lib/python3.8/site-packages/controller/controller.py to controller.cpython-38.pyc
byte-compiling /home/ghost/Desktop/dev_ws/install/controller/lib/python3.8/site-packages/controller/__init__.py to __init__.cpython-38.pyc
byte-compiling /home/ghost/Desktop/dev_ws/install/controller/lib/python3.8/site-packages/controller/wrappers.py to wrappers.cpython-38.pyc
byte-compiling /home/ghost/Desktop/dev_ws/install/controller/lib/python3.8/site-packages/controller/sensor.py to sensor.cpython-38.pyc
byte-compiling /home/ghost/Desktop/dev_ws/install/controller/lib/python3.8/site-packages/controller/visualizer.py to visualizer.cpython-38.pyc
byte-compiling /home/ghost/Desktop/dev_ws/install/controller/lib/python3.8/site-packages/controller/stores.py to stores.cpython-38.pyc
byte-compiling /home/ghost/Desktop/dev_ws/install/controller/lib/python3.8/site-packages/controller/mapper.py to mapper.cpython-38.pyc
byte-compiling /home/ghost/Desktop/dev_ws/install/controller/lib/python3.8/site-packages/controller/planner.py to planner.cpython-38.pyc
byte-compiling /home/ghost/Desktop/dev_ws/install/controller/lib/python3.8/site-packages/controller/main.py to main.cpython-38.pyc
byte-compiling /home/ghost/Desktop/dev_ws/install/controller/lib/python3.8/site-packages/controller/mover.py to mover.cpython-38.pyc
byte-compiling /home/ghost/Desktop/dev_ws/install/controller/lib/python3.8/site-packages/controller/estimator.py to estimator.cpython-38.pyc
byte-compiling /home/ghost/Desktop/dev_ws/install/controller/lib/python3.8/site-packages/controller/structures.py to structures.cpython-38.pyc
byte-compiling /home/ghost/Desktop/dev_ws/install/controller/lib/python3.8/site-packages/controller/critical_controller.py to critical_controller.cpython-38.pyc
running install_data
creating /home/ghost/Desktop/dev_ws/install/controller/share/ament_index
creating /home/ghost/Desktop/dev_ws/install/controller/share/ament_index/resource_index
creating /home/ghost/Desktop/dev_ws/install/controller/share/ament_index/resource_index/packages
copying resource/controller -> /home/ghost/Desktop/dev_ws/install/controller/share/ament_index/resource_index/packages
copying package.xml -> /home/ghost/Desktop/dev_ws/install/controller/share/controller
running install_egg_info
Copying ../../build/controller/controller.egg-info to /home/ghost/Desktop/dev_ws/install/controller/lib/python3.8/site-packages/controller-0.0.1-py3.8.egg-info
running install_scripts
Installing controller script to /home/ghost/Desktop/dev_ws/install/controller/lib/controller
writing list of installed files to '/home/ghost/Desktop/dev_ws/build/controller/install.log'
