[0.000000] (-) TimerEvent: {}
[0.000195] (controller) JobQueued: {'identifier': 'controller', 'dependencies': OrderedDict()}
[0.001353] (controller) JobStarted: {'identifier': 'controller'}
[0.099664] (-) TimerEvent: {}
[0.200404] (-) TimerEvent: {}
[0.300782] (-) TimerEvent: {}
[0.316356] (controller) Command: {'cmd': ['/usr/bin/python3', 'setup.py', 'egg_info', '--egg-base', '../../build/controller', 'build', '--build-base', '/home/ghost/Desktop/dev_ws/build/controller/build', 'install', '--prefix', '/home/ghost/Desktop/dev_ws/install/controller', '--record', '/home/ghost/Desktop/dev_ws/build/controller/install.log', '--single-version-externally-managed'], 'cwd': '/home/ghost/Desktop/dev_ws/src/controller', 'env': {'SUDO_GID': '1000', 'MAIL': '/var/mail/root', 'LANGUAGE': 'en_IN:en', 'USER': 'root', 'HOME': '/root', 'COLORTERM': 'truecolor', 'SUDO_UID': '1000', 'LOGNAME': 'root', 'TERM': 'xterm-256color', 'PATH': '/usr/local/sbin:/usr/local/bin:/usr/sbin:/usr/bin:/sbin:/bin:/snap/bin', 'DISPLAY': ':0', 'LANG': 'en_US.UTF-8', 'XAUTHORITY': '/run/user/1000/gdm/Xauthority', 'SUDO_COMMAND': '/usr/bin/colcon build', 'SHELL': '/bin/bash', 'SUDO_USER': 'ghost', 'LC_ALL': 'en_US.UTF-8', 'PWD': '/home/ghost/Desktop/dev_ws/build/controller', 'COLCON': '1', 'PYTHONPATH': '/home/ghost/Desktop/dev_ws/install/controller/lib/python3.8/site-packages:'}, 'shell': False}
[0.401159] (-) TimerEvent: {}
[0.501592] (-) TimerEvent: {}
[0.574986] (controller) StdoutLine: {'line': b'running egg_info\n'}
[0.576509] (controller) StdoutLine: {'line': b'writing ../../build/controller/controller.egg-info/PKG-INFO\n'}
[0.577304] (controller) StdoutLine: {'line': b'writing dependency_links to ../../build/controller/controller.egg-info/dependency_links.txt\n'}
[0.577897] (controller) StdoutLine: {'line': b'writing entry points to ../../build/controller/controller.egg-info/entry_points.txt\n'}
[0.578310] (controller) StdoutLine: {'line': b'writing requirements to ../../build/controller/controller.egg-info/requires.txt\n'}
[0.578685] (controller) StdoutLine: {'line': b'writing top-level names to ../../build/controller/controller.egg-info/top_level.txt\n'}
[0.601906] (-) TimerEvent: {}
[0.639804] (controller) StdoutLine: {'line': b"reading manifest file '../../build/controller/controller.egg-info/SOURCES.txt'\n"}
[0.642513] (controller) StdoutLine: {'line': b"writing manifest file '../../build/controller/controller.egg-info/SOURCES.txt'\n"}
[0.643135] (controller) StdoutLine: {'line': b'running build\n'}
[0.643322] (controller) StdoutLine: {'line': b'running build_py\n'}
[0.644367] (controller) StdoutLine: {'line': b'copying controller/wrappers.py -> /home/ghost/Desktop/dev_ws/build/controller/build/lib/controller\n'}
[0.645093] (controller) StdoutLine: {'line': b'copying controller/robot.py -> /home/ghost/Desktop/dev_ws/build/controller/build/lib/controller\n'}
[0.646076] (controller) StdoutLine: {'line': b'running install\n'}
[0.647339] (controller) StdoutLine: {'line': b'running install_lib\n'}
[0.649040] (controller) StdoutLine: {'line': b'copying /home/ghost/Desktop/dev_ws/build/controller/build/lib/controller/wrappers.py -> /home/ghost/Desktop/dev_ws/install/controller/lib/python3.8/site-packages/controller\n'}
[0.649230] (controller) StdoutLine: {'line': b'copying /home/ghost/Desktop/dev_ws/build/controller/build/lib/controller/robot.py -> /home/ghost/Desktop/dev_ws/install/controller/lib/python3.8/site-packages/controller\n'}
[0.650936] (controller) StdoutLine: {'line': b'byte-compiling /home/ghost/Desktop/dev_ws/install/controller/lib/python3.8/site-packages/controller/wrappers.py to wrappers.cpython-38.pyc\n'}
[0.653673] (controller) StdoutLine: {'line': b'byte-compiling /home/ghost/Desktop/dev_ws/install/controller/lib/python3.8/site-packages/controller/robot.py to robot.cpython-38.pyc\n'}
[0.655836] (controller) StdoutLine: {'line': b'running install_data\n'}
[0.656377] (controller) StdoutLine: {'line': b'running install_egg_info\n'}
[0.659047] (controller) StdoutLine: {'line': b"removing '/home/ghost/Desktop/dev_ws/install/controller/lib/python3.8/site-packages/controller-0.0.1-py3.8.egg-info' (and everything under it)\n"}
[0.659818] (controller) StdoutLine: {'line': b'Copying ../../build/controller/controller.egg-info to /home/ghost/Desktop/dev_ws/install/controller/lib/python3.8/site-packages/controller-0.0.1-py3.8.egg-info\n'}
[0.661169] (controller) StdoutLine: {'line': b'running install_scripts\n'}
[0.693538] (controller) StdoutLine: {'line': b'Installing controller script to /home/ghost/Desktop/dev_ws/install/controller/lib/controller\n'}
[0.695318] (controller) StdoutLine: {'line': b"writing list of installed files to '/home/ghost/Desktop/dev_ws/build/controller/install.log'\n"}
[0.702078] (-) TimerEvent: {}
[0.724531] (controller) CommandEnded: {'returncode': 0}
[0.742791] (controller) JobEnded: {'identifier': 'controller', 'rc': 0}
[0.744088] (-) EventReactorShutdown: {}
