[0.000000] (-) TimerEvent: {}
[0.001502] (controller) JobQueued: {'identifier': 'controller', 'dependencies': OrderedDict()}
[0.001572] (controller) JobStarted: {'identifier': 'controller'}
[0.099566] (-) TimerEvent: {}
[0.200746] (-) TimerEvent: {}
[0.301097] (-) TimerEvent: {}
[0.339932] (controller) Command: {'cmd': ['/usr/bin/python3', 'setup.py', 'egg_info', '--egg-base', '../../build/controller', 'build', '--build-base', '/home/ghost/Desktop/dev_ws/build/controller/build', 'install', '--prefix', '/home/ghost/Desktop/dev_ws/install/controller', '--record', '/home/ghost/Desktop/dev_ws/build/controller/install.log', '--single-version-externally-managed'], 'cwd': '/home/ghost/Desktop/dev_ws/src/controller', 'env': {'SUDO_GID': '1000', 'MAIL': '/var/mail/root', 'LANGUAGE': 'en_IN:en', 'USER': 'root', 'HOME': '/root', 'COLORTERM': 'truecolor', 'SUDO_UID': '1000', 'LOGNAME': 'root', 'TERM': 'xterm-256color', 'PATH': '/usr/local/sbin:/usr/local/bin:/usr/sbin:/usr/bin:/sbin:/bin:/snap/bin', 'DISPLAY': ':0', 'LANG': 'en_US.UTF-8', 'XAUTHORITY': '/run/user/1000/gdm/Xauthority', 'SUDO_COMMAND': '/usr/bin/colcon build', 'SHELL': '/bin/bash', 'SUDO_USER': 'ghost', 'LC_ALL': 'en_US.UTF-8', 'PWD': '/home/ghost/Desktop/dev_ws/build/controller', 'COLCON': '1', 'PYTHONPATH': '/home/ghost/Desktop/dev_ws/install/controller/lib/python3.8/site-packages:'}, 'shell': False}
[0.401351] (-) TimerEvent: {}
[0.501824] (-) TimerEvent: {}
[0.602248] (-) TimerEvent: {}
[0.629999] (controller) StdoutLine: {'line': b'running egg_info\n'}
[0.631161] (controller) StdoutLine: {'line': b'writing ../../build/controller/controller.egg-info/PKG-INFO\n'}
[0.631747] (controller) StdoutLine: {'line': b'writing dependency_links to ../../build/controller/controller.egg-info/dependency_links.txt\n'}
[0.632277] (controller) StdoutLine: {'line': b'writing entry points to ../../build/controller/controller.egg-info/entry_points.txt\n'}
[0.632630] (controller) StdoutLine: {'line': b'writing requirements to ../../build/controller/controller.egg-info/requires.txt\n'}
[0.633109] (controller) StdoutLine: {'line': b'writing top-level names to ../../build/controller/controller.egg-info/top_level.txt\n'}
[0.682867] (controller) StdoutLine: {'line': b"reading manifest file '../../build/controller/controller.egg-info/SOURCES.txt'\n"}
[0.685639] (controller) StdoutLine: {'line': b"writing manifest file '../../build/controller/controller.egg-info/SOURCES.txt'\n"}
[0.685942] (controller) StdoutLine: {'line': b'running build\n'}
[0.686067] (controller) StdoutLine: {'line': b'running build_py\n'}
[0.687320] (controller) StdoutLine: {'line': b'copying controller/stores.py -> /home/ghost/Desktop/dev_ws/build/controller/build/lib/controller\n'}
[0.688463] (controller) StdoutLine: {'line': b'running install\n'}
[0.690328] (controller) StdoutLine: {'line': b'running install_lib\n'}
[0.691771] (controller) StdoutLine: {'line': b'copying /home/ghost/Desktop/dev_ws/build/controller/build/lib/controller/stores.py -> /home/ghost/Desktop/dev_ws/install/controller/lib/python3.8/site-packages/controller\n'}
[0.692892] (controller) StdoutLine: {'line': b'byte-compiling /home/ghost/Desktop/dev_ws/install/controller/lib/python3.8/site-packages/controller/stores.py to stores.cpython-38.pyc\n'}
[0.696575] (controller) StdoutLine: {'line': b'running install_data\n'}
[0.697502] (controller) StdoutLine: {'line': b'running install_egg_info\n'}
[0.699664] (controller) StdoutLine: {'line': b"removing '/home/ghost/Desktop/dev_ws/install/controller/lib/python3.8/site-packages/controller-0.0.1-py3.8.egg-info' (and everything under it)\n"}
[0.700261] (controller) StdoutLine: {'line': b'Copying ../../build/controller/controller.egg-info to /home/ghost/Desktop/dev_ws/install/controller/lib/python3.8/site-packages/controller-0.0.1-py3.8.egg-info\n'}
[0.701554] (controller) StdoutLine: {'line': b'running install_scripts\n'}
[0.702390] (-) TimerEvent: {}
[0.726682] (controller) StdoutLine: {'line': b'Installing controller script to /home/ghost/Desktop/dev_ws/install/controller/lib/controller\n'}
[0.727799] (controller) StdoutLine: {'line': b"writing list of installed files to '/home/ghost/Desktop/dev_ws/build/controller/install.log'\n"}
[0.758880] (controller) CommandEnded: {'returncode': 0}
[0.780842] (controller) JobEnded: {'identifier': 'controller', 'rc': 0}
[0.781609] (-) EventReactorShutdown: {}
