[0.000000] (-) TimerEvent: {}
[0.003369] (-) JobUnselected: {'identifier': 'robot_communication_interfaces'}
[0.003471] (controller) JobQueued: {'identifier': 'controller', 'dependencies': OrderedDict()}
[0.003586] (controller) JobStarted: {'identifier': 'controller'}
[0.099513] (-) TimerEvent: {}
[0.200345] (-) TimerEvent: {}
[0.300919] (-) TimerEvent: {}
[0.401363] (-) TimerEvent: {}
[0.495190] (controller) Command: {'cmd': ['/usr/bin/python3', 'setup.py', 'egg_info', '--egg-base', '../../build/controller', 'build', '--build-base', '/home/ghost/Desktop/dev_ws/build/controller/build', 'install', '--prefix', '/home/ghost/Desktop/dev_ws/install/controller', '--record', '/home/ghost/Desktop/dev_ws/build/controller/install.log', '--single-version-externally-managed'], 'cwd': '/home/ghost/Desktop/dev_ws/src/controller', 'env': {'SUDO_GID': '1000', 'MAIL': '/var/mail/root', 'LANGUAGE': 'en_IN:en', 'USER': 'root', 'HOME': '/root', 'COLORTERM': 'truecolor', 'SUDO_UID': '1000', 'LOGNAME': 'root', 'TERM': 'xterm-256color', 'PATH': '/usr/local/sbin:/usr/local/bin:/usr/sbin:/usr/bin:/sbin:/bin:/snap/bin', 'DISPLAY': ':0', 'LANG': 'en_US.UTF-8', 'XAUTHORITY': '/run/user/1000/gdm/Xauthority', 'SUDO_COMMAND': '/usr/bin/colcon build --packages-select controller', 'SHELL': '/bin/bash', 'SUDO_USER': 'ghost', 'LC_ALL': 'en_US.UTF-8', 'PWD': '/home/ghost/Desktop/dev_ws/build/controller', 'COLCON': '1', 'PYTHONPATH': '/home/ghost/Desktop/dev_ws/install/controller/lib/python3.8/site-packages:'}, 'shell': False}
[0.502147] (-) TimerEvent: {}
[0.602806] (-) TimerEvent: {}
[0.703452] (-) TimerEvent: {}
[0.803837] (-) TimerEvent: {}
[0.859763] (controller) StdoutLine: {'line': b'running egg_info\n'}
[0.860738] (controller) StdoutLine: {'line': b'writing ../../build/controller/controller.egg-info/PKG-INFO\n'}
[0.861089] (controller) StdoutLine: {'line': b'writing dependency_links to ../../build/controller/controller.egg-info/dependency_links.txt\n'}
[0.861600] (controller) StdoutLine: {'line': b'writing entry points to ../../build/controller/controller.egg-info/entry_points.txt\n'}
[0.861928] (controller) StdoutLine: {'line': b'writing requirements to ../../build/controller/controller.egg-info/requires.txt\n'}
[0.862204] (controller) StdoutLine: {'line': b'writing top-level names to ../../build/controller/controller.egg-info/top_level.txt\n'}
[0.904042] (-) TimerEvent: {}
[0.928780] (controller) StdoutLine: {'line': b"reading manifest file '../../build/controller/controller.egg-info/SOURCES.txt'\n"}
[0.930967] (controller) StdoutLine: {'line': b"writing manifest file '../../build/controller/controller.egg-info/SOURCES.txt'\n"}
[0.931449] (controller) StdoutLine: {'line': b'running build\n'}
[0.931580] (controller) StdoutLine: {'line': b'running build_py\n'}
[0.933252] (controller) StdoutLine: {'line': b'copying controller/coordination.py -> /home/ghost/Desktop/dev_ws/build/controller/build/lib/controller\n'}
[0.934096] (controller) StdoutLine: {'line': b'running install\n'}
[0.936358] (controller) StdoutLine: {'line': b'running install_lib\n'}
[0.939439] (controller) StdoutLine: {'line': b'copying /home/ghost/Desktop/dev_ws/build/controller/build/lib/controller/coordination.py -> /home/ghost/Desktop/dev_ws/install/controller/lib/python3.8/site-packages/controller\n'}
[0.940862] (controller) StdoutLine: {'line': b'byte-compiling /home/ghost/Desktop/dev_ws/install/controller/lib/python3.8/site-packages/controller/coordination.py to coordination.cpython-38.pyc\n'}
[0.944332] (controller) StdoutLine: {'line': b'running install_data\n'}
[0.945128] (controller) StdoutLine: {'line': b'running install_egg_info\n'}
[0.947737] (controller) StdoutLine: {'line': b"removing '/home/ghost/Desktop/dev_ws/install/controller/lib/python3.8/site-packages/controller-0.0.1-py3.8.egg-info' (and everything under it)\n"}
[0.948218] (controller) StdoutLine: {'line': b'Copying ../../build/controller/controller.egg-info to /home/ghost/Desktop/dev_ws/install/controller/lib/python3.8/site-packages/controller-0.0.1-py3.8.egg-info\n'}
[0.949575] (controller) StdoutLine: {'line': b'running install_scripts\n'}
[0.979102] (controller) StdoutLine: {'line': b'Installing controller script to /home/ghost/Desktop/dev_ws/install/controller/lib/controller\n'}
[0.980571] (controller) StdoutLine: {'line': b"writing list of installed files to '/home/ghost/Desktop/dev_ws/build/controller/install.log'\n"}
[1.004275] (-) TimerEvent: {}
[1.012489] (controller) CommandEnded: {'returncode': 0}
[1.041221] (controller) JobEnded: {'identifier': 'controller', 'rc': 0}
[1.042752] (-) EventReactorShutdown: {}
