[0.291s] Invoking command in '/home/ghost/Desktop/dev_ws/src/controller': PYTHONPATH=/home/ghost/Desktop/dev_ws/install/controller/lib/python3.8/site-packages: /usr/bin/python3 setup.py egg_info --egg-base ../../build/controller build --build-base /home/ghost/Desktop/dev_ws/build/controller/build install --prefix /home/ghost/Desktop/dev_ws/install/controller --record /home/ghost/Desktop/dev_ws/build/controller/install.log --single-version-externally-managed
[0.631s] running egg_info
[0.632s] writing ../../build/controller/controller.egg-info/PKG-INFO
[0.633s] writing dependency_links to ../../build/controller/controller.egg-info/dependency_links.txt
[0.634s] writing entry points to ../../build/controller/controller.egg-info/entry_points.txt
[0.634s] writing requirements to ../../build/controller/controller.egg-info/requires.txt
[0.634s] writing top-level names to ../../build/controller/controller.egg-info/top_level.txt
[0.750s] reading manifest file '../../build/controller/controller.egg-info/SOURCES.txt'
[0.754s] writing manifest file '../../build/controller/controller.egg-info/SOURCES.txt'
[0.754s] running build
[0.755s] running build_py
[0.756s] copying controller/coco.py -> /home/ghost/Desktop/dev_ws/build/controller/build/lib/controller
[0.759s] running install
[0.761s] running install_lib
[0.764s] copying /home/ghost/Desktop/dev_ws/build/controller/build/lib/controller/coco.py -> /home/ghost/Desktop/dev_ws/install/controller/lib/python3.8/site-packages/controller
[0.766s] byte-compiling /home/ghost/Desktop/dev_ws/install/controller/lib/python3.8/site-packages/controller/coco.py to coco.cpython-38.pyc
[0.774s] running install_data
[0.775s] running install_egg_info
[0.781s] removing '/home/ghost/Desktop/dev_ws/install/controller/lib/python3.8/site-packages/controller-0.0.1-py3.8.egg-info' (and everything under it)
[0.782s] Copying ../../build/controller/controller.egg-info to /home/ghost/Desktop/dev_ws/install/controller/lib/python3.8/site-packages/controller-0.0.1-py3.8.egg-info
[0.785s] running install_scripts
[0.844s] Installing controller script to /home/ghost/Desktop/dev_ws/install/controller/lib/controller
[0.847s] writing list of installed files to '/home/ghost/Desktop/dev_ws/build/controller/install.log'
[0.906s] Invoked command in '/home/ghost/Desktop/dev_ws/src/controller' returned '0': PYTHONPATH=/home/ghost/Desktop/dev_ws/install/controller/lib/python3.8/site-packages: /usr/bin/python3 setup.py egg_info --egg-base ../../build/controller build --build-base /home/ghost/Desktop/dev_ws/build/controller/build install --prefix /home/ghost/Desktop/dev_ws/install/controller --record /home/ghost/Desktop/dev_ws/build/controller/install.log --single-version-externally-managed
