[0.000000] (-) TimerEvent: {}
[0.001204] (-) JobUnselected: {'identifier': 'robot_communication_interfaces'}
[0.001240] (controller) JobQueued: {'identifier': 'controller', 'dependencies': OrderedDict()}
[0.001262] (controller) JobStarted: {'identifier': 'controller'}
[0.099810] (-) TimerEvent: {}
[0.176407] (controller) Command: {'cmd': ['/usr/bin/python3', 'setup.py', 'egg_info', '--egg-base', '../../build/controller', 'build', '--build-base', '/home/ghost/Desktop/dev_ws/build/controller/build', 'install', '--prefix', '/home/ghost/Desktop/dev_ws/install/controller', '--record', '/home/ghost/Desktop/dev_ws/build/controller/install.log', '--single-version-externally-managed'], 'cwd': '/home/ghost/Desktop/dev_ws/src/controller', 'env': {'SUDO_GID': '1000', 'MAIL': '/var/mail/root', 'LANGUAGE': 'en_IN:en', 'USER': 'root', 'HOME': '/root', 'COLORTERM': 'truecolor', 'SUDO_UID': '1000', 'LOGNAME': 'root', 'TERM': 'xterm-256color', 'PATH': '/usr/local/sbin:/usr/local/bin:/usr/sbin:/usr/bin:/sbin:/bin:/snap/bin', 'DISPLAY': ':0', 'LANG': 'en_US.UTF-8', 'XAUTHORITY': '/run/user/1000/gdm/Xauthority', 'SUDO_COMMAND': '/usr/bin/colcon build --packages-select controller', 'SHELL': '/bin/bash', 'SUDO_USER': 'ghost', 'LC_ALL': 'en_US.UTF-8', 'PWD': '/home/ghost/Desktop/dev_ws/build/controller', 'COLCON': '1', 'PYTHONPATH': '/home/ghost/Desktop/dev_ws/install/controller/lib/python3.8/site-packages:'}, 'shell': False}
[0.199974] (-) TimerEvent: {}
[0.300798] (-) TimerEvent: {}
[0.335606] (controller) StdoutLine: {'line': b'running egg_info\n'}
[0.335968] (controller) StdoutLine: {'line': b'writing ../../build/controller/controller.egg-info/PKG-INFO\n'}
[0.336204] (controller) StdoutLine: {'line': b'writing dependency_links to ../../build/controller/controller.egg-info/dependency_links.txt\n'}
[0.336411] (controller) StdoutLine: {'line': b'writing entry points to ../../build/controller/controller.egg-info/entry_points.txt\n'}
[0.336546] (controller) StdoutLine: {'line': b'writing requirements to ../../build/controller/controller.egg-info/requires.txt\n'}
[0.336724] (controller) StdoutLine: {'line': b'writing top-level names to ../../build/controller/controller.egg-info/top_level.txt\n'}
[0.368420] (controller) StdoutLine: {'line': b"reading manifest file '../../build/controller/controller.egg-info/SOURCES.txt'\n"}
[0.369161] (controller) StdoutLine: {'line': b"writing manifest file '../../build/controller/controller.egg-info/SOURCES.txt'\n"}
[0.369336] (controller) StdoutLine: {'line': b'running build\n'}
[0.369395] (controller) StdoutLine: {'line': b'running build_py\n'}
[0.369714] (controller) StdoutLine: {'line': b'copying controller/coco.py -> /home/ghost/Desktop/dev_ws/build/controller/build/lib/controller\n'}
[0.370538] (controller) StdoutLine: {'line': b'running install\n'}
[0.371124] (controller) StdoutLine: {'line': b'running install_lib\n'}
[0.371842] (controller) StdoutLine: {'line': b'copying /home/ghost/Desktop/dev_ws/build/controller/build/lib/controller/coco.py -> /home/ghost/Desktop/dev_ws/install/controller/lib/python3.8/site-packages/controller\n'}
[0.372622] (controller) StdoutLine: {'line': b'byte-compiling /home/ghost/Desktop/dev_ws/install/controller/lib/python3.8/site-packages/controller/coco.py to coco.cpython-38.pyc\n'}
[0.375854] (controller) StdoutLine: {'line': b'running install_data\n'}
[0.376193] (controller) StdoutLine: {'line': b'running install_egg_info\n'}
[0.377348] (controller) StdoutLine: {'line': b"removing '/home/ghost/Desktop/dev_ws/install/controller/lib/python3.8/site-packages/controller-0.0.1-py3.8.egg-info' (and everything under it)\n"}
[0.377544] (controller) StdoutLine: {'line': b'Copying ../../build/controller/controller.egg-info to /home/ghost/Desktop/dev_ws/install/controller/lib/python3.8/site-packages/controller-0.0.1-py3.8.egg-info\n'}
[0.378097] (controller) StdoutLine: {'line': b'running install_scripts\n'}
[0.393522] (controller) StdoutLine: {'line': b'Installing controller script to /home/ghost/Desktop/dev_ws/install/controller/lib/controller\n'}
[0.394188] (controller) StdoutLine: {'line': b"writing list of installed files to '/home/ghost/Desktop/dev_ws/build/controller/install.log'\n"}
[0.400965] (-) TimerEvent: {}
[0.413687] (controller) CommandEnded: {'returncode': 0}
[0.429500] (controller) JobEnded: {'identifier': 'controller', 'rc': 0}
[0.429944] (-) EventReactorShutdown: {}
