[0.316s] Invoking command in '/home/ghost/Desktop/dev_ws/src/controller': PYTHONPATH=/home/ghost/Desktop/dev_ws/install/controller/lib/python3.8/site-packages: /usr/bin/python3 setup.py egg_info --egg-base ../../build/controller build --build-base /home/ghost/Desktop/dev_ws/build/controller/build install --prefix /home/ghost/Desktop/dev_ws/install/controller --record /home/ghost/Desktop/dev_ws/build/controller/install.log --single-version-externally-managed
[0.574s] running egg_info
[0.575s] writing ../../build/controller/controller.egg-info/PKG-INFO
[0.576s] writing dependency_links to ../../build/controller/controller.egg-info/dependency_links.txt
[0.577s] writing entry points to ../../build/controller/controller.egg-info/entry_points.txt
[0.577s] writing requirements to ../../build/controller/controller.egg-info/requires.txt
[0.577s] writing top-level names to ../../build/controller/controller.egg-info/top_level.txt
[0.639s] reading manifest file '../../build/controller/controller.egg-info/SOURCES.txt'
[0.641s] writing manifest file '../../build/controller/controller.egg-info/SOURCES.txt'
[0.642s] running build
[0.642s] running build_py
[0.643s] copying controller/wrappers.py -> /home/ghost/Desktop/dev_ws/build/controller/build/lib/controller
[0.644s] copying controller/robot.py -> /home/ghost/Desktop/dev_ws/build/controller/build/lib/controller
[0.645s] running install
[0.646s] running install_lib
[0.648s] copying /home/ghost/Desktop/dev_ws/build/controller/build/lib/controller/wrappers.py -> /home/ghost/Desktop/dev_ws/install/controller/lib/python3.8/site-packages/controller
[0.648s] copying /home/ghost/Desktop/dev_ws/build/controller/build/lib/controller/robot.py -> /home/ghost/Desktop/dev_ws/install/controller/lib/python3.8/site-packages/controller
[0.650s] byte-compiling /home/ghost/Desktop/dev_ws/install/controller/lib/python3.8/site-packages/controller/wrappers.py to wrappers.cpython-38.pyc
[0.652s] byte-compiling /home/ghost/Desktop/dev_ws/install/controller/lib/python3.8/site-packages/controller/robot.py to robot.cpython-38.pyc
[0.655s] running install_data
[0.655s] running install_egg_info
[0.658s] removing '/home/ghost/Desktop/dev_ws/install/controller/lib/python3.8/site-packages/controller-0.0.1-py3.8.egg-info' (and everything under it)
[0.659s] Copying ../../build/controller/controller.egg-info to /home/ghost/Desktop/dev_ws/install/controller/lib/python3.8/site-packages/controller-0.0.1-py3.8.egg-info
[0.660s] running install_scripts
[0.692s] Installing controller script to /home/ghost/Desktop/dev_ws/install/controller/lib/controller
[0.694s] writing list of installed files to '/home/ghost/Desktop/dev_ws/build/controller/install.log'
[0.724s] Invoked command in '/home/ghost/Desktop/dev_ws/src/controller' returned '0': PYTHONPATH=/home/ghost/Desktop/dev_ws/install/controller/lib/python3.8/site-packages: /usr/bin/python3 setup.py egg_info --egg-base ../../build/controller build --build-base /home/ghost/Desktop/dev_ws/build/controller/build install --prefix /home/ghost/Desktop/dev_ws/install/controller --record /home/ghost/Desktop/dev_ws/build/controller/install.log --single-version-externally-managed
