[0.000000] (-) TimerEvent: {}
[0.000324] (controller) JobQueued: {'identifier': 'controller', 'dependencies': OrderedDict()}
[0.000392] (controller) JobStarted: {'identifier': 'controller'}
[0.093971] (-) TimerEvent: {}
[0.194566] (-) TimerEvent: {}
[0.294995] (-) TimerEvent: {}
[0.377922] (controller) Command: {'cmd': ['/usr/bin/python3', 'setup.py', 'egg_info', '--egg-base', '../../build/controller', 'build', '--build-base', '/home/ghost/Desktop/dev_ws/build/controller/build', 'install', '--prefix', '/home/ghost/Desktop/dev_ws/install/controller', '--record', '/home/ghost/Desktop/dev_ws/build/controller/install.log', '--single-version-externally-managed'], 'cwd': '/home/ghost/Desktop/dev_ws/src/controller', 'env': {'SUDO_GID': '1000', 'MAIL': '/var/mail/root', 'LANGUAGE': 'en_IN:en', 'USER': 'root', 'HOME': '/root', 'COLORTERM': 'truecolor', 'SUDO_UID': '1000', 'LOGNAME': 'root', 'TERM': 'xterm-256color', 'PATH': '/usr/local/sbin:/usr/local/bin:/usr/sbin:/usr/bin:/sbin:/bin:/snap/bin', 'DISPLAY': ':0', 'LANG': 'en_US.UTF-8', 'XAUTHORITY': '/run/user/1000/gdm/Xauthority', 'SUDO_COMMAND': '/usr/bin/colcon build', 'SHELL': '/bin/bash', 'SUDO_USER': 'ghost', 'LC_ALL': 'en_US.UTF-8', 'PWD': '/home/ghost/Desktop/dev_ws/build/controller', 'COLCON': '1', 'PYTHONPATH': '/home/ghost/Desktop/dev_ws/install/controller/lib/python3.8/site-packages:'}, 'shell': False}
[0.395165] (-) TimerEvent: {}
[0.495773] (-) TimerEvent: {}
[0.596281] (-) TimerEvent: {}
[0.696874] (-) TimerEvent: {}
[0.763450] (controller) StdoutLine: {'line': b'running egg_info\n'}
[0.764258] (controller) StdoutLine: {'line': b'writing ../../build/controller/controller.egg-info/PKG-INFO\n'}
[0.764775] (controller) StdoutLine: {'line': b'writing dependency_links to ../../build/controller/controller.egg-info/dependency_links.txt\n'}
[0.765111] (controller) StdoutLine: {'line': b'writing entry points to ../../build/controller/controller.egg-info/entry_points.txt\n'}
[0.765474] (controller) StdoutLine: {'line': b'writing requirements to ../../build/controller/controller.egg-info/requires.txt\n'}
[0.765721] (controller) StdoutLine: {'line': b'writing top-level names to ../../build/controller/controller.egg-info/top_level.txt\n'}
[0.796952] (-) TimerEvent: {}
[0.832270] (controller) StdoutLine: {'line': b"reading manifest file '../../build/controller/controller.egg-info/SOURCES.txt'\n"}
[0.833961] (controller) StdoutLine: {'line': b"writing manifest file '../../build/controller/controller.egg-info/SOURCES.txt'\n"}
[0.834276] (controller) StdoutLine: {'line': b'running build\n'}
[0.834382] (controller) StdoutLine: {'line': b'running build_py\n'}
[0.835410] (controller) StdoutLine: {'line': b'copying controller/main.py -> /home/ghost/Desktop/dev_ws/build/controller/build/lib/controller\n'}
[0.836349] (controller) StdoutLine: {'line': b'running install\n'}
[0.837648] (controller) StdoutLine: {'line': b'running install_lib\n'}
[0.839512] (controller) StdoutLine: {'line': b'copying /home/ghost/Desktop/dev_ws/build/controller/build/lib/controller/main.py -> /home/ghost/Desktop/dev_ws/install/controller/lib/python3.8/site-packages/controller\n'}
[0.841118] (controller) StdoutLine: {'line': b'byte-compiling /home/ghost/Desktop/dev_ws/install/controller/lib/python3.8/site-packages/controller/main.py to main.cpython-38.pyc\n'}
[0.843274] (controller) StdoutLine: {'line': b'running install_data\n'}
[0.843975] (controller) StdoutLine: {'line': b'running install_egg_info\n'}
[0.846369] (controller) StdoutLine: {'line': b"removing '/home/ghost/Desktop/dev_ws/install/controller/lib/python3.8/site-packages/controller-0.0.1-py3.8.egg-info' (and everything under it)\n"}
[0.846815] (controller) StdoutLine: {'line': b'Copying ../../build/controller/controller.egg-info to /home/ghost/Desktop/dev_ws/install/controller/lib/python3.8/site-packages/controller-0.0.1-py3.8.egg-info\n'}
[0.847910] (controller) StdoutLine: {'line': b'running install_scripts\n'}
[0.874128] (controller) StdoutLine: {'line': b'Installing controller script to /home/ghost/Desktop/dev_ws/install/controller/lib/controller\n'}
[0.875246] (controller) StdoutLine: {'line': b"writing list of installed files to '/home/ghost/Desktop/dev_ws/build/controller/install.log'\n"}
[0.897141] (-) TimerEvent: {}
[0.914492] (controller) CommandEnded: {'returncode': 0}
[0.929586] (controller) JobEnded: {'identifier': 'controller', 'rc': 0}
[0.930677] (-) EventReactorShutdown: {}
