[0.384s] Invoking command in '/home/ghost/Desktop/dev_ws/src/controller': PYTHONPATH=/home/ghost/Desktop/dev_ws/install/controller/lib/python3.8/site-packages: /usr/bin/python3 setup.py egg_info --egg-base ../../build/controller build --build-base /home/ghost/Desktop/dev_ws/build/controller/build install --prefix /home/ghost/Desktop/dev_ws/install/controller --record /home/ghost/Desktop/dev_ws/build/controller/install.log --single-version-externally-managed
[0.632s] running egg_info
[0.633s] writing ../../build/controller/controller.egg-info/PKG-INFO
[0.633s] writing dependency_links to ../../build/controller/controller.egg-info/dependency_links.txt
[0.634s] writing entry points to ../../build/controller/controller.egg-info/entry_points.txt
[0.634s] writing requirements to ../../build/controller/controller.egg-info/requires.txt
[0.634s] writing top-level names to ../../build/controller/controller.egg-info/top_level.txt
[0.691s] reading manifest file '../../build/controller/controller.egg-info/SOURCES.txt'
[0.693s] writing manifest file '../../build/controller/controller.egg-info/SOURCES.txt'
[0.693s] running build
[0.693s] running build_py
[0.694s] copying controller/visualizer.py -> /home/ghost/Desktop/dev_ws/build/controller/build/lib/controller
[0.695s] copying controller/planner.py -> /home/ghost/Desktop/dev_ws/build/controller/build/lib/controller
[0.696s] running install
[0.697s] running install_lib
[0.700s] copying /home/ghost/Desktop/dev_ws/build/controller/build/lib/controller/visualizer.py -> /home/ghost/Desktop/dev_ws/install/controller/lib/python3.8/site-packages/controller
[0.700s] copying /home/ghost/Desktop/dev_ws/build/controller/build/lib/controller/planner.py -> /home/ghost/Desktop/dev_ws/install/controller/lib/python3.8/site-packages/controller
[0.700s] byte-compiling /home/ghost/Desktop/dev_ws/install/controller/lib/python3.8/site-packages/controller/visualizer.py to visualizer.cpython-38.pyc
[0.708s] byte-compiling /home/ghost/Desktop/dev_ws/install/controller/lib/python3.8/site-packages/controller/planner.py to planner.cpython-38.pyc
[0.712s] running install_data
[0.713s] running install_egg_info
[0.715s] removing '/home/ghost/Desktop/dev_ws/install/controller/lib/python3.8/site-packages/controller-0.0.1-py3.8.egg-info' (and everything under it)
[0.715s] Copying ../../build/controller/controller.egg-info to /home/ghost/Desktop/dev_ws/install/controller/lib/python3.8/site-packages/controller-0.0.1-py3.8.egg-info
[0.716s] running install_scripts
[0.744s] Installing controller script to /home/ghost/Desktop/dev_ws/install/controller/lib/controller
[0.745s] writing list of installed files to '/home/ghost/Desktop/dev_ws/build/controller/install.log'
[0.773s] Invoked command in '/home/ghost/Desktop/dev_ws/src/controller' returned '0': PYTHONPATH=/home/ghost/Desktop/dev_ws/install/controller/lib/python3.8/site-packages: /usr/bin/python3 setup.py egg_info --egg-base ../../build/controller build --build-base /home/ghost/Desktop/dev_ws/build/controller/build install --prefix /home/ghost/Desktop/dev_ws/install/controller --record /home/ghost/Desktop/dev_ws/build/controller/install.log --single-version-externally-managed
