running egg_info
creating ../../build/spawner/spawner.egg-info
writing ../../build/spawner/spawner.egg-info/PKG-INFO
writing dependency_links to ../../build/spawner/spawner.egg-info/dependency_links.txt
writing entry points to ../../build/spawner/spawner.egg-info/entry_points.txt
writing requirements to ../../build/spawner/spawner.egg-info/requires.txt
writing top-level names to ../../build/spawner/spawner.egg-info/top_level.txt
writing manifest file '../../build/spawner/spawner.egg-info/SOURCES.txt'
reading manifest file '../../build/spawner/spawner.egg-info/SOURCES.txt'
writing manifest file '../../build/spawner/spawner.egg-info/SOURCES.txt'
running build
running build_py
creating /home/ghost/Desktop/dev_ws/build/spawner/build
creating /home/ghost/Desktop/dev_ws/build/spawner/build/lib
creating /home/ghost/Desktop/dev_ws/build/spawner/build/lib/spawner
copying spawner/__init__.py -> /home/ghost/Desktop/dev_ws/build/spawner/build/lib/spawner
running install
running install_lib
creating /home/ghost/Desktop/dev_ws/install/spawner/lib/python3.8/site-packages/spawner
copying /home/ghost/Desktop/dev_ws/build/spawner/build/lib/spawner/__init__.py -> /home/ghost/Desktop/dev_ws/install/spawner/lib/python3.8/site-packages/spawner
byte-compiling /home/ghost/Desktop/dev_ws/install/spawner/lib/python3.8/site-packages/spawner/__init__.py to __init__.cpython-38.pyc
running install_data
creating /home/ghost/Desktop/dev_ws/install/spawner/share/ament_index
creating /home/ghost/Desktop/dev_ws/install/spawner/share/ament_index/resource_index
creating /home/ghost/Desktop/dev_ws/install/spawner/share/ament_index/resource_index/packages
copying resource/spawner -> /home/ghost/Desktop/dev_ws/install/spawner/share/ament_index/resource_index/packages
copying package.xml -> /home/ghost/Desktop/dev_ws/install/spawner/share/spawner
creating /home/ghost/Desktop/dev_ws/install/spawner/share/spawner/launch
copying launch/gz_world.launch.py -> /home/ghost/Desktop/dev_ws/install/spawner/share/spawner/launch
creating /home/ghost/Desktop/dev_ws/install/spawner/share/spawner/worlds
copying ./worlds/warehouse.world -> /home/ghost/Desktop/dev_ws/install/spawner/share/spawner/worlds/
creating /home/ghost/Desktop/dev_ws/install/spawner/share/spawner/models
creating /home/ghost/Desktop/dev_ws/install/spawner/share/spawner/models/small_warehouse
copying ./models/small_warehouse/model.config -> /home/ghost/Desktop/dev_ws/install/spawner/share/spawner/models/small_warehouse/
copying ./models/small_warehouse/model.sdf -> /home/ghost/Desktop/dev_ws/install/spawner/share/spawner/models/small_warehouse/
creating /home/ghost/Desktop/dev_ws/install/spawner/share/spawner/models/mobile_warehouse_robot
copying ./models/mobile_warehouse_robot/model.config -> /home/ghost/Desktop/dev_ws/install/spawner/share/spawner/models/mobile_warehouse_robot/
copying ./models/mobile_warehouse_robot/model.sdf -> /home/ghost/Desktop/dev_ws/install/spawner/share/spawner/models/mobile_warehouse_robot/
copying ./worlds/warehouse.world -> /home/ghost/Desktop/dev_ws/install/spawner/share/spawner/models/
running install_egg_info
Copying ../../build/spawner/spawner.egg-info to /home/ghost/Desktop/dev_ws/install/spawner/lib/python3.8/site-packages/spawner-0.0.0-py3.8.egg-info
running install_scripts
Installing spawn script to /home/ghost/Desktop/dev_ws/install/spawner/lib/spawner
writing list of installed files to '/home/ghost/Desktop/dev_ws/build/spawner/install.log'
