[0.225s] Invoking command in '/home/ghost/Desktop/dev_ws/src/spawner': PYTHONPATH=/home/ghost/Desktop/dev_ws/install/spawner/lib/python3.8/site-packages:${PYTHONPATH} /usr/bin/python3 setup.py egg_info --egg-base ../../build/spawner build --build-base /home/ghost/Desktop/dev_ws/build/spawner/build install --prefix /home/ghost/Desktop/dev_ws/install/spawner --record /home/ghost/Desktop/dev_ws/build/spawner/install.log --single-version-externally-managed
[0.385s] running egg_info
[0.386s] creating ../../build/spawner/spawner.egg-info
[0.386s] writing ../../build/spawner/spawner.egg-info/PKG-INFO
[0.386s] writing dependency_links to ../../build/spawner/spawner.egg-info/dependency_links.txt
[0.387s] writing entry points to ../../build/spawner/spawner.egg-info/entry_points.txt
[0.387s] writing requirements to ../../build/spawner/spawner.egg-info/requires.txt
[0.387s] writing top-level names to ../../build/spawner/spawner.egg-info/top_level.txt
[0.388s] writing manifest file '../../build/spawner/spawner.egg-info/SOURCES.txt'
[0.410s] reading manifest file '../../build/spawner/spawner.egg-info/SOURCES.txt'
[0.411s] writing manifest file '../../build/spawner/spawner.egg-info/SOURCES.txt'
[0.411s] running build
[0.411s] running build_py
[0.411s] creating /home/ghost/Desktop/dev_ws/build/spawner/build
[0.411s] creating /home/ghost/Desktop/dev_ws/build/spawner/build/lib
[0.411s] creating /home/ghost/Desktop/dev_ws/build/spawner/build/lib/spawner
[0.412s] copying spawner/__init__.py -> /home/ghost/Desktop/dev_ws/build/spawner/build/lib/spawner
[0.412s] running install
[0.414s] running install_lib
[0.415s] creating /home/ghost/Desktop/dev_ws/install/spawner/lib/python3.8/site-packages/spawner
[0.415s] copying /home/ghost/Desktop/dev_ws/build/spawner/build/lib/spawner/__init__.py -> /home/ghost/Desktop/dev_ws/install/spawner/lib/python3.8/site-packages/spawner
[0.415s] byte-compiling /home/ghost/Desktop/dev_ws/install/spawner/lib/python3.8/site-packages/spawner/__init__.py to __init__.cpython-38.pyc
[0.416s] running install_data
[0.417s] creating /home/ghost/Desktop/dev_ws/install/spawner/share/ament_index
[0.417s] creating /home/ghost/Desktop/dev_ws/install/spawner/share/ament_index/resource_index
[0.417s] creating /home/ghost/Desktop/dev_ws/install/spawner/share/ament_index/resource_index/packages
[0.417s] copying resource/spawner -> /home/ghost/Desktop/dev_ws/install/spawner/share/ament_index/resource_index/packages
[0.418s] copying package.xml -> /home/ghost/Desktop/dev_ws/install/spawner/share/spawner
[0.418s] creating /home/ghost/Desktop/dev_ws/install/spawner/share/spawner/launch
[0.418s] copying launch/gz_world.launch.py -> /home/ghost/Desktop/dev_ws/install/spawner/share/spawner/launch
[0.418s] creating /home/ghost/Desktop/dev_ws/install/spawner/share/spawner/worlds
[0.418s] copying ./worlds/warehouse.world -> /home/ghost/Desktop/dev_ws/install/spawner/share/spawner/worlds/
[0.418s] creating /home/ghost/Desktop/dev_ws/install/spawner/share/spawner/models
[0.418s] creating /home/ghost/Desktop/dev_ws/install/spawner/share/spawner/models/small_warehouse
[0.418s] copying ./models/small_warehouse/model.config -> /home/ghost/Desktop/dev_ws/install/spawner/share/spawner/models/small_warehouse/
[0.419s] copying ./models/small_warehouse/model.sdf -> /home/ghost/Desktop/dev_ws/install/spawner/share/spawner/models/small_warehouse/
[0.419s] creating /home/ghost/Desktop/dev_ws/install/spawner/share/spawner/models/mobile_warehouse_robot
[0.419s] copying ./models/mobile_warehouse_robot/model.config -> /home/ghost/Desktop/dev_ws/install/spawner/share/spawner/models/mobile_warehouse_robot/
[0.419s] copying ./models/mobile_warehouse_robot/model.sdf -> /home/ghost/Desktop/dev_ws/install/spawner/share/spawner/models/mobile_warehouse_robot/
[0.419s] copying ./worlds/warehouse.world -> /home/ghost/Desktop/dev_ws/install/spawner/share/spawner/models/
[0.419s] running install_egg_info
[0.420s] Copying ../../build/spawner/spawner.egg-info to /home/ghost/Desktop/dev_ws/install/spawner/lib/python3.8/site-packages/spawner-0.0.0-py3.8.egg-info
[0.421s] running install_scripts
[0.451s] Installing spawn script to /home/ghost/Desktop/dev_ws/install/spawner/lib/spawner
[0.455s] writing list of installed files to '/home/ghost/Desktop/dev_ws/build/spawner/install.log'
[0.485s] Invoked command in '/home/ghost/Desktop/dev_ws/src/spawner' returned '0': PYTHONPATH=/home/ghost/Desktop/dev_ws/install/spawner/lib/python3.8/site-packages:${PYTHONPATH} /usr/bin/python3 setup.py egg_info --egg-base ../../build/spawner build --build-base /home/ghost/Desktop/dev_ws/build/spawner/build install --prefix /home/ghost/Desktop/dev_ws/install/spawner --record /home/ghost/Desktop/dev_ws/build/spawner/install.log --single-version-externally-managed
