[0.759s] Invoking command in '/home/ghost/Desktop/dev_ws/src/controller': PYTHONPATH=/home/ghost/Desktop/dev_ws/install/controller/lib/python3.8/site-packages: /usr/bin/python3 setup.py egg_info --egg-base ../../build/controller build --build-base /home/ghost/Desktop/dev_ws/build/controller/build install --prefix /home/ghost/Desktop/dev_ws/install/controller --record /home/ghost/Desktop/dev_ws/build/controller/install.log --single-version-externally-managed
[1.755s] running egg_info
[1.760s] writing ../../build/controller/controller.egg-info/PKG-INFO
[1.761s] writing dependency_links to ../../build/controller/controller.egg-info/dependency_links.txt
[1.762s] writing entry points to ../../build/controller/controller.egg-info/entry_points.txt
[1.764s] writing requirements to ../../build/controller/controller.egg-info/requires.txt
[1.765s] writing top-level names to ../../build/controller/controller.egg-info/top_level.txt
[2.033s] reading manifest file '../../build/controller/controller.egg-info/SOURCES.txt'
[2.043s] writing manifest file '../../build/controller/controller.egg-info/SOURCES.txt'
[2.043s] running build
[2.045s] running build_py
[2.045s] copying controller/communication.py -> /home/ghost/Desktop/dev_ws/build/controller/build/lib/controller
[2.052s] running install
[2.057s] running install_lib
[2.062s] copying /home/ghost/Desktop/dev_ws/build/controller/build/lib/controller/communication.py -> /home/ghost/Desktop/dev_ws/install/controller/lib/python3.8/site-packages/controller
[2.072s] byte-compiling /home/ghost/Desktop/dev_ws/install/controller/lib/python3.8/site-packages/controller/communication.py to communication.cpython-38.pyc
[2.082s] running install_data
[2.085s] running install_egg_info
[2.092s] removing '/home/ghost/Desktop/dev_ws/install/controller/lib/python3.8/site-packages/controller-0.0.1-py3.8.egg-info' (and everything under it)
[2.093s] Copying ../../build/controller/controller.egg-info to /home/ghost/Desktop/dev_ws/install/controller/lib/python3.8/site-packages/controller-0.0.1-py3.8.egg-info
[2.098s] running install_scripts
[2.208s] Installing controller script to /home/ghost/Desktop/dev_ws/install/controller/lib/controller
[2.213s] writing list of installed files to '/home/ghost/Desktop/dev_ws/build/controller/install.log'
[2.333s] Invoked command in '/home/ghost/Desktop/dev_ws/src/controller' returned '0': PYTHONPATH=/home/ghost/Desktop/dev_ws/install/controller/lib/python3.8/site-packages: /usr/bin/python3 setup.py egg_info --egg-base ../../build/controller build --build-base /home/ghost/Desktop/dev_ws/build/controller/build install --prefix /home/ghost/Desktop/dev_ws/install/controller --record /home/ghost/Desktop/dev_ws/build/controller/install.log --single-version-externally-managed
