[0.000000] (-) TimerEvent: {}
[0.000323] (-) JobUnselected: {'identifier': 'robot_communication_interfaces'}
[0.000441] (controller) JobQueued: {'identifier': 'controller', 'dependencies': OrderedDict()}
[0.000493] (controller) JobStarted: {'identifier': 'controller'}
[0.096481] (-) TimerEvent: {}
[0.197269] (-) TimerEvent: {}
[0.297827] (-) TimerEvent: {}
[0.398655] (-) TimerEvent: {}
[0.435333] (controller) Command: {'cmd': ['/usr/bin/python3', 'setup.py', 'egg_info', '--egg-base', '../../build/controller', 'build', '--build-base', '/home/ghost/Desktop/dev_ws/build/controller/build', 'install', '--prefix', '/home/ghost/Desktop/dev_ws/install/controller', '--record', '/home/ghost/Desktop/dev_ws/build/controller/install.log', '--single-version-externally-managed'], 'cwd': '/home/ghost/Desktop/dev_ws/src/controller', 'env': {'SUDO_GID': '1000', 'MAIL': '/var/mail/root', 'LANGUAGE': 'en_IN:en', 'USER': 'root', 'HOME': '/root', 'COLORTERM': 'truecolor', 'SUDO_UID': '1000', 'LOGNAME': 'root', 'TERM': 'xterm-256color', 'PATH': '/usr/local/sbin:/usr/local/bin:/usr/sbin:/usr/bin:/sbin:/bin:/snap/bin', 'DISPLAY': ':0', 'LANG': 'en_US.UTF-8', 'XAUTHORITY': '/run/user/1000/gdm/Xauthority', 'SUDO_COMMAND': '/usr/bin/colcon build --packages-select controller', 'SHELL': '/bin/bash', 'SUDO_USER': 'ghost', 'LC_ALL': 'en_US.UTF-8', 'PWD': '/home/ghost/Desktop/dev_ws/build/controller', 'COLCON': '1', 'PYTHONPATH': '/home/ghost/Desktop/dev_ws/install/controller/lib/python3.8/site-packages:'}, 'shell': False}
[0.499205] (-) TimerEvent: {}
[0.599808] (-) TimerEvent: {}
[0.700326] (-) TimerEvent: {}
[0.757630] (controller) StdoutLine: {'line': b'running egg_info\n'}
[0.758359] (controller) StdoutLine: {'line': b'writing ../../build/controller/controller.egg-info/PKG-INFO\n'}
[0.758782] (controller) StdoutLine: {'line': b'writing dependency_links to ../../build/controller/controller.egg-info/dependency_links.txt\n'}
[0.759286] (controller) StdoutLine: {'line': b'writing entry points to ../../build/controller/controller.egg-info/entry_points.txt\n'}
[0.759668] (controller) StdoutLine: {'line': b'writing requirements to ../../build/controller/controller.egg-info/requires.txt\n'}
[0.759873] (controller) StdoutLine: {'line': b'writing top-level names to ../../build/controller/controller.egg-info/top_level.txt\n'}
[0.801002] (-) TimerEvent: {}
[0.836195] (controller) StdoutLine: {'line': b"reading manifest file '../../build/controller/controller.egg-info/SOURCES.txt'\n"}
[0.839881] (controller) StdoutLine: {'line': b"writing manifest file '../../build/controller/controller.egg-info/SOURCES.txt'\n"}
[0.840325] (controller) StdoutLine: {'line': b'running build\n'}
[0.840521] (controller) StdoutLine: {'line': b'running build_py\n'}
[0.842453] (controller) StdoutLine: {'line': b'copying controller/coordination.py -> /home/ghost/Desktop/dev_ws/build/controller/build/lib/controller\n'}
[0.843300] (controller) StdoutLine: {'line': b'running install\n'}
[0.844597] (controller) StdoutLine: {'line': b'running install_lib\n'}
[0.846948] (controller) StdoutLine: {'line': b'copying /home/ghost/Desktop/dev_ws/build/controller/build/lib/controller/coordination.py -> /home/ghost/Desktop/dev_ws/install/controller/lib/python3.8/site-packages/controller\n'}
[0.848377] (controller) StdoutLine: {'line': b'byte-compiling /home/ghost/Desktop/dev_ws/install/controller/lib/python3.8/site-packages/controller/coordination.py to coordination.cpython-38.pyc\n'}
[0.851696] (controller) StdoutLine: {'line': b'running install_data\n'}
[0.853183] (controller) StdoutLine: {'line': b'running install_egg_info\n'}
[0.855134] (controller) StdoutLine: {'line': b"removing '/home/ghost/Desktop/dev_ws/install/controller/lib/python3.8/site-packages/controller-0.0.1-py3.8.egg-info' (and everything under it)\n"}
[0.855617] (controller) StdoutLine: {'line': b'Copying ../../build/controller/controller.egg-info to /home/ghost/Desktop/dev_ws/install/controller/lib/python3.8/site-packages/controller-0.0.1-py3.8.egg-info\n'}
[0.857116] (controller) StdoutLine: {'line': b'running install_scripts\n'}
[0.886001] (controller) StdoutLine: {'line': b'Installing controller script to /home/ghost/Desktop/dev_ws/install/controller/lib/controller\n'}
[0.887314] (controller) StdoutLine: {'line': b"writing list of installed files to '/home/ghost/Desktop/dev_ws/build/controller/install.log'\n"}
[0.901546] (-) TimerEvent: {}
[0.917769] (controller) CommandEnded: {'returncode': 0}
[0.936884] (controller) JobEnded: {'identifier': 'controller', 'rc': 0}
[0.938352] (-) EventReactorShutdown: {}
