[0.000000] (-) TimerEvent: {}
[0.001873] (controller) JobQueued: {'identifier': 'controller', 'dependencies': OrderedDict()}
[0.001962] (controller) JobStarted: {'identifier': 'controller'}
[0.100143] (-) TimerEvent: {}
[0.200883] (-) TimerEvent: {}
[0.301365] (-) TimerEvent: {}
[0.324950] (controller) Command: {'cmd': ['/usr/bin/python3', 'setup.py', 'egg_info', '--egg-base', '../../build/controller', 'build', '--build-base', '/home/ghost/Desktop/dev_ws/build/controller/build', 'install', '--prefix', '/home/ghost/Desktop/dev_ws/install/controller', '--record', '/home/ghost/Desktop/dev_ws/build/controller/install.log', '--single-version-externally-managed'], 'cwd': '/home/ghost/Desktop/dev_ws/src/controller', 'env': {'SUDO_GID': '1000', 'MAIL': '/var/mail/root', 'LANGUAGE': 'en_IN:en', 'USER': 'root', 'HOME': '/root', 'COLORTERM': 'truecolor', 'SUDO_UID': '1000', 'LOGNAME': 'root', 'TERM': 'xterm-256color', 'PATH': '/usr/local/sbin:/usr/local/bin:/usr/sbin:/usr/bin:/sbin:/bin:/snap/bin', 'DISPLAY': ':0', 'LANG': 'en_US.UTF-8', 'XAUTHORITY': '/run/user/1000/gdm/Xauthority', 'SUDO_COMMAND': '/usr/bin/colcon build', 'SHELL': '/bin/bash', 'SUDO_USER': 'ghost', 'LC_ALL': 'en_US.UTF-8', 'PWD': '/home/ghost/Desktop/dev_ws/build/controller', 'COLCON': '1', 'PYTHONPATH': '/home/ghost/Desktop/dev_ws/install/controller/lib/python3.8/site-packages:'}, 'shell': False}
[0.401627] (-) TimerEvent: {}
[0.502226] (-) TimerEvent: {}
[0.602642] (-) TimerEvent: {}
[0.627969] (controller) StdoutLine: {'line': b'running egg_info\n'}
[0.629072] (controller) StdoutLine: {'line': b'writing ../../build/controller/controller.egg-info/PKG-INFO\n'}
[0.629751] (controller) StdoutLine: {'line': b'writing dependency_links to ../../build/controller/controller.egg-info/dependency_links.txt\n'}
[0.630354] (controller) StdoutLine: {'line': b'writing entry points to ../../build/controller/controller.egg-info/entry_points.txt\n'}
[0.630825] (controller) StdoutLine: {'line': b'writing requirements to ../../build/controller/controller.egg-info/requires.txt\n'}
[0.631222] (controller) StdoutLine: {'line': b'writing top-level names to ../../build/controller/controller.egg-info/top_level.txt\n'}
[0.690376] (controller) StdoutLine: {'line': b"reading manifest file '../../build/controller/controller.egg-info/SOURCES.txt'\n"}
[0.692544] (controller) StdoutLine: {'line': b"writing manifest file '../../build/controller/controller.egg-info/SOURCES.txt'\n"}
[0.692750] (controller) StdoutLine: {'line': b'running build\n'}
[0.693064] (controller) StdoutLine: {'line': b'running build_py\n'}
[0.694064] (controller) StdoutLine: {'line': b'copying controller/planner.py -> /home/ghost/Desktop/dev_ws/build/controller/build/lib/controller\n'}
[0.695163] (controller) StdoutLine: {'line': b'running install\n'}
[0.696913] (controller) StdoutLine: {'line': b'running install_lib\n'}
[0.699124] (controller) StdoutLine: {'line': b'copying /home/ghost/Desktop/dev_ws/build/controller/build/lib/controller/planner.py -> /home/ghost/Desktop/dev_ws/install/controller/lib/python3.8/site-packages/controller\n'}
[0.700691] (controller) StdoutLine: {'line': b'byte-compiling /home/ghost/Desktop/dev_ws/install/controller/lib/python3.8/site-packages/controller/planner.py to planner.cpython-38.pyc\n'}
[0.702697] (-) TimerEvent: {}
[0.706504] (controller) StdoutLine: {'line': b'running install_data\n'}
[0.707519] (controller) StdoutLine: {'line': b'running install_egg_info\n'}
[0.710029] (controller) StdoutLine: {'line': b"removing '/home/ghost/Desktop/dev_ws/install/controller/lib/python3.8/site-packages/controller-0.0.1-py3.8.egg-info' (and everything under it)\n"}
[0.710854] (controller) StdoutLine: {'line': b'Copying ../../build/controller/controller.egg-info to /home/ghost/Desktop/dev_ws/install/controller/lib/python3.8/site-packages/controller-0.0.1-py3.8.egg-info\n'}
[0.712376] (controller) StdoutLine: {'line': b'running install_scripts\n'}
[0.740360] (controller) StdoutLine: {'line': b'Installing controller script to /home/ghost/Desktop/dev_ws/install/controller/lib/controller\n'}
[0.741599] (controller) StdoutLine: {'line': b"writing list of installed files to '/home/ghost/Desktop/dev_ws/build/controller/install.log'\n"}
[0.773821] (controller) CommandEnded: {'returncode': 0}
[0.795462] (controller) JobEnded: {'identifier': 'controller', 'rc': 0}
[0.796580] (-) EventReactorShutdown: {}
