[0.368s] Invoking command in '/home/ghost/Desktop/dev_ws/src/controller': PYTHONPATH=/home/ghost/Desktop/dev_ws/install/controller/lib/python3.8/site-packages: /usr/bin/python3 setup.py egg_info --egg-base ../../build/controller build --build-base /home/ghost/Desktop/dev_ws/build/controller/build install --prefix /home/ghost/Desktop/dev_ws/install/controller --record /home/ghost/Desktop/dev_ws/build/controller/install.log --single-version-externally-managed
[0.659s] running egg_info
[0.659s] writing ../../build/controller/controller.egg-info/PKG-INFO
[0.660s] writing dependency_links to ../../build/controller/controller.egg-info/dependency_links.txt
[0.660s] writing entry points to ../../build/controller/controller.egg-info/entry_points.txt
[0.660s] writing requirements to ../../build/controller/controller.egg-info/requires.txt
[0.660s] writing top-level names to ../../build/controller/controller.egg-info/top_level.txt
[0.715s] reading manifest file '../../build/controller/controller.egg-info/SOURCES.txt'
[0.716s] writing manifest file '../../build/controller/controller.egg-info/SOURCES.txt'
[0.717s] running build
[0.717s] running build_py
[0.717s] copying controller/stores.py -> /home/ghost/Desktop/dev_ws/build/controller/build/lib/controller
[0.718s] running install
[0.720s] running install_lib
[0.724s] copying /home/ghost/Desktop/dev_ws/build/controller/build/lib/controller/stores.py -> /home/ghost/Desktop/dev_ws/install/controller/lib/python3.8/site-packages/controller
[0.726s] byte-compiling /home/ghost/Desktop/dev_ws/install/controller/lib/python3.8/site-packages/controller/stores.py to stores.cpython-38.pyc
[0.728s] running install_data
[0.728s] running install_egg_info
[0.732s] removing '/home/ghost/Desktop/dev_ws/install/controller/lib/python3.8/site-packages/controller-0.0.1-py3.8.egg-info' (and everything under it)
[0.732s] Copying ../../build/controller/controller.egg-info to /home/ghost/Desktop/dev_ws/install/controller/lib/python3.8/site-packages/controller-0.0.1-py3.8.egg-info
[0.734s] running install_scripts
[0.779s] Installing controller script to /home/ghost/Desktop/dev_ws/install/controller/lib/controller
[0.780s] writing list of installed files to '/home/ghost/Desktop/dev_ws/build/controller/install.log'
[0.818s] Invoked command in '/home/ghost/Desktop/dev_ws/src/controller' returned '0': PYTHONPATH=/home/ghost/Desktop/dev_ws/install/controller/lib/python3.8/site-packages: /usr/bin/python3 setup.py egg_info --egg-base ../../build/controller build --build-base /home/ghost/Desktop/dev_ws/build/controller/build install --prefix /home/ghost/Desktop/dev_ws/install/controller --record /home/ghost/Desktop/dev_ws/build/controller/install.log --single-version-externally-managed
