[0.380s] Invoking command in '/home/ghost/Desktop/dev_ws/src/controller': PYTHONPATH=/home/ghost/Desktop/dev_ws/install/controller/lib/python3.8/site-packages: /usr/bin/python3 setup.py egg_info --egg-base ../../build/controller build --build-base /home/ghost/Desktop/dev_ws/build/controller/build install --prefix /home/ghost/Desktop/dev_ws/install/controller --record /home/ghost/Desktop/dev_ws/build/controller/install.log --single-version-externally-managed
[0.832s] running egg_info
[0.833s] writing ../../build/controller/controller.egg-info/PKG-INFO
[0.833s] writing dependency_links to ../../build/controller/controller.egg-info/dependency_links.txt
[0.834s] writing entry points to ../../build/controller/controller.egg-info/entry_points.txt
[0.834s] writing requirements to ../../build/controller/controller.egg-info/requires.txt
[0.835s] writing top-level names to ../../build/controller/controller.egg-info/top_level.txt
[0.934s] reading manifest file '../../build/controller/controller.egg-info/SOURCES.txt'
[0.937s] writing manifest file '../../build/controller/controller.egg-info/SOURCES.txt'
[0.938s] running build
[0.938s] running build_py
[0.942s] running install
[0.944s] running install_lib
[0.950s] running install_data
[0.952s] running install_egg_info
[0.956s] removing '/home/ghost/Desktop/dev_ws/install/controller/lib/python3.8/site-packages/controller-0.0.1-py3.8.egg-info' (and everything under it)
[0.956s] Copying ../../build/controller/controller.egg-info to /home/ghost/Desktop/dev_ws/install/controller/lib/python3.8/site-packages/controller-0.0.1-py3.8.egg-info
[0.959s] running install_scripts
[1.016s] Installing controller script to /home/ghost/Desktop/dev_ws/install/controller/lib/controller
[1.018s] writing list of installed files to '/home/ghost/Desktop/dev_ws/build/controller/install.log'
[1.079s] Invoked command in '/home/ghost/Desktop/dev_ws/src/controller' returned '0': PYTHONPATH=/home/ghost/Desktop/dev_ws/install/controller/lib/python3.8/site-packages: /usr/bin/python3 setup.py egg_info --egg-base ../../build/controller build --build-base /home/ghost/Desktop/dev_ws/build/controller/build install --prefix /home/ghost/Desktop/dev_ws/install/controller --record /home/ghost/Desktop/dev_ws/build/controller/install.log --single-version-externally-managed
