[0.198s] Invoking command in '/home/ghost/Desktop/dev_ws/src/controller': PYTHONPATH=/home/ghost/Desktop/dev_ws/install/controller/lib/python3.8/site-packages:${PYTHONPATH} /usr/bin/python3 setup.py egg_info --egg-base ../../build/controller build --build-base /home/ghost/Desktop/dev_ws/build/controller/build install --prefix /home/ghost/Desktop/dev_ws/install/controller --record /home/ghost/Desktop/dev_ws/build/controller/install.log --single-version-externally-managed
[0.357s] running egg_info
[0.357s] writing ../../build/controller/controller.egg-info/PKG-INFO
[0.358s] writing dependency_links to ../../build/controller/controller.egg-info/dependency_links.txt
[0.358s] writing entry points to ../../build/controller/controller.egg-info/entry_points.txt
[0.358s] writing requirements to ../../build/controller/controller.egg-info/requires.txt
[0.358s] writing top-level names to ../../build/controller/controller.egg-info/top_level.txt
[0.391s] reading manifest file '../../build/controller/controller.egg-info/SOURCES.txt'
[0.392s] writing manifest file '../../build/controller/controller.egg-info/SOURCES.txt'
[0.392s] running build
[0.392s] running build_py
[0.392s] copying controller/communication.py -> /home/ghost/Desktop/dev_ws/build/controller/build/lib/controller
[0.392s] copying controller/global_communicator.py -> /home/ghost/Desktop/dev_ws/build/controller/build/lib/controller
[0.393s] copying controller/robot.py -> /home/ghost/Desktop/dev_ws/build/controller/build/lib/controller
[0.393s] copying controller/vector_clocks.py -> /home/ghost/Desktop/dev_ws/build/controller/build/lib/controller
[0.393s] copying controller/main.py -> /home/ghost/Desktop/dev_ws/build/controller/build/lib/controller
[0.394s] running install
[0.394s] running install_lib
[0.395s] copying /home/ghost/Desktop/dev_ws/build/controller/build/lib/controller/communication.py -> /home/ghost/Desktop/dev_ws/install/controller/lib/python3.8/site-packages/controller
[0.395s] copying /home/ghost/Desktop/dev_ws/build/controller/build/lib/controller/global_communicator.py -> /home/ghost/Desktop/dev_ws/install/controller/lib/python3.8/site-packages/controller
[0.396s] copying /home/ghost/Desktop/dev_ws/build/controller/build/lib/controller/robot.py -> /home/ghost/Desktop/dev_ws/install/controller/lib/python3.8/site-packages/controller
[0.396s] copying /home/ghost/Desktop/dev_ws/build/controller/build/lib/controller/vector_clocks.py -> /home/ghost/Desktop/dev_ws/install/controller/lib/python3.8/site-packages/controller
[0.396s] copying /home/ghost/Desktop/dev_ws/build/controller/build/lib/controller/main.py -> /home/ghost/Desktop/dev_ws/install/controller/lib/python3.8/site-packages/controller
[0.397s] byte-compiling /home/ghost/Desktop/dev_ws/install/controller/lib/python3.8/site-packages/controller/communication.py to communication.cpython-38.pyc
[0.399s] byte-compiling /home/ghost/Desktop/dev_ws/install/controller/lib/python3.8/site-packages/controller/global_communicator.py to global_communicator.cpython-38.pyc
[0.400s] byte-compiling /home/ghost/Desktop/dev_ws/install/controller/lib/python3.8/site-packages/controller/robot.py to robot.cpython-38.pyc
[0.402s] byte-compiling /home/ghost/Desktop/dev_ws/install/controller/lib/python3.8/site-packages/controller/vector_clocks.py to vector_clocks.cpython-38.pyc
[0.402s] byte-compiling /home/ghost/Desktop/dev_ws/install/controller/lib/python3.8/site-packages/controller/main.py to main.cpython-38.pyc
[0.403s] running install_data
[0.403s] running install_egg_info
[0.405s] removing '/home/ghost/Desktop/dev_ws/install/controller/lib/python3.8/site-packages/controller-0.0.1-py3.8.egg-info' (and everything under it)
[0.405s] Copying ../../build/controller/controller.egg-info to /home/ghost/Desktop/dev_ws/install/controller/lib/python3.8/site-packages/controller-0.0.1-py3.8.egg-info
[0.406s] running install_scripts
[0.421s] Installing controller script to /home/ghost/Desktop/dev_ws/install/controller/lib/controller
[0.422s] writing list of installed files to '/home/ghost/Desktop/dev_ws/build/controller/install.log'
[0.442s] Invoked command in '/home/ghost/Desktop/dev_ws/src/controller' returned '0': PYTHONPATH=/home/ghost/Desktop/dev_ws/install/controller/lib/python3.8/site-packages:${PYTHONPATH} /usr/bin/python3 setup.py egg_info --egg-base ../../build/controller build --build-base /home/ghost/Desktop/dev_ws/build/controller/build install --prefix /home/ghost/Desktop/dev_ws/install/controller --record /home/ghost/Desktop/dev_ws/build/controller/install.log --single-version-externally-managed
