[0.236s] Invoking command in '/home/ghost/Desktop/dev_ws/src/controller': PYTHONPATH=/home/ghost/Desktop/dev_ws/install/controller/lib/python3.8/site-packages: /usr/bin/python3 setup.py egg_info --egg-base ../../build/controller build --build-base /home/ghost/Desktop/dev_ws/build/controller/build install --prefix /home/ghost/Desktop/dev_ws/install/controller --record /home/ghost/Desktop/dev_ws/build/controller/install.log --single-version-externally-managed
[0.448s] running egg_info
[0.449s] writing ../../build/controller/controller.egg-info/PKG-INFO
[0.449s] writing dependency_links to ../../build/controller/controller.egg-info/dependency_links.txt
[0.449s] writing entry points to ../../build/controller/controller.egg-info/entry_points.txt
[0.450s] writing requirements to ../../build/controller/controller.egg-info/requires.txt
[0.450s] writing top-level names to ../../build/controller/controller.egg-info/top_level.txt
[0.500s] reading manifest file '../../build/controller/controller.egg-info/SOURCES.txt'
[0.501s] writing manifest file '../../build/controller/controller.egg-info/SOURCES.txt'
[0.501s] running build
[0.501s] running build_py
[0.501s] copying controller/controller.py -> /home/ghost/Desktop/dev_ws/build/controller/build/lib/controller
[0.501s] copying controller/sensor.py -> /home/ghost/Desktop/dev_ws/build/controller/build/lib/controller
[0.502s] copying controller/robot.py -> /home/ghost/Desktop/dev_ws/build/controller/build/lib/controller
[0.502s] copying controller/main.py -> /home/ghost/Desktop/dev_ws/build/controller/build/lib/controller
[0.502s] copying controller/estimator.py -> /home/ghost/Desktop/dev_ws/build/controller/build/lib/controller
[0.502s] running install
[0.503s] running install_lib
[0.505s] copying /home/ghost/Desktop/dev_ws/build/controller/build/lib/controller/controller.py -> /home/ghost/Desktop/dev_ws/install/controller/lib/python3.8/site-packages/controller
[0.505s] copying /home/ghost/Desktop/dev_ws/build/controller/build/lib/controller/sensor.py -> /home/ghost/Desktop/dev_ws/install/controller/lib/python3.8/site-packages/controller
[0.506s] copying /home/ghost/Desktop/dev_ws/build/controller/build/lib/controller/robot.py -> /home/ghost/Desktop/dev_ws/install/controller/lib/python3.8/site-packages/controller
[0.506s] copying /home/ghost/Desktop/dev_ws/build/controller/build/lib/controller/main.py -> /home/ghost/Desktop/dev_ws/install/controller/lib/python3.8/site-packages/controller
[0.506s] copying /home/ghost/Desktop/dev_ws/build/controller/build/lib/controller/estimator.py -> /home/ghost/Desktop/dev_ws/install/controller/lib/python3.8/site-packages/controller
[0.506s] byte-compiling /home/ghost/Desktop/dev_ws/install/controller/lib/python3.8/site-packages/controller/controller.py to controller.cpython-38.pyc
[0.509s] byte-compiling /home/ghost/Desktop/dev_ws/install/controller/lib/python3.8/site-packages/controller/sensor.py to sensor.cpython-38.pyc
[0.509s] byte-compiling /home/ghost/Desktop/dev_ws/install/controller/lib/python3.8/site-packages/controller/robot.py to robot.cpython-38.pyc
[0.509s] byte-compiling /home/ghost/Desktop/dev_ws/install/controller/lib/python3.8/site-packages/controller/main.py to main.cpython-38.pyc
[0.510s] byte-compiling /home/ghost/Desktop/dev_ws/install/controller/lib/python3.8/site-packages/controller/estimator.py to estimator.cpython-38.pyc
[0.511s] running install_data
[0.511s] running install_egg_info
[0.514s] removing '/home/ghost/Desktop/dev_ws/install/controller/lib/python3.8/site-packages/controller-0.0.1-py3.8.egg-info' (and everything under it)
[0.514s] Copying ../../build/controller/controller.egg-info to /home/ghost/Desktop/dev_ws/install/controller/lib/python3.8/site-packages/controller-0.0.1-py3.8.egg-info
[0.515s] running install_scripts
[0.539s] Installing controller script to /home/ghost/Desktop/dev_ws/install/controller/lib/controller
[0.539s] writing list of installed files to '/home/ghost/Desktop/dev_ws/build/controller/install.log'
[0.557s] Invoked command in '/home/ghost/Desktop/dev_ws/src/controller' returned '0': PYTHONPATH=/home/ghost/Desktop/dev_ws/install/controller/lib/python3.8/site-packages: /usr/bin/python3 setup.py egg_info --egg-base ../../build/controller build --build-base /home/ghost/Desktop/dev_ws/build/controller/build install --prefix /home/ghost/Desktop/dev_ws/install/controller --record /home/ghost/Desktop/dev_ws/build/controller/install.log --single-version-externally-managed
