[1.630s] Invoking command in '/home/ghost/Desktop/dev_ws/src/controller': PYTHONPATH=/home/ghost/Desktop/dev_ws/install/controller/lib/python3.8/site-packages: /usr/bin/python3 setup.py egg_info --egg-base ../../build/controller build --build-base /home/ghost/Desktop/dev_ws/build/controller/build install --prefix /home/ghost/Desktop/dev_ws/install/controller --record /home/ghost/Desktop/dev_ws/build/controller/install.log --single-version-externally-managed
[2.880s] running egg_info
[2.884s] writing ../../build/controller/controller.egg-info/PKG-INFO
[2.886s] writing dependency_links to ../../build/controller/controller.egg-info/dependency_links.txt
[2.891s] writing entry points to ../../build/controller/controller.egg-info/entry_points.txt
[2.893s] writing requirements to ../../build/controller/controller.egg-info/requires.txt
[2.894s] writing top-level names to ../../build/controller/controller.egg-info/top_level.txt
[3.159s] reading manifest file '../../build/controller/controller.egg-info/SOURCES.txt'
[3.166s] writing manifest file '../../build/controller/controller.egg-info/SOURCES.txt'
[3.167s] running build
[3.167s] running build_py
[3.186s] copying controller/communication.py -> /home/ghost/Desktop/dev_ws/build/controller/build/lib/controller
[3.187s] copying controller/coordination.py -> /home/ghost/Desktop/dev_ws/build/controller/build/lib/controller
[3.188s] running install
[3.190s] running install_lib
[3.196s] copying /home/ghost/Desktop/dev_ws/build/controller/build/lib/controller/communication.py -> /home/ghost/Desktop/dev_ws/install/controller/lib/python3.8/site-packages/controller
[3.199s] copying /home/ghost/Desktop/dev_ws/build/controller/build/lib/controller/coordination.py -> /home/ghost/Desktop/dev_ws/install/controller/lib/python3.8/site-packages/controller
[3.203s] byte-compiling /home/ghost/Desktop/dev_ws/install/controller/lib/python3.8/site-packages/controller/communication.py to communication.cpython-38.pyc
[3.222s] byte-compiling /home/ghost/Desktop/dev_ws/install/controller/lib/python3.8/site-packages/controller/coordination.py to coordination.cpython-38.pyc
[3.231s] running install_data
[3.234s] running install_egg_info
[3.244s] removing '/home/ghost/Desktop/dev_ws/install/controller/lib/python3.8/site-packages/controller-0.0.1-py3.8.egg-info' (and everything under it)
[3.247s] Copying ../../build/controller/controller.egg-info to /home/ghost/Desktop/dev_ws/install/controller/lib/python3.8/site-packages/controller-0.0.1-py3.8.egg-info
[3.253s] running install_scripts
[3.295s] Installing controller script to /home/ghost/Desktop/dev_ws/install/controller/lib/controller
[3.296s] writing list of installed files to '/home/ghost/Desktop/dev_ws/build/controller/install.log'
[3.386s] Invoked command in '/home/ghost/Desktop/dev_ws/src/controller' returned '0': PYTHONPATH=/home/ghost/Desktop/dev_ws/install/controller/lib/python3.8/site-packages: /usr/bin/python3 setup.py egg_info --egg-base ../../build/controller build --build-base /home/ghost/Desktop/dev_ws/build/controller/build install --prefix /home/ghost/Desktop/dev_ws/install/controller --record /home/ghost/Desktop/dev_ws/build/controller/install.log --single-version-externally-managed
