[0.298s] Invoking command in '/home/ghost/Desktop/dev_ws/src/controller': PYTHONPATH=/home/ghost/Desktop/dev_ws/install/controller/lib/python3.8/site-packages: /usr/bin/python3 setup.py egg_info --egg-base ../../build/controller build --build-base /home/ghost/Desktop/dev_ws/build/controller/build install --prefix /home/ghost/Desktop/dev_ws/install/controller --record /home/ghost/Desktop/dev_ws/build/controller/install.log --single-version-externally-managed
[0.554s] running egg_info
[0.555s] writing ../../build/controller/controller.egg-info/PKG-INFO
[0.555s] writing dependency_links to ../../build/controller/controller.egg-info/dependency_links.txt
[0.555s] writing entry points to ../../build/controller/controller.egg-info/entry_points.txt
[0.556s] writing requirements to ../../build/controller/controller.egg-info/requires.txt
[0.556s] writing top-level names to ../../build/controller/controller.egg-info/top_level.txt
[0.606s] reading manifest file '../../build/controller/controller.egg-info/SOURCES.txt'
[0.608s] writing manifest file '../../build/controller/controller.egg-info/SOURCES.txt'
[0.608s] running build
[0.609s] running build_py
[0.609s] copying controller/robot.py -> /home/ghost/Desktop/dev_ws/build/controller/build/lib/controller
[0.610s] running install
[0.611s] running install_lib
[0.613s] copying /home/ghost/Desktop/dev_ws/build/controller/build/lib/controller/robot.py -> /home/ghost/Desktop/dev_ws/install/controller/lib/python3.8/site-packages/controller
[0.614s] byte-compiling /home/ghost/Desktop/dev_ws/install/controller/lib/python3.8/site-packages/controller/robot.py to robot.cpython-38.pyc
[0.618s] running install_data
[0.618s] running install_egg_info
[0.621s] removing '/home/ghost/Desktop/dev_ws/install/controller/lib/python3.8/site-packages/controller-0.0.1-py3.8.egg-info' (and everything under it)
[0.621s] Copying ../../build/controller/controller.egg-info to /home/ghost/Desktop/dev_ws/install/controller/lib/python3.8/site-packages/controller-0.0.1-py3.8.egg-info
[0.623s] running install_scripts
[0.649s] Installing controller script to /home/ghost/Desktop/dev_ws/install/controller/lib/controller
[0.649s] writing list of installed files to '/home/ghost/Desktop/dev_ws/build/controller/install.log'
[0.675s] Invoked command in '/home/ghost/Desktop/dev_ws/src/controller' returned '0': PYTHONPATH=/home/ghost/Desktop/dev_ws/install/controller/lib/python3.8/site-packages: /usr/bin/python3 setup.py egg_info --egg-base ../../build/controller build --build-base /home/ghost/Desktop/dev_ws/build/controller/build install --prefix /home/ghost/Desktop/dev_ws/install/controller --record /home/ghost/Desktop/dev_ws/build/controller/install.log --single-version-externally-managed
