[0.890s] Invoking command in '/home/ghost/Desktop/dev_ws/src/controller': PYTHONPATH=/home/ghost/Desktop/dev_ws/install/controller/lib/python3.8/site-packages: /usr/bin/python3 setup.py egg_info --egg-base ../../build/controller build --build-base /home/ghost/Desktop/dev_ws/build/controller/build install --prefix /home/ghost/Desktop/dev_ws/install/controller --record /home/ghost/Desktop/dev_ws/build/controller/install.log --single-version-externally-managed
[1.342s] running egg_info
[1.342s] writing ../../build/controller/controller.egg-info/PKG-INFO
[1.343s] writing dependency_links to ../../build/controller/controller.egg-info/dependency_links.txt
[1.343s] writing entry points to ../../build/controller/controller.egg-info/entry_points.txt
[1.344s] writing requirements to ../../build/controller/controller.egg-info/requires.txt
[1.344s] writing top-level names to ../../build/controller/controller.egg-info/top_level.txt
[1.418s] reading manifest file '../../build/controller/controller.egg-info/SOURCES.txt'
[1.421s] writing manifest file '../../build/controller/controller.egg-info/SOURCES.txt'
[1.421s] running build
[1.421s] running build_py
[1.422s] copying controller/global_communicator.py -> /home/ghost/Desktop/dev_ws/build/controller/build/lib/controller
[1.423s] running install
[1.425s] running install_lib
[1.427s] copying /home/ghost/Desktop/dev_ws/build/controller/build/lib/controller/global_communicator.py -> /home/ghost/Desktop/dev_ws/install/controller/lib/python3.8/site-packages/controller
[1.429s] byte-compiling /home/ghost/Desktop/dev_ws/install/controller/lib/python3.8/site-packages/controller/global_communicator.py to global_communicator.cpython-38.pyc
[1.433s] running install_data
[1.433s] running install_egg_info
[1.436s] removing '/home/ghost/Desktop/dev_ws/install/controller/lib/python3.8/site-packages/controller-0.0.1-py3.8.egg-info' (and everything under it)
[1.436s] Copying ../../build/controller/controller.egg-info to /home/ghost/Desktop/dev_ws/install/controller/lib/python3.8/site-packages/controller-0.0.1-py3.8.egg-info
[1.438s] running install_scripts
[1.472s] Installing controller script to /home/ghost/Desktop/dev_ws/install/controller/lib/controller
[1.474s] writing list of installed files to '/home/ghost/Desktop/dev_ws/build/controller/install.log'
[1.511s] Invoked command in '/home/ghost/Desktop/dev_ws/src/controller' returned '0': PYTHONPATH=/home/ghost/Desktop/dev_ws/install/controller/lib/python3.8/site-packages: /usr/bin/python3 setup.py egg_info --egg-base ../../build/controller build --build-base /home/ghost/Desktop/dev_ws/build/controller/build install --prefix /home/ghost/Desktop/dev_ws/install/controller --record /home/ghost/Desktop/dev_ws/build/controller/install.log --single-version-externally-managed
