[0.193s] Invoking command in '/home/ghost/Desktop/dev_ws/build/robot_communication_interfaces': CMAKE_PREFIX_PATH=${CMAKE_PREFIX_PATH}:/home/ghost/Desktop/dev_ws/install/controller:/opt/ros/foxy /usr/bin/cmake --build /home/ghost/Desktop/dev_ws/build/robot_communication_interfaces -- -j4 -l4
[0.219s] -- Found ament_cmake: 0.9.9 (/opt/ros/foxy/share/ament_cmake/cmake)
[0.238s] -- Using PYTHON_EXECUTABLE: /usr/bin/python3
[0.395s] -- Found rosidl_default_generators: 1.0.1 (/opt/ros/foxy/share/rosidl_default_generators/cmake)
[0.397s] -- Using all available rosidl_typesupport_c: rosidl_typesupport_fastrtps_c;rosidl_typesupport_introspection_c
[0.399s] -- Found rosidl_adapter: 1.2.1 (/opt/ros/foxy/share/rosidl_adapter/cmake)
[0.545s] -- Using all available rosidl_typesupport_cpp: rosidl_typesupport_fastrtps_cpp;rosidl_typesupport_introspection_cpp
[0.583s] -- Found PythonInterp: /usr/bin/python3 (found version "3.8.10") 
[0.688s] -- Found ament_cmake_ros: 0.9.2 (/opt/ros/foxy/share/ament_cmake_ros/cmake)
[0.781s] -- Using all available rosidl_typesupport_c: rosidl_typesupport_fastrtps_c;rosidl_typesupport_introspection_c
[0.788s] -- Using all available rosidl_typesupport_cpp: rosidl_typesupport_fastrtps_cpp;rosidl_typesupport_introspection_cpp
[0.809s] -- Found PythonInterp: /usr/bin/python3 (found suitable version "3.8.10", minimum required is "3.5") 
[0.810s] -- Found python_cmake_module: 0.8.1 (/opt/ros/foxy/share/python_cmake_module/cmake)
[0.832s] -- Using PYTHON_EXECUTABLE: /usr/bin/python3
[0.832s] -- Using PYTHON_INCLUDE_DIRS: /usr/include/python3.8
[0.832s] -- Using PYTHON_LIBRARIES: /usr/lib/x86_64-linux-gnu/libpython3.8.so
[0.844s] -- Found ament_lint_auto: 0.9.6 (/opt/ros/foxy/share/ament_lint_auto/cmake)
[0.853s] -- Added test 'copyright' to check source files copyright and LICENSE
[0.854s] -- Added test 'lint_cmake' to check CMake code style
[0.855s] -- Added test 'xmllint' to check XML markup files
[0.858s] -- Configuring done
[0.886s] -- Generating done
[0.889s] -- Build files have been written to: /home/ghost/Desktop/dev_ws/build/robot_communication_interfaces
[0.915s] [  2%] [34m[1mGenerating C code for ROS interfaces[0m
[0.926s] [  5%] [34m[1mGenerating C++ code for ROS interfaces[0m
[1.183s] [  5%] Built target robot_communication_interfaces__cpp
[1.193s] [  7%] [34m[1mGenerating C++ introspection for ROS interfaces[0m
[1.193s] [ 10%] [34m[1mGenerating C++ type support for eProsima Fast-RTPS[0m
[1.216s] [ 12%] [34m[1mGenerating C++ type support dispatch for ROS interfaces[0m
[1.228s] [35m[1mScanning dependencies of target robot_communication_interfaces__rosidl_generator_c[0m
[1.251s] [ 15%] [32mBuilding C object CMakeFiles/robot_communication_interfaces__rosidl_generator_c.dir/rosidl_generator_c/robot_communication_interfaces/msg/detail/communication_message__functions.c.o[0m
[1.305s] [ 17%] [32mBuilding C object CMakeFiles/robot_communication_interfaces__rosidl_generator_c.dir/rosidl_generator_c/robot_communication_interfaces/srv/detail/communication_service__functions.c.o[0m
[1.367s] [ 20%] [32m[1mLinking C shared library librobot_communication_interfaces__rosidl_generator_c.so[0m
[1.428s] [ 20%] Built target robot_communication_interfaces__rosidl_generator_c
[1.442s] [ 23%] [34m[1mGenerating C introspection for ROS interfaces[0m
[1.448s] [35m[1mScanning dependencies of target robot_communication_interfaces__rosidl_typesupport_cpp[0m
[1.452s] [35m[1mScanning dependencies of target robot_communication_interfaces__rosidl_typesupport_introspection_cpp[0m
[1.461s] [35m[1mScanning dependencies of target robot_communication_interfaces__rosidl_typesupport_fastrtps_cpp[0m
[1.466s] [ 25%] [32mBuilding CXX object CMakeFiles/robot_communication_interfaces__rosidl_typesupport_introspection_cpp.dir/rosidl_typesupport_introspection_cpp/robot_communication_interfaces/msg/detail/communication_message__type_support.cpp.o[0m
[1.474s] [ 28%] [32mBuilding CXX object CMakeFiles/robot_communication_interfaces__rosidl_typesupport_cpp.dir/rosidl_typesupport_cpp/robot_communication_interfaces/msg/communication_message__type_support.cpp.o[0m
[1.484s] [ 30%] [32mBuilding CXX object CMakeFiles/robot_communication_interfaces__rosidl_typesupport_fastrtps_cpp.dir/rosidl_typesupport_fastrtps_cpp/robot_communication_interfaces/msg/detail/dds_fastrtps/communication_message__type_support.cpp.o[0m
[1.699s] [35m[1mScanning dependencies of target robot_communication_interfaces__rosidl_typesupport_introspection_c[0m
[1.712s] [ 33%] [32mBuilding C object CMakeFiles/robot_communication_interfaces__rosidl_typesupport_introspection_c.dir/rosidl_typesupport_introspection_c/robot_communication_interfaces/msg/detail/communication_message__type_support.c.o[0m
[1.716s] [ 35%] [32mBuilding CXX object CMakeFiles/robot_communication_interfaces__rosidl_typesupport_cpp.dir/rosidl_typesupport_cpp/robot_communication_interfaces/srv/communication_service__type_support.cpp.o[0m
[1.743s] [ 38%] [32mBuilding C object CMakeFiles/robot_communication_interfaces__rosidl_typesupport_introspection_c.dir/rosidl_typesupport_introspection_c/robot_communication_interfaces/srv/detail/communication_service__type_support.c.o[0m
[1.778s] [ 41%] [32m[1mLinking C shared library librobot_communication_interfaces__rosidl_typesupport_introspection_c.so[0m
[1.807s] [ 41%] Built target robot_communication_interfaces__rosidl_typesupport_introspection_c
[1.823s] [ 43%] [34m[1mGenerating C type support dispatch for ROS interfaces[0m
[1.905s] [ 46%] [32mBuilding CXX object CMakeFiles/robot_communication_interfaces__rosidl_typesupport_introspection_cpp.dir/rosidl_typesupport_introspection_cpp/robot_communication_interfaces/srv/detail/communication_service__type_support.cpp.o[0m
[1.992s] [ 48%] [32mBuilding CXX object CMakeFiles/robot_communication_interfaces__rosidl_typesupport_fastrtps_cpp.dir/rosidl_typesupport_fastrtps_cpp/robot_communication_interfaces/srv/detail/dds_fastrtps/communication_service__type_support.cpp.o[0m
[1.997s] [ 51%] [32m[1mLinking CXX shared library librobot_communication_interfaces__rosidl_typesupport_cpp.so[0m
[2.042s] [ 51%] Built target robot_communication_interfaces__rosidl_typesupport_cpp
[2.079s] [35m[1mScanning dependencies of target robot_communication_interfaces__rosidl_typesupport_c[0m
[2.091s] [ 53%] [32mBuilding CXX object CMakeFiles/robot_communication_interfaces__rosidl_typesupport_c.dir/rosidl_typesupport_c/robot_communication_interfaces/msg/communication_message__type_support.cpp.o[0m
[2.091s] [ 56%] [32mBuilding CXX object CMakeFiles/robot_communication_interfaces__rosidl_typesupport_c.dir/rosidl_typesupport_c/robot_communication_interfaces/srv/communication_service__type_support.cpp.o[0m
[2.127s] [ 58%] [32m[1mLinking CXX shared library librobot_communication_interfaces__rosidl_typesupport_c.so[0m
[2.167s] [ 58%] Built target robot_communication_interfaces__rosidl_typesupport_c
[2.238s] [ 61%] [32m[1mLinking CXX shared library librobot_communication_interfaces__rosidl_typesupport_introspection_cpp.so[0m
[2.309s] [ 61%] Built target robot_communication_interfaces__rosidl_typesupport_introspection_cpp
[2.363s] [ 64%] [32m[1mLinking CXX shared library librobot_communication_interfaces__rosidl_typesupport_fastrtps_cpp.so[0m
[2.439s] [ 64%] Built target robot_communication_interfaces__rosidl_typesupport_fastrtps_cpp
[2.450s] [ 66%] [34m[1mGenerating C type support for eProsima Fast-RTPS[0m
[2.690s] [35m[1mScanning dependencies of target robot_communication_interfaces__rosidl_typesupport_fastrtps_c[0m
[2.707s] [ 69%] [32mBuilding CXX object CMakeFiles/robot_communication_interfaces__rosidl_typesupport_fastrtps_c.dir/rosidl_typesupport_fastrtps_c/robot_communication_interfaces/msg/detail/communication_message__type_support_c.cpp.o[0m
[2.708s] [ 71%] [32mBuilding CXX object CMakeFiles/robot_communication_interfaces__rosidl_typesupport_fastrtps_c.dir/rosidl_typesupport_fastrtps_c/robot_communication_interfaces/srv/detail/communication_service__type_support_c.cpp.o[0m
[3.100s] [ 74%] [32m[1mLinking CXX shared library librobot_communication_interfaces__rosidl_typesupport_fastrtps_c.so[0m
[3.212s] [ 74%] Built target robot_communication_interfaces__rosidl_typesupport_fastrtps_c
[3.240s] [ 74%] Built target robot_communication_interfaces
[3.268s] [ 76%] [34m[1mGenerating Python code for ROS interfaces[0m
[3.900s] [ 76%] Built target robot_communication_interfaces__py
[3.916s] [35m[1mScanning dependencies of target robot_communication_interfaces__python[0m
[3.938s] [ 82%] [32mBuilding C object CMakeFiles/robot_communication_interfaces__python.dir/rosidl_generator_py/robot_communication_interfaces/msg/_communication_message_s.c.o[0m
[3.939s] [ 82%] [32mBuilding C object CMakeFiles/robot_communication_interfaces__python.dir/rosidl_generator_py/robot_communication_interfaces/srv/_communication_service_s.c.o[0m
[4.056s] [ 84%] [32m[1mLinking C shared library rosidl_generator_py/robot_communication_interfaces/librobot_communication_interfaces__python.so[0m
[4.107s] [ 84%] Built target robot_communication_interfaces__python
[4.122s] [35m[1mScanning dependencies of target robot_communication_interfaces__rosidl_typesupport_c__pyext[0m
[4.123s] [35m[1mScanning dependencies of target robot_communication_interfaces__rosidl_typesupport_introspection_c__pyext[0m
[4.123s] [35m[1mScanning dependencies of target robot_communication_interfaces__rosidl_typesupport_fastrtps_c__pyext[0m
[4.147s] [ 87%] [32mBuilding C object CMakeFiles/robot_communication_interfaces__rosidl_typesupport_c__pyext.dir/rosidl_generator_py/robot_communication_interfaces/_robot_communication_interfaces_s.ep.rosidl_typesupport_c.c.o[0m
[4.152s] [ 92%] [32mBuilding C object CMakeFiles/robot_communication_interfaces__rosidl_typesupport_fastrtps_c__pyext.dir/rosidl_generator_py/robot_communication_interfaces/_robot_communication_interfaces_s.ep.rosidl_typesupport_fastrtps_c.c.o[0m
[4.152s] [ 92%] [32mBuilding C object CMakeFiles/robot_communication_interfaces__rosidl_typesupport_introspection_c__pyext.dir/rosidl_generator_py/robot_communication_interfaces/_robot_communication_interfaces_s.ep.rosidl_typesupport_introspection_c.c.o[0m
[4.265s] [ 94%] [32m[1mLinking C shared library rosidl_generator_py/robot_communication_interfaces/robot_communication_interfaces_s__rosidl_typesupport_introspection_c.cpython-38-x86_64-linux-gnu.so[0m
[4.268s] [ 97%] [32m[1mLinking CXX shared library rosidl_generator_py/robot_communication_interfaces/robot_communication_interfaces_s__rosidl_typesupport_fastrtps_c.cpython-38-x86_64-linux-gnu.so[0m
[4.268s] [100%] [32m[1mLinking C shared library rosidl_generator_py/robot_communication_interfaces/robot_communication_interfaces_s__rosidl_typesupport_c.cpython-38-x86_64-linux-gnu.so[0m
[4.316s] [100%] Built target robot_communication_interfaces__rosidl_typesupport_introspection_c__pyext
[4.327s] [100%] Built target robot_communication_interfaces__rosidl_typesupport_c__pyext
[4.359s] [100%] Built target robot_communication_interfaces__rosidl_typesupport_fastrtps_c__pyext
[4.379s] Invoked command in '/home/ghost/Desktop/dev_ws/build/robot_communication_interfaces' returned '0': CMAKE_PREFIX_PATH=${CMAKE_PREFIX_PATH}:/home/ghost/Desktop/dev_ws/install/controller:/opt/ros/foxy /usr/bin/cmake --build /home/ghost/Desktop/dev_ws/build/robot_communication_interfaces -- -j4 -l4
[4.499s] Invoking command in '/home/ghost/Desktop/dev_ws/build/robot_communication_interfaces': CMAKE_PREFIX_PATH=${CMAKE_PREFIX_PATH}:/home/ghost/Desktop/dev_ws/install/controller:/opt/ros/foxy /usr/bin/cmake --install /home/ghost/Desktop/dev_ws/build/robot_communication_interfaces
[4.513s] -- Install configuration: ""
[4.513s] -- Up-to-date: /home/ghost/Desktop/dev_ws/install/robot_communication_interfaces/share/ament_index/resource_index/rosidl_interfaces/robot_communication_interfaces
[4.514s] -- Up-to-date: /home/ghost/Desktop/dev_ws/install/robot_communication_interfaces/include/robot_communication_interfaces
[4.514s] -- Up-to-date: /home/ghost/Desktop/dev_ws/install/robot_communication_interfaces/include/robot_communication_interfaces/srv
[4.514s] -- Installing: /home/ghost/Desktop/dev_ws/install/robot_communication_interfaces/include/robot_communication_interfaces/srv/communication_service.h
[4.515s] -- Up-to-date: /home/ghost/Desktop/dev_ws/install/robot_communication_interfaces/include/robot_communication_interfaces/srv/detail
[4.515s] -- Installing: /home/ghost/Desktop/dev_ws/install/robot_communication_interfaces/include/robot_communication_interfaces/srv/detail/communication_service__struct.h
[4.515s] -- Installing: /home/ghost/Desktop/dev_ws/install/robot_communication_interfaces/include/robot_communication_interfaces/srv/detail/communication_service__functions.c
[4.516s] -- Installing: /home/ghost/Desktop/dev_ws/install/robot_communication_interfaces/include/robot_communication_interfaces/srv/detail/communication_service__type_support.h
[4.516s] -- Installing: /home/ghost/Desktop/dev_ws/install/robot_communication_interfaces/include/robot_communication_interfaces/srv/detail/communication_service__functions.h
[4.517s] -- Up-to-date: /home/ghost/Desktop/dev_ws/install/robot_communication_interfaces/include/robot_communication_interfaces/msg
[4.517s] -- Up-to-date: /home/ghost/Desktop/dev_ws/install/robot_communication_interfaces/include/robot_communication_interfaces/msg/rosidl_generator_c__visibility_control.h
[4.517s] -- Installing: /home/ghost/Desktop/dev_ws/install/robot_communication_interfaces/include/robot_communication_interfaces/msg/communication_message.h
[4.517s] -- Up-to-date: /home/ghost/Desktop/dev_ws/install/robot_communication_interfaces/include/robot_communication_interfaces/msg/detail
[4.517s] -- Installing: /home/ghost/Desktop/dev_ws/install/robot_communication_interfaces/include/robot_communication_interfaces/msg/detail/communication_message__type_support.h
[4.518s] -- Installing: /home/ghost/Desktop/dev_ws/install/robot_communication_interfaces/include/robot_communication_interfaces/msg/detail/communication_message__functions.h
[4.518s] -- Installing: /home/ghost/Desktop/dev_ws/install/robot_communication_interfaces/include/robot_communication_interfaces/msg/detail/communication_message__struct.h
[4.518s] -- Installing: /home/ghost/Desktop/dev_ws/install/robot_communication_interfaces/include/robot_communication_interfaces/msg/detail/communication_message__functions.c
[4.519s] -- Up-to-date: /home/ghost/Desktop/dev_ws/install/robot_communication_interfaces/share/robot_communication_interfaces/environment/library_path.sh
[4.519s] -- Installing: /home/ghost/Desktop/dev_ws/install/robot_communication_interfaces/share/robot_communication_interfaces/environment/library_path.dsv
[4.520s] -- Installing: /home/ghost/Desktop/dev_ws/install/robot_communication_interfaces/lib/librobot_communication_interfaces__rosidl_generator_c.so
[4.520s] -- Set runtime path of "/home/ghost/Desktop/dev_ws/install/robot_communication_interfaces/lib/librobot_communication_interfaces__rosidl_generator_c.so" to ""
[4.520s] -- Up-to-date: /home/ghost/Desktop/dev_ws/install/robot_communication_interfaces/include/robot_communication_interfaces
[4.520s] -- Up-to-date: /home/ghost/Desktop/dev_ws/install/robot_communication_interfaces/include/robot_communication_interfaces/srv
[4.521s] -- Up-to-date: /home/ghost/Desktop/dev_ws/install/robot_communication_interfaces/include/robot_communication_interfaces/srv/detail
[4.521s] -- Installing: /home/ghost/Desktop/dev_ws/install/robot_communication_interfaces/include/robot_communication_interfaces/srv/detail/communication_service__rosidl_typesupport_fastrtps_c.h
[4.521s] -- Up-to-date: /home/ghost/Desktop/dev_ws/install/robot_communication_interfaces/include/robot_communication_interfaces/msg
[4.521s] -- Up-to-date: /home/ghost/Desktop/dev_ws/install/robot_communication_interfaces/include/robot_communication_interfaces/msg/rosidl_typesupport_fastrtps_c__visibility_control.h
[4.521s] -- Up-to-date: /home/ghost/Desktop/dev_ws/install/robot_communication_interfaces/include/robot_communication_interfaces/msg/detail
[4.522s] -- Installing: /home/ghost/Desktop/dev_ws/install/robot_communication_interfaces/include/robot_communication_interfaces/msg/detail/communication_message__rosidl_typesupport_fastrtps_c.h
[4.522s] -- Installing: /home/ghost/Desktop/dev_ws/install/robot_communication_interfaces/lib/librobot_communication_interfaces__rosidl_typesupport_fastrtps_c.so
[4.523s] -- Set runtime path of "/home/ghost/Desktop/dev_ws/install/robot_communication_interfaces/lib/librobot_communication_interfaces__rosidl_typesupport_fastrtps_c.so" to ""
[4.523s] -- Up-to-date: /home/ghost/Desktop/dev_ws/install/robot_communication_interfaces/include/robot_communication_interfaces
[4.523s] -- Up-to-date: /home/ghost/Desktop/dev_ws/install/robot_communication_interfaces/include/robot_communication_interfaces/srv
[4.523s] -- Up-to-date: /home/ghost/Desktop/dev_ws/install/robot_communication_interfaces/include/robot_communication_interfaces/srv/detail
[4.524s] -- Up-to-date: /home/ghost/Desktop/dev_ws/install/robot_communication_interfaces/include/robot_communication_interfaces/srv/detail/dds_fastrtps
[4.524s] -- Installing: /home/ghost/Desktop/dev_ws/install/robot_communication_interfaces/include/robot_communication_interfaces/srv/detail/communication_service__rosidl_typesupport_fastrtps_cpp.hpp
[4.524s] -- Up-to-date: /home/ghost/Desktop/dev_ws/install/robot_communication_interfaces/include/robot_communication_interfaces/msg
[4.524s] -- Up-to-date: /home/ghost/Desktop/dev_ws/install/robot_communication_interfaces/include/robot_communication_interfaces/msg/detail
[4.525s] -- Up-to-date: /home/ghost/Desktop/dev_ws/install/robot_communication_interfaces/include/robot_communication_interfaces/msg/detail/dds_fastrtps
[4.525s] -- Installing: /home/ghost/Desktop/dev_ws/install/robot_communication_interfaces/include/robot_communication_interfaces/msg/detail/communication_message__rosidl_typesupport_fastrtps_cpp.hpp
[4.525s] -- Up-to-date: /home/ghost/Desktop/dev_ws/install/robot_communication_interfaces/include/robot_communication_interfaces/msg/rosidl_typesupport_fastrtps_cpp__visibility_control.h
[4.526s] -- Installing: /home/ghost/Desktop/dev_ws/install/robot_communication_interfaces/lib/librobot_communication_interfaces__rosidl_typesupport_fastrtps_cpp.so
[4.527s] -- Set runtime path of "/home/ghost/Desktop/dev_ws/install/robot_communication_interfaces/lib/librobot_communication_interfaces__rosidl_typesupport_fastrtps_cpp.so" to ""
[4.527s] -- Up-to-date: /home/ghost/Desktop/dev_ws/install/robot_communication_interfaces/include/robot_communication_interfaces
[4.528s] -- Up-to-date: /home/ghost/Desktop/dev_ws/install/robot_communication_interfaces/include/robot_communication_interfaces/srv
[4.528s] -- Up-to-date: /home/ghost/Desktop/dev_ws/install/robot_communication_interfaces/include/robot_communication_interfaces/srv/detail
[4.528s] -- Installing: /home/ghost/Desktop/dev_ws/install/robot_communication_interfaces/include/robot_communication_interfaces/srv/detail/communication_service__rosidl_typesupport_introspection_c.h
[4.528s] -- Installing: /home/ghost/Desktop/dev_ws/install/robot_communication_interfaces/include/robot_communication_interfaces/srv/detail/communication_service__type_support.c
[4.529s] -- Up-to-date: /home/ghost/Desktop/dev_ws/install/robot_communication_interfaces/include/robot_communication_interfaces/msg
[4.529s] -- Up-to-date: /home/ghost/Desktop/dev_ws/install/robot_communication_interfaces/include/robot_communication_interfaces/msg/detail
[4.529s] -- Installing: /home/ghost/Desktop/dev_ws/install/robot_communication_interfaces/include/robot_communication_interfaces/msg/detail/communication_message__rosidl_typesupport_introspection_c.h
[4.529s] -- Installing: /home/ghost/Desktop/dev_ws/install/robot_communication_interfaces/include/robot_communication_interfaces/msg/detail/communication_message__type_support.c
[4.530s] -- Up-to-date: /home/ghost/Desktop/dev_ws/install/robot_communication_interfaces/include/robot_communication_interfaces/msg/rosidl_typesupport_introspection_c__visibility_control.h
[4.530s] -- Installing: /home/ghost/Desktop/dev_ws/install/robot_communication_interfaces/lib/librobot_communication_interfaces__rosidl_typesupport_introspection_c.so
[4.530s] -- Set runtime path of "/home/ghost/Desktop/dev_ws/install/robot_communication_interfaces/lib/librobot_communication_interfaces__rosidl_typesupport_introspection_c.so" to ""
[4.531s] -- Installing: /home/ghost/Desktop/dev_ws/install/robot_communication_interfaces/lib/librobot_communication_interfaces__rosidl_typesupport_c.so
[4.531s] -- Set runtime path of "/home/ghost/Desktop/dev_ws/install/robot_communication_interfaces/lib/librobot_communication_interfaces__rosidl_typesupport_c.so" to ""
[4.532s] -- Up-to-date: /home/ghost/Desktop/dev_ws/install/robot_communication_interfaces/include/robot_communication_interfaces
[4.532s] -- Up-to-date: /home/ghost/Desktop/dev_ws/install/robot_communication_interfaces/include/robot_communication_interfaces/srv
[4.532s] -- Installing: /home/ghost/Desktop/dev_ws/install/robot_communication_interfaces/include/robot_communication_interfaces/srv/communication_service.hpp
[4.532s] -- Up-to-date: /home/ghost/Desktop/dev_ws/install/robot_communication_interfaces/include/robot_communication_interfaces/srv/detail
[4.533s] -- Installing: /home/ghost/Desktop/dev_ws/install/robot_communication_interfaces/include/robot_communication_interfaces/srv/detail/communication_service__traits.hpp
[4.533s] -- Installing: /home/ghost/Desktop/dev_ws/install/robot_communication_interfaces/include/robot_communication_interfaces/srv/detail/communication_service__struct.hpp
[4.533s] -- Installing: /home/ghost/Desktop/dev_ws/install/robot_communication_interfaces/include/robot_communication_interfaces/srv/detail/communication_service__builder.hpp
[4.533s] -- Up-to-date: /home/ghost/Desktop/dev_ws/install/robot_communication_interfaces/include/robot_communication_interfaces/msg
[4.533s] -- Up-to-date: /home/ghost/Desktop/dev_ws/install/robot_communication_interfaces/include/robot_communication_interfaces/msg/detail
[4.533s] -- Installing: /home/ghost/Desktop/dev_ws/install/robot_communication_interfaces/include/robot_communication_interfaces/msg/detail/communication_message__builder.hpp
[4.534s] -- Installing: /home/ghost/Desktop/dev_ws/install/robot_communication_interfaces/include/robot_communication_interfaces/msg/detail/communication_message__traits.hpp
[4.534s] -- Installing: /home/ghost/Desktop/dev_ws/install/robot_communication_interfaces/include/robot_communication_interfaces/msg/detail/communication_message__struct.hpp
[4.534s] -- Installing: /home/ghost/Desktop/dev_ws/install/robot_communication_interfaces/include/robot_communication_interfaces/msg/communication_message.hpp
[4.534s] -- Up-to-date: /home/ghost/Desktop/dev_ws/install/robot_communication_interfaces/include/robot_communication_interfaces
[4.534s] -- Up-to-date: /home/ghost/Desktop/dev_ws/install/robot_communication_interfaces/include/robot_communication_interfaces/srv
[4.534s] -- Up-to-date: /home/ghost/Desktop/dev_ws/install/robot_communication_interfaces/include/robot_communication_interfaces/srv/detail
[4.535s] -- Installing: /home/ghost/Desktop/dev_ws/install/robot_communication_interfaces/include/robot_communication_interfaces/srv/detail/communication_service__rosidl_typesupport_introspection_cpp.hpp
[4.535s] -- Installing: /home/ghost/Desktop/dev_ws/install/robot_communication_interfaces/include/robot_communication_interfaces/srv/detail/communication_service__type_support.cpp
[4.535s] -- Up-to-date: /home/ghost/Desktop/dev_ws/install/robot_communication_interfaces/include/robot_communication_interfaces/msg
[4.535s] -- Up-to-date: /home/ghost/Desktop/dev_ws/install/robot_communication_interfaces/include/robot_communication_interfaces/msg/detail
[4.535s] -- Installing: /home/ghost/Desktop/dev_ws/install/robot_communication_interfaces/include/robot_communication_interfaces/msg/detail/communication_message__rosidl_typesupport_introspection_cpp.hpp
[4.535s] -- Installing: /home/ghost/Desktop/dev_ws/install/robot_communication_interfaces/include/robot_communication_interfaces/msg/detail/communication_message__type_support.cpp
[4.536s] -- Installing: /home/ghost/Desktop/dev_ws/install/robot_communication_interfaces/lib/librobot_communication_interfaces__rosidl_typesupport_introspection_cpp.so
[4.537s] -- Set runtime path of "/home/ghost/Desktop/dev_ws/install/robot_communication_interfaces/lib/librobot_communication_interfaces__rosidl_typesupport_introspection_cpp.so" to ""
[4.537s] -- Installing: /home/ghost/Desktop/dev_ws/install/robot_communication_interfaces/lib/librobot_communication_interfaces__rosidl_typesupport_cpp.so
[4.537s] -- Set runtime path of "/home/ghost/Desktop/dev_ws/install/robot_communication_interfaces/lib/librobot_communication_interfaces__rosidl_typesupport_cpp.so" to ""
[4.538s] -- Up-to-date: /home/ghost/Desktop/dev_ws/install/robot_communication_interfaces/share/robot_communication_interfaces/environment/pythonpath.sh
[4.538s] -- Installing: /home/ghost/Desktop/dev_ws/install/robot_communication_interfaces/share/robot_communication_interfaces/environment/pythonpath.dsv
[4.538s] -- Installing: /home/ghost/Desktop/dev_ws/install/robot_communication_interfaces/lib/python3.8/site-packages/robot_communication_interfaces/__init__.py
[4.577s] Compiling '/home/ghost/Desktop/dev_ws/install/robot_communication_interfaces/lib/python3.8/site-packages/robot_communication_interfaces/__init__.py'...
[4.583s] -- Up-to-date: /home/ghost/Desktop/dev_ws/install/robot_communication_interfaces/lib/python3.8/site-packages/robot_communication_interfaces/msg
[4.583s] -- Installing: /home/ghost/Desktop/dev_ws/install/robot_communication_interfaces/lib/python3.8/site-packages/robot_communication_interfaces/msg/__init__.py
[4.583s] -- Installing: /home/ghost/Desktop/dev_ws/install/robot_communication_interfaces/lib/python3.8/site-packages/robot_communication_interfaces/msg/_communication_message_s.c
[4.583s] -- Installing: /home/ghost/Desktop/dev_ws/install/robot_communication_interfaces/lib/python3.8/site-packages/robot_communication_interfaces/msg/_communication_message.py
[4.584s] -- Up-to-date: /home/ghost/Desktop/dev_ws/install/robot_communication_interfaces/lib/python3.8/site-packages/robot_communication_interfaces/srv
[4.584s] -- Installing: /home/ghost/Desktop/dev_ws/install/robot_communication_interfaces/lib/python3.8/site-packages/robot_communication_interfaces/srv/__init__.py
[4.584s] -- Installing: /home/ghost/Desktop/dev_ws/install/robot_communication_interfaces/lib/python3.8/site-packages/robot_communication_interfaces/srv/_communication_service.py
[4.584s] -- Installing: /home/ghost/Desktop/dev_ws/install/robot_communication_interfaces/lib/python3.8/site-packages/robot_communication_interfaces/srv/_communication_service_s.c
[4.585s] -- Installing: /home/ghost/Desktop/dev_ws/install/robot_communication_interfaces/lib/python3.8/site-packages/robot_communication_interfaces/robot_communication_interfaces_s__rosidl_typesupport_fastrtps_c.cpython-38-x86_64-linux-gnu.so
[4.586s] -- Set runtime path of "/home/ghost/Desktop/dev_ws/install/robot_communication_interfaces/lib/python3.8/site-packages/robot_communication_interfaces/robot_communication_interfaces_s__rosidl_typesupport_fastrtps_c.cpython-38-x86_64-linux-gnu.so" to ""
[4.587s] -- Installing: /home/ghost/Desktop/dev_ws/install/robot_communication_interfaces/lib/python3.8/site-packages/robot_communication_interfaces/robot_communication_interfaces_s__rosidl_typesupport_introspection_c.cpython-38-x86_64-linux-gnu.so
[4.587s] -- Set runtime path of "/home/ghost/Desktop/dev_ws/install/robot_communication_interfaces/lib/python3.8/site-packages/robot_communication_interfaces/robot_communication_interfaces_s__rosidl_typesupport_introspection_c.cpython-38-x86_64-linux-gnu.so" to ""
[4.588s] -- Installing: /home/ghost/Desktop/dev_ws/install/robot_communication_interfaces/lib/python3.8/site-packages/robot_communication_interfaces/robot_communication_interfaces_s__rosidl_typesupport_c.cpython-38-x86_64-linux-gnu.so
[4.589s] -- Set runtime path of "/home/ghost/Desktop/dev_ws/install/robot_communication_interfaces/lib/python3.8/site-packages/robot_communication_interfaces/robot_communication_interfaces_s__rosidl_typesupport_c.cpython-38-x86_64-linux-gnu.so" to ""
[4.589s] -- Installing: /home/ghost/Desktop/dev_ws/install/robot_communication_interfaces/lib/librobot_communication_interfaces__python.so
[4.590s] -- Set runtime path of "/home/ghost/Desktop/dev_ws/install/robot_communication_interfaces/lib/librobot_communication_interfaces__python.so" to ""
[4.590s] -- Installing: /home/ghost/Desktop/dev_ws/install/robot_communication_interfaces/share/robot_communication_interfaces/msg/CommunicationMessage.idl
[4.590s] -- Up-to-date: /home/ghost/Desktop/dev_ws/install/robot_communication_interfaces/share/robot_communication_interfaces/srv/CommunicationService.idl
[4.590s] -- Installing: /home/ghost/Desktop/dev_ws/install/robot_communication_interfaces/share/robot_communication_interfaces/msg/CommunicationMessage.msg
[4.591s] -- Up-to-date: /home/ghost/Desktop/dev_ws/install/robot_communication_interfaces/share/robot_communication_interfaces/srv/CommunicationService.srv
[4.591s] -- Up-to-date: /home/ghost/Desktop/dev_ws/install/robot_communication_interfaces/share/robot_communication_interfaces/srv/CommunicationService_Request.msg
[4.591s] -- Up-to-date: /home/ghost/Desktop/dev_ws/install/robot_communication_interfaces/share/robot_communication_interfaces/srv/CommunicationService_Response.msg
[4.591s] -- Up-to-date: /home/ghost/Desktop/dev_ws/install/robot_communication_interfaces/share/ament_index/resource_index/package_run_dependencies/robot_communication_interfaces
[4.591s] -- Up-to-date: /home/ghost/Desktop/dev_ws/install/robot_communication_interfaces/share/ament_index/resource_index/parent_prefix_path/robot_communication_interfaces
[4.592s] -- Up-to-date: /home/ghost/Desktop/dev_ws/install/robot_communication_interfaces/share/robot_communication_interfaces/environment/ament_prefix_path.sh
[4.592s] -- Installing: /home/ghost/Desktop/dev_ws/install/robot_communication_interfaces/share/robot_communication_interfaces/environment/ament_prefix_path.dsv
[4.592s] -- Up-to-date: /home/ghost/Desktop/dev_ws/install/robot_communication_interfaces/share/robot_communication_interfaces/environment/path.sh
[4.592s] -- Installing: /home/ghost/Desktop/dev_ws/install/robot_communication_interfaces/share/robot_communication_interfaces/environment/path.dsv
[4.593s] -- Up-to-date: /home/ghost/Desktop/dev_ws/install/robot_communication_interfaces/share/robot_communication_interfaces/local_setup.bash
[4.593s] -- Up-to-date: /home/ghost/Desktop/dev_ws/install/robot_communication_interfaces/share/robot_communication_interfaces/local_setup.sh
[4.593s] -- Up-to-date: /home/ghost/Desktop/dev_ws/install/robot_communication_interfaces/share/robot_communication_interfaces/local_setup.zsh
[4.593s] -- Installing: /home/ghost/Desktop/dev_ws/install/robot_communication_interfaces/share/robot_communication_interfaces/local_setup.dsv
[4.594s] -- Installing: /home/ghost/Desktop/dev_ws/install/robot_communication_interfaces/share/robot_communication_interfaces/package.dsv
[4.594s] -- Up-to-date: /home/ghost/Desktop/dev_ws/install/robot_communication_interfaces/share/ament_index/resource_index/packages/robot_communication_interfaces
[4.594s] -- Up-to-date: /home/ghost/Desktop/dev_ws/install/robot_communication_interfaces/share/robot_communication_interfaces/cmake/robot_communication_interfaces__rosidl_generator_cExport.cmake
[4.594s] -- Installing: /home/ghost/Desktop/dev_ws/install/robot_communication_interfaces/share/robot_communication_interfaces/cmake/robot_communication_interfaces__rosidl_generator_cExport-noconfig.cmake
[4.595s] -- Up-to-date: /home/ghost/Desktop/dev_ws/install/robot_communication_interfaces/share/robot_communication_interfaces/cmake/robot_communication_interfaces__rosidl_typesupport_introspection_cExport.cmake
[4.595s] -- Installing: /home/ghost/Desktop/dev_ws/install/robot_communication_interfaces/share/robot_communication_interfaces/cmake/robot_communication_interfaces__rosidl_typesupport_introspection_cExport-noconfig.cmake
[4.595s] -- Up-to-date: /home/ghost/Desktop/dev_ws/install/robot_communication_interfaces/share/robot_communication_interfaces/cmake/robot_communication_interfaces__rosidl_typesupport_cExport.cmake
[4.596s] -- Installing: /home/ghost/Desktop/dev_ws/install/robot_communication_interfaces/share/robot_communication_interfaces/cmake/robot_communication_interfaces__rosidl_typesupport_cExport-noconfig.cmake
[4.596s] -- Up-to-date: /home/ghost/Desktop/dev_ws/install/robot_communication_interfaces/share/robot_communication_interfaces/cmake/robot_communication_interfaces__rosidl_generator_cppExport.cmake
[4.596s] -- Up-to-date: /home/ghost/Desktop/dev_ws/install/robot_communication_interfaces/share/robot_communication_interfaces/cmake/robot_communication_interfaces__rosidl_typesupport_introspection_cppExport.cmake
[4.597s] -- Installing: /home/ghost/Desktop/dev_ws/install/robot_communication_interfaces/share/robot_communication_interfaces/cmake/robot_communication_interfaces__rosidl_typesupport_introspection_cppExport-noconfig.cmake
[4.597s] -- Up-to-date: /home/ghost/Desktop/dev_ws/install/robot_communication_interfaces/share/robot_communication_interfaces/cmake/robot_communication_interfaces__rosidl_typesupport_cppExport.cmake
[4.597s] -- Installing: /home/ghost/Desktop/dev_ws/install/robot_communication_interfaces/share/robot_communication_interfaces/cmake/robot_communication_interfaces__rosidl_typesupport_cppExport-noconfig.cmake
[4.598s] -- Up-to-date: /home/ghost/Desktop/dev_ws/install/robot_communication_interfaces/share/robot_communication_interfaces/cmake/rosidl_cmake-extras.cmake
[4.598s] -- Up-to-date: /home/ghost/Desktop/dev_ws/install/robot_communication_interfaces/share/robot_communication_interfaces/cmake/ament_cmake_export_dependencies-extras.cmake
[4.598s] -- Up-to-date: /home/ghost/Desktop/dev_ws/install/robot_communication_interfaces/share/robot_communication_interfaces/cmake/ament_cmake_export_libraries-extras.cmake
[4.598s] -- Up-to-date: /home/ghost/Desktop/dev_ws/install/robot_communication_interfaces/share/robot_communication_interfaces/cmake/ament_cmake_export_targets-extras.cmake
[4.599s] -- Up-to-date: /home/ghost/Desktop/dev_ws/install/robot_communication_interfaces/share/robot_communication_interfaces/cmake/ament_cmake_export_include_directories-extras.cmake
[4.599s] -- Up-to-date: /home/ghost/Desktop/dev_ws/install/robot_communication_interfaces/share/robot_communication_interfaces/cmake/rosidl_cmake_export_typesupport_libraries-extras.cmake
[4.599s] -- Up-to-date: /home/ghost/Desktop/dev_ws/install/robot_communication_interfaces/share/robot_communication_interfaces/cmake/rosidl_cmake_export_typesupport_targets-extras.cmake
[4.599s] -- Up-to-date: /home/ghost/Desktop/dev_ws/install/robot_communication_interfaces/share/robot_communication_interfaces/cmake/robot_communication_interfacesConfig.cmake
[4.599s] -- Up-to-date: /home/ghost/Desktop/dev_ws/install/robot_communication_interfaces/share/robot_communication_interfaces/cmake/robot_communication_interfacesConfig-version.cmake
[4.599s] -- Up-to-date: /home/ghost/Desktop/dev_ws/install/robot_communication_interfaces/share/robot_communication_interfaces/package.xml
[4.604s] Invoked command in '/home/ghost/Desktop/dev_ws/build/robot_communication_interfaces' returned '0': CMAKE_PREFIX_PATH=${CMAKE_PREFIX_PATH}:/home/ghost/Desktop/dev_ws/install/controller:/opt/ros/foxy /usr/bin/cmake --install /home/ghost/Desktop/dev_ws/build/robot_communication_interfaces
