[0.757s] Invoking command in '/home/ghost/Desktop/dev_ws/src/controller': PYTHONPATH=/home/ghost/Desktop/dev_ws/install/controller/lib/python3.8/site-packages: /usr/bin/python3 setup.py egg_info --egg-base ../../build/controller build --build-base /home/ghost/Desktop/dev_ws/build/controller/build install --prefix /home/ghost/Desktop/dev_ws/install/controller --record /home/ghost/Desktop/dev_ws/build/controller/install.log --single-version-externally-managed
[1.282s] running egg_info
[1.283s] writing ../../build/controller/controller.egg-info/PKG-INFO
[1.284s] writing dependency_links to ../../build/controller/controller.egg-info/dependency_links.txt
[1.284s] writing entry points to ../../build/controller/controller.egg-info/entry_points.txt
[1.284s] writing requirements to ../../build/controller/controller.egg-info/requires.txt
[1.284s] writing top-level names to ../../build/controller/controller.egg-info/top_level.txt
[1.373s] reading manifest file '../../build/controller/controller.egg-info/SOURCES.txt'
[1.375s] writing manifest file '../../build/controller/controller.egg-info/SOURCES.txt'
[1.376s] running build
[1.376s] running build_py
[1.378s] running install
[1.380s] running install_lib
[1.384s] running install_data
[1.385s] running install_egg_info
[1.388s] removing '/home/ghost/Desktop/dev_ws/install/controller/lib/python3.8/site-packages/controller-0.0.1-py3.8.egg-info' (and everything under it)
[1.389s] Copying ../../build/controller/controller.egg-info to /home/ghost/Desktop/dev_ws/install/controller/lib/python3.8/site-packages/controller-0.0.1-py3.8.egg-info
[1.390s] running install_scripts
[1.427s] Installing controller script to /home/ghost/Desktop/dev_ws/install/controller/lib/controller
[1.429s] writing list of installed files to '/home/ghost/Desktop/dev_ws/build/controller/install.log'
[1.474s] Invoked command in '/home/ghost/Desktop/dev_ws/src/controller' returned '0': PYTHONPATH=/home/ghost/Desktop/dev_ws/install/controller/lib/python3.8/site-packages: /usr/bin/python3 setup.py egg_info --egg-base ../../build/controller build --build-base /home/ghost/Desktop/dev_ws/build/controller/build install --prefix /home/ghost/Desktop/dev_ws/install/controller --record /home/ghost/Desktop/dev_ws/build/controller/install.log --single-version-externally-managed
