[0.000000] (-) TimerEvent: {}
[0.001335] (-) JobUnselected: {'identifier': 'robot_communication_interfaces'}
[0.001437] (controller) JobQueued: {'identifier': 'controller', 'dependencies': OrderedDict()}
[0.001490] (controller) JobStarted: {'identifier': 'controller'}
[0.097389] (-) TimerEvent: {}
[0.197876] (-) TimerEvent: {}
[0.298229] (-) TimerEvent: {}
[0.318130] (controller) Command: {'cmd': ['/usr/bin/python3', 'setup.py', 'egg_info', '--egg-base', '../../build/controller', 'build', '--build-base', '/home/ghost/Desktop/dev_ws/build/controller/build', 'install', '--prefix', '/home/ghost/Desktop/dev_ws/install/controller', '--record', '/home/ghost/Desktop/dev_ws/build/controller/install.log', '--single-version-externally-managed'], 'cwd': '/home/ghost/Desktop/dev_ws/src/controller', 'env': {'SUDO_GID': '1000', 'MAIL': '/var/mail/root', 'LANGUAGE': 'en_IN:en', 'USER': 'root', 'HOME': '/root', 'COLORTERM': 'truecolor', 'SUDO_UID': '1000', 'LOGNAME': 'root', 'TERM': 'xterm-256color', 'PATH': '/usr/local/sbin:/usr/local/bin:/usr/sbin:/usr/bin:/sbin:/bin:/snap/bin', 'DISPLAY': ':0', 'LANG': 'en_US.UTF-8', 'XAUTHORITY': '/run/user/1000/gdm/Xauthority', 'SUDO_COMMAND': '/usr/bin/colcon build --packages-select controller', 'SHELL': '/bin/bash', 'SUDO_USER': 'ghost', 'LC_ALL': 'en_US.UTF-8', 'PWD': '/home/ghost/Desktop/dev_ws/build/controller', 'COLCON': '1', 'PYTHONPATH': '/home/ghost/Desktop/dev_ws/install/controller/lib/python3.8/site-packages:'}, 'shell': False}
[0.400099] (-) TimerEvent: {}
[0.500555] (-) TimerEvent: {}
[0.601217] (-) TimerEvent: {}
[0.605503] (controller) StdoutLine: {'line': b'running egg_info\n'}
[0.606346] (controller) StdoutLine: {'line': b'writing ../../build/controller/controller.egg-info/PKG-INFO\n'}
[0.606613] (controller) StdoutLine: {'line': b'writing dependency_links to ../../build/controller/controller.egg-info/dependency_links.txt\n'}
[0.606898] (controller) StdoutLine: {'line': b'writing entry points to ../../build/controller/controller.egg-info/entry_points.txt\n'}
[0.607087] (controller) StdoutLine: {'line': b'writing requirements to ../../build/controller/controller.egg-info/requires.txt\n'}
[0.607302] (controller) StdoutLine: {'line': b'writing top-level names to ../../build/controller/controller.egg-info/top_level.txt\n'}
[0.686901] (controller) StdoutLine: {'line': b"reading manifest file '../../build/controller/controller.egg-info/SOURCES.txt'\n"}
[0.689017] (controller) StdoutLine: {'line': b"writing manifest file '../../build/controller/controller.egg-info/SOURCES.txt'\n"}
[0.689585] (controller) StdoutLine: {'line': b'running build\n'}
[0.689816] (controller) StdoutLine: {'line': b'running build_py\n'}
[0.692237] (controller) StdoutLine: {'line': b'copying controller/coordination.py -> /home/ghost/Desktop/dev_ws/build/controller/build/lib/controller\n'}
[0.693227] (controller) StdoutLine: {'line': b'running install\n'}
[0.694943] (controller) StdoutLine: {'line': b'running install_lib\n'}
[0.697999] (controller) StdoutLine: {'line': b'copying /home/ghost/Desktop/dev_ws/build/controller/build/lib/controller/coordination.py -> /home/ghost/Desktop/dev_ws/install/controller/lib/python3.8/site-packages/controller\n'}
[0.700008] (controller) StdoutLine: {'line': b'byte-compiling /home/ghost/Desktop/dev_ws/install/controller/lib/python3.8/site-packages/controller/coordination.py to coordination.cpython-38.pyc\n'}
[0.701540] (-) TimerEvent: {}
[0.704143] (controller) StdoutLine: {'line': b'running install_data\n'}
[0.705165] (controller) StdoutLine: {'line': b'running install_egg_info\n'}
[0.708319] (controller) StdoutLine: {'line': b"removing '/home/ghost/Desktop/dev_ws/install/controller/lib/python3.8/site-packages/controller-0.0.1-py3.8.egg-info' (and everything under it)\n"}
[0.708836] (controller) StdoutLine: {'line': b'Copying ../../build/controller/controller.egg-info to /home/ghost/Desktop/dev_ws/install/controller/lib/python3.8/site-packages/controller-0.0.1-py3.8.egg-info\n'}
[0.710713] (controller) StdoutLine: {'line': b'running install_scripts\n'}
[0.744669] (controller) StdoutLine: {'line': b'Installing controller script to /home/ghost/Desktop/dev_ws/install/controller/lib/controller\n'}
[0.746491] (controller) StdoutLine: {'line': b"writing list of installed files to '/home/ghost/Desktop/dev_ws/build/controller/install.log'\n"}
[0.780563] (controller) CommandEnded: {'returncode': 0}
[0.801804] (-) TimerEvent: {}
[0.803388] (controller) JobEnded: {'identifier': 'controller', 'rc': 0}
[0.804204] (-) EventReactorShutdown: {}
