[0.000000] (-) TimerEvent: {}
[0.001417] (controller) JobQueued: {'identifier': 'controller', 'dependencies': OrderedDict()}
[0.001475] (controller) JobStarted: {'identifier': 'controller'}
[0.098881] (-) TimerEvent: {}
[0.199386] (-) TimerEvent: {}
[0.299862] (-) TimerEvent: {}
[0.316001] (controller) Command: {'cmd': ['/usr/bin/python3', 'setup.py', 'egg_info', '--egg-base', '../../build/controller', 'build', '--build-base', '/home/ghost/Desktop/dev_ws/build/controller/build', 'install', '--prefix', '/home/ghost/Desktop/dev_ws/install/controller', '--record', '/home/ghost/Desktop/dev_ws/build/controller/install.log', '--single-version-externally-managed'], 'cwd': '/home/ghost/Desktop/dev_ws/src/controller', 'env': {'SUDO_GID': '1000', 'MAIL': '/var/mail/root', 'LANGUAGE': 'en_IN:en', 'USER': 'root', 'HOME': '/root', 'COLORTERM': 'truecolor', 'SUDO_UID': '1000', 'LOGNAME': 'root', 'TERM': 'xterm-256color', 'PATH': '/usr/local/sbin:/usr/local/bin:/usr/sbin:/usr/bin:/sbin:/bin:/snap/bin', 'DISPLAY': ':0', 'LANG': 'en_US.UTF-8', 'XAUTHORITY': '/run/user/1000/gdm/Xauthority', 'SUDO_COMMAND': '/usr/bin/colcon build', 'SHELL': '/bin/bash', 'SUDO_USER': 'ghost', 'LC_ALL': 'en_US.UTF-8', 'PWD': '/home/ghost/Desktop/dev_ws/build/controller', 'COLCON': '1', 'PYTHONPATH': '/home/ghost/Desktop/dev_ws/install/controller/lib/python3.8/site-packages:'}, 'shell': False}
[0.400892] (-) TimerEvent: {}
[0.501455] (-) TimerEvent: {}
[0.602220] (-) TimerEvent: {}
[0.642477] (controller) StdoutLine: {'line': b'running egg_info\n'}
[0.643483] (controller) StdoutLine: {'line': b'writing ../../build/controller/controller.egg-info/PKG-INFO\n'}
[0.644302] (controller) StdoutLine: {'line': b'writing dependency_links to ../../build/controller/controller.egg-info/dependency_links.txt\n'}
[0.644507] (controller) StdoutLine: {'line': b'writing entry points to ../../build/controller/controller.egg-info/entry_points.txt\n'}
[0.644964] (controller) StdoutLine: {'line': b'writing requirements to ../../build/controller/controller.egg-info/requires.txt\n'}
[0.645230] (controller) StdoutLine: {'line': b'writing top-level names to ../../build/controller/controller.egg-info/top_level.txt\n'}
[0.702377] (-) TimerEvent: {}
[0.709707] (controller) StdoutLine: {'line': b"reading manifest file '../../build/controller/controller.egg-info/SOURCES.txt'\n"}
[0.710981] (controller) StdoutLine: {'line': b"writing manifest file '../../build/controller/controller.egg-info/SOURCES.txt'\n"}
[0.711405] (controller) StdoutLine: {'line': b'running build\n'}
[0.711538] (controller) StdoutLine: {'line': b'running build_py\n'}
[0.711999] (controller) StdoutLine: {'line': b'copying controller/main.py -> /home/ghost/Desktop/dev_ws/build/controller/build/lib/controller\n'}
[0.712635] (controller) StdoutLine: {'line': b'running install\n'}
[0.714862] (controller) StdoutLine: {'line': b'running install_lib\n'}
[0.716867] (controller) StdoutLine: {'line': b'copying /home/ghost/Desktop/dev_ws/build/controller/build/lib/controller/main.py -> /home/ghost/Desktop/dev_ws/install/controller/lib/python3.8/site-packages/controller\n'}
[0.718335] (controller) StdoutLine: {'line': b'byte-compiling /home/ghost/Desktop/dev_ws/install/controller/lib/python3.8/site-packages/controller/main.py to main.cpython-38.pyc\n'}
[0.721334] (controller) StdoutLine: {'line': b'running install_data\n'}
[0.722215] (controller) StdoutLine: {'line': b'running install_egg_info\n'}
[0.725358] (controller) StdoutLine: {'line': b"removing '/home/ghost/Desktop/dev_ws/install/controller/lib/python3.8/site-packages/controller-0.0.1-py3.8.egg-info' (and everything under it)\n"}
[0.725836] (controller) StdoutLine: {'line': b'Copying ../../build/controller/controller.egg-info to /home/ghost/Desktop/dev_ws/install/controller/lib/python3.8/site-packages/controller-0.0.1-py3.8.egg-info\n'}
[0.728475] (controller) StdoutLine: {'line': b'running install_scripts\n'}
[0.750806] (controller) StdoutLine: {'line': b'Installing controller script to /home/ghost/Desktop/dev_ws/install/controller/lib/controller\n'}
[0.751630] (controller) StdoutLine: {'line': b"writing list of installed files to '/home/ghost/Desktop/dev_ws/build/controller/install.log'\n"}
[0.786766] (controller) CommandEnded: {'returncode': 0}
[0.802546] (-) TimerEvent: {}
[0.804548] (controller) JobEnded: {'identifier': 'controller', 'rc': 0}
[0.805745] (-) EventReactorShutdown: {}
