[0.185s] Invoking command in '/home/ghost/Desktop/dev_ws/build/robot_communication_interfaces': /usr/bin/cmake --build /home/ghost/Desktop/dev_ws/build/robot_communication_interfaces -- -j4 -l4
[0.250s] [ 10%] Built target robot_communication_interfaces__rosidl_generator_c
[0.252s] [ 12%] Built target robot_communication_interfaces__cpp
[0.281s] [ 23%] Built target robot_communication_interfaces__rosidl_typesupport_introspection_cpp
[0.299s] [ 33%] Built target robot_communication_interfaces__rosidl_typesupport_c
[0.311s] [ 43%] Built target robot_communication_interfaces__rosidl_typesupport_introspection_c
[0.313s] [ 53%] Built target robot_communication_interfaces__rosidl_typesupport_cpp
[0.315s] [ 64%] Built target robot_communication_interfaces__rosidl_typesupport_fastrtps_cpp
[0.360s] [ 74%] Built target robot_communication_interfaces__rosidl_typesupport_fastrtps_c
[0.386s] [ 74%] Built target robot_communication_interfaces
[0.422s] [ 76%] Built target robot_communication_interfaces__py
[0.461s] [ 84%] Built target robot_communication_interfaces__python
[0.497s] [ 89%] Built target robot_communication_interfaces__rosidl_typesupport_c__pyext
[0.502s] [ 94%] Built target robot_communication_interfaces__rosidl_typesupport_introspection_c__pyext
[0.509s] [100%] Built target robot_communication_interfaces__rosidl_typesupport_fastrtps_c__pyext
[0.545s] Invoked command in '/home/ghost/Desktop/dev_ws/build/robot_communication_interfaces' returned '0': /usr/bin/cmake --build /home/ghost/Desktop/dev_ws/build/robot_communication_interfaces -- -j4 -l4
[0.645s] Invoking command in '/home/ghost/Desktop/dev_ws/build/robot_communication_interfaces': /usr/bin/cmake --install /home/ghost/Desktop/dev_ws/build/robot_communication_interfaces
[0.658s] -- Install configuration: ""
[0.658s] -- Up-to-date: /home/ghost/Desktop/dev_ws/install/robot_communication_interfaces/share/ament_index/resource_index/rosidl_interfaces/robot_communication_interfaces
[0.658s] -- Up-to-date: /home/ghost/Desktop/dev_ws/install/robot_communication_interfaces/include/robot_communication_interfaces
[0.658s] -- Up-to-date: /home/ghost/Desktop/dev_ws/install/robot_communication_interfaces/include/robot_communication_interfaces/srv
[0.658s] -- Up-to-date: /home/ghost/Desktop/dev_ws/install/robot_communication_interfaces/include/robot_communication_interfaces/srv/communication_service.h
[0.661s] -- Up-to-date: /home/ghost/Desktop/dev_ws/install/robot_communication_interfaces/include/robot_communication_interfaces/srv/detail
[0.661s] -- Up-to-date: /home/ghost/Desktop/dev_ws/install/robot_communication_interfaces/include/robot_communication_interfaces/srv/detail/communication_service__struct.h
[0.662s] -- Up-to-date: /home/ghost/Desktop/dev_ws/install/robot_communication_interfaces/include/robot_communication_interfaces/srv/detail/communication_service__functions.c
[0.662s] -- Up-to-date: /home/ghost/Desktop/dev_ws/install/robot_communication_interfaces/include/robot_communication_interfaces/srv/detail/communication_service__type_support.h
[0.662s] -- Up-to-date: /home/ghost/Desktop/dev_ws/install/robot_communication_interfaces/include/robot_communication_interfaces/srv/detail/communication_service__functions.h
[0.662s] -- Up-to-date: /home/ghost/Desktop/dev_ws/install/robot_communication_interfaces/include/robot_communication_interfaces/msg
[0.662s] -- Up-to-date: /home/ghost/Desktop/dev_ws/install/robot_communication_interfaces/include/robot_communication_interfaces/msg/rosidl_generator_c__visibility_control.h
[0.662s] -- Up-to-date: /home/ghost/Desktop/dev_ws/install/robot_communication_interfaces/include/robot_communication_interfaces/msg/communication_message.h
[0.662s] -- Up-to-date: /home/ghost/Desktop/dev_ws/install/robot_communication_interfaces/include/robot_communication_interfaces/msg/detail
[0.662s] -- Up-to-date: /home/ghost/Desktop/dev_ws/install/robot_communication_interfaces/include/robot_communication_interfaces/msg/detail/communication_message__type_support.h
[0.662s] -- Up-to-date: /home/ghost/Desktop/dev_ws/install/robot_communication_interfaces/include/robot_communication_interfaces/msg/detail/communication_message__functions.h
[0.662s] -- Up-to-date: /home/ghost/Desktop/dev_ws/install/robot_communication_interfaces/include/robot_communication_interfaces/msg/detail/communication_message__struct.h
[0.663s] -- Up-to-date: /home/ghost/Desktop/dev_ws/install/robot_communication_interfaces/include/robot_communication_interfaces/msg/detail/communication_message__functions.c
[0.663s] -- Up-to-date: /home/ghost/Desktop/dev_ws/install/robot_communication_interfaces/share/robot_communication_interfaces/environment/library_path.sh
[0.663s] -- Up-to-date: /home/ghost/Desktop/dev_ws/install/robot_communication_interfaces/share/robot_communication_interfaces/environment/library_path.dsv
[0.663s] -- Up-to-date: /home/ghost/Desktop/dev_ws/install/robot_communication_interfaces/lib/librobot_communication_interfaces__rosidl_generator_c.so
[0.663s] -- Up-to-date: /home/ghost/Desktop/dev_ws/install/robot_communication_interfaces/include/robot_communication_interfaces
[0.663s] -- Up-to-date: /home/ghost/Desktop/dev_ws/install/robot_communication_interfaces/include/robot_communication_interfaces/srv
[0.663s] -- Up-to-date: /home/ghost/Desktop/dev_ws/install/robot_communication_interfaces/include/robot_communication_interfaces/srv/detail
[0.663s] -- Up-to-date: /home/ghost/Desktop/dev_ws/install/robot_communication_interfaces/include/robot_communication_interfaces/srv/detail/communication_service__rosidl_typesupport_fastrtps_c.h
[0.663s] -- Up-to-date: /home/ghost/Desktop/dev_ws/install/robot_communication_interfaces/include/robot_communication_interfaces/msg
[0.663s] -- Up-to-date: /home/ghost/Desktop/dev_ws/install/robot_communication_interfaces/include/robot_communication_interfaces/msg/rosidl_typesupport_fastrtps_c__visibility_control.h
[0.663s] -- Up-to-date: /home/ghost/Desktop/dev_ws/install/robot_communication_interfaces/include/robot_communication_interfaces/msg/detail
[0.664s] -- Up-to-date: /home/ghost/Desktop/dev_ws/install/robot_communication_interfaces/include/robot_communication_interfaces/msg/detail/communication_message__rosidl_typesupport_fastrtps_c.h
[0.664s] -- Up-to-date: /home/ghost/Desktop/dev_ws/install/robot_communication_interfaces/lib/librobot_communication_interfaces__rosidl_typesupport_fastrtps_c.so
[0.664s] -- Up-to-date: /home/ghost/Desktop/dev_ws/install/robot_communication_interfaces/include/robot_communication_interfaces
[0.664s] -- Up-to-date: /home/ghost/Desktop/dev_ws/install/robot_communication_interfaces/include/robot_communication_interfaces/srv
[0.664s] -- Up-to-date: /home/ghost/Desktop/dev_ws/install/robot_communication_interfaces/include/robot_communication_interfaces/srv/detail
[0.664s] -- Up-to-date: /home/ghost/Desktop/dev_ws/install/robot_communication_interfaces/include/robot_communication_interfaces/srv/detail/dds_fastrtps
[0.664s] -- Up-to-date: /home/ghost/Desktop/dev_ws/install/robot_communication_interfaces/include/robot_communication_interfaces/srv/detail/communication_service__rosidl_typesupport_fastrtps_cpp.hpp
[0.664s] -- Up-to-date: /home/ghost/Desktop/dev_ws/install/robot_communication_interfaces/include/robot_communication_interfaces/msg
[0.665s] -- Up-to-date: /home/ghost/Desktop/dev_ws/install/robot_communication_interfaces/include/robot_communication_interfaces/msg/detail
[0.665s] -- Up-to-date: /home/ghost/Desktop/dev_ws/install/robot_communication_interfaces/include/robot_communication_interfaces/msg/detail/dds_fastrtps
[0.665s] -- Up-to-date: /home/ghost/Desktop/dev_ws/install/robot_communication_interfaces/include/robot_communication_interfaces/msg/detail/communication_message__rosidl_typesupport_fastrtps_cpp.hpp
[0.665s] -- Up-to-date: /home/ghost/Desktop/dev_ws/install/robot_communication_interfaces/include/robot_communication_interfaces/msg/rosidl_typesupport_fastrtps_cpp__visibility_control.h
[0.665s] -- Up-to-date: /home/ghost/Desktop/dev_ws/install/robot_communication_interfaces/lib/librobot_communication_interfaces__rosidl_typesupport_fastrtps_cpp.so
[0.665s] -- Up-to-date: /home/ghost/Desktop/dev_ws/install/robot_communication_interfaces/include/robot_communication_interfaces
[0.665s] -- Up-to-date: /home/ghost/Desktop/dev_ws/install/robot_communication_interfaces/include/robot_communication_interfaces/srv
[0.665s] -- Up-to-date: /home/ghost/Desktop/dev_ws/install/robot_communication_interfaces/include/robot_communication_interfaces/srv/detail
[0.666s] -- Up-to-date: /home/ghost/Desktop/dev_ws/install/robot_communication_interfaces/include/robot_communication_interfaces/srv/detail/communication_service__rosidl_typesupport_introspection_c.h
[0.666s] -- Up-to-date: /home/ghost/Desktop/dev_ws/install/robot_communication_interfaces/include/robot_communication_interfaces/srv/detail/communication_service__type_support.c
[0.666s] -- Up-to-date: /home/ghost/Desktop/dev_ws/install/robot_communication_interfaces/include/robot_communication_interfaces/msg
[0.666s] -- Up-to-date: /home/ghost/Desktop/dev_ws/install/robot_communication_interfaces/include/robot_communication_interfaces/msg/detail
[0.666s] -- Up-to-date: /home/ghost/Desktop/dev_ws/install/robot_communication_interfaces/include/robot_communication_interfaces/msg/detail/communication_message__rosidl_typesupport_introspection_c.h
[0.666s] -- Up-to-date: /home/ghost/Desktop/dev_ws/install/robot_communication_interfaces/include/robot_communication_interfaces/msg/detail/communication_message__type_support.c
[0.666s] -- Up-to-date: /home/ghost/Desktop/dev_ws/install/robot_communication_interfaces/include/robot_communication_interfaces/msg/rosidl_typesupport_introspection_c__visibility_control.h
[0.666s] -- Up-to-date: /home/ghost/Desktop/dev_ws/install/robot_communication_interfaces/lib/librobot_communication_interfaces__rosidl_typesupport_introspection_c.so
[0.666s] -- Up-to-date: /home/ghost/Desktop/dev_ws/install/robot_communication_interfaces/lib/librobot_communication_interfaces__rosidl_typesupport_c.so
[0.666s] -- Up-to-date: /home/ghost/Desktop/dev_ws/install/robot_communication_interfaces/include/robot_communication_interfaces
[0.666s] -- Up-to-date: /home/ghost/Desktop/dev_ws/install/robot_communication_interfaces/include/robot_communication_interfaces/srv
[0.667s] -- Up-to-date: /home/ghost/Desktop/dev_ws/install/robot_communication_interfaces/include/robot_communication_interfaces/srv/communication_service.hpp
[0.667s] -- Up-to-date: /home/ghost/Desktop/dev_ws/install/robot_communication_interfaces/include/robot_communication_interfaces/srv/detail
[0.667s] -- Up-to-date: /home/ghost/Desktop/dev_ws/install/robot_communication_interfaces/include/robot_communication_interfaces/srv/detail/communication_service__traits.hpp
[0.667s] -- Up-to-date: /home/ghost/Desktop/dev_ws/install/robot_communication_interfaces/include/robot_communication_interfaces/srv/detail/communication_service__struct.hpp
[0.667s] -- Up-to-date: /home/ghost/Desktop/dev_ws/install/robot_communication_interfaces/include/robot_communication_interfaces/srv/detail/communication_service__builder.hpp
[0.667s] -- Up-to-date: /home/ghost/Desktop/dev_ws/install/robot_communication_interfaces/include/robot_communication_interfaces/msg
[0.667s] -- Up-to-date: /home/ghost/Desktop/dev_ws/install/robot_communication_interfaces/include/robot_communication_interfaces/msg/detail
[0.667s] -- Up-to-date: /home/ghost/Desktop/dev_ws/install/robot_communication_interfaces/include/robot_communication_interfaces/msg/detail/communication_message__builder.hpp
[0.668s] -- Up-to-date: /home/ghost/Desktop/dev_ws/install/robot_communication_interfaces/include/robot_communication_interfaces/msg/detail/communication_message__traits.hpp
[0.668s] -- Up-to-date: /home/ghost/Desktop/dev_ws/install/robot_communication_interfaces/include/robot_communication_interfaces/msg/detail/communication_message__struct.hpp
[0.668s] -- Up-to-date: /home/ghost/Desktop/dev_ws/install/robot_communication_interfaces/include/robot_communication_interfaces/msg/communication_message.hpp
[0.668s] -- Up-to-date: /home/ghost/Desktop/dev_ws/install/robot_communication_interfaces/include/robot_communication_interfaces
[0.668s] -- Up-to-date: /home/ghost/Desktop/dev_ws/install/robot_communication_interfaces/include/robot_communication_interfaces/srv
[0.668s] -- Up-to-date: /home/ghost/Desktop/dev_ws/install/robot_communication_interfaces/include/robot_communication_interfaces/srv/detail
[0.668s] -- Up-to-date: /home/ghost/Desktop/dev_ws/install/robot_communication_interfaces/include/robot_communication_interfaces/srv/detail/communication_service__rosidl_typesupport_introspection_cpp.hpp
[0.668s] -- Up-to-date: /home/ghost/Desktop/dev_ws/install/robot_communication_interfaces/include/robot_communication_interfaces/srv/detail/communication_service__type_support.cpp
[0.668s] -- Up-to-date: /home/ghost/Desktop/dev_ws/install/robot_communication_interfaces/include/robot_communication_interfaces/msg
[0.668s] -- Up-to-date: /home/ghost/Desktop/dev_ws/install/robot_communication_interfaces/include/robot_communication_interfaces/msg/detail
[0.668s] -- Up-to-date: /home/ghost/Desktop/dev_ws/install/robot_communication_interfaces/include/robot_communication_interfaces/msg/detail/communication_message__rosidl_typesupport_introspection_cpp.hpp
[0.669s] -- Up-to-date: /home/ghost/Desktop/dev_ws/install/robot_communication_interfaces/include/robot_communication_interfaces/msg/detail/communication_message__type_support.cpp
[0.669s] -- Up-to-date: /home/ghost/Desktop/dev_ws/install/robot_communication_interfaces/lib/librobot_communication_interfaces__rosidl_typesupport_introspection_cpp.so
[0.669s] -- Up-to-date: /home/ghost/Desktop/dev_ws/install/robot_communication_interfaces/lib/librobot_communication_interfaces__rosidl_typesupport_cpp.so
[0.669s] -- Up-to-date: /home/ghost/Desktop/dev_ws/install/robot_communication_interfaces/share/robot_communication_interfaces/environment/pythonpath.sh
[0.669s] -- Up-to-date: /home/ghost/Desktop/dev_ws/install/robot_communication_interfaces/share/robot_communication_interfaces/environment/pythonpath.dsv
[0.669s] -- Up-to-date: /home/ghost/Desktop/dev_ws/install/robot_communication_interfaces/lib/python3.8/site-packages/robot_communication_interfaces/__init__.py
[0.709s] -- Up-to-date: /home/ghost/Desktop/dev_ws/install/robot_communication_interfaces/lib/python3.8/site-packages/robot_communication_interfaces/msg
[0.709s] -- Up-to-date: /home/ghost/Desktop/dev_ws/install/robot_communication_interfaces/lib/python3.8/site-packages/robot_communication_interfaces/msg/__init__.py
[0.709s] -- Up-to-date: /home/ghost/Desktop/dev_ws/install/robot_communication_interfaces/lib/python3.8/site-packages/robot_communication_interfaces/msg/_communication_message_s.c
[0.710s] -- Up-to-date: /home/ghost/Desktop/dev_ws/install/robot_communication_interfaces/lib/python3.8/site-packages/robot_communication_interfaces/msg/_communication_message.py
[0.710s] -- Up-to-date: /home/ghost/Desktop/dev_ws/install/robot_communication_interfaces/lib/python3.8/site-packages/robot_communication_interfaces/srv
[0.710s] -- Up-to-date: /home/ghost/Desktop/dev_ws/install/robot_communication_interfaces/lib/python3.8/site-packages/robot_communication_interfaces/srv/__init__.py
[0.710s] -- Up-to-date: /home/ghost/Desktop/dev_ws/install/robot_communication_interfaces/lib/python3.8/site-packages/robot_communication_interfaces/srv/_communication_service.py
[0.710s] -- Up-to-date: /home/ghost/Desktop/dev_ws/install/robot_communication_interfaces/lib/python3.8/site-packages/robot_communication_interfaces/srv/_communication_service_s.c
[0.711s] -- Up-to-date: /home/ghost/Desktop/dev_ws/install/robot_communication_interfaces/lib/python3.8/site-packages/robot_communication_interfaces/robot_communication_interfaces_s__rosidl_typesupport_fastrtps_c.cpython-38-x86_64-linux-gnu.so
[0.711s] -- Up-to-date: /home/ghost/Desktop/dev_ws/install/robot_communication_interfaces/lib/python3.8/site-packages/robot_communication_interfaces/robot_communication_interfaces_s__rosidl_typesupport_introspection_c.cpython-38-x86_64-linux-gnu.so
[0.712s] -- Up-to-date: /home/ghost/Desktop/dev_ws/install/robot_communication_interfaces/lib/python3.8/site-packages/robot_communication_interfaces/robot_communication_interfaces_s__rosidl_typesupport_c.cpython-38-x86_64-linux-gnu.so
[0.713s] -- Up-to-date: /home/ghost/Desktop/dev_ws/install/robot_communication_interfaces/lib/librobot_communication_interfaces__python.so
[0.713s] -- Up-to-date: /home/ghost/Desktop/dev_ws/install/robot_communication_interfaces/share/robot_communication_interfaces/msg/CommunicationMessage.idl
[0.714s] -- Up-to-date: /home/ghost/Desktop/dev_ws/install/robot_communication_interfaces/share/robot_communication_interfaces/srv/CommunicationService.idl
[0.714s] -- Up-to-date: /home/ghost/Desktop/dev_ws/install/robot_communication_interfaces/share/robot_communication_interfaces/msg/CommunicationMessage.msg
[0.714s] -- Up-to-date: /home/ghost/Desktop/dev_ws/install/robot_communication_interfaces/share/robot_communication_interfaces/srv/CommunicationService.srv
[0.714s] -- Up-to-date: /home/ghost/Desktop/dev_ws/install/robot_communication_interfaces/share/robot_communication_interfaces/srv/CommunicationService_Request.msg
[0.714s] -- Up-to-date: /home/ghost/Desktop/dev_ws/install/robot_communication_interfaces/share/robot_communication_interfaces/srv/CommunicationService_Response.msg
[0.714s] -- Up-to-date: /home/ghost/Desktop/dev_ws/install/robot_communication_interfaces/share/ament_index/resource_index/package_run_dependencies/robot_communication_interfaces
[0.715s] -- Up-to-date: /home/ghost/Desktop/dev_ws/install/robot_communication_interfaces/share/ament_index/resource_index/parent_prefix_path/robot_communication_interfaces
[0.715s] -- Up-to-date: /home/ghost/Desktop/dev_ws/install/robot_communication_interfaces/share/robot_communication_interfaces/environment/ament_prefix_path.sh
[0.715s] -- Up-to-date: /home/ghost/Desktop/dev_ws/install/robot_communication_interfaces/share/robot_communication_interfaces/environment/ament_prefix_path.dsv
[0.715s] -- Up-to-date: /home/ghost/Desktop/dev_ws/install/robot_communication_interfaces/share/robot_communication_interfaces/environment/path.sh
[0.715s] -- Up-to-date: /home/ghost/Desktop/dev_ws/install/robot_communication_interfaces/share/robot_communication_interfaces/environment/path.dsv
[0.715s] -- Up-to-date: /home/ghost/Desktop/dev_ws/install/robot_communication_interfaces/share/robot_communication_interfaces/local_setup.bash
[0.716s] -- Up-to-date: /home/ghost/Desktop/dev_ws/install/robot_communication_interfaces/share/robot_communication_interfaces/local_setup.sh
[0.716s] -- Up-to-date: /home/ghost/Desktop/dev_ws/install/robot_communication_interfaces/share/robot_communication_interfaces/local_setup.zsh
[0.716s] -- Up-to-date: /home/ghost/Desktop/dev_ws/install/robot_communication_interfaces/share/robot_communication_interfaces/local_setup.dsv
[0.716s] -- Installing: /home/ghost/Desktop/dev_ws/install/robot_communication_interfaces/share/robot_communication_interfaces/package.dsv
[0.716s] -- Up-to-date: /home/ghost/Desktop/dev_ws/install/robot_communication_interfaces/share/ament_index/resource_index/packages/robot_communication_interfaces
[0.717s] -- Up-to-date: /home/ghost/Desktop/dev_ws/install/robot_communication_interfaces/share/robot_communication_interfaces/cmake/robot_communication_interfaces__rosidl_generator_cExport.cmake
[0.717s] -- Up-to-date: /home/ghost/Desktop/dev_ws/install/robot_communication_interfaces/share/robot_communication_interfaces/cmake/robot_communication_interfaces__rosidl_generator_cExport-noconfig.cmake
[0.717s] -- Up-to-date: /home/ghost/Desktop/dev_ws/install/robot_communication_interfaces/share/robot_communication_interfaces/cmake/robot_communication_interfaces__rosidl_typesupport_introspection_cExport.cmake
[0.717s] -- Up-to-date: /home/ghost/Desktop/dev_ws/install/robot_communication_interfaces/share/robot_communication_interfaces/cmake/robot_communication_interfaces__rosidl_typesupport_introspection_cExport-noconfig.cmake
[0.717s] -- Up-to-date: /home/ghost/Desktop/dev_ws/install/robot_communication_interfaces/share/robot_communication_interfaces/cmake/robot_communication_interfaces__rosidl_typesupport_cExport.cmake
[0.718s] -- Up-to-date: /home/ghost/Desktop/dev_ws/install/robot_communication_interfaces/share/robot_communication_interfaces/cmake/robot_communication_interfaces__rosidl_typesupport_cExport-noconfig.cmake
[0.718s] -- Up-to-date: /home/ghost/Desktop/dev_ws/install/robot_communication_interfaces/share/robot_communication_interfaces/cmake/robot_communication_interfaces__rosidl_generator_cppExport.cmake
[0.718s] -- Up-to-date: /home/ghost/Desktop/dev_ws/install/robot_communication_interfaces/share/robot_communication_interfaces/cmake/robot_communication_interfaces__rosidl_typesupport_introspection_cppExport.cmake
[0.719s] -- Up-to-date: /home/ghost/Desktop/dev_ws/install/robot_communication_interfaces/share/robot_communication_interfaces/cmake/robot_communication_interfaces__rosidl_typesupport_introspection_cppExport-noconfig.cmake
[0.719s] -- Up-to-date: /home/ghost/Desktop/dev_ws/install/robot_communication_interfaces/share/robot_communication_interfaces/cmake/robot_communication_interfaces__rosidl_typesupport_cppExport.cmake
[0.719s] -- Up-to-date: /home/ghost/Desktop/dev_ws/install/robot_communication_interfaces/share/robot_communication_interfaces/cmake/robot_communication_interfaces__rosidl_typesupport_cppExport-noconfig.cmake
[0.719s] -- Up-to-date: /home/ghost/Desktop/dev_ws/install/robot_communication_interfaces/share/robot_communication_interfaces/cmake/rosidl_cmake-extras.cmake
[0.720s] -- Up-to-date: /home/ghost/Desktop/dev_ws/install/robot_communication_interfaces/share/robot_communication_interfaces/cmake/ament_cmake_export_dependencies-extras.cmake
[0.720s] -- Up-to-date: /home/ghost/Desktop/dev_ws/install/robot_communication_interfaces/share/robot_communication_interfaces/cmake/ament_cmake_export_libraries-extras.cmake
[0.720s] -- Up-to-date: /home/ghost/Desktop/dev_ws/install/robot_communication_interfaces/share/robot_communication_interfaces/cmake/ament_cmake_export_targets-extras.cmake
[0.720s] -- Up-to-date: /home/ghost/Desktop/dev_ws/install/robot_communication_interfaces/share/robot_communication_interfaces/cmake/ament_cmake_export_include_directories-extras.cmake
[0.720s] -- Up-to-date: /home/ghost/Desktop/dev_ws/install/robot_communication_interfaces/share/robot_communication_interfaces/cmake/rosidl_cmake_export_typesupport_libraries-extras.cmake
[0.721s] -- Up-to-date: /home/ghost/Desktop/dev_ws/install/robot_communication_interfaces/share/robot_communication_interfaces/cmake/rosidl_cmake_export_typesupport_targets-extras.cmake
[0.721s] -- Up-to-date: /home/ghost/Desktop/dev_ws/install/robot_communication_interfaces/share/robot_communication_interfaces/cmake/robot_communication_interfacesConfig.cmake
[0.721s] -- Up-to-date: /home/ghost/Desktop/dev_ws/install/robot_communication_interfaces/share/robot_communication_interfaces/cmake/robot_communication_interfacesConfig-version.cmake
[0.721s] -- Up-to-date: /home/ghost/Desktop/dev_ws/install/robot_communication_interfaces/share/robot_communication_interfaces/package.xml
[0.727s] Invoked command in '/home/ghost/Desktop/dev_ws/build/robot_communication_interfaces' returned '0': /usr/bin/cmake --install /home/ghost/Desktop/dev_ws/build/robot_communication_interfaces
