[0.465s] Invoking command in '/home/ghost/Desktop/dev_ws/src/controller': PYTHONPATH=/home/ghost/Desktop/dev_ws/install/controller/lib/python3.8/site-packages: /usr/bin/python3 setup.py egg_info --egg-base ../../build/controller build --build-base /home/ghost/Desktop/dev_ws/build/controller/build install --prefix /home/ghost/Desktop/dev_ws/install/controller --record /home/ghost/Desktop/dev_ws/build/controller/install.log --single-version-externally-managed
[1.177s] running egg_info
[1.178s] writing ../../build/controller/controller.egg-info/PKG-INFO
[1.180s] writing dependency_links to ../../build/controller/controller.egg-info/dependency_links.txt
[1.180s] writing entry points to ../../build/controller/controller.egg-info/entry_points.txt
[1.181s] writing requirements to ../../build/controller/controller.egg-info/requires.txt
[1.182s] writing top-level names to ../../build/controller/controller.egg-info/top_level.txt
[1.326s] reading manifest file '../../build/controller/controller.egg-info/SOURCES.txt'
[1.330s] writing manifest file '../../build/controller/controller.egg-info/SOURCES.txt'
[1.331s] running build
[1.331s] running build_py
[1.334s] copying controller/coordination.py -> /home/ghost/Desktop/dev_ws/build/controller/build/lib/controller
[1.336s] running install
[1.339s] running install_lib
[1.345s] copying /home/ghost/Desktop/dev_ws/build/controller/build/lib/controller/coordination.py -> /home/ghost/Desktop/dev_ws/install/controller/lib/python3.8/site-packages/controller
[1.348s] byte-compiling /home/ghost/Desktop/dev_ws/install/controller/lib/python3.8/site-packages/controller/coordination.py to coordination.cpython-38.pyc
[1.355s] running install_data
[1.357s] running install_egg_info
[1.364s] removing '/home/ghost/Desktop/dev_ws/install/controller/lib/python3.8/site-packages/controller-0.0.1-py3.8.egg-info' (and everything under it)
[1.365s] Copying ../../build/controller/controller.egg-info to /home/ghost/Desktop/dev_ws/install/controller/lib/python3.8/site-packages/controller-0.0.1-py3.8.egg-info
[1.367s] running install_scripts
[1.433s] Installing controller script to /home/ghost/Desktop/dev_ws/install/controller/lib/controller
[1.436s] writing list of installed files to '/home/ghost/Desktop/dev_ws/build/controller/install.log'
[1.501s] Invoked command in '/home/ghost/Desktop/dev_ws/src/controller' returned '0': PYTHONPATH=/home/ghost/Desktop/dev_ws/install/controller/lib/python3.8/site-packages: /usr/bin/python3 setup.py egg_info --egg-base ../../build/controller build --build-base /home/ghost/Desktop/dev_ws/build/controller/build install --prefix /home/ghost/Desktop/dev_ws/install/controller --record /home/ghost/Desktop/dev_ws/build/controller/install.log --single-version-externally-managed
