[0.000000] (-) TimerEvent: {}
[0.000140] (-) JobUnselected: {'identifier': 'robot_communication_interfaces'}
[0.000182] (controller) JobQueued: {'identifier': 'controller', 'dependencies': OrderedDict()}
[0.000205] (controller) JobStarted: {'identifier': 'controller'}
[0.098386] (-) TimerEvent: {}
[0.198930] (-) TimerEvent: {}
[0.220684] (controller) Command: {'cmd': ['/usr/bin/python3', 'setup.py', 'egg_info', '--egg-base', '../../build/controller', 'build', '--build-base', '/home/ghost/Desktop/dev_ws/build/controller/build', 'install', '--prefix', '/home/ghost/Desktop/dev_ws/install/controller', '--record', '/home/ghost/Desktop/dev_ws/build/controller/install.log', '--single-version-externally-managed'], 'cwd': '/home/ghost/Desktop/dev_ws/src/controller', 'env': {'SUDO_GID': '1000', 'MAIL': '/var/mail/root', 'LANGUAGE': 'en_IN:en', 'USER': 'root', 'HOME': '/root', 'COLORTERM': 'truecolor', 'SUDO_UID': '1000', 'LOGNAME': 'root', 'TERM': 'xterm-256color', 'PATH': '/usr/local/sbin:/usr/local/bin:/usr/sbin:/usr/bin:/sbin:/bin:/snap/bin', 'DISPLAY': ':0', 'LANG': 'en_US.UTF-8', 'XAUTHORITY': '/run/user/1000/gdm/Xauthority', 'SUDO_COMMAND': '/usr/bin/colcon build --packages-select controller', 'SHELL': '/bin/bash', 'SUDO_USER': 'ghost', 'LC_ALL': 'en_US.UTF-8', 'PWD': '/home/ghost/Desktop/dev_ws/build/controller', 'COLCON': '1', 'PYTHONPATH': '/home/ghost/Desktop/dev_ws/install/controller/lib/python3.8/site-packages:'}, 'shell': False}
[0.299092] (-) TimerEvent: {}
[0.399562] (-) TimerEvent: {}
[0.435464] (controller) StdoutLine: {'line': b'running egg_info\n'}
[0.436944] (controller) StdoutLine: {'line': b'writing ../../build/controller/controller.egg-info/PKG-INFO\n'}
[0.437097] (controller) StdoutLine: {'line': b'writing dependency_links to ../../build/controller/controller.egg-info/dependency_links.txt\n'}
[0.437203] (controller) StdoutLine: {'line': b'writing entry points to ../../build/controller/controller.egg-info/entry_points.txt\n'}
[0.437646] (controller) StdoutLine: {'line': b'writing requirements to ../../build/controller/controller.egg-info/requires.txt\n'}
[0.437776] (controller) StdoutLine: {'line': b'writing top-level names to ../../build/controller/controller.egg-info/top_level.txt\n'}
[0.483717] (controller) StdoutLine: {'line': b"reading manifest file '../../build/controller/controller.egg-info/SOURCES.txt'\n"}
[0.485625] (controller) StdoutLine: {'line': b"writing manifest file '../../build/controller/controller.egg-info/SOURCES.txt'\n"}
[0.485882] (controller) StdoutLine: {'line': b'running build\n'}
[0.485983] (controller) StdoutLine: {'line': b'running build_py\n'}
[0.486819] (controller) StdoutLine: {'line': b'copying controller/coco.py -> /home/ghost/Desktop/dev_ws/build/controller/build/lib/controller\n'}
[0.488380] (controller) StdoutLine: {'line': b'running install\n'}
[0.489857] (controller) StdoutLine: {'line': b'running install_lib\n'}
[0.491234] (controller) StdoutLine: {'line': b'copying /home/ghost/Desktop/dev_ws/build/controller/build/lib/controller/coco.py -> /home/ghost/Desktop/dev_ws/install/controller/lib/python3.8/site-packages/controller\n'}
[0.492752] (controller) StdoutLine: {'line': b'byte-compiling /home/ghost/Desktop/dev_ws/install/controller/lib/python3.8/site-packages/controller/coco.py to coco.cpython-38.pyc\n'}
[0.494320] (controller) StderrLine: {'line': b'  File "/home/ghost/Desktop/dev_ws/install/controller/lib/python3.8/site-packages/controller/coco.py", line 53\n'}
[0.494470] (controller) StderrLine: {'line': b'    def\n'}
[0.494555] (controller) StderrLine: {'line': b'       ^\n'}
[0.494653] (controller) StderrLine: {'line': b'SyntaxError: invalid syntax\n'}
[0.494731] (controller) StderrLine: {'line': b'\n'}
[0.495403] (controller) StdoutLine: {'line': b'running install_data\n'}
[0.496050] (controller) StdoutLine: {'line': b'running install_egg_info\n'}
[0.498172] (controller) StdoutLine: {'line': b"removing '/home/ghost/Desktop/dev_ws/install/controller/lib/python3.8/site-packages/controller-0.0.1-py3.8.egg-info' (and everything under it)\n"}
[0.498743] (controller) StdoutLine: {'line': b'Copying ../../build/controller/controller.egg-info to /home/ghost/Desktop/dev_ws/install/controller/lib/python3.8/site-packages/controller-0.0.1-py3.8.egg-info\n'}
[0.499683] (-) TimerEvent: {}
[0.500939] (controller) StdoutLine: {'line': b'running install_scripts\n'}
[0.520602] (controller) StdoutLine: {'line': b'Installing controller script to /home/ghost/Desktop/dev_ws/install/controller/lib/controller\n'}
[0.521751] (controller) StdoutLine: {'line': b"writing list of installed files to '/home/ghost/Desktop/dev_ws/build/controller/install.log'\n"}
[0.542861] (controller) CommandEnded: {'returncode': 0}
[0.556942] (controller) JobEnded: {'identifier': 'controller', 'rc': 0}
[0.557425] (-) EventReactorShutdown: {}
