[0.000000] (-) TimerEvent: {}
[0.002671] (-) JobUnselected: {'identifier': 'robot_communication_interfaces'}
[0.002744] (controller) JobQueued: {'identifier': 'controller', 'dependencies': OrderedDict()}
[0.002793] (controller) JobStarted: {'identifier': 'controller'}
[0.100287] (-) TimerEvent: {}
[0.200873] (-) TimerEvent: {}
[0.301246] (-) TimerEvent: {}
[0.377436] (controller) Command: {'cmd': ['/usr/bin/python3', 'setup.py', 'egg_info', '--egg-base', '../../build/controller', 'build', '--build-base', '/home/ghost/Desktop/dev_ws/build/controller/build', 'install', '--prefix', '/home/ghost/Desktop/dev_ws/install/controller', '--record', '/home/ghost/Desktop/dev_ws/build/controller/install.log', '--single-version-externally-managed'], 'cwd': '/home/ghost/Desktop/dev_ws/src/controller', 'env': {'SUDO_GID': '1000', 'MAIL': '/var/mail/root', 'LANGUAGE': 'en_IN:en', 'USER': 'root', 'HOME': '/root', 'COLORTERM': 'truecolor', 'SUDO_UID': '1000', 'LOGNAME': 'root', 'TERM': 'xterm-256color', 'PATH': '/usr/local/sbin:/usr/local/bin:/usr/sbin:/usr/bin:/sbin:/bin:/snap/bin', 'DISPLAY': ':0', 'LANG': 'en_US.UTF-8', 'XAUTHORITY': '/run/user/1000/gdm/Xauthority', 'SUDO_COMMAND': '/usr/bin/colcon build --packages-select controller', 'SHELL': '/bin/bash', 'SUDO_USER': 'ghost', 'LC_ALL': 'en_US.UTF-8', 'PWD': '/home/ghost/Desktop/dev_ws/build/controller', 'COLCON': '1', 'PYTHONPATH': '/home/ghost/Desktop/dev_ws/install/controller/lib/python3.8/site-packages:'}, 'shell': False}
[0.402053] (-) TimerEvent: {}
[0.502573] (-) TimerEvent: {}
[0.603227] (-) TimerEvent: {}
[0.703680] (-) TimerEvent: {}
[0.805654] (-) TimerEvent: {}
[0.834182] (controller) StdoutLine: {'line': b'running egg_info\n'}
[0.835363] (controller) StdoutLine: {'line': b'writing ../../build/controller/controller.egg-info/PKG-INFO\n'}
[0.835846] (controller) StdoutLine: {'line': b'writing dependency_links to ../../build/controller/controller.egg-info/dependency_links.txt\n'}
[0.836339] (controller) StdoutLine: {'line': b'writing entry points to ../../build/controller/controller.egg-info/entry_points.txt\n'}
[0.836847] (controller) StdoutLine: {'line': b'writing requirements to ../../build/controller/controller.egg-info/requires.txt\n'}
[0.837286] (controller) StdoutLine: {'line': b'writing top-level names to ../../build/controller/controller.egg-info/top_level.txt\n'}
[0.905831] (-) TimerEvent: {}
[0.936555] (controller) StdoutLine: {'line': b"reading manifest file '../../build/controller/controller.egg-info/SOURCES.txt'\n"}
[0.939818] (controller) StdoutLine: {'line': b"writing manifest file '../../build/controller/controller.egg-info/SOURCES.txt'\n"}
[0.940442] (controller) StdoutLine: {'line': b'running build\n'}
[0.940889] (controller) StdoutLine: {'line': b'running build_py\n'}
[0.944555] (controller) StdoutLine: {'line': b'running install\n'}
[0.946860] (controller) StdoutLine: {'line': b'running install_lib\n'}
[0.953000] (controller) StdoutLine: {'line': b'running install_data\n'}
[0.954119] (controller) StdoutLine: {'line': b'running install_egg_info\n'}
[0.958453] (controller) StdoutLine: {'line': b"removing '/home/ghost/Desktop/dev_ws/install/controller/lib/python3.8/site-packages/controller-0.0.1-py3.8.egg-info' (and everything under it)\n"}
[0.959003] (controller) StdoutLine: {'line': b'Copying ../../build/controller/controller.egg-info to /home/ghost/Desktop/dev_ws/install/controller/lib/python3.8/site-packages/controller-0.0.1-py3.8.egg-info\n'}
[0.961173] (controller) StdoutLine: {'line': b'running install_scripts\n'}
[1.006062] (-) TimerEvent: {}
[1.018698] (controller) StdoutLine: {'line': b'Installing controller script to /home/ghost/Desktop/dev_ws/install/controller/lib/controller\n'}
[1.020953] (controller) StdoutLine: {'line': b"writing list of installed files to '/home/ghost/Desktop/dev_ws/build/controller/install.log'\n"}
[1.081036] (controller) CommandEnded: {'returncode': 0}
[1.106534] (-) TimerEvent: {}
[1.134176] (controller) JobEnded: {'identifier': 'controller', 'rc': 0}
[1.135546] (-) EventReactorShutdown: {}
