[0.000000] (-) TimerEvent: {}
[0.004850] (-) JobUnselected: {'identifier': 'robot_communication_interfaces'}
[0.005228] (controller) JobQueued: {'identifier': 'controller', 'dependencies': OrderedDict()}
[0.005407] (controller) JobStarted: {'identifier': 'controller'}
[0.099189] (-) TimerEvent: {}
[0.201065] (-) TimerEvent: {}
[0.302343] (-) TimerEvent: {}
[0.403194] (-) TimerEvent: {}
[0.504136] (-) TimerEvent: {}
[0.605180] (-) TimerEvent: {}
[0.706370] (-) TimerEvent: {}
[0.806996] (-) TimerEvent: {}
[0.907733] (-) TimerEvent: {}
[1.008566] (-) TimerEvent: {}
[1.121031] (-) TimerEvent: {}
[1.146997] (controller) Command: {'cmd': ['/usr/bin/python3', 'setup.py', 'egg_info', '--egg-base', '../../build/controller', 'build', '--build-base', '/home/ghost/Desktop/dev_ws/build/controller/build', 'install', '--prefix', '/home/ghost/Desktop/dev_ws/install/controller', '--record', '/home/ghost/Desktop/dev_ws/build/controller/install.log', '--single-version-externally-managed'], 'cwd': '/home/ghost/Desktop/dev_ws/src/controller', 'env': {'SUDO_GID': '1000', 'MAIL': '/var/mail/root', 'LANGUAGE': 'en_IN:en', 'USER': 'root', 'HOME': '/root', 'COLORTERM': 'truecolor', 'SUDO_UID': '1000', 'LOGNAME': 'root', 'TERM': 'xterm-256color', 'PATH': '/usr/local/sbin:/usr/local/bin:/usr/sbin:/usr/bin:/sbin:/bin:/snap/bin', 'DISPLAY': ':0', 'LANG': 'en_US.UTF-8', 'XAUTHORITY': '/run/user/1000/gdm/Xauthority', 'SUDO_COMMAND': '/usr/bin/colcon build --packages-select controller', 'SHELL': '/bin/bash', 'SUDO_USER': 'ghost', 'LC_ALL': 'en_US.UTF-8', 'PWD': '/home/ghost/Desktop/dev_ws/build/controller', 'COLCON': '1', 'PYTHONPATH': '/home/ghost/Desktop/dev_ws/install/controller/lib/python3.8/site-packages:'}, 'shell': False}
[1.221510] (-) TimerEvent: {}
[1.322890] (-) TimerEvent: {}
[1.423692] (-) TimerEvent: {}
[1.524513] (-) TimerEvent: {}
[1.625299] (-) TimerEvent: {}
[1.726082] (-) TimerEvent: {}
[1.826995] (-) TimerEvent: {}
[1.928205] (-) TimerEvent: {}
[1.991374] (controller) StdoutLine: {'line': b'running egg_info\n'}
[1.992490] (controller) StdoutLine: {'line': b'writing ../../build/controller/controller.egg-info/PKG-INFO\n'}
[1.993046] (controller) StdoutLine: {'line': b'writing dependency_links to ../../build/controller/controller.egg-info/dependency_links.txt\n'}
[1.993517] (controller) StdoutLine: {'line': b'writing entry points to ../../build/controller/controller.egg-info/entry_points.txt\n'}
[1.998572] (controller) StdoutLine: {'line': b'writing requirements to ../../build/controller/controller.egg-info/requires.txt\n'}
[1.999089] (controller) StdoutLine: {'line': b'writing top-level names to ../../build/controller/controller.egg-info/top_level.txt\n'}
[2.028417] (-) TimerEvent: {}
[2.129182] (-) TimerEvent: {}
[2.144384] (controller) StdoutLine: {'line': b"reading manifest file '../../build/controller/controller.egg-info/SOURCES.txt'\n"}
[2.149000] (controller) StdoutLine: {'line': b"writing manifest file '../../build/controller/controller.egg-info/SOURCES.txt'\n"}
[2.149652] (controller) StdoutLine: {'line': b'running build\n'}
[2.149961] (controller) StdoutLine: {'line': b'running build_py\n'}
[2.153097] (controller) StdoutLine: {'line': b'copying controller/coordination.py -> /home/ghost/Desktop/dev_ws/build/controller/build/lib/controller\n'}
[2.164422] (controller) StdoutLine: {'line': b'running install\n'}
[2.164950] (controller) StdoutLine: {'line': b'running install_lib\n'}
[2.165377] (controller) StdoutLine: {'line': b'copying /home/ghost/Desktop/dev_ws/build/controller/build/lib/controller/coordination.py -> /home/ghost/Desktop/dev_ws/install/controller/lib/python3.8/site-packages/controller\n'}
[2.168174] (controller) StdoutLine: {'line': b'byte-compiling /home/ghost/Desktop/dev_ws/install/controller/lib/python3.8/site-packages/controller/coordination.py to coordination.cpython-38.pyc\n'}
[2.176206] (controller) StdoutLine: {'line': b'running install_data\n'}
[2.177609] (controller) StdoutLine: {'line': b'running install_egg_info\n'}
[2.183470] (controller) StdoutLine: {'line': b"removing '/home/ghost/Desktop/dev_ws/install/controller/lib/python3.8/site-packages/controller-0.0.1-py3.8.egg-info' (and everything under it)\n"}
[2.184588] (controller) StdoutLine: {'line': b'Copying ../../build/controller/controller.egg-info to /home/ghost/Desktop/dev_ws/install/controller/lib/python3.8/site-packages/controller-0.0.1-py3.8.egg-info\n'}
[2.187693] (controller) StdoutLine: {'line': b'running install_scripts\n'}
[2.229447] (-) TimerEvent: {}
[2.256005] (controller) StdoutLine: {'line': b'Installing controller script to /home/ghost/Desktop/dev_ws/install/controller/lib/controller\n'}
[2.259051] (controller) StdoutLine: {'line': b"writing list of installed files to '/home/ghost/Desktop/dev_ws/build/controller/install.log'\n"}
[2.330436] (controller) CommandEnded: {'returncode': 0}
[2.332138] (-) TimerEvent: {}
[2.378162] (controller) JobEnded: {'identifier': 'controller', 'rc': 0}
[2.379808] (-) EventReactorShutdown: {}
