running egg_info
writing ../../build/controller/controller.egg-info/PKG-INFO
writing dependency_links to ../../build/controller/controller.egg-info/dependency_links.txt
writing entry points to ../../build/controller/controller.egg-info/entry_points.txt
writing requirements to ../../build/controller/controller.egg-info/requires.txt
writing top-level names to ../../build/controller/controller.egg-info/top_level.txt
reading manifest file '../../build/controller/controller.egg-info/SOURCES.txt'
writing manifest file '../../build/controller/controller.egg-info/SOURCES.txt'
running build
running build_py
copying controller/communication.py -> /home/ghost/Desktop/dev_ws/build/controller/build/lib/controller
copying controller/global_communicator.py -> /home/ghost/Desktop/dev_ws/build/controller/build/lib/controller
copying controller/robot.py -> /home/ghost/Desktop/dev_ws/build/controller/build/lib/controller
copying controller/vector_clocks.py -> /home/ghost/Desktop/dev_ws/build/controller/build/lib/controller
copying controller/coordination.py -> /home/ghost/Desktop/dev_ws/build/controller/build/lib/controller
running install
running install_lib
copying /home/ghost/Desktop/dev_ws/build/controller/build/lib/controller/communication.py -> /home/ghost/Desktop/dev_ws/install/controller/lib/python3.8/site-packages/controller
copying /home/ghost/Desktop/dev_ws/build/controller/build/lib/controller/global_communicator.py -> /home/ghost/Desktop/dev_ws/install/controller/lib/python3.8/site-packages/controller
copying /home/ghost/Desktop/dev_ws/build/controller/build/lib/controller/robot.py -> /home/ghost/Desktop/dev_ws/install/controller/lib/python3.8/site-packages/controller
copying /home/ghost/Desktop/dev_ws/build/controller/build/lib/controller/vector_clocks.py -> /home/ghost/Desktop/dev_ws/install/controller/lib/python3.8/site-packages/controller
copying /home/ghost/Desktop/dev_ws/build/controller/build/lib/controller/coordination.py -> /home/ghost/Desktop/dev_ws/install/controller/lib/python3.8/site-packages/controller
byte-compiling /home/ghost/Desktop/dev_ws/install/controller/lib/python3.8/site-packages/controller/communication.py to communication.cpython-38.pyc
byte-compiling /home/ghost/Desktop/dev_ws/install/controller/lib/python3.8/site-packages/controller/global_communicator.py to global_communicator.cpython-38.pyc
byte-compiling /home/ghost/Desktop/dev_ws/install/controller/lib/python3.8/site-packages/controller/robot.py to robot.cpython-38.pyc
byte-compiling /home/ghost/Desktop/dev_ws/install/controller/lib/python3.8/site-packages/controller/vector_clocks.py to vector_clocks.cpython-38.pyc
byte-compiling /home/ghost/Desktop/dev_ws/install/controller/lib/python3.8/site-packages/controller/coordination.py to coordination.cpython-38.pyc
running install_data
running install_egg_info
removing '/home/ghost/Desktop/dev_ws/install/controller/lib/python3.8/site-packages/controller-0.0.1-py3.8.egg-info' (and everything under it)
Copying ../../build/controller/controller.egg-info to /home/ghost/Desktop/dev_ws/install/controller/lib/python3.8/site-packages/controller-0.0.1-py3.8.egg-info
running install_scripts
Installing controller script to /home/ghost/Desktop/dev_ws/install/controller/lib/controller
writing list of installed files to '/home/ghost/Desktop/dev_ws/build/controller/install.log'
