[0.345s] Invoking command in '/home/ghost/Desktop/dev_ws/src/controller': PYTHONPATH=/home/ghost/Desktop/dev_ws/install/controller/lib/python3.8/site-packages: /usr/bin/python3 setup.py egg_info --egg-base ../../build/controller build --build-base /home/ghost/Desktop/dev_ws/build/controller/build install --prefix /home/ghost/Desktop/dev_ws/install/controller --record /home/ghost/Desktop/dev_ws/build/controller/install.log --single-version-externally-managed
[0.625s] running egg_info
[0.626s] writing ../../build/controller/controller.egg-info/PKG-INFO
[0.626s] writing dependency_links to ../../build/controller/controller.egg-info/dependency_links.txt
[0.627s] writing entry points to ../../build/controller/controller.egg-info/entry_points.txt
[0.627s] writing requirements to ../../build/controller/controller.egg-info/requires.txt
[0.627s] writing top-level names to ../../build/controller/controller.egg-info/top_level.txt
[0.685s] reading manifest file '../../build/controller/controller.egg-info/SOURCES.txt'
[0.686s] writing manifest file '../../build/controller/controller.egg-info/SOURCES.txt'
[0.687s] running build
[0.687s] running build_py
[0.687s] copying controller/visualizer.py -> /home/ghost/Desktop/dev_ws/build/controller/build/lib/controller
[0.689s] running install
[0.690s] running install_lib
[0.694s] copying /home/ghost/Desktop/dev_ws/build/controller/build/lib/controller/visualizer.py -> /home/ghost/Desktop/dev_ws/install/controller/lib/python3.8/site-packages/controller
[0.695s] byte-compiling /home/ghost/Desktop/dev_ws/install/controller/lib/python3.8/site-packages/controller/visualizer.py to visualizer.cpython-38.pyc
[0.697s] running install_data
[0.697s] running install_egg_info
[0.700s] removing '/home/ghost/Desktop/dev_ws/install/controller/lib/python3.8/site-packages/controller-0.0.1-py3.8.egg-info' (and everything under it)
[0.701s] Copying ../../build/controller/controller.egg-info to /home/ghost/Desktop/dev_ws/install/controller/lib/python3.8/site-packages/controller-0.0.1-py3.8.egg-info
[0.703s] running install_scripts
[0.736s] Installing controller script to /home/ghost/Desktop/dev_ws/install/controller/lib/controller
[0.737s] writing list of installed files to '/home/ghost/Desktop/dev_ws/build/controller/install.log'
[0.772s] Invoked command in '/home/ghost/Desktop/dev_ws/src/controller' returned '0': PYTHONPATH=/home/ghost/Desktop/dev_ws/install/controller/lib/python3.8/site-packages: /usr/bin/python3 setup.py egg_info --egg-base ../../build/controller build --build-base /home/ghost/Desktop/dev_ws/build/controller/build install --prefix /home/ghost/Desktop/dev_ws/install/controller --record /home/ghost/Desktop/dev_ws/build/controller/install.log --single-version-externally-managed
