[0.000000] (-) TimerEvent: {}
[0.000374] (-) JobUnselected: {'identifier': 'robot_communication_interfaces'}
[0.000406] (controller) JobQueued: {'identifier': 'controller', 'dependencies': OrderedDict()}
[0.000427] (controller) JobStarted: {'identifier': 'controller'}
[0.098543] (-) TimerEvent: {}
[0.156452] (controller) Command: {'cmd': ['/usr/bin/python3', 'setup.py', 'egg_info', '--egg-base', '../../build/controller', 'build', '--build-base', '/home/ghost/Desktop/dev_ws/build/controller/build', 'install', '--prefix', '/home/ghost/Desktop/dev_ws/install/controller', '--record', '/home/ghost/Desktop/dev_ws/build/controller/install.log', '--single-version-externally-managed'], 'cwd': '/home/ghost/Desktop/dev_ws/src/controller', 'env': {'SUDO_GID': '1000', 'MAIL': '/var/mail/root', 'LANGUAGE': 'en_IN:en', 'USER': 'root', 'HOME': '/root', 'COLORTERM': 'truecolor', 'SUDO_UID': '1000', 'LOGNAME': 'root', 'TERM': 'xterm-256color', 'PATH': '/usr/local/sbin:/usr/local/bin:/usr/sbin:/usr/bin:/sbin:/bin:/snap/bin', 'DISPLAY': ':0', 'LANG': 'en_US.UTF-8', 'XAUTHORITY': '/run/user/1000/gdm/Xauthority', 'SUDO_COMMAND': '/usr/bin/colcon build --packages-select controller', 'SHELL': '/bin/bash', 'SUDO_USER': 'ghost', 'LC_ALL': 'en_US.UTF-8', 'PWD': '/home/ghost/Desktop/dev_ws/build/controller', 'COLCON': '1', 'PYTHONPATH': '/home/ghost/Desktop/dev_ws/install/controller/lib/python3.8/site-packages:'}, 'shell': False}
[0.198661] (-) TimerEvent: {}
[0.289410] (controller) StdoutLine: {'line': b'running egg_info\n'}
[0.289938] (controller) StdoutLine: {'line': b'writing ../../build/controller/controller.egg-info/PKG-INFO\n'}
[0.290206] (controller) StdoutLine: {'line': b'writing dependency_links to ../../build/controller/controller.egg-info/dependency_links.txt\n'}
[0.290297] (controller) StdoutLine: {'line': b'writing entry points to ../../build/controller/controller.egg-info/entry_points.txt\n'}
[0.290384] (controller) StdoutLine: {'line': b'writing requirements to ../../build/controller/controller.egg-info/requires.txt\n'}
[0.290503] (controller) StdoutLine: {'line': b'writing top-level names to ../../build/controller/controller.egg-info/top_level.txt\n'}
[0.298814] (-) TimerEvent: {}
[0.317861] (controller) StdoutLine: {'line': b"reading manifest file '../../build/controller/controller.egg-info/SOURCES.txt'\n"}
[0.318568] (controller) StdoutLine: {'line': b"writing manifest file '../../build/controller/controller.egg-info/SOURCES.txt'\n"}
[0.318763] (controller) StdoutLine: {'line': b'running build\n'}
[0.318818] (controller) StdoutLine: {'line': b'running build_py\n'}
[0.319096] (controller) StdoutLine: {'line': b'copying controller/global_communicator.py -> /home/ghost/Desktop/dev_ws/build/controller/build/lib/controller\n'}
[0.319836] (controller) StdoutLine: {'line': b'running install\n'}
[0.320464] (controller) StdoutLine: {'line': b'running install_lib\n'}
[0.321578] (controller) StdoutLine: {'line': b'copying /home/ghost/Desktop/dev_ws/build/controller/build/lib/controller/global_communicator.py -> /home/ghost/Desktop/dev_ws/install/controller/lib/python3.8/site-packages/controller\n'}
[0.323062] (controller) StdoutLine: {'line': b'byte-compiling /home/ghost/Desktop/dev_ws/install/controller/lib/python3.8/site-packages/controller/global_communicator.py to global_communicator.cpython-38.pyc\n'}
[0.324528] (controller) StdoutLine: {'line': b'running install_data\n'}
[0.324879] (controller) StdoutLine: {'line': b'running install_egg_info\n'}
[0.325956] (controller) StdoutLine: {'line': b"removing '/home/ghost/Desktop/dev_ws/install/controller/lib/python3.8/site-packages/controller-0.0.1-py3.8.egg-info' (and everything under it)\n"}
[0.326071] (controller) StdoutLine: {'line': b'Copying ../../build/controller/controller.egg-info to /home/ghost/Desktop/dev_ws/install/controller/lib/python3.8/site-packages/controller-0.0.1-py3.8.egg-info\n'}
[0.326785] (controller) StdoutLine: {'line': b'running install_scripts\n'}
[0.339610] (controller) StdoutLine: {'line': b'Installing controller script to /home/ghost/Desktop/dev_ws/install/controller/lib/controller\n'}
[0.340224] (controller) StdoutLine: {'line': b"writing list of installed files to '/home/ghost/Desktop/dev_ws/build/controller/install.log'\n"}
[0.355991] (controller) CommandEnded: {'returncode': 0}
[0.364892] (controller) JobEnded: {'identifier': 'controller', 'rc': 0}
[0.365543] (-) EventReactorShutdown: {}
