[0.000000] (-) TimerEvent: {}
[0.000334] (-) JobUnselected: {'identifier': 'robot_communication_interfaces'}
[0.000424] (controller) JobQueued: {'identifier': 'controller', 'dependencies': OrderedDict()}
[0.000484] (controller) JobStarted: {'identifier': 'controller'}
[0.098065] (-) TimerEvent: {}
[0.199038] (-) TimerEvent: {}
[0.299802] (-) TimerEvent: {}
[0.400541] (-) TimerEvent: {}
[0.501470] (-) TimerEvent: {}
[0.602600] (-) TimerEvent: {}
[0.703567] (-) TimerEvent: {}
[0.804516] (-) TimerEvent: {}
[0.902061] (controller) Command: {'cmd': ['/usr/bin/python3', 'setup.py', 'egg_info', '--egg-base', '../../build/controller', 'build', '--build-base', '/home/ghost/Desktop/dev_ws/build/controller/build', 'install', '--prefix', '/home/ghost/Desktop/dev_ws/install/controller', '--record', '/home/ghost/Desktop/dev_ws/build/controller/install.log', '--single-version-externally-managed'], 'cwd': '/home/ghost/Desktop/dev_ws/src/controller', 'env': {'SUDO_GID': '1000', 'MAIL': '/var/mail/root', 'LANGUAGE': 'en_IN:en', 'USER': 'root', 'HOME': '/root', 'COLORTERM': 'truecolor', 'SUDO_UID': '1000', 'LOGNAME': 'root', 'TERM': 'xterm-256color', 'PATH': '/usr/local/sbin:/usr/local/bin:/usr/sbin:/usr/bin:/sbin:/bin:/snap/bin', 'DISPLAY': ':0', 'LANG': 'en_US.UTF-8', 'XAUTHORITY': '/run/user/1000/gdm/Xauthority', 'SUDO_COMMAND': '/usr/bin/colcon build --packages-select controller', 'SHELL': '/bin/bash', 'SUDO_USER': 'ghost', 'LC_ALL': 'en_US.UTF-8', 'PWD': '/home/ghost/Desktop/dev_ws/build/controller', 'COLCON': '1', 'PYTHONPATH': '/home/ghost/Desktop/dev_ws/install/controller/lib/python3.8/site-packages:'}, 'shell': False}
[0.907488] (-) TimerEvent: {}
[1.018333] (-) TimerEvent: {}
[1.124488] (-) TimerEvent: {}
[1.225871] (-) TimerEvent: {}
[1.327086] (-) TimerEvent: {}
[1.428389] (-) TimerEvent: {}
[1.533529] (-) TimerEvent: {}
[1.634330] (-) TimerEvent: {}
[1.735550] (-) TimerEvent: {}
[1.836750] (-) TimerEvent: {}
[1.938622] (-) TimerEvent: {}
[2.039908] (-) TimerEvent: {}
[2.143194] (-) TimerEvent: {}
[2.244475] (-) TimerEvent: {}
[2.345972] (-) TimerEvent: {}
[2.446987] (-) TimerEvent: {}
[2.454860] (controller) StdoutLine: {'line': b'running egg_info\n'}
[2.457907] (controller) StdoutLine: {'line': b'writing ../../build/controller/controller.egg-info/PKG-INFO\n'}
[2.459788] (controller) StdoutLine: {'line': b'writing dependency_links to ../../build/controller/controller.egg-info/dependency_links.txt\n'}
[2.461448] (controller) StdoutLine: {'line': b'writing entry points to ../../build/controller/controller.egg-info/entry_points.txt\n'}
[2.462603] (controller) StdoutLine: {'line': b'writing requirements to ../../build/controller/controller.egg-info/requires.txt\n'}
[2.463654] (controller) StdoutLine: {'line': b'writing top-level names to ../../build/controller/controller.egg-info/top_level.txt\n'}
[2.547312] (-) TimerEvent: {}
[2.648427] (-) TimerEvent: {}
[2.750123] (-) TimerEvent: {}
[2.758697] (controller) StdoutLine: {'line': b"reading manifest file '../../build/controller/controller.egg-info/SOURCES.txt'\n"}
[2.766977] (controller) StdoutLine: {'line': b"writing manifest file '../../build/controller/controller.egg-info/SOURCES.txt'\n"}
[2.768808] (controller) StdoutLine: {'line': b'running build\n'}
[2.770193] (controller) StdoutLine: {'line': b'running build_py\n'}
[2.779384] (controller) StdoutLine: {'line': b'copying controller/coordination.py -> /home/ghost/Desktop/dev_ws/build/controller/build/lib/controller\n'}
[2.783742] (controller) StdoutLine: {'line': b'running install\n'}
[2.789723] (controller) StdoutLine: {'line': b'running install_lib\n'}
[2.799727] (controller) StdoutLine: {'line': b'copying /home/ghost/Desktop/dev_ws/build/controller/build/lib/controller/coordination.py -> /home/ghost/Desktop/dev_ws/install/controller/lib/python3.8/site-packages/controller\n'}
[2.806804] (controller) StdoutLine: {'line': b'byte-compiling /home/ghost/Desktop/dev_ws/install/controller/lib/python3.8/site-packages/controller/coordination.py to coordination.cpython-38.pyc\n'}
[2.821084] (controller) StdoutLine: {'line': b'running install_data\n'}
[2.824767] (controller) StdoutLine: {'line': b'running install_egg_info\n'}
[2.835606] (controller) StdoutLine: {'line': b"removing '/home/ghost/Desktop/dev_ws/install/controller/lib/python3.8/site-packages/controller-0.0.1-py3.8.egg-info' (and everything under it)\n"}
[2.839014] (controller) StdoutLine: {'line': b'Copying ../../build/controller/controller.egg-info to /home/ghost/Desktop/dev_ws/install/controller/lib/python3.8/site-packages/controller-0.0.1-py3.8.egg-info\n'}
[2.846400] (controller) StdoutLine: {'line': b'running install_scripts\n'}
[2.850362] (-) TimerEvent: {}
[2.951305] (-) TimerEvent: {}
[2.969854] (controller) StdoutLine: {'line': b'Installing controller script to /home/ghost/Desktop/dev_ws/install/controller/lib/controller\n'}
[2.976842] (controller) StdoutLine: {'line': b"writing list of installed files to '/home/ghost/Desktop/dev_ws/build/controller/install.log'\n"}
[3.051706] (-) TimerEvent: {}
[3.128824] (controller) CommandEnded: {'returncode': 0}
[3.155784] (-) TimerEvent: {}
[3.245490] (controller) JobEnded: {'identifier': 'controller', 'rc': 0}
[3.250774] (-) EventReactorShutdown: {}
