[0.906s] Invoking command in '/home/ghost/Desktop/dev_ws/src/controller': PYTHONPATH=/home/ghost/Desktop/dev_ws/install/controller/lib/python3.8/site-packages: /usr/bin/python3 setup.py egg_info --egg-base ../../build/controller build --build-base /home/ghost/Desktop/dev_ws/build/controller/build install --prefix /home/ghost/Desktop/dev_ws/install/controller --record /home/ghost/Desktop/dev_ws/build/controller/install.log --single-version-externally-managed
[2.455s] running egg_info
[2.458s] writing ../../build/controller/controller.egg-info/PKG-INFO
[2.460s] writing dependency_links to ../../build/controller/controller.egg-info/dependency_links.txt
[2.461s] writing entry points to ../../build/controller/controller.egg-info/entry_points.txt
[2.463s] writing requirements to ../../build/controller/controller.egg-info/requires.txt
[2.464s] writing top-level names to ../../build/controller/controller.egg-info/top_level.txt
[2.759s] reading manifest file '../../build/controller/controller.egg-info/SOURCES.txt'
[2.767s] writing manifest file '../../build/controller/controller.egg-info/SOURCES.txt'
[2.769s] running build
[2.770s] running build_py
[2.779s] copying controller/coordination.py -> /home/ghost/Desktop/dev_ws/build/controller/build/lib/controller
[2.784s] running install
[2.790s] running install_lib
[2.800s] copying /home/ghost/Desktop/dev_ws/build/controller/build/lib/controller/coordination.py -> /home/ghost/Desktop/dev_ws/install/controller/lib/python3.8/site-packages/controller
[2.807s] byte-compiling /home/ghost/Desktop/dev_ws/install/controller/lib/python3.8/site-packages/controller/coordination.py to coordination.cpython-38.pyc
[2.821s] running install_data
[2.825s] running install_egg_info
[2.836s] removing '/home/ghost/Desktop/dev_ws/install/controller/lib/python3.8/site-packages/controller-0.0.1-py3.8.egg-info' (and everything under it)
[2.839s] Copying ../../build/controller/controller.egg-info to /home/ghost/Desktop/dev_ws/install/controller/lib/python3.8/site-packages/controller-0.0.1-py3.8.egg-info
[2.846s] running install_scripts
[2.970s] Installing controller script to /home/ghost/Desktop/dev_ws/install/controller/lib/controller
[2.977s] writing list of installed files to '/home/ghost/Desktop/dev_ws/build/controller/install.log'
[3.130s] Invoked command in '/home/ghost/Desktop/dev_ws/src/controller' returned '0': PYTHONPATH=/home/ghost/Desktop/dev_ws/install/controller/lib/python3.8/site-packages: /usr/bin/python3 setup.py egg_info --egg-base ../../build/controller build --build-base /home/ghost/Desktop/dev_ws/build/controller/build install --prefix /home/ghost/Desktop/dev_ws/install/controller --record /home/ghost/Desktop/dev_ws/build/controller/install.log --single-version-externally-managed
