[  2%] Built target robot_communication_interfaces__cpp
[ 12%] Built target robot_communication_interfaces__rosidl_generator_c
[ 23%] Built target robot_communication_interfaces__rosidl_typesupport_fastrtps_cpp
[ 33%] Built target robot_communication_interfaces__rosidl_typesupport_cpp
[ 43%] Built target robot_communication_interfaces__rosidl_typesupport_introspection_cpp
[ 53%] Built target robot_communication_interfaces__rosidl_typesupport_introspection_c
[ 64%] Built target robot_communication_interfaces__rosidl_typesupport_fastrtps_c
[ 74%] Built target robot_communication_interfaces__rosidl_typesupport_c
[ 74%] Built target robot_communication_interfaces
[ 76%] Built target robot_communication_interfaces__py
[ 84%] Built target robot_communication_interfaces__python
[ 89%] Built target robot_communication_interfaces__rosidl_typesupport_introspection_c__pyext
[ 94%] Built target robot_communication_interfaces__rosidl_typesupport_c__pyext
[100%] Built target robot_communication_interfaces__rosidl_typesupport_fastrtps_c__pyext
-- Install configuration: ""
-- Up-to-date: /home/ghost/Desktop/dev_ws/install/robot_communication_interfaces/share/ament_index/resource_index/rosidl_interfaces/robot_communication_interfaces
-- Up-to-date: /home/ghost/Desktop/dev_ws/install/robot_communication_interfaces/include/robot_communication_interfaces
-- Up-to-date: /home/ghost/Desktop/dev_ws/install/robot_communication_interfaces/include/robot_communication_interfaces/srv
-- Up-to-date: /home/ghost/Desktop/dev_ws/install/robot_communication_interfaces/include/robot_communication_interfaces/srv/communication_service.h
-- Up-to-date: /home/ghost/Desktop/dev_ws/install/robot_communication_interfaces/include/robot_communication_interfaces/srv/detail
-- Up-to-date: /home/ghost/Desktop/dev_ws/install/robot_communication_interfaces/include/robot_communication_interfaces/srv/detail/communication_service__struct.h
-- Up-to-date: /home/ghost/Desktop/dev_ws/install/robot_communication_interfaces/include/robot_communication_interfaces/srv/detail/communication_service__functions.c
-- Up-to-date: /home/ghost/Desktop/dev_ws/install/robot_communication_interfaces/include/robot_communication_interfaces/srv/detail/communication_service__type_support.h
-- Up-to-date: /home/ghost/Desktop/dev_ws/install/robot_communication_interfaces/include/robot_communication_interfaces/srv/detail/communication_service__functions.h
-- Up-to-date: /home/ghost/Desktop/dev_ws/install/robot_communication_interfaces/include/robot_communication_interfaces/msg
-- Up-to-date: /home/ghost/Desktop/dev_ws/install/robot_communication_interfaces/include/robot_communication_interfaces/msg/rosidl_generator_c__visibility_control.h
-- Up-to-date: /home/ghost/Desktop/dev_ws/install/robot_communication_interfaces/include/robot_communication_interfaces/msg/communication_message.h
-- Up-to-date: /home/ghost/Desktop/dev_ws/install/robot_communication_interfaces/include/robot_communication_interfaces/msg/detail
-- Up-to-date: /home/ghost/Desktop/dev_ws/install/robot_communication_interfaces/include/robot_communication_interfaces/msg/detail/communication_message__type_support.h
-- Up-to-date: /home/ghost/Desktop/dev_ws/install/robot_communication_interfaces/include/robot_communication_interfaces/msg/detail/communication_message__functions.h
-- Up-to-date: /home/ghost/Desktop/dev_ws/install/robot_communication_interfaces/include/robot_communication_interfaces/msg/detail/communication_message__struct.h
-- Up-to-date: /home/ghost/Desktop/dev_ws/install/robot_communication_interfaces/include/robot_communication_interfaces/msg/detail/communication_message__functions.c
-- Up-to-date: /home/ghost/Desktop/dev_ws/install/robot_communication_interfaces/share/robot_communication_interfaces/environment/library_path.sh
-- Up-to-date: /home/ghost/Desktop/dev_ws/install/robot_communication_interfaces/share/robot_communication_interfaces/environment/library_path.dsv
-- Up-to-date: /home/ghost/Desktop/dev_ws/install/robot_communication_interfaces/lib/librobot_communication_interfaces__rosidl_generator_c.so
-- Up-to-date: /home/ghost/Desktop/dev_ws/install/robot_communication_interfaces/include/robot_communication_interfaces
-- Up-to-date: /home/ghost/Desktop/dev_ws/install/robot_communication_interfaces/include/robot_communication_interfaces/srv
-- Up-to-date: /home/ghost/Desktop/dev_ws/install/robot_communication_interfaces/include/robot_communication_interfaces/srv/detail
-- Up-to-date: /home/ghost/Desktop/dev_ws/install/robot_communication_interfaces/include/robot_communication_interfaces/srv/detail/communication_service__rosidl_typesupport_fastrtps_c.h
-- Up-to-date: /home/ghost/Desktop/dev_ws/install/robot_communication_interfaces/include/robot_communication_interfaces/msg
-- Up-to-date: /home/ghost/Desktop/dev_ws/install/robot_communication_interfaces/include/robot_communication_interfaces/msg/rosidl_typesupport_fastrtps_c__visibility_control.h
-- Up-to-date: /home/ghost/Desktop/dev_ws/install/robot_communication_interfaces/include/robot_communication_interfaces/msg/detail
-- Up-to-date: /home/ghost/Desktop/dev_ws/install/robot_communication_interfaces/include/robot_communication_interfaces/msg/detail/communication_message__rosidl_typesupport_fastrtps_c.h
-- Up-to-date: /home/ghost/Desktop/dev_ws/install/robot_communication_interfaces/lib/librobot_communication_interfaces__rosidl_typesupport_fastrtps_c.so
-- Up-to-date: /home/ghost/Desktop/dev_ws/install/robot_communication_interfaces/include/robot_communication_interfaces
-- Up-to-date: /home/ghost/Desktop/dev_ws/install/robot_communication_interfaces/include/robot_communication_interfaces/srv
-- Up-to-date: /home/ghost/Desktop/dev_ws/install/robot_communication_interfaces/include/robot_communication_interfaces/srv/detail
-- Up-to-date: /home/ghost/Desktop/dev_ws/install/robot_communication_interfaces/include/robot_communication_interfaces/srv/detail/dds_fastrtps
-- Up-to-date: /home/ghost/Desktop/dev_ws/install/robot_communication_interfaces/include/robot_communication_interfaces/srv/detail/communication_service__rosidl_typesupport_fastrtps_cpp.hpp
-- Up-to-date: /home/ghost/Desktop/dev_ws/install/robot_communication_interfaces/include/robot_communication_interfaces/msg
-- Up-to-date: /home/ghost/Desktop/dev_ws/install/robot_communication_interfaces/include/robot_communication_interfaces/msg/detail
-- Up-to-date: /home/ghost/Desktop/dev_ws/install/robot_communication_interfaces/include/robot_communication_interfaces/msg/detail/dds_fastrtps
-- Up-to-date: /home/ghost/Desktop/dev_ws/install/robot_communication_interfaces/include/robot_communication_interfaces/msg/detail/communication_message__rosidl_typesupport_fastrtps_cpp.hpp
-- Up-to-date: /home/ghost/Desktop/dev_ws/install/robot_communication_interfaces/include/robot_communication_interfaces/msg/rosidl_typesupport_fastrtps_cpp__visibility_control.h
-- Up-to-date: /home/ghost/Desktop/dev_ws/install/robot_communication_interfaces/lib/librobot_communication_interfaces__rosidl_typesupport_fastrtps_cpp.so
-- Up-to-date: /home/ghost/Desktop/dev_ws/install/robot_communication_interfaces/include/robot_communication_interfaces
-- Up-to-date: /home/ghost/Desktop/dev_ws/install/robot_communication_interfaces/include/robot_communication_interfaces/srv
-- Up-to-date: /home/ghost/Desktop/dev_ws/install/robot_communication_interfaces/include/robot_communication_interfaces/srv/detail
-- Up-to-date: /home/ghost/Desktop/dev_ws/install/robot_communication_interfaces/include/robot_communication_interfaces/srv/detail/communication_service__rosidl_typesupport_introspection_c.h
-- Up-to-date: /home/ghost/Desktop/dev_ws/install/robot_communication_interfaces/include/robot_communication_interfaces/srv/detail/communication_service__type_support.c
-- Up-to-date: /home/ghost/Desktop/dev_ws/install/robot_communication_interfaces/include/robot_communication_interfaces/msg
-- Up-to-date: /home/ghost/Desktop/dev_ws/install/robot_communication_interfaces/include/robot_communication_interfaces/msg/detail
-- Up-to-date: /home/ghost/Desktop/dev_ws/install/robot_communication_interfaces/include/robot_communication_interfaces/msg/detail/communication_message__rosidl_typesupport_introspection_c.h
-- Up-to-date: /home/ghost/Desktop/dev_ws/install/robot_communication_interfaces/include/robot_communication_interfaces/msg/detail/communication_message__type_support.c
-- Up-to-date: /home/ghost/Desktop/dev_ws/install/robot_communication_interfaces/include/robot_communication_interfaces/msg/rosidl_typesupport_introspection_c__visibility_control.h
-- Up-to-date: /home/ghost/Desktop/dev_ws/install/robot_communication_interfaces/lib/librobot_communication_interfaces__rosidl_typesupport_introspection_c.so
-- Up-to-date: /home/ghost/Desktop/dev_ws/install/robot_communication_interfaces/lib/librobot_communication_interfaces__rosidl_typesupport_c.so
-- Up-to-date: /home/ghost/Desktop/dev_ws/install/robot_communication_interfaces/include/robot_communication_interfaces
-- Up-to-date: /home/ghost/Desktop/dev_ws/install/robot_communication_interfaces/include/robot_communication_interfaces/srv
-- Up-to-date: /home/ghost/Desktop/dev_ws/install/robot_communication_interfaces/include/robot_communication_interfaces/srv/communication_service.hpp
-- Up-to-date: /home/ghost/Desktop/dev_ws/install/robot_communication_interfaces/include/robot_communication_interfaces/srv/detail
-- Up-to-date: /home/ghost/Desktop/dev_ws/install/robot_communication_interfaces/include/robot_communication_interfaces/srv/detail/communication_service__traits.hpp
-- Up-to-date: /home/ghost/Desktop/dev_ws/install/robot_communication_interfaces/include/robot_communication_interfaces/srv/detail/communication_service__struct.hpp
-- Up-to-date: /home/ghost/Desktop/dev_ws/install/robot_communication_interfaces/include/robot_communication_interfaces/srv/detail/communication_service__builder.hpp
-- Up-to-date: /home/ghost/Desktop/dev_ws/install/robot_communication_interfaces/include/robot_communication_interfaces/msg
-- Up-to-date: /home/ghost/Desktop/dev_ws/install/robot_communication_interfaces/include/robot_communication_interfaces/msg/detail
-- Up-to-date: /home/ghost/Desktop/dev_ws/install/robot_communication_interfaces/include/robot_communication_interfaces/msg/detail/communication_message__builder.hpp
-- Up-to-date: /home/ghost/Desktop/dev_ws/install/robot_communication_interfaces/include/robot_communication_interfaces/msg/detail/communication_message__traits.hpp
-- Up-to-date: /home/ghost/Desktop/dev_ws/install/robot_communication_interfaces/include/robot_communication_interfaces/msg/detail/communication_message__struct.hpp
-- Up-to-date: /home/ghost/Desktop/dev_ws/install/robot_communication_interfaces/include/robot_communication_interfaces/msg/communication_message.hpp
-- Up-to-date: /home/ghost/Desktop/dev_ws/install/robot_communication_interfaces/include/robot_communication_interfaces
-- Up-to-date: /home/ghost/Desktop/dev_ws/install/robot_communication_interfaces/include/robot_communication_interfaces/srv
-- Up-to-date: /home/ghost/Desktop/dev_ws/install/robot_communication_interfaces/include/robot_communication_interfaces/srv/detail
-- Up-to-date: /home/ghost/Desktop/dev_ws/install/robot_communication_interfaces/include/robot_communication_interfaces/srv/detail/communication_service__rosidl_typesupport_introspection_cpp.hpp
-- Up-to-date: /home/ghost/Desktop/dev_ws/install/robot_communication_interfaces/include/robot_communication_interfaces/srv/detail/communication_service__type_support.cpp
-- Up-to-date: /home/ghost/Desktop/dev_ws/install/robot_communication_interfaces/include/robot_communication_interfaces/msg
-- Up-to-date: /home/ghost/Desktop/dev_ws/install/robot_communication_interfaces/include/robot_communication_interfaces/msg/detail
-- Up-to-date: /home/ghost/Desktop/dev_ws/install/robot_communication_interfaces/include/robot_communication_interfaces/msg/detail/communication_message__rosidl_typesupport_introspection_cpp.hpp
-- Up-to-date: /home/ghost/Desktop/dev_ws/install/robot_communication_interfaces/include/robot_communication_interfaces/msg/detail/communication_message__type_support.cpp
-- Up-to-date: /home/ghost/Desktop/dev_ws/install/robot_communication_interfaces/lib/librobot_communication_interfaces__rosidl_typesupport_introspection_cpp.so
-- Up-to-date: /home/ghost/Desktop/dev_ws/install/robot_communication_interfaces/lib/librobot_communication_interfaces__rosidl_typesupport_cpp.so
-- Up-to-date: /home/ghost/Desktop/dev_ws/install/robot_communication_interfaces/share/robot_communication_interfaces/environment/pythonpath.sh
-- Up-to-date: /home/ghost/Desktop/dev_ws/install/robot_communication_interfaces/share/robot_communication_interfaces/environment/pythonpath.dsv
-- Up-to-date: /home/ghost/Desktop/dev_ws/install/robot_communication_interfaces/lib/python3.8/site-packages/robot_communication_interfaces/__init__.py
-- Up-to-date: /home/ghost/Desktop/dev_ws/install/robot_communication_interfaces/lib/python3.8/site-packages/robot_communication_interfaces/msg
-- Up-to-date: /home/ghost/Desktop/dev_ws/install/robot_communication_interfaces/lib/python3.8/site-packages/robot_communication_interfaces/msg/__init__.py
-- Up-to-date: /home/ghost/Desktop/dev_ws/install/robot_communication_interfaces/lib/python3.8/site-packages/robot_communication_interfaces/msg/_communication_message_s.c
-- Up-to-date: /home/ghost/Desktop/dev_ws/install/robot_communication_interfaces/lib/python3.8/site-packages/robot_communication_interfaces/msg/_communication_message.py
-- Up-to-date: /home/ghost/Desktop/dev_ws/install/robot_communication_interfaces/lib/python3.8/site-packages/robot_communication_interfaces/srv
-- Up-to-date: /home/ghost/Desktop/dev_ws/install/robot_communication_interfaces/lib/python3.8/site-packages/robot_communication_interfaces/srv/__init__.py
-- Up-to-date: /home/ghost/Desktop/dev_ws/install/robot_communication_interfaces/lib/python3.8/site-packages/robot_communication_interfaces/srv/_communication_service.py
-- Up-to-date: /home/ghost/Desktop/dev_ws/install/robot_communication_interfaces/lib/python3.8/site-packages/robot_communication_interfaces/srv/_communication_service_s.c
-- Up-to-date: /home/ghost/Desktop/dev_ws/install/robot_communication_interfaces/lib/python3.8/site-packages/robot_communication_interfaces/robot_communication_interfaces_s__rosidl_typesupport_fastrtps_c.cpython-38-x86_64-linux-gnu.so
-- Up-to-date: /home/ghost/Desktop/dev_ws/install/robot_communication_interfaces/lib/python3.8/site-packages/robot_communication_interfaces/robot_communication_interfaces_s__rosidl_typesupport_introspection_c.cpython-38-x86_64-linux-gnu.so
-- Up-to-date: /home/ghost/Desktop/dev_ws/install/robot_communication_interfaces/lib/python3.8/site-packages/robot_communication_interfaces/robot_communication_interfaces_s__rosidl_typesupport_c.cpython-38-x86_64-linux-gnu.so
-- Up-to-date: /home/ghost/Desktop/dev_ws/install/robot_communication_interfaces/lib/librobot_communication_interfaces__python.so
-- Up-to-date: /home/ghost/Desktop/dev_ws/install/robot_communication_interfaces/share/robot_communication_interfaces/msg/CommunicationMessage.idl
-- Up-to-date: /home/ghost/Desktop/dev_ws/install/robot_communication_interfaces/share/robot_communication_interfaces/srv/CommunicationService.idl
-- Up-to-date: /home/ghost/Desktop/dev_ws/install/robot_communication_interfaces/share/robot_communication_interfaces/msg/CommunicationMessage.msg
-- Up-to-date: /home/ghost/Desktop/dev_ws/install/robot_communication_interfaces/share/robot_communication_interfaces/srv/CommunicationService.srv
-- Up-to-date: /home/ghost/Desktop/dev_ws/install/robot_communication_interfaces/share/robot_communication_interfaces/srv/CommunicationService_Request.msg
-- Up-to-date: /home/ghost/Desktop/dev_ws/install/robot_communication_interfaces/share/robot_communication_interfaces/srv/CommunicationService_Response.msg
-- Up-to-date: /home/ghost/Desktop/dev_ws/install/robot_communication_interfaces/share/ament_index/resource_index/package_run_dependencies/robot_communication_interfaces
-- Up-to-date: /home/ghost/Desktop/dev_ws/install/robot_communication_interfaces/share/ament_index/resource_index/parent_prefix_path/robot_communication_interfaces
-- Up-to-date: /home/ghost/Desktop/dev_ws/install/robot_communication_interfaces/share/robot_communication_interfaces/environment/ament_prefix_path.sh
-- Up-to-date: /home/ghost/Desktop/dev_ws/install/robot_communication_interfaces/share/robot_communication_interfaces/environment/ament_prefix_path.dsv
-- Up-to-date: /home/ghost/Desktop/dev_ws/install/robot_communication_interfaces/share/robot_communication_interfaces/environment/path.sh
-- Up-to-date: /home/ghost/Desktop/dev_ws/install/robot_communication_interfaces/share/robot_communication_interfaces/environment/path.dsv
-- Up-to-date: /home/ghost/Desktop/dev_ws/install/robot_communication_interfaces/share/robot_communication_interfaces/local_setup.bash
-- Up-to-date: /home/ghost/Desktop/dev_ws/install/robot_communication_interfaces/share/robot_communication_interfaces/local_setup.sh
-- Up-to-date: /home/ghost/Desktop/dev_ws/install/robot_communication_interfaces/share/robot_communication_interfaces/local_setup.zsh
-- Up-to-date: /home/ghost/Desktop/dev_ws/install/robot_communication_interfaces/share/robot_communication_interfaces/local_setup.dsv
-- Installing: /home/ghost/Desktop/dev_ws/install/robot_communication_interfaces/share/robot_communication_interfaces/package.dsv
-- Up-to-date: /home/ghost/Desktop/dev_ws/install/robot_communication_interfaces/share/ament_index/resource_index/packages/robot_communication_interfaces
-- Up-to-date: /home/ghost/Desktop/dev_ws/install/robot_communication_interfaces/share/robot_communication_interfaces/cmake/robot_communication_interfaces__rosidl_generator_cExport.cmake
-- Up-to-date: /home/ghost/Desktop/dev_ws/install/robot_communication_interfaces/share/robot_communication_interfaces/cmake/robot_communication_interfaces__rosidl_generator_cExport-noconfig.cmake
-- Up-to-date: /home/ghost/Desktop/dev_ws/install/robot_communication_interfaces/share/robot_communication_interfaces/cmake/robot_communication_interfaces__rosidl_typesupport_introspection_cExport.cmake
-- Up-to-date: /home/ghost/Desktop/dev_ws/install/robot_communication_interfaces/share/robot_communication_interfaces/cmake/robot_communication_interfaces__rosidl_typesupport_introspection_cExport-noconfig.cmake
-- Up-to-date: /home/ghost/Desktop/dev_ws/install/robot_communication_interfaces/share/robot_communication_interfaces/cmake/robot_communication_interfaces__rosidl_typesupport_cExport.cmake
-- Up-to-date: /home/ghost/Desktop/dev_ws/install/robot_communication_interfaces/share/robot_communication_interfaces/cmake/robot_communication_interfaces__rosidl_typesupport_cExport-noconfig.cmake
-- Up-to-date: /home/ghost/Desktop/dev_ws/install/robot_communication_interfaces/share/robot_communication_interfaces/cmake/robot_communication_interfaces__rosidl_generator_cppExport.cmake
-- Up-to-date: /home/ghost/Desktop/dev_ws/install/robot_communication_interfaces/share/robot_communication_interfaces/cmake/robot_communication_interfaces__rosidl_typesupport_introspection_cppExport.cmake
-- Up-to-date: /home/ghost/Desktop/dev_ws/install/robot_communication_interfaces/share/robot_communication_interfaces/cmake/robot_communication_interfaces__rosidl_typesupport_introspection_cppExport-noconfig.cmake
-- Up-to-date: /home/ghost/Desktop/dev_ws/install/robot_communication_interfaces/share/robot_communication_interfaces/cmake/robot_communication_interfaces__rosidl_typesupport_cppExport.cmake
-- Up-to-date: /home/ghost/Desktop/dev_ws/install/robot_communication_interfaces/share/robot_communication_interfaces/cmake/robot_communication_interfaces__rosidl_typesupport_cppExport-noconfig.cmake
-- Up-to-date: /home/ghost/Desktop/dev_ws/install/robot_communication_interfaces/share/robot_communication_interfaces/cmake/rosidl_cmake-extras.cmake
-- Up-to-date: /home/ghost/Desktop/dev_ws/install/robot_communication_interfaces/share/robot_communication_interfaces/cmake/ament_cmake_export_dependencies-extras.cmake
-- Up-to-date: /home/ghost/Desktop/dev_ws/install/robot_communication_interfaces/share/robot_communication_interfaces/cmake/ament_cmake_export_libraries-extras.cmake
-- Up-to-date: /home/ghost/Desktop/dev_ws/install/robot_communication_interfaces/share/robot_communication_interfaces/cmake/ament_cmake_export_targets-extras.cmake
-- Up-to-date: /home/ghost/Desktop/dev_ws/install/robot_communication_interfaces/share/robot_communication_interfaces/cmake/ament_cmake_export_include_directories-extras.cmake
-- Up-to-date: /home/ghost/Desktop/dev_ws/install/robot_communication_interfaces/share/robot_communication_interfaces/cmake/rosidl_cmake_export_typesupport_libraries-extras.cmake
-- Up-to-date: /home/ghost/Desktop/dev_ws/install/robot_communication_interfaces/share/robot_communication_interfaces/cmake/rosidl_cmake_export_typesupport_targets-extras.cmake
-- Up-to-date: /home/ghost/Desktop/dev_ws/install/robot_communication_interfaces/share/robot_communication_interfaces/cmake/robot_communication_interfacesConfig.cmake
-- Up-to-date: /home/ghost/Desktop/dev_ws/install/robot_communication_interfaces/share/robot_communication_interfaces/cmake/robot_communication_interfacesConfig-version.cmake
-- Up-to-date: /home/ghost/Desktop/dev_ws/install/robot_communication_interfaces/share/robot_communication_interfaces/package.xml
