[0.303s] Invoking command in '/home/ghost/Desktop/dev_ws/src/spawner': PYTHONPATH=/home/ghost/Desktop/dev_ws/install/spawner/lib/python3.8/site-packages:${PYTHONPATH} /usr/bin/python3 setup.py egg_info --egg-base ../../build/spawner build --build-base /home/ghost/Desktop/dev_ws/build/spawner/build install --prefix /home/ghost/Desktop/dev_ws/install/spawner --record /home/ghost/Desktop/dev_ws/build/spawner/install.log --single-version-externally-managed
[0.604s] running egg_info
[0.611s] writing ../../build/spawner/spawner.egg-info/PKG-INFO
[0.612s] writing dependency_links to ../../build/spawner/spawner.egg-info/dependency_links.txt
[0.612s] writing entry points to ../../build/spawner/spawner.egg-info/entry_points.txt
[0.612s] writing requirements to ../../build/spawner/spawner.egg-info/requires.txt
[0.612s] writing top-level names to ../../build/spawner/spawner.egg-info/top_level.txt
[0.651s] reading manifest file '../../build/spawner/spawner.egg-info/SOURCES.txt'
[0.654s] writing manifest file '../../build/spawner/spawner.egg-info/SOURCES.txt'
[0.654s] running build
[0.655s] running build_py
[0.655s] running install
[0.655s] running install_lib
[0.656s] running install_data
[0.657s] copying package.xml -> /home/ghost/Desktop/dev_ws/install/spawner/share/spawner
[0.658s] copying spawn.py -> /home/ghost/Desktop/dev_ws/install/spawner/share/spawner
[0.659s] running install_egg_info
[0.660s] removing '/home/ghost/Desktop/dev_ws/install/spawner/lib/python3.8/site-packages/spawner-0.0.0-py3.8.egg-info' (and everything under it)
[0.660s] Copying ../../build/spawner/spawner.egg-info to /home/ghost/Desktop/dev_ws/install/spawner/lib/python3.8/site-packages/spawner-0.0.0-py3.8.egg-info
[0.661s] running install_scripts
[0.672s] Installing spawn script to /home/ghost/Desktop/dev_ws/install/spawner/lib/spawner
[0.672s] writing list of installed files to '/home/ghost/Desktop/dev_ws/build/spawner/install.log'
[0.686s] Invoked command in '/home/ghost/Desktop/dev_ws/src/spawner' returned '0': PYTHONPATH=/home/ghost/Desktop/dev_ws/install/spawner/lib/python3.8/site-packages:${PYTHONPATH} /usr/bin/python3 setup.py egg_info --egg-base ../../build/spawner build --build-base /home/ghost/Desktop/dev_ws/build/spawner/build install --prefix /home/ghost/Desktop/dev_ws/install/spawner --record /home/ghost/Desktop/dev_ws/build/spawner/install.log --single-version-externally-managed
