[0.000000] (-) TimerEvent: {}
[0.001288] (controller) JobQueued: {'identifier': 'controller', 'dependencies': OrderedDict()}
[0.001359] (controller) JobStarted: {'identifier': 'controller'}
[0.099730] (-) TimerEvent: {}
[0.200245] (-) TimerEvent: {}
[0.300573] (-) TimerEvent: {}
[0.348823] (controller) Command: {'cmd': ['/usr/bin/python3', 'setup.py', 'egg_info', '--egg-base', '../../build/controller', 'build', '--build-base', '/home/ghost/Desktop/dev_ws/build/controller/build', 'install', '--prefix', '/home/ghost/Desktop/dev_ws/install/controller', '--record', '/home/ghost/Desktop/dev_ws/build/controller/install.log', '--single-version-externally-managed'], 'cwd': '/home/ghost/Desktop/dev_ws/src/controller', 'env': {'SUDO_GID': '1000', 'MAIL': '/var/mail/root', 'LANGUAGE': 'en_IN:en', 'USER': 'root', 'HOME': '/root', 'COLORTERM': 'truecolor', 'SUDO_UID': '1000', 'LOGNAME': 'root', 'TERM': 'xterm-256color', 'PATH': '/usr/local/sbin:/usr/local/bin:/usr/sbin:/usr/bin:/sbin:/bin:/snap/bin', 'DISPLAY': ':0', 'LANG': 'en_US.UTF-8', 'XAUTHORITY': '/run/user/1000/gdm/Xauthority', 'SUDO_COMMAND': '/usr/bin/colcon build', 'SHELL': '/bin/bash', 'SUDO_USER': 'ghost', 'LC_ALL': 'en_US.UTF-8', 'PWD': '/home/ghost/Desktop/dev_ws/build/controller', 'COLCON': '1', 'PYTHONPATH': '/home/ghost/Desktop/dev_ws/install/controller/lib/python3.8/site-packages:'}, 'shell': False}
[0.401004] (-) TimerEvent: {}
[0.501479] (-) TimerEvent: {}
[0.601908] (-) TimerEvent: {}
[0.637173] (controller) StdoutLine: {'line': b'running egg_info\n'}
[0.638183] (controller) StdoutLine: {'line': b'writing ../../build/controller/controller.egg-info/PKG-INFO\n'}
[0.638392] (controller) StdoutLine: {'line': b'writing dependency_links to ../../build/controller/controller.egg-info/dependency_links.txt\n'}
[0.638590] (controller) StdoutLine: {'line': b'writing entry points to ../../build/controller/controller.egg-info/entry_points.txt\n'}
[0.645377] (controller) StdoutLine: {'line': b'writing requirements to ../../build/controller/controller.egg-info/requires.txt\n'}
[0.645700] (controller) StdoutLine: {'line': b'writing top-level names to ../../build/controller/controller.egg-info/top_level.txt\n'}
[0.700809] (controller) StdoutLine: {'line': b"reading manifest file '../../build/controller/controller.egg-info/SOURCES.txt'\n"}
[0.702162] (-) TimerEvent: {}
[0.702491] (controller) StdoutLine: {'line': b"writing manifest file '../../build/controller/controller.egg-info/SOURCES.txt'\n"}
[0.702836] (controller) StdoutLine: {'line': b'running build\n'}
[0.703038] (controller) StdoutLine: {'line': b'running build_py\n'}
[0.704727] (controller) StdoutLine: {'line': b'running install\n'}
[0.706090] (controller) StdoutLine: {'line': b'running install_lib\n'}
[0.708700] (controller) StdoutLine: {'line': b'running install_data\n'}
[0.709241] (controller) StdoutLine: {'line': b'running install_egg_info\n'}
[0.712265] (controller) StdoutLine: {'line': b"removing '/home/ghost/Desktop/dev_ws/install/controller/lib/python3.8/site-packages/controller-0.0.1-py3.8.egg-info' (and everything under it)\n"}
[0.712523] (controller) StdoutLine: {'line': b'Copying ../../build/controller/controller.egg-info to /home/ghost/Desktop/dev_ws/install/controller/lib/python3.8/site-packages/controller-0.0.1-py3.8.egg-info\n'}
[0.713599] (controller) StdoutLine: {'line': b'running install_scripts\n'}
[0.737771] (controller) StdoutLine: {'line': b'Installing controller script to /home/ghost/Desktop/dev_ws/install/controller/lib/controller\n'}
[0.738590] (controller) StdoutLine: {'line': b"writing list of installed files to '/home/ghost/Desktop/dev_ws/build/controller/install.log'\n"}
[0.766682] (controller) CommandEnded: {'returncode': 0}
[0.783414] (controller) JobEnded: {'identifier': 'controller', 'rc': 0}
[0.784534] (-) EventReactorShutdown: {}
