[0.000000] (-) TimerEvent: {}
[0.004069] (-) JobUnselected: {'identifier': 'robot_communication_interfaces'}
[0.004275] (controller) JobQueued: {'identifier': 'controller', 'dependencies': OrderedDict()}
[0.004407] (controller) JobStarted: {'identifier': 'controller'}
[0.099294] (-) TimerEvent: {}
[0.201523] (-) TimerEvent: {}
[0.302056] (-) TimerEvent: {}
[0.402570] (-) TimerEvent: {}
[0.503271] (-) TimerEvent: {}
[0.604101] (-) TimerEvent: {}
[0.704698] (-) TimerEvent: {}
[0.805484] (-) TimerEvent: {}
[0.906488] (-) TimerEvent: {}
[0.914697] (controller) Command: {'cmd': ['/usr/bin/python3', 'setup.py', 'egg_info', '--egg-base', '../../build/controller', 'build', '--build-base', '/home/ghost/Desktop/dev_ws/build/controller/build', 'install', '--prefix', '/home/ghost/Desktop/dev_ws/install/controller', '--record', '/home/ghost/Desktop/dev_ws/build/controller/install.log', '--single-version-externally-managed'], 'cwd': '/home/ghost/Desktop/dev_ws/src/controller', 'env': {'SUDO_GID': '1000', 'MAIL': '/var/mail/root', 'LANGUAGE': 'en_IN:en', 'USER': 'root', 'HOME': '/root', 'COLORTERM': 'truecolor', 'SUDO_UID': '1000', 'LOGNAME': 'root', 'TERM': 'xterm-256color', 'PATH': '/usr/local/sbin:/usr/local/bin:/usr/sbin:/usr/bin:/sbin:/bin:/snap/bin', 'DISPLAY': ':0', 'LANG': 'en_US.UTF-8', 'XAUTHORITY': '/run/user/1000/gdm/Xauthority', 'SUDO_COMMAND': '/usr/bin/colcon build --packages-select controller', 'SHELL': '/bin/bash', 'SUDO_USER': 'ghost', 'LC_ALL': 'en_US.UTF-8', 'PWD': '/home/ghost/Desktop/dev_ws/build/controller', 'COLCON': '1', 'PYTHONPATH': '/home/ghost/Desktop/dev_ws/install/controller/lib/python3.8/site-packages:'}, 'shell': False}
[1.009319] (-) TimerEvent: {}
[1.110917] (-) TimerEvent: {}
[1.211399] (-) TimerEvent: {}
[1.312233] (-) TimerEvent: {}
[1.412780] (-) TimerEvent: {}
[1.513660] (-) TimerEvent: {}
[1.533421] (controller) StdoutLine: {'line': b'running egg_info\n'}
[1.534730] (controller) StdoutLine: {'line': b'writing ../../build/controller/controller.egg-info/PKG-INFO\n'}
[1.535885] (controller) StdoutLine: {'line': b'writing dependency_links to ../../build/controller/controller.egg-info/dependency_links.txt\n'}
[1.537066] (controller) StdoutLine: {'line': b'writing entry points to ../../build/controller/controller.egg-info/entry_points.txt\n'}
[1.537600] (controller) StdoutLine: {'line': b'writing requirements to ../../build/controller/controller.egg-info/requires.txt\n'}
[1.538227] (controller) StdoutLine: {'line': b'writing top-level names to ../../build/controller/controller.egg-info/top_level.txt\n'}
[1.613874] (-) TimerEvent: {}
[1.714772] (-) TimerEvent: {}
[1.725269] (controller) StdoutLine: {'line': b"reading manifest file '../../build/controller/controller.egg-info/SOURCES.txt'\n"}
[1.731663] (controller) StdoutLine: {'line': b"writing manifest file '../../build/controller/controller.egg-info/SOURCES.txt'\n"}
[1.732271] (controller) StdoutLine: {'line': b'running build\n'}
[1.732670] (controller) StdoutLine: {'line': b'running build_py\n'}
[1.738088] (controller) StdoutLine: {'line': b'copying controller/coco.py -> /home/ghost/Desktop/dev_ws/build/controller/build/lib/controller\n'}
[1.738575] (controller) StdoutLine: {'line': b'copying controller/robot.py -> /home/ghost/Desktop/dev_ws/build/controller/build/lib/controller\n'}
[1.738892] (controller) StdoutLine: {'line': b'running install\n'}
[1.745167] (controller) StdoutLine: {'line': b'running install_lib\n'}
[1.745627] (controller) StdoutLine: {'line': b'copying /home/ghost/Desktop/dev_ws/build/controller/build/lib/controller/coco.py -> /home/ghost/Desktop/dev_ws/install/controller/lib/python3.8/site-packages/controller\n'}
[1.745930] (controller) StdoutLine: {'line': b'copying /home/ghost/Desktop/dev_ws/build/controller/build/lib/controller/robot.py -> /home/ghost/Desktop/dev_ws/install/controller/lib/python3.8/site-packages/controller\n'}
[1.747612] (controller) StdoutLine: {'line': b'byte-compiling /home/ghost/Desktop/dev_ws/install/controller/lib/python3.8/site-packages/controller/coco.py to coco.cpython-38.pyc\n'}
[1.756903] (controller) StdoutLine: {'line': b'byte-compiling /home/ghost/Desktop/dev_ws/install/controller/lib/python3.8/site-packages/controller/robot.py to robot.cpython-38.pyc\n'}
[1.763551] (controller) StdoutLine: {'line': b'running install_data\n'}
[1.766345] (controller) StdoutLine: {'line': b'running install_egg_info\n'}
[1.775247] (controller) StdoutLine: {'line': b"removing '/home/ghost/Desktop/dev_ws/install/controller/lib/python3.8/site-packages/controller-0.0.1-py3.8.egg-info' (and everything under it)\n"}
[1.775757] (controller) StdoutLine: {'line': b'Copying ../../build/controller/controller.egg-info to /home/ghost/Desktop/dev_ws/install/controller/lib/python3.8/site-packages/controller-0.0.1-py3.8.egg-info\n'}
[1.778414] (controller) StdoutLine: {'line': b'running install_scripts\n'}
[1.814898] (-) TimerEvent: {}
[1.862598] (controller) StdoutLine: {'line': b'Installing controller script to /home/ghost/Desktop/dev_ws/install/controller/lib/controller\n'}
[1.866431] (controller) StdoutLine: {'line': b"writing list of installed files to '/home/ghost/Desktop/dev_ws/build/controller/install.log'\n"}
[1.915119] (-) TimerEvent: {}
[1.937616] (controller) CommandEnded: {'returncode': 0}
[2.007727] (controller) JobEnded: {'identifier': 'controller', 'rc': 0}
[2.011499] (-) EventReactorShutdown: {}
