[0.173s] DEBUG:colcon:Command line arguments: ['/usr/bin/colcon', 'build']
[0.173s] DEBUG:colcon:Parsed command line arguments: Namespace(ament_cmake_args=None, base_paths=['.'], build_base='build', catkin_cmake_args=None, catkin_skip_building_tests=False, cmake_args=None, cmake_clean_cache=False, cmake_clean_first=False, cmake_force_configure=False, cmake_target=None, cmake_target_skip_unavailable=False, continue_on_error=False, event_handlers=None, executor='parallel', ignore_user_meta=False, install_base='install', log_base=None, log_level=None, main=<bound method BuildVerb.main of <colcon_core.verb.build.BuildVerb object at 0x7f8bf1183460>>, merge_install=False, metas=['./colcon.meta'], packages_above=None, packages_above_and_dependencies=None, packages_above_depth=None, packages_end=None, packages_ignore=None, packages_ignore_regex=None, packages_select=None, packages_select_build_failed=False, packages_select_by_dep=None, packages_select_regex=None, packages_select_test_failures=False, packages_skip=None, packages_skip_build_finished=False, packages_skip_by_dep=None, packages_skip_regex=None, packages_skip_test_passed=False, packages_skip_up_to=None, packages_start=None, packages_up_to=None, packages_up_to_regex=None, parallel_workers=4, paths=None, symlink_install=False, test_result_base=None, verb_extension=<colcon_core.verb.build.BuildVerb object at 0x7f8bf1183460>, verb_name='build', verb_parser=<colcon_defaults.argument_parser.defaults.DefaultArgumentsDecorator object at 0x7f8bf11839a0>)
[0.176s] Level 1:colcon.colcon_core.package_discovery:discover_packages(colcon_meta) check parameters
[0.176s] Level 1:colcon.colcon_core.package_discovery:discover_packages(recursive) check parameters
[0.176s] Level 1:colcon.colcon_core.package_discovery:discover_packages(ignore) check parameters
[0.176s] Level 1:colcon.colcon_core.package_discovery:discover_packages(path) check parameters
[0.176s] Level 1:colcon.colcon_core.package_discovery:discover_packages(colcon_meta) discover
[0.176s] Level 1:colcon.colcon_core.package_discovery:discover_packages(recursive) discover
[0.176s] INFO:colcon.colcon_core.package_discovery:Crawling recursively for packages in '/home/ghost/Desktop/dev_ws'
[0.176s] Level 1:colcon.colcon_core.package_identification:_identify(.) by extensions ['ignore', 'ignore_ament_install']
[0.177s] Level 1:colcon.colcon_core.package_identification:_identify(.) by extension 'ignore'
[0.177s] Level 1:colcon.colcon_core.package_identification:_identify(.) by extension 'ignore_ament_install'
[0.177s] Level 1:colcon.colcon_core.package_identification:_identify(.) by extensions ['colcon_pkg']
[0.177s] Level 1:colcon.colcon_core.package_identification:_identify(.) by extension 'colcon_pkg'
[0.177s] Level 1:colcon.colcon_core.package_identification:_identify(.) by extensions ['colcon_meta']
[0.177s] Level 1:colcon.colcon_core.package_identification:_identify(.) by extension 'colcon_meta'
[0.177s] Level 1:colcon.colcon_core.package_identification:_identify(.) by extensions ['ros']
[0.177s] Level 1:colcon.colcon_core.package_identification:_identify(.) by extension 'ros'
[0.184s] Level 1:colcon.colcon_core.package_identification:_identify(.) by extensions ['cmake', 'python']
[0.184s] Level 1:colcon.colcon_core.package_identification:_identify(.) by extension 'cmake'
[0.184s] Level 1:colcon.colcon_core.package_identification:_identify(.) by extension 'python'
[0.184s] Level 1:colcon.colcon_core.package_identification:_identify(.) by extensions ['python_setup_py']
[0.184s] Level 1:colcon.colcon_core.package_identification:_identify(.) by extension 'python_setup_py'
[0.184s] Level 1:colcon.colcon_core.package_identification:_identify(build) by extensions ['ignore', 'ignore_ament_install']
[0.184s] Level 1:colcon.colcon_core.package_identification:_identify(build) by extension 'ignore'
[0.184s] Level 1:colcon.colcon_core.package_identification:_identify(build) ignored
[0.184s] Level 1:colcon.colcon_core.package_identification:_identify(install) by extensions ['ignore', 'ignore_ament_install']
[0.184s] Level 1:colcon.colcon_core.package_identification:_identify(install) by extension 'ignore'
[0.184s] Level 1:colcon.colcon_core.package_identification:_identify(install) ignored
[0.185s] Level 1:colcon.colcon_core.package_identification:_identify(log) by extensions ['ignore', 'ignore_ament_install']
[0.185s] Level 1:colcon.colcon_core.package_identification:_identify(log) by extension 'ignore'
[0.185s] Level 1:colcon.colcon_core.package_identification:_identify(log) ignored
[0.185s] Level 1:colcon.colcon_core.package_identification:_identify(src) by extensions ['ignore', 'ignore_ament_install']
[0.185s] Level 1:colcon.colcon_core.package_identification:_identify(src) by extension 'ignore'
[0.185s] Level 1:colcon.colcon_core.package_identification:_identify(src) by extension 'ignore_ament_install'
[0.185s] Level 1:colcon.colcon_core.package_identification:_identify(src) by extensions ['colcon_pkg']
[0.185s] Level 1:colcon.colcon_core.package_identification:_identify(src) by extension 'colcon_pkg'
[0.185s] Level 1:colcon.colcon_core.package_identification:_identify(src) by extensions ['colcon_meta']
[0.185s] Level 1:colcon.colcon_core.package_identification:_identify(src) by extension 'colcon_meta'
[0.185s] Level 1:colcon.colcon_core.package_identification:_identify(src) by extensions ['ros']
[0.185s] Level 1:colcon.colcon_core.package_identification:_identify(src) by extension 'ros'
[0.185s] Level 1:colcon.colcon_core.package_identification:_identify(src) by extensions ['cmake', 'python']
[0.185s] Level 1:colcon.colcon_core.package_identification:_identify(src) by extension 'cmake'
[0.185s] Level 1:colcon.colcon_core.package_identification:_identify(src) by extension 'python'
[0.185s] Level 1:colcon.colcon_core.package_identification:_identify(src) by extensions ['python_setup_py']
[0.185s] Level 1:colcon.colcon_core.package_identification:_identify(src) by extension 'python_setup_py'
[0.185s] Level 1:colcon.colcon_core.package_identification:_identify(src/controller) by extensions ['ignore', 'ignore_ament_install']
[0.185s] Level 1:colcon.colcon_core.package_identification:_identify(src/controller) by extension 'ignore'
[0.185s] Level 1:colcon.colcon_core.package_identification:_identify(src/controller) by extension 'ignore_ament_install'
[0.185s] Level 1:colcon.colcon_core.package_identification:_identify(src/controller) by extensions ['colcon_pkg']
[0.185s] Level 1:colcon.colcon_core.package_identification:_identify(src/controller) by extension 'colcon_pkg'
[0.185s] Level 1:colcon.colcon_core.package_identification:_identify(src/controller) by extensions ['colcon_meta']
[0.186s] Level 1:colcon.colcon_core.package_identification:_identify(src/controller) by extension 'colcon_meta'
[0.186s] Level 1:colcon.colcon_core.package_identification:_identify(src/controller) by extensions ['ros']
[0.186s] Level 1:colcon.colcon_core.package_identification:_identify(src/controller) by extension 'ros'
[0.187s] DEBUG:colcon.colcon_core.package_identification:Package 'src/controller' with type 'ros.ament_python' and name 'controller'
[0.187s] Level 1:colcon.colcon_core.package_identification:_identify(src/robot_communication_interfaces) by extensions ['ignore', 'ignore_ament_install']
[0.187s] Level 1:colcon.colcon_core.package_identification:_identify(src/robot_communication_interfaces) by extension 'ignore'
[0.187s] Level 1:colcon.colcon_core.package_identification:_identify(src/robot_communication_interfaces) by extension 'ignore_ament_install'
[0.187s] Level 1:colcon.colcon_core.package_identification:_identify(src/robot_communication_interfaces) by extensions ['colcon_pkg']
[0.187s] Level 1:colcon.colcon_core.package_identification:_identify(src/robot_communication_interfaces) by extension 'colcon_pkg'
[0.187s] Level 1:colcon.colcon_core.package_identification:_identify(src/robot_communication_interfaces) by extensions ['colcon_meta']
[0.187s] Level 1:colcon.colcon_core.package_identification:_identify(src/robot_communication_interfaces) by extension 'colcon_meta'
[0.187s] Level 1:colcon.colcon_core.package_identification:_identify(src/robot_communication_interfaces) by extensions ['ros']
[0.187s] Level 1:colcon.colcon_core.package_identification:_identify(src/robot_communication_interfaces) by extension 'ros'
[0.188s] DEBUG:colcon.colcon_core.package_identification:Package 'src/robot_communication_interfaces' with type 'ros.ament_cmake' and name 'robot_communication_interfaces'
[0.188s] Level 1:colcon.colcon_core.package_discovery:discover_packages(recursive) using defaults
[0.188s] Level 1:colcon.colcon_core.package_discovery:discover_packages(ignore) discover
[0.188s] Level 1:colcon.colcon_core.package_discovery:discover_packages(ignore) using defaults
[0.188s] Level 1:colcon.colcon_core.package_discovery:discover_packages(path) discover
[0.188s] Level 1:colcon.colcon_core.package_discovery:discover_packages(path) using defaults
[0.200s] Level 5:colcon.colcon_core.verb:set package 'controller' build argument 'cmake_args' from command line to 'None'
[0.200s] Level 5:colcon.colcon_core.verb:set package 'controller' build argument 'cmake_target' from command line to 'None'
[0.200s] Level 5:colcon.colcon_core.verb:set package 'controller' build argument 'cmake_target_skip_unavailable' from command line to 'False'
[0.200s] Level 5:colcon.colcon_core.verb:set package 'controller' build argument 'cmake_clean_cache' from command line to 'False'
[0.200s] Level 5:colcon.colcon_core.verb:set package 'controller' build argument 'cmake_clean_first' from command line to 'False'
[0.200s] Level 5:colcon.colcon_core.verb:set package 'controller' build argument 'cmake_force_configure' from command line to 'False'
[0.200s] Level 5:colcon.colcon_core.verb:set package 'controller' build argument 'ament_cmake_args' from command line to 'None'
[0.200s] Level 5:colcon.colcon_core.verb:set package 'controller' build argument 'catkin_cmake_args' from command line to 'None'
[0.200s] Level 5:colcon.colcon_core.verb:set package 'controller' build argument 'catkin_skip_building_tests' from command line to 'False'
[0.200s] DEBUG:colcon.colcon_core.verb:Building package 'controller' with the following arguments: {'ament_cmake_args': None, 'build_base': '/home/ghost/Desktop/dev_ws/build/controller', 'catkin_cmake_args': None, 'catkin_skip_building_tests': False, 'cmake_args': None, 'cmake_clean_cache': False, 'cmake_clean_first': False, 'cmake_force_configure': False, 'cmake_target': None, 'cmake_target_skip_unavailable': False, 'install_base': '/home/ghost/Desktop/dev_ws/install/controller', 'merge_install': False, 'path': '/home/ghost/Desktop/dev_ws/src/controller', 'symlink_install': False, 'test_result_base': None}
[0.201s] Level 5:colcon.colcon_core.verb:set package 'robot_communication_interfaces' build argument 'cmake_args' from command line to 'None'
[0.201s] Level 5:colcon.colcon_core.verb:set package 'robot_communication_interfaces' build argument 'cmake_target' from command line to 'None'
[0.201s] Level 5:colcon.colcon_core.verb:set package 'robot_communication_interfaces' build argument 'cmake_target_skip_unavailable' from command line to 'False'
[0.201s] Level 5:colcon.colcon_core.verb:set package 'robot_communication_interfaces' build argument 'cmake_clean_cache' from command line to 'False'
[0.201s] Level 5:colcon.colcon_core.verb:set package 'robot_communication_interfaces' build argument 'cmake_clean_first' from command line to 'False'
[0.201s] Level 5:colcon.colcon_core.verb:set package 'robot_communication_interfaces' build argument 'cmake_force_configure' from command line to 'False'
[0.201s] Level 5:colcon.colcon_core.verb:set package 'robot_communication_interfaces' build argument 'ament_cmake_args' from command line to 'None'
[0.201s] Level 5:colcon.colcon_core.verb:set package 'robot_communication_interfaces' build argument 'catkin_cmake_args' from command line to 'None'
[0.201s] Level 5:colcon.colcon_core.verb:set package 'robot_communication_interfaces' build argument 'catkin_skip_building_tests' from command line to 'False'
[0.202s] DEBUG:colcon.colcon_core.verb:Building package 'robot_communication_interfaces' with the following arguments: {'ament_cmake_args': None, 'build_base': '/home/ghost/Desktop/dev_ws/build/robot_communication_interfaces', 'catkin_cmake_args': None, 'catkin_skip_building_tests': False, 'cmake_args': None, 'cmake_clean_cache': False, 'cmake_clean_first': False, 'cmake_force_configure': False, 'cmake_target': None, 'cmake_target_skip_unavailable': False, 'install_base': '/home/ghost/Desktop/dev_ws/install/robot_communication_interfaces', 'merge_install': False, 'path': '/home/ghost/Desktop/dev_ws/src/robot_communication_interfaces', 'symlink_install': False, 'test_result_base': None}
[0.202s] INFO:colcon.colcon_core.executor:Executing jobs using 'parallel' executor
[0.203s] DEBUG:colcon.colcon_parallel_executor.executor.parallel:run_until_complete
[0.204s] INFO:colcon.colcon_ros.task.ament_python.build:Building ROS package in '/home/ghost/Desktop/dev_ws/src/controller' with build type 'ament_python'
[0.204s] Level 1:colcon.colcon_core.shell:create_environment_hook('controller', 'ament_prefix_path')
[0.206s] INFO:colcon.colcon_core.plugin_system:Skipping extension 'colcon_core.shell.bat': Not used on non-Windows systems
[0.206s] INFO:colcon.colcon_core.shell:Creating environment hook '/home/ghost/Desktop/dev_ws/install/controller/share/controller/hook/ament_prefix_path.ps1'
[0.207s] INFO:colcon.colcon_core.shell:Creating environment descriptor '/home/ghost/Desktop/dev_ws/install/controller/share/controller/hook/ament_prefix_path.dsv'
[0.207s] INFO:colcon.colcon_core.shell:Creating environment hook '/home/ghost/Desktop/dev_ws/install/controller/share/controller/hook/ament_prefix_path.sh'
[0.208s] INFO:colcon.colcon_core.shell:Skip shell extension 'powershell' for command environment: Not usable outside of PowerShell
[0.208s] DEBUG:colcon.colcon_core.shell:Skip shell extension 'dsv' for command environment
[0.209s] DEBUG:colcon.colcon_core.shell:Ignoring prefix path '/opt/ros/foxy'
[0.212s] INFO:colcon.colcon_ros.task.ament_cmake.build:Building ROS package in '/home/ghost/Desktop/dev_ws/src/robot_communication_interfaces' with build type 'ament_cmake'
[0.212s] INFO:colcon.colcon_cmake.task.cmake.build:Building CMake package in '/home/ghost/Desktop/dev_ws/src/robot_communication_interfaces'
[0.212s] INFO:colcon.colcon_core.shell:Skip shell extension 'powershell' for command environment: Not usable outside of PowerShell
[0.212s] DEBUG:colcon.colcon_core.shell:Skip shell extension 'dsv' for command environment
[0.214s] DEBUG:colcon.colcon_core.shell:Ignoring prefix path '/opt/ros/foxy'
[0.363s] INFO:colcon.colcon_core.task.python.build:Building Python package in '/home/ghost/Desktop/dev_ws/src/controller'
[0.364s] INFO:colcon.colcon_core.shell:Skip shell extension 'powershell' for command environment: Not usable outside of PowerShell
[0.364s] DEBUG:colcon.colcon_core.shell:Skip shell extension 'dsv' for command environment
[0.365s] DEBUG:colcon.colcon_core.shell:Ignoring prefix path '/opt/ros/foxy'
[0.373s] DEBUG:colcon.colcon_core.event_handler.log_command:Invoking command in '/home/ghost/Desktop/dev_ws/build/robot_communication_interfaces': CMAKE_PREFIX_PATH=${CMAKE_PREFIX_PATH}:/home/ghost/Desktop/dev_ws/install/controller:/opt/ros/foxy /usr/bin/cmake --build /home/ghost/Desktop/dev_ws/build/robot_communication_interfaces -- -j4 -l4
[0.378s] DEBUG:colcon.colcon_core.event_handler.log_command:Invoking command in '/home/ghost/Desktop/dev_ws/src/controller': PYTHONPATH=/home/ghost/Desktop/dev_ws/install/controller/lib/python3.8/site-packages:${PYTHONPATH} /usr/bin/python3 setup.py egg_info --egg-base ../../build/controller build --build-base /home/ghost/Desktop/dev_ws/build/controller/build install --prefix /home/ghost/Desktop/dev_ws/install/controller --record /home/ghost/Desktop/dev_ws/build/controller/install.log --single-version-externally-managed
[0.573s] DEBUG:colcon.colcon_core.event_handler.log_command:Invoked command in '/home/ghost/Desktop/dev_ws/src/controller' returned '0': PYTHONPATH=/home/ghost/Desktop/dev_ws/install/controller/lib/python3.8/site-packages:${PYTHONPATH} /usr/bin/python3 setup.py egg_info --egg-base ../../build/controller build --build-base /home/ghost/Desktop/dev_ws/build/controller/build install --prefix /home/ghost/Desktop/dev_ws/install/controller --record /home/ghost/Desktop/dev_ws/build/controller/install.log --single-version-externally-managed
[0.575s] Level 1:colcon.colcon_core.environment:checking '/home/ghost/Desktop/dev_ws/install/controller' for CMake module files
[0.575s] Level 1:colcon.colcon_core.environment:checking '/home/ghost/Desktop/dev_ws/install/controller' for CMake config files
[0.575s] Level 1:colcon.colcon_core.environment:checking '/home/ghost/Desktop/dev_ws/install/controller/lib'
[0.576s] Level 1:colcon.colcon_core.environment:checking '/home/ghost/Desktop/dev_ws/install/controller/bin'
[0.576s] Level 1:colcon.colcon_core.environment:checking '/home/ghost/Desktop/dev_ws/install/controller/lib/pkgconfig/controller.pc'
[0.576s] Level 1:colcon.colcon_core.environment:checking '/home/ghost/Desktop/dev_ws/install/controller/lib/python3.8/site-packages'
[0.576s] Level 1:colcon.colcon_core.shell:create_environment_hook('controller', 'pythonpath')
[0.576s] INFO:colcon.colcon_core.shell:Creating environment hook '/home/ghost/Desktop/dev_ws/install/controller/share/controller/hook/pythonpath.ps1'
[0.577s] INFO:colcon.colcon_core.shell:Creating environment descriptor '/home/ghost/Desktop/dev_ws/install/controller/share/controller/hook/pythonpath.dsv'
[0.577s] INFO:colcon.colcon_core.shell:Creating environment hook '/home/ghost/Desktop/dev_ws/install/controller/share/controller/hook/pythonpath.sh'
[0.577s] Level 1:colcon.colcon_core.environment:create_environment_scripts_only(controller)
[0.578s] INFO:colcon.colcon_core.shell:Creating package script '/home/ghost/Desktop/dev_ws/install/controller/share/controller/package.ps1'
[0.578s] INFO:colcon.colcon_core.shell:Creating package descriptor '/home/ghost/Desktop/dev_ws/install/controller/share/controller/package.dsv'
[0.579s] INFO:colcon.colcon_core.shell:Creating package script '/home/ghost/Desktop/dev_ws/install/controller/share/controller/package.sh'
[0.579s] INFO:colcon.colcon_core.shell:Creating package script '/home/ghost/Desktop/dev_ws/install/controller/share/controller/package.bash'
[0.580s] INFO:colcon.colcon_core.shell:Creating package script '/home/ghost/Desktop/dev_ws/install/controller/share/controller/package.zsh'
[0.581s] Level 1:colcon.colcon_core.environment:create_file_with_runtime_dependencies(/home/ghost/Desktop/dev_ws/install/controller/share/colcon-core/packages/controller)
[4.891s] DEBUG:colcon.colcon_core.event_handler.log_command:Invoked command in '/home/ghost/Desktop/dev_ws/build/robot_communication_interfaces' returned '0': CMAKE_PREFIX_PATH=${CMAKE_PREFIX_PATH}:/home/ghost/Desktop/dev_ws/install/controller:/opt/ros/foxy /usr/bin/cmake --build /home/ghost/Desktop/dev_ws/build/robot_communication_interfaces -- -j4 -l4
[5.182s] DEBUG:colcon.colcon_core.event_handler.log_command:Invoking command in '/home/ghost/Desktop/dev_ws/build/robot_communication_interfaces': CMAKE_PREFIX_PATH=${CMAKE_PREFIX_PATH}:/home/ghost/Desktop/dev_ws/install/controller:/opt/ros/foxy /usr/bin/cmake --install /home/ghost/Desktop/dev_ws/build/robot_communication_interfaces
[5.441s] Level 1:colcon.colcon_core.environment:create_environment_scripts_only(robot_communication_interfaces)
[5.444s] Level 1:colcon.colcon_core.environment:checking '/home/ghost/Desktop/dev_ws/install/robot_communication_interfaces' for CMake module files
[5.446s] DEBUG:colcon.colcon_core.event_handler.log_command:Invoked command in '/home/ghost/Desktop/dev_ws/build/robot_communication_interfaces' returned '0': CMAKE_PREFIX_PATH=${CMAKE_PREFIX_PATH}:/home/ghost/Desktop/dev_ws/install/controller:/opt/ros/foxy /usr/bin/cmake --install /home/ghost/Desktop/dev_ws/build/robot_communication_interfaces
[5.448s] Level 1:colcon.colcon_core.environment:checking '/home/ghost/Desktop/dev_ws/install/robot_communication_interfaces' for CMake config files
[5.450s] Level 1:colcon.colcon_core.shell:create_environment_hook('robot_communication_interfaces', 'cmake_prefix_path')
[5.453s] INFO:colcon.colcon_core.shell:Creating environment hook '/home/ghost/Desktop/dev_ws/install/robot_communication_interfaces/share/robot_communication_interfaces/hook/cmake_prefix_path.ps1'
[5.454s] INFO:colcon.colcon_core.shell:Creating environment descriptor '/home/ghost/Desktop/dev_ws/install/robot_communication_interfaces/share/robot_communication_interfaces/hook/cmake_prefix_path.dsv'
[5.456s] INFO:colcon.colcon_core.shell:Creating environment hook '/home/ghost/Desktop/dev_ws/install/robot_communication_interfaces/share/robot_communication_interfaces/hook/cmake_prefix_path.sh'
[5.459s] Level 1:colcon.colcon_core.environment:checking '/home/ghost/Desktop/dev_ws/install/robot_communication_interfaces/lib'
[5.459s] Level 1:colcon.colcon_core.shell:create_environment_hook('robot_communication_interfaces', 'ld_library_path_lib')
[5.461s] INFO:colcon.colcon_core.shell:Creating environment hook '/home/ghost/Desktop/dev_ws/install/robot_communication_interfaces/share/robot_communication_interfaces/hook/ld_library_path_lib.ps1'
[5.463s] INFO:colcon.colcon_core.shell:Creating environment descriptor '/home/ghost/Desktop/dev_ws/install/robot_communication_interfaces/share/robot_communication_interfaces/hook/ld_library_path_lib.dsv'
[5.464s] INFO:colcon.colcon_core.shell:Creating environment hook '/home/ghost/Desktop/dev_ws/install/robot_communication_interfaces/share/robot_communication_interfaces/hook/ld_library_path_lib.sh'
[5.465s] Level 1:colcon.colcon_core.environment:checking '/home/ghost/Desktop/dev_ws/install/robot_communication_interfaces/bin'
[5.466s] Level 1:colcon.colcon_core.environment:checking '/home/ghost/Desktop/dev_ws/install/robot_communication_interfaces/lib/pkgconfig/robot_communication_interfaces.pc'
[5.466s] Level 1:colcon.colcon_core.environment:checking '/home/ghost/Desktop/dev_ws/install/robot_communication_interfaces/lib/python3.8/site-packages'
[5.466s] Level 1:colcon.colcon_core.shell:create_environment_hook('robot_communication_interfaces', 'pythonpath')
[5.468s] INFO:colcon.colcon_core.shell:Creating environment hook '/home/ghost/Desktop/dev_ws/install/robot_communication_interfaces/share/robot_communication_interfaces/hook/pythonpath.ps1'
[5.470s] INFO:colcon.colcon_core.shell:Creating environment descriptor '/home/ghost/Desktop/dev_ws/install/robot_communication_interfaces/share/robot_communication_interfaces/hook/pythonpath.dsv'
[5.471s] INFO:colcon.colcon_core.shell:Creating environment hook '/home/ghost/Desktop/dev_ws/install/robot_communication_interfaces/share/robot_communication_interfaces/hook/pythonpath.sh'
[5.474s] INFO:colcon.colcon_core.shell:Creating package script '/home/ghost/Desktop/dev_ws/install/robot_communication_interfaces/share/robot_communication_interfaces/package.ps1'
[5.477s] INFO:colcon.colcon_core.shell:Creating package descriptor '/home/ghost/Desktop/dev_ws/install/robot_communication_interfaces/share/robot_communication_interfaces/package.dsv'
[5.478s] INFO:colcon.colcon_core.shell:Creating package script '/home/ghost/Desktop/dev_ws/install/robot_communication_interfaces/share/robot_communication_interfaces/package.sh'
[5.480s] INFO:colcon.colcon_core.shell:Creating package script '/home/ghost/Desktop/dev_ws/install/robot_communication_interfaces/share/robot_communication_interfaces/package.bash'
[5.481s] INFO:colcon.colcon_core.shell:Creating package script '/home/ghost/Desktop/dev_ws/install/robot_communication_interfaces/share/robot_communication_interfaces/package.zsh'
[5.483s] Level 1:colcon.colcon_core.environment:create_file_with_runtime_dependencies(/home/ghost/Desktop/dev_ws/install/robot_communication_interfaces/share/colcon-core/packages/robot_communication_interfaces)
[5.721s] Level 1:colcon.colcon_core.environment:create_environment_scripts_only(robot_communication_interfaces)
[5.723s] Level 1:colcon.colcon_core.environment:checking '/home/ghost/Desktop/dev_ws/install/robot_communication_interfaces' for CMake module files
[5.725s] Level 1:colcon.colcon_core.environment:checking '/home/ghost/Desktop/dev_ws/install/robot_communication_interfaces' for CMake config files
[5.726s] Level 1:colcon.colcon_core.shell:create_environment_hook('robot_communication_interfaces', 'cmake_prefix_path')
[5.728s] INFO:colcon.colcon_core.shell:Creating environment hook '/home/ghost/Desktop/dev_ws/install/robot_communication_interfaces/share/robot_communication_interfaces/hook/cmake_prefix_path.ps1'
[5.731s] INFO:colcon.colcon_core.shell:Creating environment descriptor '/home/ghost/Desktop/dev_ws/install/robot_communication_interfaces/share/robot_communication_interfaces/hook/cmake_prefix_path.dsv'
[5.732s] INFO:colcon.colcon_core.shell:Creating environment hook '/home/ghost/Desktop/dev_ws/install/robot_communication_interfaces/share/robot_communication_interfaces/hook/cmake_prefix_path.sh'
[5.734s] Level 1:colcon.colcon_core.environment:checking '/home/ghost/Desktop/dev_ws/install/robot_communication_interfaces/lib'
[5.735s] Level 1:colcon.colcon_core.shell:create_environment_hook('robot_communication_interfaces', 'ld_library_path_lib')
[5.736s] INFO:colcon.colcon_core.shell:Creating environment hook '/home/ghost/Desktop/dev_ws/install/robot_communication_interfaces/share/robot_communication_interfaces/hook/ld_library_path_lib.ps1'
[5.737s] INFO:colcon.colcon_core.shell:Creating environment descriptor '/home/ghost/Desktop/dev_ws/install/robot_communication_interfaces/share/robot_communication_interfaces/hook/ld_library_path_lib.dsv'
[5.738s] INFO:colcon.colcon_core.shell:Creating environment hook '/home/ghost/Desktop/dev_ws/install/robot_communication_interfaces/share/robot_communication_interfaces/hook/ld_library_path_lib.sh'
[5.740s] Level 1:colcon.colcon_core.environment:checking '/home/ghost/Desktop/dev_ws/install/robot_communication_interfaces/bin'
[5.740s] Level 1:colcon.colcon_core.environment:checking '/home/ghost/Desktop/dev_ws/install/robot_communication_interfaces/lib/pkgconfig/robot_communication_interfaces.pc'
[5.741s] Level 1:colcon.colcon_core.environment:checking '/home/ghost/Desktop/dev_ws/install/robot_communication_interfaces/lib/python3.8/site-packages'
[5.741s] Level 1:colcon.colcon_core.shell:create_environment_hook('robot_communication_interfaces', 'pythonpath')
[5.742s] INFO:colcon.colcon_core.shell:Creating environment hook '/home/ghost/Desktop/dev_ws/install/robot_communication_interfaces/share/robot_communication_interfaces/hook/pythonpath.ps1'
[5.744s] INFO:colcon.colcon_core.shell:Creating environment descriptor '/home/ghost/Desktop/dev_ws/install/robot_communication_interfaces/share/robot_communication_interfaces/hook/pythonpath.dsv'
[5.744s] INFO:colcon.colcon_core.shell:Creating environment hook '/home/ghost/Desktop/dev_ws/install/robot_communication_interfaces/share/robot_communication_interfaces/hook/pythonpath.sh'
[5.747s] INFO:colcon.colcon_core.shell:Creating package script '/home/ghost/Desktop/dev_ws/install/robot_communication_interfaces/share/robot_communication_interfaces/package.ps1'
[5.749s] INFO:colcon.colcon_core.shell:Creating package descriptor '/home/ghost/Desktop/dev_ws/install/robot_communication_interfaces/share/robot_communication_interfaces/package.dsv'
[5.751s] INFO:colcon.colcon_core.shell:Creating package script '/home/ghost/Desktop/dev_ws/install/robot_communication_interfaces/share/robot_communication_interfaces/package.sh'
[5.752s] INFO:colcon.colcon_core.shell:Creating package script '/home/ghost/Desktop/dev_ws/install/robot_communication_interfaces/share/robot_communication_interfaces/package.bash'
[5.754s] INFO:colcon.colcon_core.shell:Creating package script '/home/ghost/Desktop/dev_ws/install/robot_communication_interfaces/share/robot_communication_interfaces/package.zsh'
[5.755s] Level 1:colcon.colcon_core.environment:create_file_with_runtime_dependencies(/home/ghost/Desktop/dev_ws/install/robot_communication_interfaces/share/colcon-core/packages/robot_communication_interfaces)
[5.757s] DEBUG:colcon.colcon_parallel_executor.executor.parallel:closing loop
[5.757s] DEBUG:colcon.colcon_parallel_executor.executor.parallel:loop closed
[5.757s] DEBUG:colcon.colcon_parallel_executor.executor.parallel:run_until_complete finished with '0'
[5.759s] DEBUG:colcon.colcon_core.event_reactor:joining thread
[5.777s] INFO:colcon.colcon_core.plugin_system:Skipping extension 'colcon_notification.desktop_notification.terminal_notifier': Not used on non-Darwin systems
[5.778s] INFO:colcon.colcon_core.plugin_system:Skipping extension 'colcon_notification.desktop_notification.win32': Not used on non-Windows systems
[5.778s] INFO:colcon.colcon_notification.desktop_notification:Sending desktop notification using 'notify2'
[5.793s] DEBUG:colcon.colcon_notification.desktop_notification.notify2:Failed to initialize notify2: org.freedesktop.DBus.Error.ServiceUnknown: The name org.freedesktop.Notifications was not provided by any .service files
[5.794s] DEBUG:colcon.colcon_core.event_reactor:joined thread
[5.797s] INFO:colcon.colcon_core.shell:Creating prefix script '/home/ghost/Desktop/dev_ws/install/local_setup.ps1'
[5.801s] INFO:colcon.colcon_core.shell:Creating prefix util module '/home/ghost/Desktop/dev_ws/install/_local_setup_util_ps1.py'
[5.806s] INFO:colcon.colcon_core.shell:Creating prefix chain script '/home/ghost/Desktop/dev_ws/install/setup.ps1'
[5.814s] INFO:colcon.colcon_core.shell:Creating prefix script '/home/ghost/Desktop/dev_ws/install/local_setup.sh'
[5.816s] INFO:colcon.colcon_core.shell:Creating prefix util module '/home/ghost/Desktop/dev_ws/install/_local_setup_util_sh.py'
[5.818s] INFO:colcon.colcon_core.shell:Creating prefix chain script '/home/ghost/Desktop/dev_ws/install/setup.sh'
[5.824s] INFO:colcon.colcon_core.shell:Creating prefix script '/home/ghost/Desktop/dev_ws/install/local_setup.bash'
[5.825s] INFO:colcon.colcon_core.shell:Creating prefix chain script '/home/ghost/Desktop/dev_ws/install/setup.bash'
[5.831s] INFO:colcon.colcon_core.shell:Creating prefix script '/home/ghost/Desktop/dev_ws/install/local_setup.zsh'
[5.832s] INFO:colcon.colcon_core.shell:Creating prefix chain script '/home/ghost/Desktop/dev_ws/install/setup.zsh'
