[0.000000] (-) TimerEvent: {}
[0.001261] (controller) JobQueued: {'identifier': 'controller', 'dependencies': OrderedDict()}
[0.001330] (controller) JobStarted: {'identifier': 'controller'}
[0.099250] (-) TimerEvent: {}
[0.199818] (-) TimerEvent: {}
[0.300290] (-) TimerEvent: {}
[0.334347] (controller) Command: {'cmd': ['/usr/bin/python3', 'setup.py', 'egg_info', '--egg-base', '../../build/controller', 'build', '--build-base', '/home/ghost/Desktop/dev_ws/build/controller/build', 'install', '--prefix', '/home/ghost/Desktop/dev_ws/install/controller', '--record', '/home/ghost/Desktop/dev_ws/build/controller/install.log', '--single-version-externally-managed'], 'cwd': '/home/ghost/Desktop/dev_ws/src/controller', 'env': {'SUDO_GID': '1000', 'MAIL': '/var/mail/root', 'LANGUAGE': 'en_IN:en', 'USER': 'root', 'HOME': '/root', 'COLORTERM': 'truecolor', 'SUDO_UID': '1000', 'LOGNAME': 'root', 'TERM': 'xterm-256color', 'PATH': '/usr/local/sbin:/usr/local/bin:/usr/sbin:/usr/bin:/sbin:/bin:/snap/bin', 'DISPLAY': ':0', 'LANG': 'en_US.UTF-8', 'XAUTHORITY': '/run/user/1000/gdm/Xauthority', 'SUDO_COMMAND': '/usr/bin/colcon build', 'SHELL': '/bin/bash', 'SUDO_USER': 'ghost', 'LC_ALL': 'en_US.UTF-8', 'PWD': '/home/ghost/Desktop/dev_ws/build/controller', 'COLCON': '1', 'PYTHONPATH': '/home/ghost/Desktop/dev_ws/install/controller/lib/python3.8/site-packages:'}, 'shell': False}
[0.400443] (-) TimerEvent: {}
[0.500825] (-) TimerEvent: {}
[0.590591] (controller) StdoutLine: {'line': b'running egg_info\n'}
[0.591429] (controller) StdoutLine: {'line': b'writing ../../build/controller/controller.egg-info/PKG-INFO\n'}
[0.593004] (controller) StdoutLine: {'line': b'writing dependency_links to ../../build/controller/controller.egg-info/dependency_links.txt\n'}
[0.593243] (controller) StdoutLine: {'line': b'writing entry points to ../../build/controller/controller.egg-info/entry_points.txt\n'}
[0.593326] (controller) StdoutLine: {'line': b'writing requirements to ../../build/controller/controller.egg-info/requires.txt\n'}
[0.593402] (controller) StdoutLine: {'line': b'writing top-level names to ../../build/controller/controller.egg-info/top_level.txt\n'}
[0.600904] (-) TimerEvent: {}
[0.646436] (controller) StdoutLine: {'line': b"reading manifest file '../../build/controller/controller.egg-info/SOURCES.txt'\n"}
[0.647656] (controller) StdoutLine: {'line': b"writing manifest file '../../build/controller/controller.egg-info/SOURCES.txt'\n"}
[0.648008] (controller) StdoutLine: {'line': b'running build\n'}
[0.648280] (controller) StdoutLine: {'line': b'running build_py\n'}
[0.648835] (controller) StdoutLine: {'line': b'copying controller/robot.py -> /home/ghost/Desktop/dev_ws/build/controller/build/lib/controller\n'}
[0.649653] (controller) StdoutLine: {'line': b'running install\n'}
[0.650698] (controller) StdoutLine: {'line': b'running install_lib\n'}
[0.652296] (controller) StdoutLine: {'line': b'copying /home/ghost/Desktop/dev_ws/build/controller/build/lib/controller/robot.py -> /home/ghost/Desktop/dev_ws/install/controller/lib/python3.8/site-packages/controller\n'}
[0.653283] (controller) StdoutLine: {'line': b'byte-compiling /home/ghost/Desktop/dev_ws/install/controller/lib/python3.8/site-packages/controller/robot.py to robot.cpython-38.pyc\n'}
[0.657032] (controller) StdoutLine: {'line': b'running install_data\n'}
[0.657201] (controller) StdoutLine: {'line': b'running install_egg_info\n'}
[0.659156] (controller) StdoutLine: {'line': b"removing '/home/ghost/Desktop/dev_ws/install/controller/lib/python3.8/site-packages/controller-0.0.1-py3.8.egg-info' (and everything under it)\n"}
[0.659589] (controller) StdoutLine: {'line': b'Copying ../../build/controller/controller.egg-info to /home/ghost/Desktop/dev_ws/install/controller/lib/python3.8/site-packages/controller-0.0.1-py3.8.egg-info\n'}
[0.660578] (controller) StdoutLine: {'line': b'running install_scripts\n'}
[0.687501] (controller) StdoutLine: {'line': b'Installing controller script to /home/ghost/Desktop/dev_ws/install/controller/lib/controller\n'}
[0.688457] (controller) StdoutLine: {'line': b"writing list of installed files to '/home/ghost/Desktop/dev_ws/build/controller/install.log'\n"}
[0.701070] (-) TimerEvent: {}
[0.719854] (controller) CommandEnded: {'returncode': 0}
[0.736559] (controller) JobEnded: {'identifier': 'controller', 'rc': 0}
[0.738068] (-) EventReactorShutdown: {}
