[0.328s] Invoking command in '/home/ghost/Desktop/dev_ws/src/controller': PYTHONPATH=/home/ghost/Desktop/dev_ws/install/controller/lib/python3.8/site-packages: /usr/bin/python3 setup.py egg_info --egg-base ../../build/controller build --build-base /home/ghost/Desktop/dev_ws/build/controller/build install --prefix /home/ghost/Desktop/dev_ws/install/controller --record /home/ghost/Desktop/dev_ws/build/controller/install.log --single-version-externally-managed
[0.846s] running egg_info
[0.851s] writing ../../build/controller/controller.egg-info/PKG-INFO
[0.853s] writing dependency_links to ../../build/controller/controller.egg-info/dependency_links.txt
[0.854s] writing entry points to ../../build/controller/controller.egg-info/entry_points.txt
[0.854s] writing requirements to ../../build/controller/controller.egg-info/requires.txt
[0.856s] writing top-level names to ../../build/controller/controller.egg-info/top_level.txt
[1.000s] reading manifest file '../../build/controller/controller.egg-info/SOURCES.txt'
[1.003s] writing manifest file '../../build/controller/controller.egg-info/SOURCES.txt'
[1.003s] running build
[1.004s] running build_py
[1.006s] running install
[1.011s] running install_lib
[1.013s] running install_data
[1.014s] running install_egg_info
[1.020s] removing '/home/ghost/Desktop/dev_ws/install/controller/lib/python3.8/site-packages/controller-0.0.1-py3.8.egg-info' (and everything under it)
[1.021s] Copying ../../build/controller/controller.egg-info to /home/ghost/Desktop/dev_ws/install/controller/lib/python3.8/site-packages/controller-0.0.1-py3.8.egg-info
[1.024s] running install_scripts
[1.056s] Installing controller script to /home/ghost/Desktop/dev_ws/install/controller/lib/controller
[1.057s] writing list of installed files to '/home/ghost/Desktop/dev_ws/build/controller/install.log'
[1.102s] Invoked command in '/home/ghost/Desktop/dev_ws/src/controller' returned '0': PYTHONPATH=/home/ghost/Desktop/dev_ws/install/controller/lib/python3.8/site-packages: /usr/bin/python3 setup.py egg_info --egg-base ../../build/controller build --build-base /home/ghost/Desktop/dev_ws/build/controller/build install --prefix /home/ghost/Desktop/dev_ws/install/controller --record /home/ghost/Desktop/dev_ws/build/controller/install.log --single-version-externally-managed
