[2.833s] Invoking command in '/home/ghost/Desktop/dev_ws/src/controller': PYTHONPATH=/home/ghost/Desktop/dev_ws/install/controller/lib/python3.8/site-packages: /usr/bin/python3 setup.py egg_info --egg-base ../../build/controller build --build-base /home/ghost/Desktop/dev_ws/build/controller/build install --prefix /home/ghost/Desktop/dev_ws/install/controller --record /home/ghost/Desktop/dev_ws/build/controller/install.log --single-version-externally-managed
[5.380s] running egg_info
[5.383s] writing ../../build/controller/controller.egg-info/PKG-INFO
[5.387s] writing dependency_links to ../../build/controller/controller.egg-info/dependency_links.txt
[5.389s] writing entry points to ../../build/controller/controller.egg-info/entry_points.txt
[5.394s] writing requirements to ../../build/controller/controller.egg-info/requires.txt
[5.396s] writing top-level names to ../../build/controller/controller.egg-info/top_level.txt
[5.878s] reading manifest file '../../build/controller/controller.egg-info/SOURCES.txt'
[5.891s] writing manifest file '../../build/controller/controller.egg-info/SOURCES.txt'
[5.892s] running build
[5.893s] running build_py
[5.915s] running install
[5.923s] running install_lib
[5.959s] running install_data
[5.965s] running install_egg_info
[5.983s] removing '/home/ghost/Desktop/dev_ws/install/controller/lib/python3.8/site-packages/controller-0.0.1-py3.8.egg-info' (and everything under it)
[5.986s] Copying ../../build/controller/controller.egg-info to /home/ghost/Desktop/dev_ws/install/controller/lib/python3.8/site-packages/controller-0.0.1-py3.8.egg-info
[5.993s] running install_scripts
[6.188s] Installing controller script to /home/ghost/Desktop/dev_ws/install/controller/lib/controller
[6.197s] writing list of installed files to '/home/ghost/Desktop/dev_ws/build/controller/install.log'
[6.392s] Invoked command in '/home/ghost/Desktop/dev_ws/src/controller' returned '0': PYTHONPATH=/home/ghost/Desktop/dev_ws/install/controller/lib/python3.8/site-packages: /usr/bin/python3 setup.py egg_info --egg-base ../../build/controller build --build-base /home/ghost/Desktop/dev_ws/build/controller/build install --prefix /home/ghost/Desktop/dev_ws/install/controller --record /home/ghost/Desktop/dev_ws/build/controller/install.log --single-version-externally-managed
