[1.497s] Invoking command in '/home/ghost/Desktop/dev_ws/src/controller': PYTHONPATH=/home/ghost/Desktop/dev_ws/install/controller/lib/python3.8/site-packages: /usr/bin/python3 setup.py egg_info --egg-base ../../build/controller build --build-base /home/ghost/Desktop/dev_ws/build/controller/build install --prefix /home/ghost/Desktop/dev_ws/install/controller --record /home/ghost/Desktop/dev_ws/build/controller/install.log --single-version-externally-managed
[2.951s] running egg_info
[2.955s] writing ../../build/controller/controller.egg-info/PKG-INFO
[2.957s] writing dependency_links to ../../build/controller/controller.egg-info/dependency_links.txt
[2.960s] writing entry points to ../../build/controller/controller.egg-info/entry_points.txt
[2.960s] writing requirements to ../../build/controller/controller.egg-info/requires.txt
[2.962s] writing top-level names to ../../build/controller/controller.egg-info/top_level.txt
[3.266s] reading manifest file '../../build/controller/controller.egg-info/SOURCES.txt'
[3.279s] writing manifest file '../../build/controller/controller.egg-info/SOURCES.txt'
[3.282s] running build
[3.283s] running build_py
[3.290s] copying controller/coordination.py -> /home/ghost/Desktop/dev_ws/build/controller/build/lib/controller
[3.294s] running install
[3.301s] running install_lib
[3.314s] copying /home/ghost/Desktop/dev_ws/build/controller/build/lib/controller/coordination.py -> /home/ghost/Desktop/dev_ws/install/controller/lib/python3.8/site-packages/controller
[3.321s] byte-compiling /home/ghost/Desktop/dev_ws/install/controller/lib/python3.8/site-packages/controller/coordination.py to coordination.cpython-38.pyc
[3.337s] running install_data
[3.340s] running install_egg_info
[3.350s] removing '/home/ghost/Desktop/dev_ws/install/controller/lib/python3.8/site-packages/controller-0.0.1-py3.8.egg-info' (and everything under it)
[3.352s] Copying ../../build/controller/controller.egg-info to /home/ghost/Desktop/dev_ws/install/controller/lib/python3.8/site-packages/controller-0.0.1-py3.8.egg-info
[3.357s] running install_scripts
[3.475s] Installing controller script to /home/ghost/Desktop/dev_ws/install/controller/lib/controller
[3.479s] writing list of installed files to '/home/ghost/Desktop/dev_ws/build/controller/install.log'
[3.604s] Invoked command in '/home/ghost/Desktop/dev_ws/src/controller' returned '0': PYTHONPATH=/home/ghost/Desktop/dev_ws/install/controller/lib/python3.8/site-packages: /usr/bin/python3 setup.py egg_info --egg-base ../../build/controller build --build-base /home/ghost/Desktop/dev_ws/build/controller/build install --prefix /home/ghost/Desktop/dev_ws/install/controller --record /home/ghost/Desktop/dev_ws/build/controller/install.log --single-version-externally-managed
