[0.000000] (-) TimerEvent: {}
[0.000117] (controller) JobQueued: {'identifier': 'controller', 'dependencies': OrderedDict()}
[0.000138] (robot_communication_interfaces) JobQueued: {'identifier': 'robot_communication_interfaces', 'dependencies': OrderedDict()}
[0.000152] (controller) JobStarted: {'identifier': 'controller'}
[0.013180] (robot_communication_interfaces) JobStarted: {'identifier': 'robot_communication_interfaces'}
[0.098825] (-) TimerEvent: {}
[0.181334] (robot_communication_interfaces) JobProgress: {'identifier': 'robot_communication_interfaces', 'progress': 'cmake'}
[0.183151] (robot_communication_interfaces) JobProgress: {'identifier': 'robot_communication_interfaces', 'progress': 'build'}
[0.183220] (robot_communication_interfaces) Command: {'cmd': ['/usr/bin/cmake', '--build', '/home/ghost/Desktop/dev_ws/build/robot_communication_interfaces', '--', '-j4', '-l4'], 'cwd': '/home/ghost/Desktop/dev_ws/build/robot_communication_interfaces', 'env': OrderedDict([('SUDO_GID', '1000'), ('MAIL', '/var/mail/root'), ('LANGUAGE', 'en_IN:en'), ('USER', 'root'), ('HOME', '/root'), ('COLORTERM', 'truecolor'), ('SUDO_UID', '1000'), ('LOGNAME', 'root'), ('TERM', 'xterm-256color'), ('PATH', '/usr/local/sbin:/usr/local/bin:/usr/sbin:/usr/bin:/sbin:/bin:/snap/bin'), ('DISPLAY', ':0'), ('LANG', 'en_US.UTF-8'), ('XAUTHORITY', '/run/user/1000/gdm/Xauthority'), ('SUDO_COMMAND', '/usr/bin/colcon build'), ('SHELL', '/bin/bash'), ('SUDO_USER', 'ghost'), ('LC_ALL', 'en_US.UTF-8'), ('PWD', '/home/ghost/Desktop/dev_ws/build/robot_communication_interfaces'), ('COLCON', '1')]), 'shell': False}
[0.191423] (controller) Command: {'cmd': ['/usr/bin/python3', 'setup.py', 'egg_info', '--egg-base', '../../build/controller', 'build', '--build-base', '/home/ghost/Desktop/dev_ws/build/controller/build', 'install', '--prefix', '/home/ghost/Desktop/dev_ws/install/controller', '--record', '/home/ghost/Desktop/dev_ws/build/controller/install.log', '--single-version-externally-managed'], 'cwd': '/home/ghost/Desktop/dev_ws/src/controller', 'env': {'SUDO_GID': '1000', 'MAIL': '/var/mail/root', 'LANGUAGE': 'en_IN:en', 'USER': 'root', 'HOME': '/root', 'COLORTERM': 'truecolor', 'SUDO_UID': '1000', 'LOGNAME': 'root', 'TERM': 'xterm-256color', 'PATH': '/usr/local/sbin:/usr/local/bin:/usr/sbin:/usr/bin:/sbin:/bin:/snap/bin', 'DISPLAY': ':0', 'LANG': 'en_US.UTF-8', 'XAUTHORITY': '/run/user/1000/gdm/Xauthority', 'SUDO_COMMAND': '/usr/bin/colcon build', 'SHELL': '/bin/bash', 'SUDO_USER': 'ghost', 'LC_ALL': 'en_US.UTF-8', 'PWD': '/home/ghost/Desktop/dev_ws/build/controller', 'COLCON': '1', 'PYTHONPATH': '/home/ghost/Desktop/dev_ws/install/controller/lib/python3.8/site-packages:'}, 'shell': False}
[0.198886] (-) TimerEvent: {}
[0.244112] (robot_communication_interfaces) StdoutLine: {'line': b'[  2%] Built target robot_communication_interfaces__cpp\n'}
[0.253722] (robot_communication_interfaces) StdoutLine: {'line': b'[ 12%] Built target robot_communication_interfaces__rosidl_generator_c\n'}
[0.282339] (robot_communication_interfaces) StdoutLine: {'line': b'[ 23%] Built target robot_communication_interfaces__rosidl_typesupport_fastrtps_cpp\n'}
[0.286200] (robot_communication_interfaces) StdoutLine: {'line': b'[ 33%] Built target robot_communication_interfaces__rosidl_typesupport_cpp\n'}
[0.290483] (robot_communication_interfaces) StdoutLine: {'line': b'[ 43%] Built target robot_communication_interfaces__rosidl_typesupport_introspection_cpp\n'}
[0.299105] (-) TimerEvent: {}
[0.302739] (robot_communication_interfaces) StdoutLine: {'line': b'[ 53%] Built target robot_communication_interfaces__rosidl_typesupport_introspection_c\n'}
[0.317126] (robot_communication_interfaces) StdoutLine: {'line': b'[ 64%] Built target robot_communication_interfaces__rosidl_typesupport_fastrtps_c\n'}
[0.318816] (robot_communication_interfaces) StdoutLine: {'line': b'[ 74%] Built target robot_communication_interfaces__rosidl_typesupport_c\n'}
[0.343344] (robot_communication_interfaces) StdoutLine: {'line': b'[ 74%] Built target robot_communication_interfaces\n'}
[0.355311] (controller) StdoutLine: {'line': b'running egg_info\n'}
[0.355817] (controller) StdoutLine: {'line': b'writing ../../build/controller/controller.egg-info/PKG-INFO\n'}
[0.355962] (controller) StdoutLine: {'line': b'writing dependency_links to ../../build/controller/controller.egg-info/dependency_links.txt\n'}
[0.356108] (controller) StdoutLine: {'line': b'writing entry points to ../../build/controller/controller.egg-info/entry_points.txt\n'}
[0.356245] (controller) StdoutLine: {'line': b'writing requirements to ../../build/controller/controller.egg-info/requires.txt\n'}
[0.356347] (controller) StdoutLine: {'line': b'writing top-level names to ../../build/controller/controller.egg-info/top_level.txt\n'}
[0.364791] (robot_communication_interfaces) StdoutLine: {'line': b'[ 76%] Built target robot_communication_interfaces__py\n'}
[0.388293] (controller) StdoutLine: {'line': b"reading manifest file '../../build/controller/controller.egg-info/SOURCES.txt'\n"}
[0.390399] (controller) StdoutLine: {'line': b"writing manifest file '../../build/controller/controller.egg-info/SOURCES.txt'\n"}
[0.390578] (controller) StdoutLine: {'line': b'running build\n'}
[0.390637] (controller) StdoutLine: {'line': b'running build_py\n'}
[0.390736] (controller) StdoutLine: {'line': b'copying controller/communicator.py -> /home/ghost/Desktop/dev_ws/build/controller/build/lib/controller\n'}
[0.390796] (controller) StdoutLine: {'line': b'running install\n'}
[0.391607] (controller) StdoutLine: {'line': b'running install_lib\n'}
[0.392542] (controller) StdoutLine: {'line': b'copying /home/ghost/Desktop/dev_ws/build/controller/build/lib/controller/communicator.py -> /home/ghost/Desktop/dev_ws/install/controller/lib/python3.8/site-packages/controller\n'}
[0.393182] (controller) StdoutLine: {'line': b'byte-compiling /home/ghost/Desktop/dev_ws/install/controller/lib/python3.8/site-packages/controller/communicator.py to communicator.cpython-38.pyc\n'}
[0.394469] (controller) StdoutLine: {'line': b'running install_data\n'}
[0.394983] (controller) StdoutLine: {'line': b'running install_egg_info\n'}
[0.396204] (controller) StdoutLine: {'line': b"removing '/home/ghost/Desktop/dev_ws/install/controller/lib/python3.8/site-packages/controller-0.0.1-py3.8.egg-info' (and everything under it)\n"}
[0.396495] (controller) StdoutLine: {'line': b'Copying ../../build/controller/controller.egg-info to /home/ghost/Desktop/dev_ws/install/controller/lib/python3.8/site-packages/controller-0.0.1-py3.8.egg-info\n'}
[0.397147] (controller) StdoutLine: {'line': b'running install_scripts\n'}
[0.397259] (robot_communication_interfaces) StdoutLine: {'line': b'[ 84%] Built target robot_communication_interfaces__python\n'}
[0.399248] (-) TimerEvent: {}
[0.412005] (controller) StdoutLine: {'line': b'Installing controller script to /home/ghost/Desktop/dev_ws/install/controller/lib/controller\n'}
[0.412654] (controller) StdoutLine: {'line': b"writing list of installed files to '/home/ghost/Desktop/dev_ws/build/controller/install.log'\n"}
[0.422291] (robot_communication_interfaces) StdoutLine: {'line': b'[ 89%] Built target robot_communication_interfaces__rosidl_typesupport_introspection_c__pyext\n'}
[0.429934] (robot_communication_interfaces) StdoutLine: {'line': b'[ 94%] Built target robot_communication_interfaces__rosidl_typesupport_c__pyext\n'}
[0.431553] (robot_communication_interfaces) StdoutLine: {'line': b'[100%] Built target robot_communication_interfaces__rosidl_typesupport_fastrtps_c__pyext\n'}
[0.434055] (controller) CommandEnded: {'returncode': 0}
[0.446249] (controller) JobEnded: {'identifier': 'controller', 'rc': 0}
[0.448428] (robot_communication_interfaces) CommandEnded: {'returncode': 0}
[0.499565] (-) TimerEvent: {}
[0.509693] (robot_communication_interfaces) JobProgress: {'identifier': 'robot_communication_interfaces', 'progress': 'install'}
[0.518661] (robot_communication_interfaces) Command: {'cmd': ['/usr/bin/cmake', '--install', '/home/ghost/Desktop/dev_ws/build/robot_communication_interfaces'], 'cwd': '/home/ghost/Desktop/dev_ws/build/robot_communication_interfaces', 'env': OrderedDict([('SUDO_GID', '1000'), ('MAIL', '/var/mail/root'), ('LANGUAGE', 'en_IN:en'), ('USER', 'root'), ('HOME', '/root'), ('COLORTERM', 'truecolor'), ('SUDO_UID', '1000'), ('LOGNAME', 'root'), ('TERM', 'xterm-256color'), ('PATH', '/usr/local/sbin:/usr/local/bin:/usr/sbin:/usr/bin:/sbin:/bin:/snap/bin'), ('DISPLAY', ':0'), ('LANG', 'en_US.UTF-8'), ('XAUTHORITY', '/run/user/1000/gdm/Xauthority'), ('SUDO_COMMAND', '/usr/bin/colcon build'), ('SHELL', '/bin/bash'), ('SUDO_USER', 'ghost'), ('LC_ALL', 'en_US.UTF-8'), ('PWD', '/home/ghost/Desktop/dev_ws/build/robot_communication_interfaces'), ('COLCON', '1')]), 'shell': False}
[0.529780] (robot_communication_interfaces) StdoutLine: {'line': b'-- Install configuration: ""\n'}
[0.530125] (robot_communication_interfaces) StdoutLine: {'line': b'-- Up-to-date: /home/ghost/Desktop/dev_ws/install/robot_communication_interfaces/share/ament_index/resource_index/rosidl_interfaces/robot_communication_interfaces\n'}
[0.530190] (robot_communication_interfaces) StdoutLine: {'line': b'-- Up-to-date: /home/ghost/Desktop/dev_ws/install/robot_communication_interfaces/include/robot_communication_interfaces\n'}
[0.530258] (robot_communication_interfaces) StdoutLine: {'line': b'-- Up-to-date: /home/ghost/Desktop/dev_ws/install/robot_communication_interfaces/include/robot_communication_interfaces/srv\n'}
[0.530310] (robot_communication_interfaces) StdoutLine: {'line': b'-- Up-to-date: /home/ghost/Desktop/dev_ws/install/robot_communication_interfaces/include/robot_communication_interfaces/srv/communication_service.h\n'}
[0.530360] (robot_communication_interfaces) StdoutLine: {'line': b'-- Up-to-date: /home/ghost/Desktop/dev_ws/install/robot_communication_interfaces/include/robot_communication_interfaces/srv/detail\n'}
[0.530410] (robot_communication_interfaces) StdoutLine: {'line': b'-- Up-to-date: /home/ghost/Desktop/dev_ws/install/robot_communication_interfaces/include/robot_communication_interfaces/srv/detail/communication_service__struct.h\n'}
[0.530465] (robot_communication_interfaces) StdoutLine: {'line': b'-- Up-to-date: /home/ghost/Desktop/dev_ws/install/robot_communication_interfaces/include/robot_communication_interfaces/srv/detail/communication_service__functions.c\n'}
[0.530515] (robot_communication_interfaces) StdoutLine: {'line': b'-- Up-to-date: /home/ghost/Desktop/dev_ws/install/robot_communication_interfaces/include/robot_communication_interfaces/srv/detail/communication_service__type_support.h\n'}
[0.530563] (robot_communication_interfaces) StdoutLine: {'line': b'-- Up-to-date: /home/ghost/Desktop/dev_ws/install/robot_communication_interfaces/include/robot_communication_interfaces/srv/detail/communication_service__functions.h\n'}
[0.530648] (robot_communication_interfaces) StdoutLine: {'line': b'-- Up-to-date: /home/ghost/Desktop/dev_ws/install/robot_communication_interfaces/include/robot_communication_interfaces/msg\n'}
[0.530735] (robot_communication_interfaces) StdoutLine: {'line': b'-- Up-to-date: /home/ghost/Desktop/dev_ws/install/robot_communication_interfaces/include/robot_communication_interfaces/msg/rosidl_generator_c__visibility_control.h\n'}
[0.530885] (robot_communication_interfaces) StdoutLine: {'line': b'-- Up-to-date: /home/ghost/Desktop/dev_ws/install/robot_communication_interfaces/include/robot_communication_interfaces/msg/communication_message.h\n'}
[0.530936] (robot_communication_interfaces) StdoutLine: {'line': b'-- Up-to-date: /home/ghost/Desktop/dev_ws/install/robot_communication_interfaces/include/robot_communication_interfaces/msg/detail\n'}
[0.531053] (robot_communication_interfaces) StdoutLine: {'line': b'-- Up-to-date: /home/ghost/Desktop/dev_ws/install/robot_communication_interfaces/include/robot_communication_interfaces/msg/detail/communication_message__type_support.h\n'}
[0.531216] (robot_communication_interfaces) StdoutLine: {'line': b'-- Up-to-date: /home/ghost/Desktop/dev_ws/install/robot_communication_interfaces/include/robot_communication_interfaces/msg/detail/communication_message__functions.h\n'}
[0.531512] (robot_communication_interfaces) StdoutLine: {'line': b'-- Up-to-date: /home/ghost/Desktop/dev_ws/install/robot_communication_interfaces/include/robot_communication_interfaces/msg/detail/communication_message__struct.h\n'}
[0.531591] (robot_communication_interfaces) StdoutLine: {'line': b'-- Up-to-date: /home/ghost/Desktop/dev_ws/install/robot_communication_interfaces/include/robot_communication_interfaces/msg/detail/communication_message__functions.c\n'}
[0.531669] (robot_communication_interfaces) StdoutLine: {'line': b'-- Up-to-date: /home/ghost/Desktop/dev_ws/install/robot_communication_interfaces/share/robot_communication_interfaces/environment/library_path.sh\n'}
[0.531727] (robot_communication_interfaces) StdoutLine: {'line': b'-- Up-to-date: /home/ghost/Desktop/dev_ws/install/robot_communication_interfaces/share/robot_communication_interfaces/environment/library_path.dsv\n'}
[0.531781] (robot_communication_interfaces) StdoutLine: {'line': b'-- Up-to-date: /home/ghost/Desktop/dev_ws/install/robot_communication_interfaces/lib/librobot_communication_interfaces__rosidl_generator_c.so\n'}
[0.531838] (robot_communication_interfaces) StdoutLine: {'line': b'-- Up-to-date: /home/ghost/Desktop/dev_ws/install/robot_communication_interfaces/include/robot_communication_interfaces\n'}
[0.531891] (robot_communication_interfaces) StdoutLine: {'line': b'-- Up-to-date: /home/ghost/Desktop/dev_ws/install/robot_communication_interfaces/include/robot_communication_interfaces/srv\n'}
[0.531967] (robot_communication_interfaces) StdoutLine: {'line': b'-- Up-to-date: /home/ghost/Desktop/dev_ws/install/robot_communication_interfaces/include/robot_communication_interfaces/srv/detail\n'}
[0.532246] (robot_communication_interfaces) StdoutLine: {'line': b'-- Up-to-date: /home/ghost/Desktop/dev_ws/install/robot_communication_interfaces/include/robot_communication_interfaces/srv/detail/communication_service__rosidl_typesupport_fastrtps_c.h\n'}
[0.532322] (robot_communication_interfaces) StdoutLine: {'line': b'-- Up-to-date: /home/ghost/Desktop/dev_ws/install/robot_communication_interfaces/include/robot_communication_interfaces/msg\n'}
[0.532490] (robot_communication_interfaces) StdoutLine: {'line': b'-- Up-to-date: /home/ghost/Desktop/dev_ws/install/robot_communication_interfaces/include/robot_communication_interfaces/msg/rosidl_typesupport_fastrtps_c__visibility_control.h\n'}
[0.532599] (robot_communication_interfaces) StdoutLine: {'line': b'-- Up-to-date: /home/ghost/Desktop/dev_ws/install/robot_communication_interfaces/include/robot_communication_interfaces/msg/detail\n'}
[0.532653] (robot_communication_interfaces) StdoutLine: {'line': b'-- Up-to-date: /home/ghost/Desktop/dev_ws/install/robot_communication_interfaces/include/robot_communication_interfaces/msg/detail/communication_message__rosidl_typesupport_fastrtps_c.h\n'}
[0.532710] (robot_communication_interfaces) StdoutLine: {'line': b'-- Up-to-date: /home/ghost/Desktop/dev_ws/install/robot_communication_interfaces/lib/librobot_communication_interfaces__rosidl_typesupport_fastrtps_c.so\n'}
[0.532756] (robot_communication_interfaces) StdoutLine: {'line': b'-- Up-to-date: /home/ghost/Desktop/dev_ws/install/robot_communication_interfaces/include/robot_communication_interfaces\n'}
[0.532824] (robot_communication_interfaces) StdoutLine: {'line': b'-- Up-to-date: /home/ghost/Desktop/dev_ws/install/robot_communication_interfaces/include/robot_communication_interfaces/srv\n'}
[0.532873] (robot_communication_interfaces) StdoutLine: {'line': b'-- Up-to-date: /home/ghost/Desktop/dev_ws/install/robot_communication_interfaces/include/robot_communication_interfaces/srv/detail\n'}
[0.532932] (robot_communication_interfaces) StdoutLine: {'line': b'-- Up-to-date: /home/ghost/Desktop/dev_ws/install/robot_communication_interfaces/include/robot_communication_interfaces/srv/detail/dds_fastrtps\n'}
[0.532988] (robot_communication_interfaces) StdoutLine: {'line': b'-- Up-to-date: /home/ghost/Desktop/dev_ws/install/robot_communication_interfaces/include/robot_communication_interfaces/srv/detail/communication_service__rosidl_typesupport_fastrtps_cpp.hpp\n'}
[0.533111] (robot_communication_interfaces) StdoutLine: {'line': b'-- Up-to-date: /home/ghost/Desktop/dev_ws/install/robot_communication_interfaces/include/robot_communication_interfaces/msg\n'}
[0.533166] (robot_communication_interfaces) StdoutLine: {'line': b'-- Up-to-date: /home/ghost/Desktop/dev_ws/install/robot_communication_interfaces/include/robot_communication_interfaces/msg/detail\n'}
[0.533216] (robot_communication_interfaces) StdoutLine: {'line': b'-- Up-to-date: /home/ghost/Desktop/dev_ws/install/robot_communication_interfaces/include/robot_communication_interfaces/msg/detail/dds_fastrtps\n'}
[0.533264] (robot_communication_interfaces) StdoutLine: {'line': b'-- Up-to-date: /home/ghost/Desktop/dev_ws/install/robot_communication_interfaces/include/robot_communication_interfaces/msg/detail/communication_message__rosidl_typesupport_fastrtps_cpp.hpp\n'}
[0.533362] (robot_communication_interfaces) StdoutLine: {'line': b'-- Up-to-date: /home/ghost/Desktop/dev_ws/install/robot_communication_interfaces/include/robot_communication_interfaces/msg/rosidl_typesupport_fastrtps_cpp__visibility_control.h\n'}
[0.533438] (robot_communication_interfaces) StdoutLine: {'line': b'-- Up-to-date: /home/ghost/Desktop/dev_ws/install/robot_communication_interfaces/lib/librobot_communication_interfaces__rosidl_typesupport_fastrtps_cpp.so\n'}
[0.533494] (robot_communication_interfaces) StdoutLine: {'line': b'-- Up-to-date: /home/ghost/Desktop/dev_ws/install/robot_communication_interfaces/include/robot_communication_interfaces\n'}
[0.533578] (robot_communication_interfaces) StdoutLine: {'line': b'-- Up-to-date: /home/ghost/Desktop/dev_ws/install/robot_communication_interfaces/include/robot_communication_interfaces/srv\n'}
[0.533630] (robot_communication_interfaces) StdoutLine: {'line': b'-- Up-to-date: /home/ghost/Desktop/dev_ws/install/robot_communication_interfaces/include/robot_communication_interfaces/srv/detail\n'}
[0.533679] (robot_communication_interfaces) StdoutLine: {'line': b'-- Up-to-date: /home/ghost/Desktop/dev_ws/install/robot_communication_interfaces/include/robot_communication_interfaces/srv/detail/communication_service__rosidl_typesupport_introspection_c.h\n'}
[0.533726] (robot_communication_interfaces) StdoutLine: {'line': b'-- Up-to-date: /home/ghost/Desktop/dev_ws/install/robot_communication_interfaces/include/robot_communication_interfaces/srv/detail/communication_service__type_support.c\n'}
[0.533806] (robot_communication_interfaces) StdoutLine: {'line': b'-- Up-to-date: /home/ghost/Desktop/dev_ws/install/robot_communication_interfaces/include/robot_communication_interfaces/msg\n'}
[0.533856] (robot_communication_interfaces) StdoutLine: {'line': b'-- Up-to-date: /home/ghost/Desktop/dev_ws/install/robot_communication_interfaces/include/robot_communication_interfaces/msg/detail\n'}
[0.533909] (robot_communication_interfaces) StdoutLine: {'line': b'-- Up-to-date: /home/ghost/Desktop/dev_ws/install/robot_communication_interfaces/include/robot_communication_interfaces/msg/detail/communication_message__rosidl_typesupport_introspection_c.h\n'}
[0.534220] (robot_communication_interfaces) StdoutLine: {'line': b'-- Up-to-date: /home/ghost/Desktop/dev_ws/install/robot_communication_interfaces/include/robot_communication_interfaces/msg/detail/communication_message__type_support.c\n'}
[0.534405] (robot_communication_interfaces) StdoutLine: {'line': b'-- Up-to-date: /home/ghost/Desktop/dev_ws/install/robot_communication_interfaces/include/robot_communication_interfaces/msg/rosidl_typesupport_introspection_c__visibility_control.h\n'}
[0.534460] (robot_communication_interfaces) StdoutLine: {'line': b'-- Up-to-date: /home/ghost/Desktop/dev_ws/install/robot_communication_interfaces/lib/librobot_communication_interfaces__rosidl_typesupport_introspection_c.so\n'}
[0.534550] (robot_communication_interfaces) StdoutLine: {'line': b'-- Up-to-date: /home/ghost/Desktop/dev_ws/install/robot_communication_interfaces/lib/librobot_communication_interfaces__rosidl_typesupport_c.so\n'}
[0.534600] (robot_communication_interfaces) StdoutLine: {'line': b'-- Up-to-date: /home/ghost/Desktop/dev_ws/install/robot_communication_interfaces/include/robot_communication_interfaces\n'}
[0.534655] (robot_communication_interfaces) StdoutLine: {'line': b'-- Up-to-date: /home/ghost/Desktop/dev_ws/install/robot_communication_interfaces/include/robot_communication_interfaces/srv\n'}
[0.534704] (robot_communication_interfaces) StdoutLine: {'line': b'-- Up-to-date: /home/ghost/Desktop/dev_ws/install/robot_communication_interfaces/include/robot_communication_interfaces/srv/communication_service.hpp\n'}
[0.534783] (robot_communication_interfaces) StdoutLine: {'line': b'-- Up-to-date: /home/ghost/Desktop/dev_ws/install/robot_communication_interfaces/include/robot_communication_interfaces/srv/detail\n'}
[0.534858] (robot_communication_interfaces) StdoutLine: {'line': b'-- Up-to-date: /home/ghost/Desktop/dev_ws/install/robot_communication_interfaces/include/robot_communication_interfaces/srv/detail/communication_service__traits.hpp\n'}
[0.534943] (robot_communication_interfaces) StdoutLine: {'line': b'-- Up-to-date: /home/ghost/Desktop/dev_ws/install/robot_communication_interfaces/include/robot_communication_interfaces/srv/detail/communication_service__struct.hpp\n'}
[0.535054] (robot_communication_interfaces) StdoutLine: {'line': b'-- Up-to-date: /home/ghost/Desktop/dev_ws/install/robot_communication_interfaces/include/robot_communication_interfaces/srv/detail/communication_service__builder.hpp\n'}
[0.535165] (robot_communication_interfaces) StdoutLine: {'line': b'-- Up-to-date: /home/ghost/Desktop/dev_ws/install/robot_communication_interfaces/include/robot_communication_interfaces/msg\n'}
[0.535241] (robot_communication_interfaces) StdoutLine: {'line': b'-- Up-to-date: /home/ghost/Desktop/dev_ws/install/robot_communication_interfaces/include/robot_communication_interfaces/msg/detail\n'}
[0.535308] (robot_communication_interfaces) StdoutLine: {'line': b'-- Up-to-date: /home/ghost/Desktop/dev_ws/install/robot_communication_interfaces/include/robot_communication_interfaces/msg/detail/communication_message__builder.hpp\n'}
[0.535387] (robot_communication_interfaces) StdoutLine: {'line': b'-- Up-to-date: /home/ghost/Desktop/dev_ws/install/robot_communication_interfaces/include/robot_communication_interfaces/msg/detail/communication_message__traits.hpp\n'}
[0.535464] (robot_communication_interfaces) StdoutLine: {'line': b'-- Up-to-date: /home/ghost/Desktop/dev_ws/install/robot_communication_interfaces/include/robot_communication_interfaces/msg/detail/communication_message__struct.hpp\n'}
[0.535534] (robot_communication_interfaces) StdoutLine: {'line': b'-- Up-to-date: /home/ghost/Desktop/dev_ws/install/robot_communication_interfaces/include/robot_communication_interfaces/msg/communication_message.hpp\n'}
[0.535603] (robot_communication_interfaces) StdoutLine: {'line': b'-- Up-to-date: /home/ghost/Desktop/dev_ws/install/robot_communication_interfaces/include/robot_communication_interfaces\n'}
[0.535652] (robot_communication_interfaces) StdoutLine: {'line': b'-- Up-to-date: /home/ghost/Desktop/dev_ws/install/robot_communication_interfaces/include/robot_communication_interfaces/srv\n'}
[0.535712] (robot_communication_interfaces) StdoutLine: {'line': b'-- Up-to-date: /home/ghost/Desktop/dev_ws/install/robot_communication_interfaces/include/robot_communication_interfaces/srv/detail\n'}
[0.535796] (robot_communication_interfaces) StdoutLine: {'line': b'-- Up-to-date: /home/ghost/Desktop/dev_ws/install/robot_communication_interfaces/include/robot_communication_interfaces/srv/detail/communication_service__rosidl_typesupport_introspection_cpp.hpp\n'}
[0.535848] (robot_communication_interfaces) StdoutLine: {'line': b'-- Up-to-date: /home/ghost/Desktop/dev_ws/install/robot_communication_interfaces/include/robot_communication_interfaces/srv/detail/communication_service__type_support.cpp\n'}
[0.536016] (robot_communication_interfaces) StdoutLine: {'line': b'-- Up-to-date: /home/ghost/Desktop/dev_ws/install/robot_communication_interfaces/include/robot_communication_interfaces/msg\n'}
[0.536096] (robot_communication_interfaces) StdoutLine: {'line': b'-- Up-to-date: /home/ghost/Desktop/dev_ws/install/robot_communication_interfaces/include/robot_communication_interfaces/msg/detail\n'}
[0.536175] (robot_communication_interfaces) StdoutLine: {'line': b'-- Up-to-date: /home/ghost/Desktop/dev_ws/install/robot_communication_interfaces/include/robot_communication_interfaces/msg/detail/communication_message__rosidl_typesupport_introspection_cpp.hpp\n'}
[0.536245] (robot_communication_interfaces) StdoutLine: {'line': b'-- Up-to-date: /home/ghost/Desktop/dev_ws/install/robot_communication_interfaces/include/robot_communication_interfaces/msg/detail/communication_message__type_support.cpp\n'}
[0.536299] (robot_communication_interfaces) StdoutLine: {'line': b'-- Up-to-date: /home/ghost/Desktop/dev_ws/install/robot_communication_interfaces/lib/librobot_communication_interfaces__rosidl_typesupport_introspection_cpp.so\n'}
[0.536360] (robot_communication_interfaces) StdoutLine: {'line': b'-- Up-to-date: /home/ghost/Desktop/dev_ws/install/robot_communication_interfaces/lib/librobot_communication_interfaces__rosidl_typesupport_cpp.so\n'}
[0.536411] (robot_communication_interfaces) StdoutLine: {'line': b'-- Up-to-date: /home/ghost/Desktop/dev_ws/install/robot_communication_interfaces/share/robot_communication_interfaces/environment/pythonpath.sh\n'}
[0.536466] (robot_communication_interfaces) StdoutLine: {'line': b'-- Up-to-date: /home/ghost/Desktop/dev_ws/install/robot_communication_interfaces/share/robot_communication_interfaces/environment/pythonpath.dsv\n'}
[0.536513] (robot_communication_interfaces) StdoutLine: {'line': b'-- Up-to-date: /home/ghost/Desktop/dev_ws/install/robot_communication_interfaces/lib/python3.8/site-packages/robot_communication_interfaces/__init__.py\n'}
[0.567760] (robot_communication_interfaces) StdoutLine: {'line': b'-- Up-to-date: /home/ghost/Desktop/dev_ws/install/robot_communication_interfaces/lib/python3.8/site-packages/robot_communication_interfaces/msg\n'}
[0.568155] (robot_communication_interfaces) StdoutLine: {'line': b'-- Up-to-date: /home/ghost/Desktop/dev_ws/install/robot_communication_interfaces/lib/python3.8/site-packages/robot_communication_interfaces/msg/__init__.py\n'}
[0.568422] (robot_communication_interfaces) StdoutLine: {'line': b'-- Up-to-date: /home/ghost/Desktop/dev_ws/install/robot_communication_interfaces/lib/python3.8/site-packages/robot_communication_interfaces/msg/_communication_message_s.c\n'}
[0.568475] (robot_communication_interfaces) StdoutLine: {'line': b'-- Up-to-date: /home/ghost/Desktop/dev_ws/install/robot_communication_interfaces/lib/python3.8/site-packages/robot_communication_interfaces/msg/_communication_message.py\n'}
[0.568518] (robot_communication_interfaces) StdoutLine: {'line': b'-- Up-to-date: /home/ghost/Desktop/dev_ws/install/robot_communication_interfaces/lib/python3.8/site-packages/robot_communication_interfaces/srv\n'}
[0.568562] (robot_communication_interfaces) StdoutLine: {'line': b'-- Up-to-date: /home/ghost/Desktop/dev_ws/install/robot_communication_interfaces/lib/python3.8/site-packages/robot_communication_interfaces/srv/__init__.py\n'}
[0.568604] (robot_communication_interfaces) StdoutLine: {'line': b'-- Up-to-date: /home/ghost/Desktop/dev_ws/install/robot_communication_interfaces/lib/python3.8/site-packages/robot_communication_interfaces/srv/_communication_service.py\n'}
[0.568647] (robot_communication_interfaces) StdoutLine: {'line': b'-- Up-to-date: /home/ghost/Desktop/dev_ws/install/robot_communication_interfaces/lib/python3.8/site-packages/robot_communication_interfaces/srv/_communication_service_s.c\n'}
[0.568689] (robot_communication_interfaces) StdoutLine: {'line': b'-- Up-to-date: /home/ghost/Desktop/dev_ws/install/robot_communication_interfaces/lib/python3.8/site-packages/robot_communication_interfaces/robot_communication_interfaces_s__rosidl_typesupport_fastrtps_c.cpython-38-x86_64-linux-gnu.so\n'}
[0.569283] (robot_communication_interfaces) StdoutLine: {'line': b'-- Up-to-date: /home/ghost/Desktop/dev_ws/install/robot_communication_interfaces/lib/python3.8/site-packages/robot_communication_interfaces/robot_communication_interfaces_s__rosidl_typesupport_introspection_c.cpython-38-x86_64-linux-gnu.so\n'}
[0.569786] (robot_communication_interfaces) StdoutLine: {'line': b'-- Up-to-date: /home/ghost/Desktop/dev_ws/install/robot_communication_interfaces/lib/python3.8/site-packages/robot_communication_interfaces/robot_communication_interfaces_s__rosidl_typesupport_c.cpython-38-x86_64-linux-gnu.so\n'}
[0.570208] (robot_communication_interfaces) StdoutLine: {'line': b'-- Up-to-date: /home/ghost/Desktop/dev_ws/install/robot_communication_interfaces/lib/librobot_communication_interfaces__python.so\n'}
[0.570446] (robot_communication_interfaces) StdoutLine: {'line': b'-- Up-to-date: /home/ghost/Desktop/dev_ws/install/robot_communication_interfaces/share/robot_communication_interfaces/msg/CommunicationMessage.idl\n'}
[0.570572] (robot_communication_interfaces) StdoutLine: {'line': b'-- Up-to-date: /home/ghost/Desktop/dev_ws/install/robot_communication_interfaces/share/robot_communication_interfaces/srv/CommunicationService.idl\n'}
[0.570705] (robot_communication_interfaces) StdoutLine: {'line': b'-- Up-to-date: /home/ghost/Desktop/dev_ws/install/robot_communication_interfaces/share/robot_communication_interfaces/msg/CommunicationMessage.msg\n'}
[0.570797] (robot_communication_interfaces) StdoutLine: {'line': b'-- Up-to-date: /home/ghost/Desktop/dev_ws/install/robot_communication_interfaces/share/robot_communication_interfaces/srv/CommunicationService.srv\n'}
[0.570849] (robot_communication_interfaces) StdoutLine: {'line': b'-- Up-to-date: /home/ghost/Desktop/dev_ws/install/robot_communication_interfaces/share/robot_communication_interfaces/srv/CommunicationService_Request.msg\n'}
[0.570909] (robot_communication_interfaces) StdoutLine: {'line': b'-- Up-to-date: /home/ghost/Desktop/dev_ws/install/robot_communication_interfaces/share/robot_communication_interfaces/srv/CommunicationService_Response.msg\n'}
[0.571053] (robot_communication_interfaces) StdoutLine: {'line': b'-- Up-to-date: /home/ghost/Desktop/dev_ws/install/robot_communication_interfaces/share/ament_index/resource_index/package_run_dependencies/robot_communication_interfaces\n'}
[0.571131] (robot_communication_interfaces) StdoutLine: {'line': b'-- Up-to-date: /home/ghost/Desktop/dev_ws/install/robot_communication_interfaces/share/ament_index/resource_index/parent_prefix_path/robot_communication_interfaces\n'}
[0.571187] (robot_communication_interfaces) StdoutLine: {'line': b'-- Up-to-date: /home/ghost/Desktop/dev_ws/install/robot_communication_interfaces/share/robot_communication_interfaces/environment/ament_prefix_path.sh\n'}
[0.571408] (robot_communication_interfaces) StdoutLine: {'line': b'-- Up-to-date: /home/ghost/Desktop/dev_ws/install/robot_communication_interfaces/share/robot_communication_interfaces/environment/ament_prefix_path.dsv\n'}
[0.571559] (robot_communication_interfaces) StdoutLine: {'line': b'-- Up-to-date: /home/ghost/Desktop/dev_ws/install/robot_communication_interfaces/share/robot_communication_interfaces/environment/path.sh\n'}
[0.571621] (robot_communication_interfaces) StdoutLine: {'line': b'-- Up-to-date: /home/ghost/Desktop/dev_ws/install/robot_communication_interfaces/share/robot_communication_interfaces/environment/path.dsv\n'}
[0.571719] (robot_communication_interfaces) StdoutLine: {'line': b'-- Up-to-date: /home/ghost/Desktop/dev_ws/install/robot_communication_interfaces/share/robot_communication_interfaces/local_setup.bash\n'}
[0.571773] (robot_communication_interfaces) StdoutLine: {'line': b'-- Up-to-date: /home/ghost/Desktop/dev_ws/install/robot_communication_interfaces/share/robot_communication_interfaces/local_setup.sh\n'}
[0.571829] (robot_communication_interfaces) StdoutLine: {'line': b'-- Up-to-date: /home/ghost/Desktop/dev_ws/install/robot_communication_interfaces/share/robot_communication_interfaces/local_setup.zsh\n'}
[0.571884] (robot_communication_interfaces) StdoutLine: {'line': b'-- Up-to-date: /home/ghost/Desktop/dev_ws/install/robot_communication_interfaces/share/robot_communication_interfaces/local_setup.dsv\n'}
[0.571996] (robot_communication_interfaces) StdoutLine: {'line': b'-- Installing: /home/ghost/Desktop/dev_ws/install/robot_communication_interfaces/share/robot_communication_interfaces/package.dsv\n'}
[0.572052] (robot_communication_interfaces) StdoutLine: {'line': b'-- Up-to-date: /home/ghost/Desktop/dev_ws/install/robot_communication_interfaces/share/ament_index/resource_index/packages/robot_communication_interfaces\n'}
[0.572103] (robot_communication_interfaces) StdoutLine: {'line': b'-- Up-to-date: /home/ghost/Desktop/dev_ws/install/robot_communication_interfaces/share/robot_communication_interfaces/cmake/robot_communication_interfaces__rosidl_generator_cExport.cmake\n'}
[0.572154] (robot_communication_interfaces) StdoutLine: {'line': b'-- Up-to-date: /home/ghost/Desktop/dev_ws/install/robot_communication_interfaces/share/robot_communication_interfaces/cmake/robot_communication_interfaces__rosidl_generator_cExport-noconfig.cmake\n'}
[0.572203] (robot_communication_interfaces) StdoutLine: {'line': b'-- Up-to-date: /home/ghost/Desktop/dev_ws/install/robot_communication_interfaces/share/robot_communication_interfaces/cmake/robot_communication_interfaces__rosidl_typesupport_introspection_cExport.cmake\n'}
[0.572259] (robot_communication_interfaces) StdoutLine: {'line': b'-- Up-to-date: /home/ghost/Desktop/dev_ws/install/robot_communication_interfaces/share/robot_communication_interfaces/cmake/robot_communication_interfaces__rosidl_typesupport_introspection_cExport-noconfig.cmake\n'}
[0.572389] (robot_communication_interfaces) StdoutLine: {'line': b'-- Up-to-date: /home/ghost/Desktop/dev_ws/install/robot_communication_interfaces/share/robot_communication_interfaces/cmake/robot_communication_interfaces__rosidl_typesupport_cExport.cmake\n'}
[0.572472] (robot_communication_interfaces) StdoutLine: {'line': b'-- Up-to-date: /home/ghost/Desktop/dev_ws/install/robot_communication_interfaces/share/robot_communication_interfaces/cmake/robot_communication_interfaces__rosidl_typesupport_cExport-noconfig.cmake\n'}
[0.572559] (robot_communication_interfaces) StdoutLine: {'line': b'-- Up-to-date: /home/ghost/Desktop/dev_ws/install/robot_communication_interfaces/share/robot_communication_interfaces/cmake/robot_communication_interfaces__rosidl_generator_cppExport.cmake\n'}
[0.572620] (robot_communication_interfaces) StdoutLine: {'line': b'-- Up-to-date: /home/ghost/Desktop/dev_ws/install/robot_communication_interfaces/share/robot_communication_interfaces/cmake/robot_communication_interfaces__rosidl_typesupport_introspection_cppExport.cmake\n'}
[0.572674] (robot_communication_interfaces) StdoutLine: {'line': b'-- Up-to-date: /home/ghost/Desktop/dev_ws/install/robot_communication_interfaces/share/robot_communication_interfaces/cmake/robot_communication_interfaces__rosidl_typesupport_introspection_cppExport-noconfig.cmake\n'}
[0.572783] (robot_communication_interfaces) StdoutLine: {'line': b'-- Up-to-date: /home/ghost/Desktop/dev_ws/install/robot_communication_interfaces/share/robot_communication_interfaces/cmake/robot_communication_interfaces__rosidl_typesupport_cppExport.cmake\n'}
[0.572873] (robot_communication_interfaces) StdoutLine: {'line': b'-- Up-to-date: /home/ghost/Desktop/dev_ws/install/robot_communication_interfaces/share/robot_communication_interfaces/cmake/robot_communication_interfaces__rosidl_typesupport_cppExport-noconfig.cmake\n'}
[0.572932] (robot_communication_interfaces) StdoutLine: {'line': b'-- Up-to-date: /home/ghost/Desktop/dev_ws/install/robot_communication_interfaces/share/robot_communication_interfaces/cmake/rosidl_cmake-extras.cmake\n'}
[0.573007] (robot_communication_interfaces) StdoutLine: {'line': b'-- Up-to-date: /home/ghost/Desktop/dev_ws/install/robot_communication_interfaces/share/robot_communication_interfaces/cmake/ament_cmake_export_dependencies-extras.cmake\n'}
[0.573260] (robot_communication_interfaces) StdoutLine: {'line': b'-- Up-to-date: /home/ghost/Desktop/dev_ws/install/robot_communication_interfaces/share/robot_communication_interfaces/cmake/ament_cmake_export_libraries-extras.cmake\n'}
[0.573419] (robot_communication_interfaces) StdoutLine: {'line': b'-- Up-to-date: /home/ghost/Desktop/dev_ws/install/robot_communication_interfaces/share/robot_communication_interfaces/cmake/ament_cmake_export_targets-extras.cmake\n'}
[0.573500] (robot_communication_interfaces) StdoutLine: {'line': b'-- Up-to-date: /home/ghost/Desktop/dev_ws/install/robot_communication_interfaces/share/robot_communication_interfaces/cmake/ament_cmake_export_include_directories-extras.cmake\n'}
[0.573643] (robot_communication_interfaces) StdoutLine: {'line': b'-- Up-to-date: /home/ghost/Desktop/dev_ws/install/robot_communication_interfaces/share/robot_communication_interfaces/cmake/rosidl_cmake_export_typesupport_libraries-extras.cmake\n'}
[0.573707] (robot_communication_interfaces) StdoutLine: {'line': b'-- Up-to-date: /home/ghost/Desktop/dev_ws/install/robot_communication_interfaces/share/robot_communication_interfaces/cmake/rosidl_cmake_export_typesupport_targets-extras.cmake\n'}
[0.573750] (robot_communication_interfaces) StdoutLine: {'line': b'-- Up-to-date: /home/ghost/Desktop/dev_ws/install/robot_communication_interfaces/share/robot_communication_interfaces/cmake/robot_communication_interfacesConfig.cmake\n'}
[0.573795] (robot_communication_interfaces) StdoutLine: {'line': b'-- Up-to-date: /home/ghost/Desktop/dev_ws/install/robot_communication_interfaces/share/robot_communication_interfaces/cmake/robot_communication_interfacesConfig-version.cmake\n'}
[0.573843] (robot_communication_interfaces) StdoutLine: {'line': b'-- Up-to-date: /home/ghost/Desktop/dev_ws/install/robot_communication_interfaces/share/robot_communication_interfaces/package.xml\n'}
[0.579689] (robot_communication_interfaces) CommandEnded: {'returncode': 0}
[0.599694] (-) TimerEvent: {}
[0.663621] (robot_communication_interfaces) JobEnded: {'identifier': 'robot_communication_interfaces', 'rc': 0}
[0.665013] (-) EventReactorShutdown: {}
