[0.000000] (-) TimerEvent: {}
[0.000423] (controller) JobQueued: {'identifier': 'controller', 'dependencies': OrderedDict()}
[0.000487] (controller) JobStarted: {'identifier': 'controller'}
[0.096875] (-) TimerEvent: {}
[0.197471] (-) TimerEvent: {}
[0.298678] (-) TimerEvent: {}
[0.369094] (controller) Command: {'cmd': ['/usr/bin/python3', 'setup.py', 'egg_info', '--egg-base', '../../build/controller', 'build', '--build-base', '/home/ghost/Desktop/dev_ws/build/controller/build', 'install', '--prefix', '/home/ghost/Desktop/dev_ws/install/controller', '--record', '/home/ghost/Desktop/dev_ws/build/controller/install.log', '--single-version-externally-managed'], 'cwd': '/home/ghost/Desktop/dev_ws/src/controller', 'env': {'SUDO_GID': '1000', 'MAIL': '/var/mail/root', 'LANGUAGE': 'en_IN:en', 'USER': 'root', 'HOME': '/root', 'COLORTERM': 'truecolor', 'SUDO_UID': '1000', 'LOGNAME': 'root', 'TERM': 'xterm-256color', 'PATH': '/usr/local/sbin:/usr/local/bin:/usr/sbin:/usr/bin:/sbin:/bin:/snap/bin', 'DISPLAY': ':0', 'LANG': 'en_US.UTF-8', 'XAUTHORITY': '/run/user/1000/gdm/Xauthority', 'SUDO_COMMAND': '/usr/bin/colcon build', 'SHELL': '/bin/bash', 'SUDO_USER': 'ghost', 'LC_ALL': 'en_US.UTF-8', 'PWD': '/home/ghost/Desktop/dev_ws/build/controller', 'COLCON': '1', 'PYTHONPATH': '/home/ghost/Desktop/dev_ws/install/controller/lib/python3.8/site-packages:'}, 'shell': False}
[0.399607] (-) TimerEvent: {}
[0.500076] (-) TimerEvent: {}
[0.600626] (-) TimerEvent: {}
[0.672643] (controller) StdoutLine: {'line': b'running egg_info\n'}
[0.674509] (controller) StdoutLine: {'line': b'writing ../../build/controller/controller.egg-info/PKG-INFO\n'}
[0.674885] (controller) StdoutLine: {'line': b'writing dependency_links to ../../build/controller/controller.egg-info/dependency_links.txt\n'}
[0.675265] (controller) StdoutLine: {'line': b'writing entry points to ../../build/controller/controller.egg-info/entry_points.txt\n'}
[0.675424] (controller) StdoutLine: {'line': b'writing requirements to ../../build/controller/controller.egg-info/requires.txt\n'}
[0.675608] (controller) StdoutLine: {'line': b'writing top-level names to ../../build/controller/controller.egg-info/top_level.txt\n'}
[0.700793] (-) TimerEvent: {}
[0.756708] (controller) StdoutLine: {'line': b"reading manifest file '../../build/controller/controller.egg-info/SOURCES.txt'\n"}
[0.758740] (controller) StdoutLine: {'line': b"writing manifest file '../../build/controller/controller.egg-info/SOURCES.txt'\n"}
[0.759245] (controller) StdoutLine: {'line': b'running build\n'}
[0.759388] (controller) StdoutLine: {'line': b'running build_py\n'}
[0.759871] (controller) StdoutLine: {'line': b'copying controller/mapgen.py -> /home/ghost/Desktop/dev_ws/build/controller/build/lib/controller\n'}
[0.762040] (controller) StdoutLine: {'line': b'running install\n'}
[0.762989] (controller) StdoutLine: {'line': b'running install_lib\n'}
[0.764974] (controller) StdoutLine: {'line': b'copying /home/ghost/Desktop/dev_ws/build/controller/build/lib/controller/mapgen.py -> /home/ghost/Desktop/dev_ws/install/controller/lib/python3.8/site-packages/controller\n'}
[0.766877] (controller) StdoutLine: {'line': b'byte-compiling /home/ghost/Desktop/dev_ws/install/controller/lib/python3.8/site-packages/controller/mapgen.py to mapgen.cpython-38.pyc\n'}
[0.774438] (controller) StdoutLine: {'line': b'running install_data\n'}
[0.774812] (controller) StdoutLine: {'line': b'running install_egg_info\n'}
[0.779030] (controller) StdoutLine: {'line': b"removing '/home/ghost/Desktop/dev_ws/install/controller/lib/python3.8/site-packages/controller-0.0.1-py3.8.egg-info' (and everything under it)\n"}
[0.779260] (controller) StdoutLine: {'line': b'Copying ../../build/controller/controller.egg-info to /home/ghost/Desktop/dev_ws/install/controller/lib/python3.8/site-packages/controller-0.0.1-py3.8.egg-info\n'}
[0.782477] (controller) StdoutLine: {'line': b'running install_scripts\n'}
[0.800949] (-) TimerEvent: {}
[0.811852] (controller) StdoutLine: {'line': b'Installing controller script to /home/ghost/Desktop/dev_ws/install/controller/lib/controller\n'}
[0.812121] (controller) StdoutLine: {'line': b"writing list of installed files to '/home/ghost/Desktop/dev_ws/build/controller/install.log'\n"}
[0.866283] (controller) CommandEnded: {'returncode': 0}
[0.886163] (controller) JobEnded: {'identifier': 'controller', 'rc': 0}
[0.892397] (-) EventReactorShutdown: {}
