[0.000000] (-) TimerEvent: {}
[0.019618] (-) JobUnselected: {'identifier': 'robot_communication_interfaces'}
[0.020161] (controller) JobQueued: {'identifier': 'controller', 'dependencies': OrderedDict()}
[0.020416] (controller) JobStarted: {'identifier': 'controller'}
[0.101090] (-) TimerEvent: {}
[0.205226] (-) TimerEvent: {}
[0.306169] (-) TimerEvent: {}
[0.407661] (-) TimerEvent: {}
[0.508686] (-) TimerEvent: {}
[0.610360] (-) TimerEvent: {}
[0.711689] (-) TimerEvent: {}
[0.812980] (-) TimerEvent: {}
[0.914696] (-) TimerEvent: {}
[1.015787] (-) TimerEvent: {}
[1.117436] (-) TimerEvent: {}
[1.219154] (-) TimerEvent: {}
[1.320271] (-) TimerEvent: {}
[1.421410] (-) TimerEvent: {}
[1.522934] (-) TimerEvent: {}
[1.628061] (-) TimerEvent: {}
[1.647073] (controller) Command: {'cmd': ['/usr/bin/python3', 'setup.py', 'egg_info', '--egg-base', '../../build/controller', 'build', '--build-base', '/home/ghost/Desktop/dev_ws/build/controller/build', 'install', '--prefix', '/home/ghost/Desktop/dev_ws/install/controller', '--record', '/home/ghost/Desktop/dev_ws/build/controller/install.log', '--single-version-externally-managed'], 'cwd': '/home/ghost/Desktop/dev_ws/src/controller', 'env': {'SUDO_GID': '1000', 'MAIL': '/var/mail/root', 'LANGUAGE': 'en_IN:en', 'USER': 'root', 'HOME': '/root', 'COLORTERM': 'truecolor', 'SUDO_UID': '1000', 'LOGNAME': 'root', 'TERM': 'xterm-256color', 'PATH': '/usr/local/sbin:/usr/local/bin:/usr/sbin:/usr/bin:/sbin:/bin:/snap/bin', 'DISPLAY': ':0', 'LANG': 'en_US.UTF-8', 'XAUTHORITY': '/run/user/1000/gdm/Xauthority', 'SUDO_COMMAND': '/usr/bin/colcon build --packages-select controller', 'SHELL': '/bin/bash', 'SUDO_USER': 'ghost', 'LC_ALL': 'en_US.UTF-8', 'PWD': '/home/ghost/Desktop/dev_ws/build/controller', 'COLCON': '1', 'PYTHONPATH': '/home/ghost/Desktop/dev_ws/install/controller/lib/python3.8/site-packages:'}, 'shell': False}
[1.730244] (-) TimerEvent: {}
[1.831514] (-) TimerEvent: {}
[1.932551] (-) TimerEvent: {}
[2.033711] (-) TimerEvent: {}
[2.134766] (-) TimerEvent: {}
[2.235794] (-) TimerEvent: {}
[2.336909] (-) TimerEvent: {}
[2.438160] (-) TimerEvent: {}
[2.539281] (-) TimerEvent: {}
[2.640758] (-) TimerEvent: {}
[2.742122] (-) TimerEvent: {}
[2.843577] (-) TimerEvent: {}
[2.899257] (controller) StdoutLine: {'line': b'running egg_info\n'}
[2.903676] (controller) StdoutLine: {'line': b'writing ../../build/controller/controller.egg-info/PKG-INFO\n'}
[2.905396] (controller) StdoutLine: {'line': b'writing dependency_links to ../../build/controller/controller.egg-info/dependency_links.txt\n'}
[2.911212] (controller) StdoutLine: {'line': b'writing entry points to ../../build/controller/controller.egg-info/entry_points.txt\n'}
[2.912434] (controller) StdoutLine: {'line': b'writing requirements to ../../build/controller/controller.egg-info/requires.txt\n'}
[2.914015] (controller) StdoutLine: {'line': b'writing top-level names to ../../build/controller/controller.egg-info/top_level.txt\n'}
[2.943793] (-) TimerEvent: {}
[3.045324] (-) TimerEvent: {}
[3.146623] (-) TimerEvent: {}
[3.179074] (controller) StdoutLine: {'line': b"reading manifest file '../../build/controller/controller.egg-info/SOURCES.txt'\n"}
[3.185405] (controller) StdoutLine: {'line': b"writing manifest file '../../build/controller/controller.egg-info/SOURCES.txt'\n"}
[3.186941] (controller) StdoutLine: {'line': b'running build\n'}
[3.187435] (controller) StdoutLine: {'line': b'running build_py\n'}
[3.204446] (controller) StdoutLine: {'line': b'copying controller/communication.py -> /home/ghost/Desktop/dev_ws/build/controller/build/lib/controller\n'}
[3.206506] (controller) StdoutLine: {'line': b'copying controller/coordination.py -> /home/ghost/Desktop/dev_ws/build/controller/build/lib/controller\n'}
[3.207922] (controller) StdoutLine: {'line': b'running install\n'}
[3.209006] (controller) StdoutLine: {'line': b'running install_lib\n'}
[3.215393] (controller) StdoutLine: {'line': b'copying /home/ghost/Desktop/dev_ws/build/controller/build/lib/controller/communication.py -> /home/ghost/Desktop/dev_ws/install/controller/lib/python3.8/site-packages/controller\n'}
[3.219338] (controller) StdoutLine: {'line': b'copying /home/ghost/Desktop/dev_ws/build/controller/build/lib/controller/coordination.py -> /home/ghost/Desktop/dev_ws/install/controller/lib/python3.8/site-packages/controller\n'}
[3.222716] (controller) StdoutLine: {'line': b'byte-compiling /home/ghost/Desktop/dev_ws/install/controller/lib/python3.8/site-packages/controller/communication.py to communication.cpython-38.pyc\n'}
[3.242308] (controller) StdoutLine: {'line': b'byte-compiling /home/ghost/Desktop/dev_ws/install/controller/lib/python3.8/site-packages/controller/coordination.py to coordination.cpython-38.pyc\n'}
[3.246987] (-) TimerEvent: {}
[3.250300] (controller) StdoutLine: {'line': b'running install_data\n'}
[3.253418] (controller) StdoutLine: {'line': b'running install_egg_info\n'}
[3.264293] (controller) StdoutLine: {'line': b"removing '/home/ghost/Desktop/dev_ws/install/controller/lib/python3.8/site-packages/controller-0.0.1-py3.8.egg-info' (and everything under it)\n"}
[3.266608] (controller) StdoutLine: {'line': b'Copying ../../build/controller/controller.egg-info to /home/ghost/Desktop/dev_ws/install/controller/lib/python3.8/site-packages/controller-0.0.1-py3.8.egg-info\n'}
[3.272905] (controller) StdoutLine: {'line': b'running install_scripts\n'}
[3.315147] (controller) StdoutLine: {'line': b'Installing controller script to /home/ghost/Desktop/dev_ws/install/controller/lib/controller\n'}
[3.316262] (controller) StdoutLine: {'line': b"writing list of installed files to '/home/ghost/Desktop/dev_ws/build/controller/install.log'\n"}
[3.347291] (-) TimerEvent: {}
[3.404330] (controller) CommandEnded: {'returncode': 0}
[3.448705] (-) TimerEvent: {}
[3.519389] (controller) JobEnded: {'identifier': 'controller', 'rc': 0}
[3.524867] (-) EventReactorShutdown: {}
