[3.094s] DEBUG:colcon:Command line arguments: ['/usr/bin/colcon', 'build', '--packages-select', 'controller']
[3.095s] DEBUG:colcon:Parsed command line arguments: Namespace(ament_cmake_args=None, base_paths=['.'], build_base='build', catkin_cmake_args=None, catkin_skip_building_tests=False, cmake_args=None, cmake_clean_cache=False, cmake_clean_first=False, cmake_force_configure=False, cmake_target=None, cmake_target_skip_unavailable=False, continue_on_error=False, event_handlers=None, executor='parallel', ignore_user_meta=False, install_base='install', log_base=None, log_level=None, main=<bound method BuildVerb.main of <colcon_core.verb.build.BuildVerb object at 0x7fb70078aa30>>, merge_install=False, metas=['./colcon.meta'], packages_above=None, packages_above_and_dependencies=None, packages_above_depth=None, packages_end=None, packages_ignore=None, packages_ignore_regex=None, packages_select=['controller'], packages_select_build_failed=False, packages_select_by_dep=None, packages_select_regex=None, packages_select_test_failures=False, packages_skip=None, packages_skip_build_finished=False, packages_skip_by_dep=None, packages_skip_regex=None, packages_skip_test_passed=False, packages_skip_up_to=None, packages_start=None, packages_up_to=None, packages_up_to_regex=None, parallel_workers=4, paths=None, symlink_install=False, test_result_base=None, verb_extension=<colcon_core.verb.build.BuildVerb object at 0x7fb70078aa30>, verb_name='build', verb_parser=<colcon_defaults.argument_parser.defaults.DefaultArgumentsDecorator object at 0x7fb70078afa0>)
[3.162s] Level 1:colcon.colcon_core.package_discovery:discover_packages(colcon_meta) check parameters
[3.164s] Level 1:colcon.colcon_core.package_discovery:discover_packages(recursive) check parameters
[3.164s] Level 1:colcon.colcon_core.package_discovery:discover_packages(ignore) check parameters
[3.165s] Level 1:colcon.colcon_core.package_discovery:discover_packages(path) check parameters
[3.166s] Level 1:colcon.colcon_core.package_discovery:discover_packages(colcon_meta) discover
[3.166s] Level 1:colcon.colcon_core.package_discovery:discover_packages(recursive) discover
[3.167s] INFO:colcon.colcon_core.package_discovery:Crawling recursively for packages in '/home/ghost/Desktop/dev_ws'
[3.168s] Level 1:colcon.colcon_core.package_identification:_identify(.) by extensions ['ignore', 'ignore_ament_install']
[3.170s] Level 1:colcon.colcon_core.package_identification:_identify(.) by extension 'ignore'
[3.172s] Level 1:colcon.colcon_core.package_identification:_identify(.) by extension 'ignore_ament_install'
[3.173s] Level 1:colcon.colcon_core.package_identification:_identify(.) by extensions ['colcon_pkg']
[3.174s] Level 1:colcon.colcon_core.package_identification:_identify(.) by extension 'colcon_pkg'
[3.175s] Level 1:colcon.colcon_core.package_identification:_identify(.) by extensions ['colcon_meta']
[3.175s] Level 1:colcon.colcon_core.package_identification:_identify(.) by extension 'colcon_meta'
[3.176s] Level 1:colcon.colcon_core.package_identification:_identify(.) by extensions ['ros']
[3.177s] Level 1:colcon.colcon_core.package_identification:_identify(.) by extension 'ros'
[3.356s] Level 1:colcon.colcon_core.package_identification:_identify(.) by extensions ['cmake', 'python']
[3.357s] Level 1:colcon.colcon_core.package_identification:_identify(.) by extension 'cmake'
[3.358s] Level 1:colcon.colcon_core.package_identification:_identify(.) by extension 'python'
[3.358s] Level 1:colcon.colcon_core.package_identification:_identify(.) by extensions ['python_setup_py']
[3.359s] Level 1:colcon.colcon_core.package_identification:_identify(.) by extension 'python_setup_py'
[3.360s] Level 1:colcon.colcon_core.package_identification:_identify(build) by extensions ['ignore', 'ignore_ament_install']
[3.361s] Level 1:colcon.colcon_core.package_identification:_identify(build) by extension 'ignore'
[3.362s] Level 1:colcon.colcon_core.package_identification:_identify(build) ignored
[3.364s] Level 1:colcon.colcon_core.package_identification:_identify(install) by extensions ['ignore', 'ignore_ament_install']
[3.365s] Level 1:colcon.colcon_core.package_identification:_identify(install) by extension 'ignore'
[3.366s] Level 1:colcon.colcon_core.package_identification:_identify(install) ignored
[3.374s] Level 1:colcon.colcon_core.package_identification:_identify(log) by extensions ['ignore', 'ignore_ament_install']
[3.376s] Level 1:colcon.colcon_core.package_identification:_identify(log) by extension 'ignore'
[3.378s] Level 1:colcon.colcon_core.package_identification:_identify(log) ignored
[3.379s] Level 1:colcon.colcon_core.package_identification:_identify(src) by extensions ['ignore', 'ignore_ament_install']
[3.381s] Level 1:colcon.colcon_core.package_identification:_identify(src) by extension 'ignore'
[3.382s] Level 1:colcon.colcon_core.package_identification:_identify(src) by extension 'ignore_ament_install'
[3.383s] Level 1:colcon.colcon_core.package_identification:_identify(src) by extensions ['colcon_pkg']
[3.384s] Level 1:colcon.colcon_core.package_identification:_identify(src) by extension 'colcon_pkg'
[3.385s] Level 1:colcon.colcon_core.package_identification:_identify(src) by extensions ['colcon_meta']
[3.386s] Level 1:colcon.colcon_core.package_identification:_identify(src) by extension 'colcon_meta'
[3.386s] Level 1:colcon.colcon_core.package_identification:_identify(src) by extensions ['ros']
[3.387s] Level 1:colcon.colcon_core.package_identification:_identify(src) by extension 'ros'
[3.388s] Level 1:colcon.colcon_core.package_identification:_identify(src) by extensions ['cmake', 'python']
[3.388s] Level 1:colcon.colcon_core.package_identification:_identify(src) by extension 'cmake'
[3.389s] Level 1:colcon.colcon_core.package_identification:_identify(src) by extension 'python'
[3.390s] Level 1:colcon.colcon_core.package_identification:_identify(src) by extensions ['python_setup_py']
[3.390s] Level 1:colcon.colcon_core.package_identification:_identify(src) by extension 'python_setup_py'
[3.392s] Level 1:colcon.colcon_core.package_identification:_identify(src/controller) by extensions ['ignore', 'ignore_ament_install']
[3.393s] Level 1:colcon.colcon_core.package_identification:_identify(src/controller) by extension 'ignore'
[3.394s] Level 1:colcon.colcon_core.package_identification:_identify(src/controller) by extension 'ignore_ament_install'
[3.395s] Level 1:colcon.colcon_core.package_identification:_identify(src/controller) by extensions ['colcon_pkg']
[3.395s] Level 1:colcon.colcon_core.package_identification:_identify(src/controller) by extension 'colcon_pkg'
[3.396s] Level 1:colcon.colcon_core.package_identification:_identify(src/controller) by extensions ['colcon_meta']
[3.396s] Level 1:colcon.colcon_core.package_identification:_identify(src/controller) by extension 'colcon_meta'
[3.401s] Level 1:colcon.colcon_core.package_identification:_identify(src/controller) by extensions ['ros']
[3.402s] Level 1:colcon.colcon_core.package_identification:_identify(src/controller) by extension 'ros'
[3.433s] DEBUG:colcon.colcon_core.package_identification:Package 'src/controller' with type 'ros.ament_python' and name 'controller'
[3.434s] Level 1:colcon.colcon_core.package_identification:_identify(src/robot_communication_interfaces) by extensions ['ignore', 'ignore_ament_install']
[3.436s] Level 1:colcon.colcon_core.package_identification:_identify(src/robot_communication_interfaces) by extension 'ignore'
[3.437s] Level 1:colcon.colcon_core.package_identification:_identify(src/robot_communication_interfaces) by extension 'ignore_ament_install'
[3.438s] Level 1:colcon.colcon_core.package_identification:_identify(src/robot_communication_interfaces) by extensions ['colcon_pkg']
[3.438s] Level 1:colcon.colcon_core.package_identification:_identify(src/robot_communication_interfaces) by extension 'colcon_pkg'
[3.439s] Level 1:colcon.colcon_core.package_identification:_identify(src/robot_communication_interfaces) by extensions ['colcon_meta']
[3.439s] Level 1:colcon.colcon_core.package_identification:_identify(src/robot_communication_interfaces) by extension 'colcon_meta'
[3.440s] Level 1:colcon.colcon_core.package_identification:_identify(src/robot_communication_interfaces) by extensions ['ros']
[3.445s] Level 1:colcon.colcon_core.package_identification:_identify(src/robot_communication_interfaces) by extension 'ros'
[3.454s] DEBUG:colcon.colcon_core.package_identification:Package 'src/robot_communication_interfaces' with type 'ros.ament_cmake' and name 'robot_communication_interfaces'
[3.455s] Level 1:colcon.colcon_core.package_discovery:discover_packages(recursive) using defaults
[3.456s] Level 1:colcon.colcon_core.package_discovery:discover_packages(ignore) discover
[3.456s] Level 1:colcon.colcon_core.package_discovery:discover_packages(ignore) using defaults
[3.457s] Level 1:colcon.colcon_core.package_discovery:discover_packages(path) discover
[3.457s] Level 1:colcon.colcon_core.package_discovery:discover_packages(path) using defaults
[3.637s] INFO:colcon.colcon_core.package_selection:Skipping not selected package 'robot_communication_interfaces' in 'src/robot_communication_interfaces'
[3.661s] Level 5:colcon.colcon_core.verb:set package 'controller' build argument 'cmake_args' from command line to 'None'
[3.661s] Level 5:colcon.colcon_core.verb:set package 'controller' build argument 'cmake_target' from command line to 'None'
[3.662s] Level 5:colcon.colcon_core.verb:set package 'controller' build argument 'cmake_target_skip_unavailable' from command line to 'False'
[3.662s] Level 5:colcon.colcon_core.verb:set package 'controller' build argument 'cmake_clean_cache' from command line to 'False'
[3.662s] Level 5:colcon.colcon_core.verb:set package 'controller' build argument 'cmake_clean_first' from command line to 'False'
[3.662s] Level 5:colcon.colcon_core.verb:set package 'controller' build argument 'cmake_force_configure' from command line to 'False'
[3.662s] Level 5:colcon.colcon_core.verb:set package 'controller' build argument 'ament_cmake_args' from command line to 'None'
[3.663s] Level 5:colcon.colcon_core.verb:set package 'controller' build argument 'catkin_cmake_args' from command line to 'None'
[3.663s] Level 5:colcon.colcon_core.verb:set package 'controller' build argument 'catkin_skip_building_tests' from command line to 'False'
[3.663s] DEBUG:colcon.colcon_core.verb:Building package 'controller' with the following arguments: {'ament_cmake_args': None, 'build_base': '/home/ghost/Desktop/dev_ws/build/controller', 'catkin_cmake_args': None, 'catkin_skip_building_tests': False, 'cmake_args': None, 'cmake_clean_cache': False, 'cmake_clean_first': False, 'cmake_force_configure': False, 'cmake_target': None, 'cmake_target_skip_unavailable': False, 'install_base': '/home/ghost/Desktop/dev_ws/install/controller', 'merge_install': False, 'path': '/home/ghost/Desktop/dev_ws/src/controller', 'symlink_install': False, 'test_result_base': None}
[3.666s] INFO:colcon.colcon_core.executor:Executing jobs using 'parallel' executor
[3.680s] DEBUG:colcon.colcon_parallel_executor.executor.parallel:run_until_complete
[3.685s] INFO:colcon.colcon_ros.task.ament_python.build:Building ROS package in '/home/ghost/Desktop/dev_ws/src/controller' with build type 'ament_python'
[3.714s] Level 1:colcon.colcon_core.shell:create_environment_hook('controller', 'ament_prefix_path')
[3.753s] INFO:colcon.colcon_core.plugin_system:Skipping extension 'colcon_core.shell.bat': Not used on non-Windows systems
[3.755s] INFO:colcon.colcon_core.shell:Creating environment hook '/home/ghost/Desktop/dev_ws/install/controller/share/controller/hook/ament_prefix_path.ps1'
[3.764s] INFO:colcon.colcon_core.shell:Creating environment descriptor '/home/ghost/Desktop/dev_ws/install/controller/share/controller/hook/ament_prefix_path.dsv'
[3.769s] INFO:colcon.colcon_core.shell:Creating environment hook '/home/ghost/Desktop/dev_ws/install/controller/share/controller/hook/ament_prefix_path.sh'
[3.780s] INFO:colcon.colcon_core.shell:Skip shell extension 'powershell' for command environment: Not usable outside of PowerShell
[3.785s] DEBUG:colcon.colcon_core.shell:Skip shell extension 'dsv' for command environment
[5.269s] INFO:colcon.colcon_core.task.python.build:Building Python package in '/home/ghost/Desktop/dev_ws/src/controller'
[5.275s] INFO:colcon.colcon_core.shell:Skip shell extension 'powershell' for command environment: Not usable outside of PowerShell
[5.276s] DEBUG:colcon.colcon_core.shell:Skip shell extension 'dsv' for command environment
[5.330s] DEBUG:colcon.colcon_core.event_handler.log_command:Invoking command in '/home/ghost/Desktop/dev_ws/src/controller': PYTHONPATH=/home/ghost/Desktop/dev_ws/install/controller/lib/python3.8/site-packages: /usr/bin/python3 setup.py egg_info --egg-base ../../build/controller build --build-base /home/ghost/Desktop/dev_ws/build/controller/build install --prefix /home/ghost/Desktop/dev_ws/install/controller --record /home/ghost/Desktop/dev_ws/build/controller/install.log --single-version-externally-managed
[7.087s] DEBUG:colcon.colcon_core.event_handler.log_command:Invoked command in '/home/ghost/Desktop/dev_ws/src/controller' returned '0': PYTHONPATH=/home/ghost/Desktop/dev_ws/install/controller/lib/python3.8/site-packages: /usr/bin/python3 setup.py egg_info --egg-base ../../build/controller build --build-base /home/ghost/Desktop/dev_ws/build/controller/build install --prefix /home/ghost/Desktop/dev_ws/install/controller --record /home/ghost/Desktop/dev_ws/build/controller/install.log --single-version-externally-managed
[7.119s] Level 1:colcon.colcon_core.environment:checking '/home/ghost/Desktop/dev_ws/install/controller' for CMake module files
[7.126s] Level 1:colcon.colcon_core.environment:checking '/home/ghost/Desktop/dev_ws/install/controller' for CMake config files
[7.133s] Level 1:colcon.colcon_core.environment:checking '/home/ghost/Desktop/dev_ws/install/controller/lib'
[7.134s] Level 1:colcon.colcon_core.environment:checking '/home/ghost/Desktop/dev_ws/install/controller/bin'
[7.134s] Level 1:colcon.colcon_core.environment:checking '/home/ghost/Desktop/dev_ws/install/controller/lib/pkgconfig/controller.pc'
[7.136s] Level 1:colcon.colcon_core.environment:checking '/home/ghost/Desktop/dev_ws/install/controller/lib/python3.8/site-packages'
[7.136s] Level 1:colcon.colcon_core.shell:create_environment_hook('controller', 'pythonpath')
[7.140s] INFO:colcon.colcon_core.shell:Creating environment hook '/home/ghost/Desktop/dev_ws/install/controller/share/controller/hook/pythonpath.ps1'
[7.147s] INFO:colcon.colcon_core.shell:Creating environment descriptor '/home/ghost/Desktop/dev_ws/install/controller/share/controller/hook/pythonpath.dsv'
[7.151s] INFO:colcon.colcon_core.shell:Creating environment hook '/home/ghost/Desktop/dev_ws/install/controller/share/controller/hook/pythonpath.sh'
[7.154s] Level 1:colcon.colcon_core.environment:create_environment_scripts_only(controller)
[7.160s] INFO:colcon.colcon_core.shell:Creating package script '/home/ghost/Desktop/dev_ws/install/controller/share/controller/package.ps1'
[7.168s] INFO:colcon.colcon_core.shell:Creating package descriptor '/home/ghost/Desktop/dev_ws/install/controller/share/controller/package.dsv'
[7.173s] INFO:colcon.colcon_core.shell:Creating package script '/home/ghost/Desktop/dev_ws/install/controller/share/controller/package.sh'
[7.183s] INFO:colcon.colcon_core.shell:Creating package script '/home/ghost/Desktop/dev_ws/install/controller/share/controller/package.bash'
[7.189s] INFO:colcon.colcon_core.shell:Creating package script '/home/ghost/Desktop/dev_ws/install/controller/share/controller/package.zsh'
[7.195s] Level 1:colcon.colcon_core.environment:create_file_with_runtime_dependencies(/home/ghost/Desktop/dev_ws/install/controller/share/colcon-core/packages/controller)
[7.198s] DEBUG:colcon.colcon_parallel_executor.executor.parallel:closing loop
[7.200s] DEBUG:colcon.colcon_parallel_executor.executor.parallel:loop closed
[7.201s] DEBUG:colcon.colcon_parallel_executor.executor.parallel:run_until_complete finished with '0'
[7.201s] DEBUG:colcon.colcon_core.event_reactor:joining thread
[7.265s] INFO:colcon.colcon_core.plugin_system:Skipping extension 'colcon_notification.desktop_notification.terminal_notifier': Not used on non-Darwin systems
[7.267s] INFO:colcon.colcon_core.plugin_system:Skipping extension 'colcon_notification.desktop_notification.win32': Not used on non-Windows systems
[7.267s] INFO:colcon.colcon_notification.desktop_notification:Sending desktop notification using 'notify2'
[7.359s] DEBUG:colcon.colcon_notification.desktop_notification.notify2:Failed to initialize notify2: org.freedesktop.DBus.Error.ServiceUnknown: The name org.freedesktop.Notifications was not provided by any .service files
[7.362s] DEBUG:colcon.colcon_core.event_reactor:joined thread
[7.368s] INFO:colcon.colcon_core.shell:Creating prefix script '/home/ghost/Desktop/dev_ws/install/local_setup.ps1'
[7.376s] INFO:colcon.colcon_core.shell:Creating prefix util module '/home/ghost/Desktop/dev_ws/install/_local_setup_util_ps1.py'
[7.385s] INFO:colcon.colcon_core.shell:Creating prefix chain script '/home/ghost/Desktop/dev_ws/install/setup.ps1'
[7.410s] INFO:colcon.colcon_core.shell:Creating prefix script '/home/ghost/Desktop/dev_ws/install/local_setup.sh'
[7.416s] INFO:colcon.colcon_core.shell:Creating prefix util module '/home/ghost/Desktop/dev_ws/install/_local_setup_util_sh.py'
[7.419s] INFO:colcon.colcon_core.shell:Creating prefix chain script '/home/ghost/Desktop/dev_ws/install/setup.sh'
[7.435s] INFO:colcon.colcon_core.shell:Creating prefix script '/home/ghost/Desktop/dev_ws/install/local_setup.bash'
[7.438s] INFO:colcon.colcon_core.shell:Creating prefix chain script '/home/ghost/Desktop/dev_ws/install/setup.bash'
[7.449s] INFO:colcon.colcon_core.shell:Creating prefix script '/home/ghost/Desktop/dev_ws/install/local_setup.zsh'
[7.453s] INFO:colcon.colcon_core.shell:Creating prefix chain script '/home/ghost/Desktop/dev_ws/install/setup.zsh'
