[0.159s] Invoking command in '/home/ghost/Desktop/dev_ws/src/controller': PYTHONPATH=/home/ghost/Desktop/dev_ws/install/controller/lib/python3.8/site-packages: /usr/bin/python3 setup.py egg_info --egg-base ../../build/controller build --build-base /home/ghost/Desktop/dev_ws/build/controller/build install --prefix /home/ghost/Desktop/dev_ws/install/controller --record /home/ghost/Desktop/dev_ws/build/controller/install.log --single-version-externally-managed
[0.286s] running egg_info
[0.286s] writing ../../build/controller/controller.egg-info/PKG-INFO
[0.287s] writing dependency_links to ../../build/controller/controller.egg-info/dependency_links.txt
[0.287s] writing entry points to ../../build/controller/controller.egg-info/entry_points.txt
[0.287s] writing requirements to ../../build/controller/controller.egg-info/requires.txt
[0.287s] writing top-level names to ../../build/controller/controller.egg-info/top_level.txt
[0.315s] reading manifest file '../../build/controller/controller.egg-info/SOURCES.txt'
[0.315s] writing manifest file '../../build/controller/controller.egg-info/SOURCES.txt'
[0.316s] running build
[0.316s] running build_py
[0.317s] copying controller/global_communicator.py -> /home/ghost/Desktop/dev_ws/build/controller/build/lib/controller
[0.323s] running install
[0.324s] running install_lib
[0.325s] copying /home/ghost/Desktop/dev_ws/build/controller/build/lib/controller/global_communicator.py -> /home/ghost/Desktop/dev_ws/install/controller/lib/python3.8/site-packages/controller
[0.326s] byte-compiling /home/ghost/Desktop/dev_ws/install/controller/lib/python3.8/site-packages/controller/global_communicator.py to global_communicator.cpython-38.pyc
[0.327s] running install_data
[0.328s] running install_egg_info
[0.329s] removing '/home/ghost/Desktop/dev_ws/install/controller/lib/python3.8/site-packages/controller-0.0.1-py3.8.egg-info' (and everything under it)
[0.329s] Copying ../../build/controller/controller.egg-info to /home/ghost/Desktop/dev_ws/install/controller/lib/python3.8/site-packages/controller-0.0.1-py3.8.egg-info
[0.330s] running install_scripts
[0.343s] Installing controller script to /home/ghost/Desktop/dev_ws/install/controller/lib/controller
[0.344s] writing list of installed files to '/home/ghost/Desktop/dev_ws/build/controller/install.log'
[0.362s] Invoked command in '/home/ghost/Desktop/dev_ws/src/controller' returned '0': PYTHONPATH=/home/ghost/Desktop/dev_ws/install/controller/lib/python3.8/site-packages: /usr/bin/python3 setup.py egg_info --egg-base ../../build/controller build --build-base /home/ghost/Desktop/dev_ws/build/controller/build install --prefix /home/ghost/Desktop/dev_ws/install/controller --record /home/ghost/Desktop/dev_ws/build/controller/install.log --single-version-externally-managed
