[0.296s] Invoking command in '/home/ghost/Desktop/dev_ws/src/controller': PYTHONPATH=/home/ghost/Desktop/dev_ws/install/controller/lib/python3.8/site-packages: /usr/bin/python3 setup.py egg_info --egg-base ../../build/controller build --build-base /home/ghost/Desktop/dev_ws/build/controller/build install --prefix /home/ghost/Desktop/dev_ws/install/controller --record /home/ghost/Desktop/dev_ws/build/controller/install.log --single-version-externally-managed
[0.566s] running egg_info
[0.567s] writing ../../build/controller/controller.egg-info/PKG-INFO
[0.567s] writing dependency_links to ../../build/controller/controller.egg-info/dependency_links.txt
[0.567s] writing entry points to ../../build/controller/controller.egg-info/entry_points.txt
[0.568s] writing requirements to ../../build/controller/controller.egg-info/requires.txt
[0.568s] writing top-level names to ../../build/controller/controller.egg-info/top_level.txt
[0.632s] reading manifest file '../../build/controller/controller.egg-info/SOURCES.txt'
[0.633s] writing manifest file '../../build/controller/controller.egg-info/SOURCES.txt'
[0.633s] running build
[0.634s] running build_py
[0.634s] copying controller/stores.py -> /home/ghost/Desktop/dev_ws/build/controller/build/lib/controller
[0.634s] copying controller/mover.py -> /home/ghost/Desktop/dev_ws/build/controller/build/lib/controller
[0.635s] running install
[0.636s] running install_lib
[0.637s] copying /home/ghost/Desktop/dev_ws/build/controller/build/lib/controller/stores.py -> /home/ghost/Desktop/dev_ws/install/controller/lib/python3.8/site-packages/controller
[0.638s] copying /home/ghost/Desktop/dev_ws/build/controller/build/lib/controller/mover.py -> /home/ghost/Desktop/dev_ws/install/controller/lib/python3.8/site-packages/controller
[0.639s] byte-compiling /home/ghost/Desktop/dev_ws/install/controller/lib/python3.8/site-packages/controller/stores.py to stores.cpython-38.pyc
[0.641s] byte-compiling /home/ghost/Desktop/dev_ws/install/controller/lib/python3.8/site-packages/controller/mover.py to mover.cpython-38.pyc
[0.642s] running install_data
[0.643s] running install_egg_info
[0.645s] removing '/home/ghost/Desktop/dev_ws/install/controller/lib/python3.8/site-packages/controller-0.0.1-py3.8.egg-info' (and everything under it)
[0.646s] Copying ../../build/controller/controller.egg-info to /home/ghost/Desktop/dev_ws/install/controller/lib/python3.8/site-packages/controller-0.0.1-py3.8.egg-info
[0.647s] running install_scripts
[0.688s] Installing controller script to /home/ghost/Desktop/dev_ws/install/controller/lib/controller
[0.688s] writing list of installed files to '/home/ghost/Desktop/dev_ws/build/controller/install.log'
[0.709s] Invoked command in '/home/ghost/Desktop/dev_ws/src/controller' returned '0': PYTHONPATH=/home/ghost/Desktop/dev_ws/install/controller/lib/python3.8/site-packages: /usr/bin/python3 setup.py egg_info --egg-base ../../build/controller build --build-base /home/ghost/Desktop/dev_ws/build/controller/build install --prefix /home/ghost/Desktop/dev_ws/install/controller --record /home/ghost/Desktop/dev_ws/build/controller/install.log --single-version-externally-managed
