[0.334s] Invoking command in '/home/ghost/Desktop/dev_ws/src/controller': PYTHONPATH=/home/ghost/Desktop/dev_ws/install/controller/lib/python3.8/site-packages: /usr/bin/python3 setup.py egg_info --egg-base ../../build/controller build --build-base /home/ghost/Desktop/dev_ws/build/controller/build install --prefix /home/ghost/Desktop/dev_ws/install/controller --record /home/ghost/Desktop/dev_ws/build/controller/install.log --single-version-externally-managed
[0.800s] running egg_info
[0.801s] writing ../../build/controller/controller.egg-info/PKG-INFO
[0.801s] writing dependency_links to ../../build/controller/controller.egg-info/dependency_links.txt
[0.802s] writing entry points to ../../build/controller/controller.egg-info/entry_points.txt
[0.802s] writing requirements to ../../build/controller/controller.egg-info/requires.txt
[0.802s] writing top-level names to ../../build/controller/controller.egg-info/top_level.txt
[0.873s] reading manifest file '../../build/controller/controller.egg-info/SOURCES.txt'
[0.874s] writing manifest file '../../build/controller/controller.egg-info/SOURCES.txt'
[0.874s] running build
[0.875s] running build_py
[0.875s] copying controller/visualizer.py -> /home/ghost/Desktop/dev_ws/build/controller/build/lib/controller
[0.876s] running install
[0.878s] running install_lib
[0.880s] copying /home/ghost/Desktop/dev_ws/build/controller/build/lib/controller/visualizer.py -> /home/ghost/Desktop/dev_ws/install/controller/lib/python3.8/site-packages/controller
[0.882s] byte-compiling /home/ghost/Desktop/dev_ws/install/controller/lib/python3.8/site-packages/controller/visualizer.py to visualizer.cpython-38.pyc
[0.885s] running install_data
[0.886s] running install_egg_info
[0.889s] removing '/home/ghost/Desktop/dev_ws/install/controller/lib/python3.8/site-packages/controller-0.0.1-py3.8.egg-info' (and everything under it)
[0.889s] Copying ../../build/controller/controller.egg-info to /home/ghost/Desktop/dev_ws/install/controller/lib/python3.8/site-packages/controller-0.0.1-py3.8.egg-info
[0.890s] running install_scripts
[0.950s] Installing controller script to /home/ghost/Desktop/dev_ws/install/controller/lib/controller
[0.951s] writing list of installed files to '/home/ghost/Desktop/dev_ws/build/controller/install.log'
[1.002s] Invoked command in '/home/ghost/Desktop/dev_ws/src/controller' returned '0': PYTHONPATH=/home/ghost/Desktop/dev_ws/install/controller/lib/python3.8/site-packages: /usr/bin/python3 setup.py egg_info --egg-base ../../build/controller build --build-base /home/ghost/Desktop/dev_ws/build/controller/build install --prefix /home/ghost/Desktop/dev_ws/install/controller --record /home/ghost/Desktop/dev_ws/build/controller/install.log --single-version-externally-managed
